Got It, Inc. - HTML CSS Developer
https://jobs.lever.co/gotit/d6e09f30-b150-4cc2-aeea-c09c401e647b
Hanoi, VN
## slept ##
*********************************************
Snap! Raise - Front End Developer (JavaScript/JQuery/SASS/CSS ...
https://jobs.lever.co/snap-raise/1fa0a964-0460-447c-acd0-619e9c1ffdf4
Seattle, Washington
*********************************************
HTTP Error 404: Not Found
Got It, Inc. - HTML CSS Developer
https://jobs.lever.co/gotit/d6e09f30-b150-4cc2-aeea-c09c401e647b/apply
Hanoi, VN
## slept ##
*********************************************
Snap! Raise - Front End Developer (JavaScript/JQuery/SASS/CSS ...
https://jobs.lever.co/snap-raise/1fa0a964-0460-447c-acd0-619e9c1ffdf4/apply
Seattle, Washington
*********************************************
Kiddom - Front-End Engineer
https://jobs.lever.co/kiddom/e2fc423d-a170-4cc9-b510-c9d5a013498d
San Francisco
*********************************************
Agent IQ - Front End Developer (Angular/Vue)
https://jobs.lever.co/agentiq/ea8ffab3-21ff-4e27-b7c3-88054a85ca3f
San Francisco
## slept ##
*********************************************
Close.io - Senior JavaScript/UI Frontend Engineer
https://jobs.lever.co/close.io/10a1e32b-1a59-48dc-b8f4-e6f0dfae4e20
Anywhere
## slept ##
Error OVER_QUERY_LIMIT
Query: https://maps.google.com/maps/api/geocode/json?address=Anywhere&sensor=false&bounds=&region=&language=&components=
*********************************************
Outpost Games - Senior Software Engineer, Frontend
https://jobs.lever.co/outpostgames/9ce27e21-1f95-444f-8478-f1908f402f02
South San Francisco, CA
*********************************************
Quantcast - Senior Front-End Developer, Product Design
https://jobs.lever.co/quantcast/f92314e5-947f-4365-8f6b-3423fc8b2755
San Francisco
## slept ##
*********************************************
System1 - Front End Engineer (Extensions)
https://jobs.lever.co/system1/60c3607e-d5e3-4acf-b335-b4eb9d736b3f
Venice, CA
*********************************************
System1 - Front End Engineer
https://jobs.lever.co/system1/c358b94c-4c65-4651-9ac6-84254fe1de2e
Venice, CA
## slept ##
*********************************************
HTTP Error 404: Not Found
Dolls Kill - Front End Developer
https://jobs.lever.co/dollskill/2fc4de4c-8ca6-41d3-b2ed-c9c50f5cb36b
San Francisco
*********************************************
Kiddom - Front-End Engineering Lead
https://jobs.lever.co/kiddom/6b29cc81-cd7b-4b18-a363-80877f3854c3
San Francisco
*********************************************
CoverHound - UX Engineer, UI Framework
https://jobs.lever.co/coverhound/0c4094df-a961-49e9-ad3a-9cd13846e37c
San Francisco
*********************************************
Headspace - Software Engineer, Web (B2B)
https://jobs.lever.co/headspace/a9f04e9f-4d80-44a1-8c9f-3f14c5c0ed39
San Francisco
*********************************************
Ebury - Front-end Developer
https://jobs.lever.co/ebury/66a35450-9c52-416f-9703-b9e735992af8
Malaga
## slept ##
*********************************************
Wish - Customer Support Specialist (Portuguese)
https://jobs.lever.co/wish/de6b34ab-a3a9-4f51-adce-9eb6042bd90d
Dublin, Ireland
## slept ##
Error OVER_QUERY_LIMIT
Query: https://maps.google.com/maps/api/geocode/json?address=Dublin%2C+Ireland&sensor=false&bounds=&region=&language=&components=
*********************************************
Sticker Mule - Jr. Frontend Developer
https://jobs.lever.co/stickermule/892d1c55-afde-4060-b16d-c8f91af153c0/apply
Remote
## slept ##
Error OVER_QUERY_LIMIT
Query: https://maps.google.com/maps/api/geocode/json?address=Remote&sensor=false&bounds=&region=&language=&components=
*********************************************
Turbonomic - Full Stack Web Developer
https://jobs.lever.co/turbonomic/91a718fe-cabf-4d46-9ad4-3544c569e5b8
Boston
## slept ##
Error OVER_QUERY_LIMIT
Query: https://maps.google.com/maps/api/geocode/json?address=Boston&sensor=false&bounds=&region=&language=&components=
*********************************************
3Pillar Global - Senior UI Developer
https://jobs.lever.co/3pillarglobal/a2d77075-f416-41fb-bb46-2a90150fdb56
Iași
## slept ##
Error OVER_QUERY_LIMIT
Query: https://maps.google.com/maps/api/geocode/json?address=Ia%C8%99i&sensor=false&bounds=&region=&language=&components=
*********************************************
90 Seconds - Senior Front-End Engineer
https://jobs.lever.co/90seconds/decc6615-8b16-4e30-b015-2637d8ad96c0
Singapore
*********************************************
Must Win - Sr. Designer/UI Developer
https://jobs.lever.co/mustwin/f373e12e-f23c-4da6-94a1-42895b73d372

## slept ##
Error INVALID_REQUEST
Query: https://maps.google.com/maps/api/geocode/json?address=&sensor=false&bounds=&region=&language=&components=
*********************************************
Goodgame Studios - Junior Web Designer/Developer (m/f)
https://jobs.lever.co/goodgamestudios/188a04ad-39c0-4778-8c57-175b6f9a90a5
Hamburg EN
## slept ##
Error OVER_QUERY_LIMIT
Query: https://maps.google.com/maps/api/geocode/json?address=Hamburg+EN&sensor=false&bounds=&region=&language=&components=
*********************************************
Pared - Front-End Engineer
https://jobs.lever.co/pared/ce954cad-b2db-48e4-b060-f88a83fb7ad9
San Francisco, CA
## slept ##
Error OVER_QUERY_LIMIT
Query: https://maps.google.com/maps/api/geocode/json?address=San+Francisco%2C+CA&sensor=false&bounds=&region=&language=&components=
*********************************************
Brand Value Accelerator, LLC - Front-End Developer
https://jobs.lever.co/bvaccel/6ba5d1f0-aef6-4ab7-bbf1-f6d507500a30
San Diego
## slept ##
Error OVER_QUERY_LIMIT
Query: https://maps.google.com/maps/api/geocode/json?address=San+Diego&sensor=false&bounds=&region=&language=&components=
*********************************************
Badoo - Frontend Developer
https://jobs.lever.co/hiring/203e25a5-7e6c-4607-aff5-65d0fd04374a
London, UK
*********************************************
Code and Theory - Sr. Front-End Developer
https://jobs.lever.co/codeandtheory/96d4bdc1-9824-4e11-aee7-12542f1a24ef
San Francisco
*********************************************
HTTP Error 404: Not Found
Lyft - Senior Front End Engineer
https://jobs.lever.co/lyft/a18c1d37-4179-4b47-81f8-1ab1464ef940
San Francisco, CA
## slept ##
*********************************************
Kickback - Software Engineer, Frontend
https://jobs.lever.co/kickback/932c6f02-d2bb-4e1d-b423-bce949ab54b6
Remote
## slept ##
*********************************************
ISL - Web Developer
https://jobs.lever.co/isl/a84e9e4f-238c-4aae-bd9b-c12fe8d9b3a4
Washington, DC
## slept ##
*********************************************
HTTP Error 404: Not Found
Bigscreen - Senior Front-end UI Developer
https://jobs.lever.co/bigscreenvr/2a268771-b32e-42b0-bc6d-98476ce0fd74
Remote
*********************************************
Shopify - Senior Front End Developer
https://jobs.lever.co/shopify/f6539390-f030-4a3e-a0b5-952001513dd4
Ottawa
## slept ##
Error OVER_QUERY_LIMIT
Query: https://maps.google.com/maps/api/geocode/json?address=Ottawa&sensor=false&bounds=&region=&language=&components=
*********************************************
New Standard - Senior Frontend Web Developer
https://jobs.lever.co/newstandard/97389c26-9747-49a9-b12f-360b17a0fdc9
Los Gatos
*********************************************
OpenGov - Open Data Implementation Engineer
https://jobs.lever.co/opengov/5556cadf-7652-42cc-86bb-eacebb326033
Redwood City, CA; New York, NY; Chicago, IL
## slept ##
Error ZERO_RESULTS
Query: https://maps.google.com/maps/api/geocode/json?address=Redwood+City%2C+CA%3B+New+York%2C+NY%3B+Chicago%2C+IL&sensor=false&bounds=&region=&language=&components=
*********************************************
Looker - Web Developer
https://jobs.lever.co/looker/2346204a-39a6-488f-84a1-a8d55e79f707
Santa Cruz
*********************************************
Barkley - Email Developer
https://jobs.lever.co/barkleyus/14603b5a-378f-45e7-ac63-8b7fbcc50366
Kansas City, MO
## slept ##
*********************************************
eShares - Product Designer
https://jobs.lever.co/esharesinc/2d7607dc-93db-4072-a3cf-54a544596b0f
Seattle, WA, USA
## slept ##
Error OVER_QUERY_LIMIT
Query: https://maps.google.com/maps/api/geocode/json?address=Seattle%2C+WA%2C+USA&sensor=false&bounds=&region=&language=&components=
*********************************************
SocialChorus - Front End Engineer
https://jobs.lever.co/socialchorus/36f54614-3558-427a-90a0-f40dc031e803
Remote - US
*********************************************
HTTP Error 404: Not Found
eShares - Senior Product Manager - International
https://jobs.lever.co/esharesinc/d7f87ed8-8c46-43f0-aaa5-b17ffde2ed68
London, UK
## slept ##
Error OVER_QUERY_LIMIT
Query: https://maps.google.com/maps/api/geocode/json?address=London%2C+UK&sensor=false&bounds=&region=&language=&components=
*********************************************
eShares - Senior Product Manager
https://jobs.lever.co/esharesinc/e28f6710-b106-4b7c-befe-c7836ce3c1b6
San Francisco, CA, USA
*********************************************
eShares - Web Product Designer
https://jobs.lever.co/esharesinc/22b90900-917b-4f5c-8517-956763a3afe7
Rio de Janeiro, Brazil
## slept ##
Error OVER_QUERY_LIMIT
Query: https://maps.google.com/maps/api/geocode/json?address=Rio+de+Janeiro%2C+Brazil&sensor=false&bounds=&region=&language=&components=
*********************************************
HTTP Error 404: Not Found
ThirdLove - Creative Director
https://jobs.lever.co/thirdlove/da1bfda4-ae47-4282-9a9d-b9c176fe9b87
San Francisco, California
## slept ##
Error OVER_QUERY_LIMIT
Query: https://maps.google.com/maps/api/geocode/json?address=San+Francisco%2C+California&sensor=false&bounds=&region=&language=&components=
*********************************************
HTTP Error 404: Not Found
HelloSign - Front End Engineer
https://jobs.lever.co/hellosign/f0b9a73a-84ee-409e-808d-c97419dd551e
San Francisco, CA
## slept ##
Error OVER_QUERY_LIMIT
Query: https://maps.google.com/maps/api/geocode/json?address=San+Francisco%2C+CA&sensor=false&bounds=&region=&language=&components=
*********************************************
Rover.com - Senior Software Engineer - Web without Django ...
https://jobs.lever.co/rover/56f1ae39-a4c9-493b-8cc8-bd0d96072322
Seattle
*********************************************
Algolia - Front-End Engineer - Website Design
https://jobs.lever.co/algolia/766eb4c1-e404-40b5-9bb2-b0e395ef0377
Paris
## slept ##
*********************************************
PlanGrid - Design Engineer
https://jobs.lever.co/plangrid/ceb2d276-dff2-4f6e-8894-921976000d4f
San Francisco, CA
*********************************************
HTTP Error 404: Not Found
Galvanize - Web Development Instructor, Sr. Full Stack Developer
https://jobs.lever.co/galvanize/769315a0-031b-466f-b692-0069700ca441
San Francisco
*********************************************
Rover.com - Senior Software Engineer - Owner Retention
https://jobs.lever.co/rover/72575c4d-bf77-4a93-b3d0-5151e8c41f8e
Seattle
## slept ##
*********************************************
Galvanize - Web Development Lead Instructor, Principal Full Stack ...
https://jobs.lever.co/galvanize/7112b8d2-1ed7-47df-b816-993825d102bd
Denver
## slept ##
*********************************************
Klaviyo - Customer Success Manager
https://jobs.lever.co/klaviyo/cb2e4abc-2bc6-4a85-9d69-78598411566c
Boston, Ma
*********************************************
Rover.com - Software Engineer- Level 1 (Future Opportunity)
https://jobs.lever.co/rover/2b2845e0-b9b1-45e6-a147-ba12102effba
Seattle
*********************************************
Cody - Front-end Developer
https://jobs.lever.co/codyapp/a8a222ee-3b89-47b2-95c0-5aaf6b73b9cb
Seattle, WA
*********************************************
Chain - Visual/UX Designer
https://jobs.lever.co/chain/fd7e03fc-70f6-47dd-ae88-29d1ef635b4f
San Francisco
## slept ##
Error OVER_QUERY_LIMIT
Query: https://maps.google.com/maps/api/geocode/json?address=San+Francisco&sensor=false&bounds=&region=&language=&components=
*********************************************
Code and Theory - Senior Drupal Developer
https://jobs.lever.co/codeandtheory/b76093fc-3fc6-4ca5-80c2-6fbecb41afa0
New York
*********************************************
Engagio - Front End Engineer
https://jobs.lever.co/engagio/132c961d-44d5-4db5-8ed8-a9470ceec03d
San Mateo
## slept ##
*********************************************
ThirdLove - Art Director
https://jobs.lever.co/thirdlove/1acab9f9-1659-4c03-965f-1c6e15a1b219
San Francisco, California
*********************************************
Pond5 - Front End Developer
https://jobs.lever.co/pond5/f04d972d-80e7-478f-8e0d-00553fad146b
Dublin (Ireland)
*********************************************
Frame.io - Front End Engineer
https://jobs.lever.co/frame.io/da53c3b2-df88-4b7c-97a2-514d32b4d5e6
New York City
## slept ##
Error OVER_QUERY_LIMIT
Query: https://maps.google.com/maps/api/geocode/json?address=New+York+City&sensor=false&bounds=&region=&language=&components=
*********************************************
HTTP Error 404: Not Found
Integrate - Front End Software Engineer
https://jobs.lever.co/integrate/d6af90f6-54cc-48a4-804c-6ca25e8225f6
Phoenix, Arizona
*********************************************
ThirdLove - Frontend Engineer
https://jobs.lever.co/thirdlove/40d9984f-50f7-4388-b4ef-f27ebaed12a9
San Francisco, California
*********************************************
Rover.com - Senior Software Engineer - Web with Django Experience
https://jobs.lever.co/rover/dffffa7f-3c5e-4ca3-a19e-3333b2e60f37
Seattle
*********************************************
Stride Health - Front-End Engineer
https://jobs.lever.co/stridehealth/2df054ea-917a-4a0c-add4-20e5b2f08f4d
San Francisco
*********************************************
Stockpile - Frontend Engineer
https://jobs.lever.co/stockpile/1639d480-34f7-4bac-bf5e-6d1a32b638f7
Palo Alto, CA
## slept ##
Error OVER_QUERY_LIMIT
Query: https://maps.google.com/maps/api/geocode/json?address=Palo+Alto%2C+CA&sensor=false&bounds=&region=&language=&components=
*********************************************
HTTP Error 404: Not Found
Bolt - Frontend Engineer
https://jobs.lever.co/bolt/7dab88e4-600e-4843-9ad0-ba2400f0754f
San Francisco
## slept ##
*********************************************
Veyo - UI/UX Product Application Designer
https://jobs.lever.co/veyo/9d8217da-a60d-4074-85f8-9f2e60fcfeeb
San Diego, CA
*********************************************
TrustYou - Full Stack Engineer
https://jobs.lever.co/trustyou/35e459f9-c541-4abe-ac99-a33d1942f25f
Munich, Germany
## slept ##
*********************************************
Axon - RMS - Front End Engineer
https://jobs.lever.co/axon/4be92b7d-db26-4004-921e-ec7358fa0afc
Seattle, Washington
## slept ##
Error OVER_QUERY_LIMIT
Query: https://maps.google.com/maps/api/geocode/json?address=Seattle%2C+Washington&sensor=false&bounds=&region=&language=&components=
*********************************************
Fueled - Creative Frontend Developer
https://jobs.lever.co/fueled/45513d5e-a197-40ed-891f-6b9ede840643
London, UK
## slept ##
Error OVER_QUERY_LIMIT
Query: https://maps.google.com/maps/api/geocode/json?address=London%2C+UK&sensor=false&bounds=&region=&language=&components=
*********************************************
Protocol Labs - Software Engineer, Frontend
https://jobs.lever.co/protocol/362ae2fd-24a5-49cf-b19c-6d98aa43556a
Remote
## slept ##
*********************************************
Improbable - Software Engineer, Web
https://jobs.lever.co/improbable/04922aa2-b0e5-40da-8662-1ed30807908d
London
## slept ##
*********************************************
Twine - Frontend Engineer
https://jobs.lever.co/twine/85237e2b-da28-4447-ab8f-9b1262faeb3a
San Francisco, CA
## slept ##
*********************************************
eShares - Product Manager - Channel Products
https://jobs.lever.co/esharesinc/fce16422-0ccd-47b2-a5b9-1b3928ccab1b
New York City, NY, USA
*********************************************
Dealpath - Software Engineer, Frontend
https://jobs.lever.co/dealpath/5a35e08c-7d33-4128-a0c7-b13a1b223777
San Francisco
## slept ##
LevelUp - Ruby on Rails Developer
https://jobs.lever.co/thelevelup.com/a8084f46-cad9-4db7-aeba-66d5ebd25dfc
Boston, MA
## slept ##
LevelUp - Ruby on Rails Developer
https://jobs.lever.co/thelevelup.com/a8084f46-cad9-4db7-aeba-66d5ebd25dfc
Boston, MA
*********************************************
GOAT - Software Architect (Ruby on Rails)
https://jobs.lever.co/goat/9087c778-05c3-4433-90ee-2a1686bbe066
Los Angeles, CA
