Credit Karma - Software Engineer *
https://jobs.lever.co/creditkarma/07b20074-9bdf-4aca-9b38-f051fe1f14cf
San Francisco, CA
## slept ##
credit score
*********************************************
Credit Karma - Software Engineer: Charlotte, NC
https://jobs.lever.co/creditkarma/92153ce9-445f-4ecc-a814-a4dafd5c80e4
Charlotte, NC
## slept ##
Error OVER_QUERY_LIMIT
Query: https://maps.google.com/maps/api/geocode/json?address=Charlotte%2C+NC&sensor=false&bounds=&region=&language=&components=
*********************************************
Credit Karma - Node.js Software Engineer
https://jobs.lever.co/creditkarma/80a2b884-ff6c-4f87-a3b1-a142d12647b2
San Francisco, CA
## slept ##
Error OVER_QUERY_LIMIT
Query: https://maps.google.com/maps/api/geocode/json?address=San+Francisco%2C+CA&sensor=false&bounds=&region=&language=&components=
*********************************************
Credit Karma - Software Engineer: Charlotte,NC
https://jobs.lever.co/creditkarma/b3dadddd-a037-4216-baa3-03bb13be0101
Charlotte, NC
## slept ##
Error OVER_QUERY_LIMIT
Query: https://maps.google.com/maps/api/geocode/json?address=Charlotte%2C+NC&sensor=false&bounds=&region=&language=&components=
credit score
*********************************************
Credit Karma - Software Engineer, Infrastructure Services
https://jobs.lever.co/creditkarma/13af1b42-9ec0-47c6-8417-673a5b6bee19
San Francisco, CA
*********************************************
Credit Karma - Security Software Engineer: Charlotte, NC
https://jobs.lever.co/creditkarma/e3124671-6634-499f-886d-de61a50f8aae
Charlotte, NC
## slept ##
Error OVER_QUERY_LIMIT
Query: https://maps.google.com/maps/api/geocode/json?address=Charlotte%2C+NC&sensor=false&bounds=&region=&language=&components=
*********************************************
HTTP Error 404: Not Found
Credit Karma - Node.js Software Engineer
https://jobs.lever.co/creditkarma/80a2b884-ff6c-4f87-a3b1-a142d12647b2/apply
San Francisco, CA
survey
____________________________________________________________
*********************************************
HTTP Error 404: Not Found
Credit Karma - Full-Stack QA Engineer: San Francisco, CA
https://jobs.lever.co/creditkarma/66290e6f-aec6-4a8b-ae93-d0b9b876475a
San Francisco, CA
## slept ##
*********************************************
Credit Karma
https://jobs.lever.co/creditkarma

## slept ##
Error INVALID_REQUEST
Query: https://maps.google.com/maps/api/geocode/json?address=&sensor=false&bounds=&region=&language=&components=
Filter by:
*********************************************
Credit Karma - Full-Stack Engineer *
https://jobs.lever.co/creditkarma/19d67124-196b-4f83-ab17-f0a179d327c7
San Francisco, CA
credit score
*********************************************
Credit Karma - Infrastructure Engineer, Quality Engineering: San ...
https://jobs.lever.co/creditkarma/ec06bd67-4c00-441a-97ba-7f0b6bcc7282
San Francisco, CA
*********************************************
Credit Karma
https://jobs.lever.co/creditkarma?by=commitment

## slept ##
Error INVALID_REQUEST
Query: https://maps.google.com/maps/api/geocode/json?address=&sensor=false&bounds=&region=&language=&components=
Filter by:
*********************************************
Credit Karma - Director, Platform Engineering
https://jobs.lever.co/creditkarma/cca3085a-f9d3-4789-8c3e-8888d9ad566a
San Francisco, CA
*********************************************
HTTP Error 404: Not Found
Credit Karma - IT Client Engineering Manager
https://jobs.lever.co/creditkarma/0bfde12c-d5d7-496f-b7ad-2410aeaf433a
San Francisco, CA
customer service
*********************************************
Credit Karma
https://jobs.lever.co/creditkarma?location=Venice%2C%20CA

## slept ##
Error INVALID_REQUEST
Query: https://maps.google.com/maps/api/geocode/json?address=&sensor=false&bounds=&region=&language=&components=
Filter by:
*********************************************
Credit Karma - Machine Learning Engineer
https://jobs.lever.co/creditkarma/cf0ea7df-9a19-4c14-bf4a-6a627e36bd70
San Francisco, CA
*********************************************
Credit Karma - Senior Infrastructure Engineer, Site Reliability
https://jobs.lever.co/creditkarma/e525d83e-39d8-4f0c-97fc-984c4c83b37e
San Francisco, CA
## slept ##
Error OVER_QUERY_LIMIT
Query: https://maps.google.com/maps/api/geocode/json?address=San+Francisco%2C+CA&sensor=false&bounds=&region=&language=&components=
*********************************************
Credit Karma - Tax Preparation Product Specialist: Charlotte,NC
https://jobs.lever.co/creditkarma/9f77fb7b-57f3-4016-908a-f1b2b9aa2a3b
Charlotte, NC
data entry
*********************************************
9
*********************************************
