Magenta Labs Inc. - Process Engineering
https://jobs.lever.co/magenta/e1a5c8e6-0ddb-4abe-9d86-a17db3a80ede
China
## slept ##
*********************************************
*********************************************
Magenta Labs Inc. - Product Design Engineer
https://jobs.lever.co/magenta/557274f4-ffe0-4604-9ff6-f5045e7afddf
San Francisco, CA
## slept ##
Error OVER_QUERY_LIMIT
Query: https://maps.google.com/maps/api/geocode/json?address=San+Francisco%2C+CA&sensor=false&bounds=&region=&language=&components=
*********************************************
*********************************************
Magenta Labs Inc. - Electrical Engineer
https://jobs.lever.co/magenta/39973481-2c1e-40b2-93f9-1ed62655313e
San Francisco, CA
## slept ##
*********************************************
*********************************************
Magenta Labs Inc. - Manufacturing Test Engineer
https://jobs.lever.co/magenta/cd2bb22a-13d2-46da-9208-4fa09d3a0a0d
San Francisco, CA
*********************************************
*********************************************
Magenta Labs Inc. - iOS Engineer
https://jobs.lever.co/magenta/bfc87147-7bb3-4aae-9d9e-da3e9ace6a22
San Francisco, CA
*********************************************
*********************************************
Magenta Labs Inc. - Full Stack Engineer
https://jobs.lever.co/magenta/ceff0ff9-7f7e-4297-ad3a-4145539d214f
San Francisco, CA
## slept ##
*********************************************
*********************************************
Magenta Labs Inc. - Firmware Engineer
https://jobs.lever.co/magenta/edde9af8-4714-4308-8caf-38207c9eb7ed
San Francisco, CA
## slept ##
*********************************************
*********************************************
Magenta Labs Inc. - Quality & Test Engineer
https://jobs.lever.co/magenta/7bd2b66a-bed1-4926-a35d-9bf4d2dfb6f5
San Francisco, CA
## slept ##
*********************************************
*********************************************
Magenta Labs Inc. - Sr. Camera Image Quality Engineer
https://jobs.lever.co/magenta/2f488cb4-d163-44db-82ba-b0047a32d46d
San Francisco, CA
*********************************************
*********************************************
Magenta Labs Inc. - Android Engineer
https://jobs.lever.co/magenta/ffad3236-3daa-411a-92df-52d50ab38698
San Francisco, CA
*********************************************
*********************************************
Magenta Labs Inc. - Firmware Engineer
https://jobs.lever.co/magenta/edde9af8-4714-4308-8caf-38207c9eb7ed/apply
San Francisco, CA
## slept ##
Error OVER_QUERY_LIMIT
Query: https://maps.google.com/maps/api/geocode/json?address=San+Francisco%2C+CA&sensor=false&bounds=&region=&language=&components=
*********************************************
*********************************************
Magenta Labs Inc. - Server Engineer
https://jobs.lever.co/magenta/ceff0ff9-7f7e-4297-ad3a-4145539d214f/apply
San Francisco, CA
*********************************************
*********************************************
Magenta Labs Inc.
https://jobs.lever.co/magenta

## slept ##
Error INVALID_REQUEST
Query: https://maps.google.com/maps/api/geocode/json?address=&sensor=false&bounds=&region=&language=&components=
*********************************************
*********************************************
Magenta Labs Inc. - Engineering Program Manager
https://jobs.lever.co/magenta/60db9f56-9ffa-48f3-a620-0541b1feec1e
Taiwan
## slept ##
*********************************************
*********************************************
Magenta Labs Inc. - Engineering Program Manager
https://jobs.lever.co/magenta/60db9f56-9ffa-48f3-a620-0541b1feec1e/apply
Taiwan
## slept ##
Error OVER_QUERY_LIMIT
Query: https://maps.google.com/maps/api/geocode/json?address=Taiwan&sensor=false&bounds=&region=&language=&components=
*********************************************
*********************************************
Magenta Labs Inc. - Technical Program Manager
https://jobs.lever.co/magenta/168a064f-e7e0-4fbf-875e-2a537689fa72
China
## slept ##
Error OVER_QUERY_LIMIT
Query: https://maps.google.com/maps/api/geocode/json?address=China&sensor=false&bounds=&region=&language=&components=
*********************************************
*********************************************
Magenta Labs Inc. - Acquisition Marketing Manager
https://jobs.lever.co/magenta/ec98735a-6177-42ef-b4fa-756e634b15fa
San Francisco, CA
*********************************************
*********************************************
Magenta Labs Inc. - Talent Lead
https://jobs.lever.co/magenta/a85e954c-f542-4f92-b4a9-c961d402142e
San Francisco, CA
*********************************************
*********************************************
Magenta Labs Inc. - Technical Program Manager
https://jobs.lever.co/magenta/168a064f-e7e0-4fbf-875e-2a537689fa72/apply
China
## slept ##
*********************************************
*********************************************
0
*********************************************
Man Crates - Senior Full-Stack Engineer/Architect
https://jobs.lever.co/mancrates/84881ee1-ff61-43fc-ba22-80033796334c
San Mateo, CA USA
*********************************************
*********************************************
Man Crates - Senior Front-End Engineer
https://jobs.lever.co/mancrates/143f6f61-cf7b-4bc6-8c57-d583769f9f7f
San Mateo, CA USA
## slept ##
*********************************************
*********************************************
Man Crates - Senior Front-End Engineer
https://jobs.lever.co/mancrates/143f6f61-cf7b-4bc6-8c57-d583769f9f7f/apply
San Mateo, CA USA
*********************************************
*********************************************
Man Crates - Senior Full-Stack Engineer/Architect
https://jobs.lever.co/mancrates/84881ee1-ff61-43fc-ba22-80033796334c/apply
San Mateo, CA USA
## slept ##
*********************************************
*********************************************
Man Crates
https://jobs.lever.co/mancrates

## slept ##
Error INVALID_REQUEST
Query: https://maps.google.com/maps/api/geocode/json?address=&sensor=false&bounds=&region=&language=&components=
*********************************************
*********************************************
Man Crates
https://jobs.lever.co/mancrates?by=team&team=Engineering

## slept ##
Error INVALID_REQUEST
Query: https://maps.google.com/maps/api/geocode/json?address=&sensor=false&bounds=&region=&language=&components=
*********************************************
*********************************************
Man Crates - Web & Email Developer
https://jobs.lever.co/mancrates/58aef27e-536f-49e4-84ed-e5c8be771379
San Mateo, CA USA
## slept ##
Error OVER_QUERY_LIMIT
Query: https://maps.google.com/maps/api/geocode/json?address=San+Mateo%2C+CA+USA&sensor=false&bounds=&region=&language=&components=
*********************************************
*********************************************
Man Crates - Technical Recruiter
https://jobs.lever.co/mancrates/4aea9be4-9ac2-4dfd-a2f0-1476ea999e2f
San Mateo, CA USA
## slept ##
*********************************************
*********************************************
Man Crates - Director, Growth Marketing
https://jobs.lever.co/mancrates/f95af960-fb87-4307-bf27-342967baee82
San Mateo, CA USA
*********************************************
*********************************************
0
*********************************************
Manifest MedEx - Interface Engineer
https://jobs.lever.co/manifestmedex/63d1dbcf-005d-42f6-abf9-53c41ce931a4
Emeryville or Riverside
## slept ##
Error OVER_QUERY_LIMIT
Query: https://maps.google.com/maps/api/geocode/json?address=Emeryville+or+Riverside&sensor=false&bounds=&region=&language=&components=
*********************************************
*********************************************
Manifest MedEx - Interface Engineer
https://jobs.lever.co/manifestmedex/63d1dbcf-005d-42f6-abf9-53c41ce931a4/apply
Emeryville or Riverside
## slept ##
*********************************************
*********************************************
Manifest MedEx - Solutions Architect
https://jobs.lever.co/manifestmedex/4ca4f9d8-c1a8-48f7-b752-66c1f6706070
Emeryville or Riverside
## slept ##
*********************************************
*********************************************
Manifest MedEx - Product Manager
https://jobs.lever.co/manifestmedex/96c7526d-b9ce-46f1-a18f-5f862036c782
Emeryville
## slept ##
Error OVER_QUERY_LIMIT
Query: https://maps.google.com/maps/api/geocode/json?address=Emeryville&sensor=false&bounds=&region=&language=&components=
*********************************************
*********************************************
Manifest MedEx
https://jobs.lever.co/manifestmedex

## slept ##
Error INVALID_REQUEST
Query: https://maps.google.com/maps/api/geocode/json?address=&sensor=false&bounds=&region=&language=&components=
*********************************************
*********************************************
Manifest MedEx - Business Analyst
https://jobs.lever.co/manifestmedex/a4116d71-f182-48e1-ad27-576cfd9cd783
Emeryville or Riverside
## slept ##
*********************************************
*********************************************
0
*********************************************
HTTP Error 404: Not Found
HTTP Error 404: Not Found
0
*********************************************
0
*********************************************
0
*********************************************
Matmatch - Senior Frontend Engineer (m/f)
https://jobs.lever.co/matmatch/78da9f78-e60e-4192-b6ce-5c9f4cc2ce75
Munich Area, Germany
## slept ##
Error OVER_QUERY_LIMIT
Query: https://maps.google.com/maps/api/geocode/json?address=Munich+Area%2C+Germany&sensor=false&bounds=&region=&language=&components=
*********************************************
*********************************************
Matmatch - Senior Backend Engineer (m/f)
https://jobs.lever.co/matmatch/5a768bdc-7216-4681-8683-79ef1ca818eb
Munich Area, Germany
## slept ##
*********************************************
*********************************************
Matmatch - Senior Frontend Engineer (m/f)
https://jobs.lever.co/matmatch/78da9f78-e60e-4192-b6ce-5c9f4cc2ce75/apply
Munich Area, Germany
## slept ##
*********************************************
*********************************************
HTTP Error 404: Not Found
Matmatch
https://jobs.lever.co/matmatch

## slept ##
Error INVALID_REQUEST
Query: https://maps.google.com/maps/api/geocode/json?address=&sensor=false&bounds=&region=&language=&components=
*********************************************
*********************************************
Matmatch - Senior Designer (m/f)
https://jobs.lever.co/matmatch/88ca649e-da8d-4604-bfb6-1a7eb3af9570
Munich Area, Germany
*********************************************
*********************************************
HTTP Error 404: Not Found
Matmatch - Account Manager (m/f)
https://jobs.lever.co/matmatch/bb79abc5-a61f-49be-927f-34eadecdf01a
Munich Area, Germany
## slept ##
*********************************************
*********************************************
0
*********************************************
Mattermark - Lever
https://jobs.lever.co/mattermark?team=Engineering

## slept ##
Error INVALID_REQUEST
Query: https://maps.google.com/maps/api/geocode/json?address=&sensor=false&bounds=&region=&language=&components=
*********************************************
*********************************************
Mattermark
https://jobs.lever.co/mattermark

## slept ##
Error INVALID_REQUEST
Query: https://maps.google.com/maps/api/geocode/json?address=&sensor=false&bounds=&region=&language=&components=
*********************************************
*********************************************
Mattermark - Technical Sales Executive
https://jobs.lever.co/mattermark/9195862f-5215-4976-9b96-aa99b855b365
San Francisco
*********************************************
*********************************************
0
*********************************************
Mattermost - Mobile Engineer
https://jobs.lever.co/mattermost/b9005b94-f30d-41e9-af30-72db17eb1605
Waterloo, Canada or Distributed
## slept ##
Error OVER_QUERY_LIMIT
Query: https://maps.google.com/maps/api/geocode/json?address=Waterloo%2C+Canada+or+Distributed&sensor=false&bounds=&region=&language=&components=
*********************************************
*********************************************
Mattermost - Performance Engineer
https://jobs.lever.co/mattermost/54b24de0-3c44-4b62-bd21-e7b01870b8d0
Waterloo, Canada or Distributed
## slept ##
Error ZERO_RESULTS
Query: https://maps.google.com/maps/api/geocode/json?address=Waterloo%2C+Canada+or+Distributed&sensor=false&bounds=&region=&language=&components=
*********************************************
*********************************************
Mattermost - Web App Engineer
https://jobs.lever.co/mattermost/9520b2d2-7d23-4623-bab5-eb7573b3b09c
Waterloo, Canada or Distributed
## slept ##
Error ZERO_RESULTS
Query: https://maps.google.com/maps/api/geocode/json?address=Waterloo%2C+Canada+or+Distributed&sensor=false&bounds=&region=&language=&components=
*********************************************
*********************************************
Mattermost - Sales Engineer
https://jobs.lever.co/mattermost/3a904a4d-4249-4911-a606-c8efe2b7d4b1
Remote
## slept ##
*********************************************
*********************************************
Mattermost - DevOps Engineer
https://jobs.lever.co/mattermost/b158f54b-60d3-4e9c-9e76-9c60bce795f1
Waterloo, Canada or Distributed
## slept ##
Error ZERO_RESULTS
Query: https://maps.google.com/maps/api/geocode/json?address=Waterloo%2C+Canada+or+Distributed&sensor=false&bounds=&region=&language=&components=
*********************************************
*********************************************
Mattermost - Back End Engineer
https://jobs.lever.co/mattermost/3e654b94-3455-4990-ba05-aac0219ae760
Waterloo, Canada or Distributed
## slept ##
Error ZERO_RESULTS
Query: https://maps.google.com/maps/api/geocode/json?address=Waterloo%2C+Canada+or+Distributed&sensor=false&bounds=&region=&language=&components=
*********************************************
*********************************************
Mattermost - US Enterprise Support Engineer
https://jobs.lever.co/mattermost/1314b649-b213-40d6-bc21-f122a578ea17
Distributed
## slept ##
Error OVER_QUERY_LIMIT
Query: https://maps.google.com/maps/api/geocode/json?address=Distributed&sensor=false&bounds=&region=&language=&components=
*********************************************
*********************************************
Mattermost - DevOps Engineer
https://jobs.lever.co/mattermost/b158f54b-60d3-4e9c-9e76-9c60bce795f1/apply
Waterloo, Canada or Distributed
## slept ##
Error ZERO_RESULTS
Query: https://maps.google.com/maps/api/geocode/json?address=Waterloo%2C+Canada+or+Distributed&sensor=false&bounds=&region=&language=&components=
*********************************************
*********************************************
Mattermost - US Enterprise Support Engineer
https://jobs.lever.co/mattermost/1314b649-b213-40d6-bc21-f122a578ea17/apply
Distributed
## slept ##
Error OVER_QUERY_LIMIT
Query: https://maps.google.com/maps/api/geocode/json?address=Distributed&sensor=false&bounds=&region=&language=&components=
*********************************************
*********************************************
Mattermost
https://jobs.lever.co/mattermost?by=commitment

## slept ##
Error INVALID_REQUEST
Query: https://maps.google.com/maps/api/geocode/json?address=&sensor=false&bounds=&region=&language=&components=
*********************************************
*********************************************
Mattermost
https://jobs.lever.co/mattermost/

## slept ##
Error INVALID_REQUEST
Query: https://maps.google.com/maps/api/geocode/json?address=&sensor=false&bounds=&region=&language=&components=
*********************************************
*********************************************
Mattermost
https://jobs.lever.co/mattermost/?by=commitment&commitment=Full-time

## slept ##
Error INVALID_REQUEST
Query: https://maps.google.com/maps/api/geocode/json?address=&sensor=false&bounds=&region=&language=&components=
*********************************************
*********************************************
Mattermost - Full Stack Developer
https://jobs.lever.co/mattermost/cad8fd03-2ea0-4fe0-b82e-20f58d8106f4
Waterloo, Canada or Distributed
## slept ##
Error OVER_QUERY_LIMIT
Query: https://maps.google.com/maps/api/geocode/json?address=Waterloo%2C+Canada+or+Distributed&sensor=false&bounds=&region=&language=&components=
*********************************************
*********************************************
Mattermost - UX/UI Designer
https://jobs.lever.co/mattermost/584f5e60-6ae5-42b3-9d16-ba45d6aaf27c
Waterloo, Canada or Distributed
## slept ##
Error ZERO_RESULTS
Query: https://maps.google.com/maps/api/geocode/json?address=Waterloo%2C+Canada+or+Distributed&sensor=false&bounds=&region=&language=&components=
*********************************************
*********************************************
Mattermost - Release Manager
https://jobs.lever.co/mattermost/327bd1ba-8e83-41ba-bb81-93f6c7c6beb2
Waterloo, Canada or Distributed
## slept ##
Error ZERO_RESULTS
Query: https://maps.google.com/maps/api/geocode/json?address=Waterloo%2C+Canada+or+Distributed&sensor=false&bounds=&region=&language=&components=
*********************************************
*********************************************
Mattermost - Lead Technical Account Manager
https://jobs.lever.co/mattermost/686f1940-1306-4a17-8629-4af4f06e3e08
Remote
## slept ##
*********************************************
*********************************************
Mattermost - UX/UI Design Agency Partner
https://jobs.lever.co/mattermost/b65f9f94-59f6-4832-a763-56840d80b3bb
Distributed
## slept ##
*********************************************
*********************************************
Mattermost
https://jobs.lever.co/mattermost/?by=location&team=Sales

## slept ##
Error INVALID_REQUEST
Query: https://maps.google.com/maps/api/geocode/json?address=&sensor=false&bounds=&region=&language=&components=
*********************************************
*********************************************
Mattermost - Account Executive - San Francisco
https://jobs.lever.co/mattermost/7f7cd816-26de-44c2-95c2-a649a6526116
San Francisco, CA
## slept ##
Error OVER_QUERY_LIMIT
Query: https://maps.google.com/maps/api/geocode/json?address=San+Francisco%2C+CA&sensor=false&bounds=&region=&language=&components=
*********************************************
*********************************************
Mattermost - Strategic Account Executive - Federal
https://jobs.lever.co/mattermost/cdb35454-2f46-4bbc-b5ff-1a434a0cecc4
Remote
## slept ##
Error OVER_QUERY_LIMIT
Query: https://maps.google.com/maps/api/geocode/json?address=Remote&sensor=false&bounds=&region=&language=&components=
*********************************************
*********************************************
0
*********************************************
Matternet - Senior Electronics Engineer
https://jobs.lever.co/matternet/33b10ab6-cd1a-41c2-8b61-685f197b56f7
Menlo Park, California, USA
*********************************************
*********************************************
Matternet - Full Stack Software Engineer
https://jobs.lever.co/matternet/15675b9c-ca72-420a-9b8a-29003203b319
Menlo Park, California, USA
## slept ##
*********************************************
*********************************************
Matternet - Senior Electronics Engineer
https://jobs.lever.co/matternet/33b10ab6-cd1a-41c2-8b61-685f197b56f7/apply
Menlo Park, California, USA
*********************************************
*********************************************
Matternet - Full Stack Software Engineer
https://jobs.lever.co/matternet/15675b9c-ca72-420a-9b8a-29003203b319/apply
Menlo Park, California, USA
## slept ##
*********************************************
*********************************************
HTTP Error 404: Not Found
Matternet
https://jobs.lever.co/matternet

## slept ##
Error INVALID_REQUEST
Query: https://maps.google.com/maps/api/geocode/json?address=&sensor=false&bounds=&region=&language=&components=
*********************************************
*********************************************
Matternet
https://jobs.lever.co/matternet?by=location&commitment=Full-time

## slept ##
Error INVALID_REQUEST
Query: https://maps.google.com/maps/api/geocode/json?address=&sensor=false&bounds=&region=&language=&components=
*********************************************
*********************************************
Matternet
https://jobs.lever.co/matternet?by=location&team=Hardware

## slept ##
Error INVALID_REQUEST
Query: https://maps.google.com/maps/api/geocode/json?address=&sensor=false&bounds=&region=&language=&components=
*********************************************
*********************************************
Matternet
https://jobs.lever.co/matternet?team=Software

## slept ##
Error INVALID_REQUEST
Query: https://maps.google.com/maps/api/geocode/json?address=&sensor=false&bounds=&region=&language=&components=
*********************************************
*********************************************
0
*********************************************
M A V I N - Front End Developer
https://jobs.lever.co/mavin/54140977-5720-46b9-ae0a-89652b37563b
London
## slept ##
*********************************************
*********************************************
M A V I N - Senior UX Designer
https://jobs.lever.co/mavin/80e81e60-6061-48ea-af7f-e220d9be794f
Berlin
*********************************************
*********************************************
0
*********************************************
Max2 Inc. - Backend Engineer
https://jobs.lever.co/max2/d1cfa78b-cda3-48aa-84de-8f18351c6d4b
NYC
## slept ##
Error OVER_QUERY_LIMIT
Query: https://maps.google.com/maps/api/geocode/json?address=NYC&sensor=false&bounds=&region=&language=&components=
*********************************************
*********************************************
Max2 Inc. - iOS Software Engineer
https://jobs.lever.co/max2/4856c619-dbcc-48ea-a393-a0d2695ca5ae
NYC
*********************************************
*********************************************
Max2 Inc. - Android Software Engineer
https://jobs.lever.co/max2/de605660-400d-47b6-ab31-ac7741144264
NYC
## slept ##
Error OVER_QUERY_LIMIT
Query: https://maps.google.com/maps/api/geocode/json?address=NYC&sensor=false&bounds=&region=&language=&components=
*********************************************
*********************************************
Max2 Inc. - Senior Android Software Engineer
https://jobs.lever.co/max2/97c7a8bd-29cf-4403-b1bf-951fb1274654
NYC
*********************************************
*********************************************
Max2 Inc. - Backend Engineer - Lever
https://jobs.lever.co/max2/d1cfa78b-cda3-48aa-84de-8f18351c6d4b/apply
NYC
## slept ##
Error OVER_QUERY_LIMIT
Query: https://maps.google.com/maps/api/geocode/json?address=NYC&sensor=false&bounds=&region=&language=&components=
*********************************************
*********************************************
Max2 Inc. - iOS Software Engineer
https://jobs.lever.co/max2/4856c619-dbcc-48ea-a393-a0d2695ca5ae/apply
NYC
## slept ##
Error OVER_QUERY_LIMIT
Query: https://maps.google.com/maps/api/geocode/json?address=NYC&sensor=false&bounds=&region=&language=&components=
*********************************************
*********************************************
Max2 Inc.
https://jobs.lever.co/max2

## slept ##
Error INVALID_REQUEST
Query: https://maps.google.com/maps/api/geocode/json?address=&sensor=false&bounds=&region=&language=&components=
*********************************************
*********************************************
Max2 Inc. - Senior iOS Developer
https://jobs.lever.co/max2/1d08c447-4c5f-4fd9-a7fd-dfc26c813141
NYC
*********************************************
*********************************************
Max2 Inc. - Lever
https://jobs.lever.co/max2?team=Android%20Development

## slept ##
Error INVALID_REQUEST
Query: https://maps.google.com/maps/api/geocode/json?address=&sensor=false&bounds=&region=&language=&components=
*********************************************
*********************************************
Max2 Inc. - Lever
https://jobs.lever.co/max2?team=iOS%20Development

## slept ##
Error INVALID_REQUEST
Query: https://maps.google.com/maps/api/geocode/json?address=&sensor=false&bounds=&region=&language=&components=
*********************************************
*********************************************
Max2 Inc. - Senior Backend Developer
https://jobs.lever.co/max2/4f7631df-473b-45db-91c9-c912c0b9c611
NYC
## slept ##
Error OVER_QUERY_LIMIT
Query: https://maps.google.com/maps/api/geocode/json?address=NYC&sensor=false&bounds=&region=&language=&components=
*********************************************
*********************************************
Max2 Inc. - Lever
https://jobs.lever.co/max2?team=Backend%20Development

## slept ##
Error INVALID_REQUEST
Query: https://maps.google.com/maps/api/geocode/json?address=&sensor=false&bounds=&region=&language=&components=
*********************************************
*********************************************
0
*********************************************
MaxMind - Software Engineer in Test - Telecommute Opportunity ...
https://jobs.lever.co/maxmind/116d89c5-d4fd-48b9-95d4-f3d89c996814
Remote
## slept ##
*********************************************
*********************************************
MaxMind - Software Engineer in Test - Telecommute Opportunity ...
https://jobs.lever.co/maxmind/116d89c5-d4fd-48b9-95d4-f3d89c996814/apply
Remote
*********************************************
*********************************************
MaxMind
https://jobs.lever.co/maxmind

## slept ##
Error INVALID_REQUEST
Query: https://maps.google.com/maps/api/geocode/json?address=&sensor=false&bounds=&region=&language=&components=
*********************************************
*********************************************
0
*********************************************
Mayvenn - Full Stack Engineer
https://jobs.lever.co/mayvenn/935363a5-df56-41ad-8302-6d4ef7f53b98
Oakland
*********************************************
*********************************************
Mayvenn - Full Stack Engineer
https://jobs.lever.co/mayvenn/935363a5-df56-41ad-8302-6d4ef7f53b98/apply
Oakland
*********************************************
*********************************************
Mayvenn
https://jobs.lever.co/mayvenn

## slept ##
Error INVALID_REQUEST
Query: https://maps.google.com/maps/api/geocode/json?address=&sensor=false&bounds=&region=&language=&components=
*********************************************
*********************************************
0
*********************************************
MBTA - Software Engineer
https://jobs.lever.co/mbta/48312749-13cf-4185-b1e8-a6402868c74f
Boston, MA
## slept ##
Error OVER_QUERY_LIMIT
Query: https://maps.google.com/maps/api/geocode/json?address=Boston%2C+MA&sensor=false&bounds=&region=&language=&components=
*********************************************
*********************************************
MBTA - Software Engineer
https://jobs.lever.co/mbta/48312749-13cf-4185-b1e8-a6402868c74f/apply
Boston, MA
## slept ##
Error OVER_QUERY_LIMIT
Query: https://maps.google.com/maps/api/geocode/json?address=Boston%2C+MA&sensor=false&bounds=&region=&language=&components=
*********************************************
*********************************************
MBTA - Product Manager
https://jobs.lever.co/mbta/4159d88b-db62-4a60-a51a-b7373c41d263
Boston, MA
## slept ##
Error OVER_QUERY_LIMIT
Query: https://maps.google.com/maps/api/geocode/json?address=Boston%2C+MA&sensor=false&bounds=&region=&language=&components=
*********************************************
*********************************************
MBTA
https://jobs.lever.co/mbta

## slept ##
Error INVALID_REQUEST
Query: https://maps.google.com/maps/api/geocode/json?address=&sensor=false&bounds=&region=&language=&components=
*********************************************
*********************************************
MBTA - UI/UX designer
https://jobs.lever.co/mbta/44ce8c4c-ba13-4abb-ab36-17877ade9cd9
Boston, MA
*********************************************
*********************************************
MBTA - Interaction Designer
https://jobs.lever.co/mbta/6ddd5eb6-506e-4827-b11c-c18573a7073f
Boston, MA
## slept ##
Error OVER_QUERY_LIMIT
Query: https://maps.google.com/maps/api/geocode/json?address=Boston%2C+MA&sensor=false&bounds=&region=&language=&components=
*********************************************
*********************************************
MBTA - Design Researcher
https://jobs.lever.co/mbta/7399beee-2ba9-46c6-9bea-8a4fa993b4c3
Boston, MA
## slept ##
*********************************************
*********************************************
MBTA - Visual & Communications Designer
https://jobs.lever.co/mbta/f0d4c01d-3930-4167-b512-5080758081d7
Boston, MA
## slept ##
Error OVER_QUERY_LIMIT
Query: https://maps.google.com/maps/api/geocode/json?address=Boston%2C+MA&sensor=false&bounds=&region=&language=&components=
*********************************************
*********************************************
MBTA - Project Manager
https://jobs.lever.co/mbta/9b0534b4-d178-4fc6-b3dc-5a20073c5ee1
Boston, MA
## slept ##
Error OVER_QUERY_LIMIT
Query: https://maps.google.com/maps/api/geocode/json?address=Boston%2C+MA&sensor=false&bounds=&region=&language=&components=
*********************************************
*********************************************
MBTA - Senior Design Researcher
https://jobs.lever.co/mbta/0ddab7e5-6f33-4722-80c0-89d0ba47177a
Boston, MA
## slept ##
Error OVER_QUERY_LIMIT
Query: https://maps.google.com/maps/api/geocode/json?address=Boston%2C+MA&sensor=false&bounds=&region=&language=&components=
*********************************************
*********************************************
MBTA - Project Manager
https://jobs.lever.co/mbta/9b0534b4-d178-4fc6-b3dc-5a20073c5ee1/apply
Boston, MA
*********************************************
*********************************************
0
*********************************************
0
*********************************************
0
*********************************************
Megaport - DevOps Engineer
https://jobs.lever.co/megaport/c19fcfcc-6dfb-4cf9-9888-e8bc8f7d10d7
Brisbane
## slept ##
Error OVER_QUERY_LIMIT
Query: https://maps.google.com/maps/api/geocode/json?address=Brisbane&sensor=false&bounds=&region=&language=&components=
*********************************************
*********************************************
Megaport - Software Engineer (Frontend )
https://jobs.lever.co/megaport/097d3512-f5c5-4923-baec-1aa033dbfb62
Brisbane
*********************************************
*********************************************
Megaport - Software Engineer
https://jobs.lever.co/megaport/bd34c960-7837-4b32-8f33-f5980e7577ec
Brisbane
*********************************************
*********************************************
Megaport - DevOps Engineer
https://jobs.lever.co/megaport/c19fcfcc-6dfb-4cf9-9888-e8bc8f7d10d7/apply
Brisbane
*********************************************
*********************************************
Megaport - Frontend Software Engineer
https://jobs.lever.co/megaport/097d3512-f5c5-4923-baec-1aa033dbfb62/apply
Brisbane
*********************************************
*********************************************
Megaport - Solutions Architect
https://jobs.lever.co/megaport/96b13b45-87a8-4a43-a2a5-2ccca9a2f9ce
Singapore or Hong Kong
*********************************************
*********************************************
Megaport - Solutions Architect - NAM
https://jobs.lever.co/megaport/937fb2f3-c4e1-43ec-ba98-a91b23ee26d3
North America
## slept ##
*********************************************
*********************************************
Megaport - Network Services Specialist
https://jobs.lever.co/megaport/ebc04e9e-9279-4f7d-ae1f-9ab48f8b0e2c
Amsterdam
*********************************************
*********************************************
HTTP Error 404: Not Found
Megaport - Enterprise Sales Manager - APAC
https://jobs.lever.co/megaport/992588d4-0f1d-4e03-823b-c545f403f611
Australia
## slept ##
Error OVER_QUERY_LIMIT
Query: https://maps.google.com/maps/api/geocode/json?address=Australia&sensor=false&bounds=&region=&language=&components=
*********************************************
*********************************************
0
*********************************************
Mendix - Sr. Pre Sales Engineer
https://jobs.lever.co/mendix/136b8352-7092-415c-9c2a-34dc02b123d4
Boston, MA
## slept ##
Error OVER_QUERY_LIMIT
Query: https://maps.google.com/maps/api/geocode/json?address=Boston%2C+MA&sensor=false&bounds=&region=&language=&components=
*********************************************
*********************************************
Mendix - Cloud Engineer
https://jobs.lever.co/mendix/70ea45a2-c740-4dfc-903b-03ff1d2243fa
Rotterdam
## slept ##
*********************************************
*********************************************
HTTP Error 404: Not Found
Mendix - Front-End Engineer
https://jobs.lever.co/mendix/3266a142-d469-4adf-a624-8d03debfd342
Rotterdam
## slept ##
Error OVER_QUERY_LIMIT
Query: https://maps.google.com/maps/api/geocode/json?address=Rotterdam&sensor=false&bounds=&region=&language=&components=
*********************************************
*********************************************
Mendix - Test Engineer - AppCloud
https://jobs.lever.co/mendix/79230704-0323-4da8-a0ad-a1a8f1cdce5a
Rotterdam
*********************************************
*********************************************
HTTP Error 404: Not Found
Mendix - Test Engineer – Desktop Modeler
https://jobs.lever.co/mendix/e6c62c83-3489-4bf9-a62b-50d69d64e476
Rotterdam
*********************************************
*********************************************
HTTP Error 404: Not Found
HTTP Error 404: Not Found
Mendix - Solutions Engineer
https://jobs.lever.co/mendix/aa018d9f-a673-4407-8fd8-69cb45dcfb48/apply
Rotterdam
*********************************************
*********************************************
Mendix - Test Engineer - Web
https://jobs.lever.co/mendix/ec77068d-4676-4cf1-95b0-3fc511482df9
Rotterdam
## slept ##
*********************************************
*********************************************
Mendix - Test Engineer - Integration
https://jobs.lever.co/mendix/c617888d-b0b3-48ff-960e-c8090b5b958e?lever-source=stackshare.io/match
Rotterdam
*********************************************
*********************************************
Mendix - Test Engineer - AppCloud
https://jobs.lever.co/mendix/79230704-0323-4da8-a0ad-a1a8f1cdce5a/apply
Rotterdam
## slept ##
*********************************************
*********************************************
Mendix - Test Engineer – Desktop Modeler
https://jobs.lever.co/mendix/e6c62c83-3489-4bf9-a62b-50d69d64e476/apply
Rotterdam
## slept ##
Error OVER_QUERY_LIMIT
Query: https://maps.google.com/maps/api/geocode/json?address=Rotterdam&sensor=false&bounds=&region=&language=&components=
*********************************************
*********************************************
Mendix
https://jobs.lever.co/mendix

## slept ##
Error INVALID_REQUEST
Query: https://maps.google.com/maps/api/geocode/json?address=&sensor=false&bounds=&region=&language=&components=
*********************************************
*********************************************
Mendix - Solution Architect
https://jobs.lever.co/mendix/da20a19c-660b-493e-82ed-e546dcb60a3c
Rotterdam
*********************************************
*********************************************
Mendix - C# Developer
https://jobs.lever.co/mendix/ce3d37fb-7a08-4d1e-9c8e-770a48602694
Rotterdam
*********************************************
*********************************************
Mendix - Senior Lead Consultant
https://jobs.lever.co/mendix/ded81427-7e7b-4b18-965c-cc789c95452e
Boston, MA
## slept ##
*********************************************
*********************************************
0
*********************************************
Mercari - Server Side Engineer
https://jobs.lever.co/mercari/8be6f392-4557-4281-b72d-ad410c0e07e5
San Francisco
## slept ##
*********************************************
*********************************************
Mercari - Frontend Engineer
https://jobs.lever.co/mercari/ccfba809-4cd6-4a87-bf47-c916f17d5931
San Francisco
## slept ##
Error OVER_QUERY_LIMIT
Query: https://maps.google.com/maps/api/geocode/json?address=San+Francisco&sensor=false&bounds=&region=&language=&components=
*********************************************
*********************************************
Mercari - iOS Engineer
https://jobs.lever.co/mercari/ac4b7bbf-4e24-4bf5-aa0f-e11645ff4193
San Francisco
*********************************************
*********************************************
Mercari - Machine Learning Engineer
https://jobs.lever.co/mercari/b6273939-79d6-44db-a897-42aabe89838d
San Francisco
## slept ##
Error OVER_QUERY_LIMIT
Query: https://maps.google.com/maps/api/geocode/json?address=San+Francisco&sensor=false&bounds=&region=&language=&components=
*********************************************
*********************************************
Mercari - Site Reliability Engineer
https://jobs.lever.co/mercari/06709ac8-7f7f-48be-9281-800c9a573834
San Francisco
*********************************************
*********************************************
Mercari - Frontend Engineer
https://jobs.lever.co/mercari/ccfba809-4cd6-4a87-bf47-c916f17d5931/apply
San Francisco
## slept ##
Error OVER_QUERY_LIMIT
Query: https://maps.google.com/maps/api/geocode/json?address=San+Francisco&sensor=false&bounds=&region=&language=&components=
*********************************************
*********************************************
Mercari - iOS Engineer
https://jobs.lever.co/mercari/ac4b7bbf-4e24-4bf5-aa0f-e11645ff4193/apply
San Francisco
## slept ##
*********************************************
*********************************************
Mercari - Software Engineer - Android
https://jobs.lever.co/mercari/9f9863a9-d957-45a4-8d73-c35bc1ace0f4/apply
San Francisco
## slept ##
*********************************************
*********************************************
Mercari - Machine Learning Engineer
https://jobs.lever.co/mercari/b6273939-79d6-44db-a897-42aabe89838d/apply
San Francisco
## slept ##
Error OVER_QUERY_LIMIT
Query: https://maps.google.com/maps/api/geocode/json?address=San+Francisco&sensor=false&bounds=&region=&language=&components=
*********************************************
*********************************************
Mercari - Site Reliability Engineer
https://jobs.lever.co/mercari/06709ac8-7f7f-48be-9281-800c9a573834/apply
San Francisco
## slept ##
*********************************************
*********************************************
Mercari
https://jobs.lever.co/mercari?commitment=Full-time

## slept ##
Error INVALID_REQUEST
Query: https://maps.google.com/maps/api/geocode/json?address=&sensor=false&bounds=&region=&language=&components=
*********************************************
*********************************************
Mercari
https://jobs.lever.co/mercari?by=team&location=San%20Francisco

## slept ##
Error INVALID_REQUEST
Query: https://maps.google.com/maps/api/geocode/json?address=&sensor=false&bounds=&region=&language=&components=
*********************************************
*********************************************
Mercari
https://jobs.lever.co/mercari

## slept ##
Error INVALID_REQUEST
Query: https://maps.google.com/maps/api/geocode/json?address=&sensor=false&bounds=&region=&language=&components=
*********************************************
*********************************************
Mercari - Information Security Officer
https://jobs.lever.co/mercari/ac0bf8ce-e714-485a-b69a-66ca8e9f2a50
San Francisco
## slept ##
Error OVER_QUERY_LIMIT
Query: https://maps.google.com/maps/api/geocode/json?address=San+Francisco&sensor=false&bounds=&region=&language=&components=
*********************************************
*********************************************
HTTP Error 404: Not Found
Mercari - Compliance Systems and Information (CSI)
https://jobs.lever.co/mercari/5956c8fa-b014-48eb-8ed7-af1744f78518
Portland or San Francisco
*********************************************
*********************************************
Mercari - Product Designer
https://jobs.lever.co/mercari/6b61e7df-4b72-4ed6-98e7-49b4b2bff5a9
San Francisco
*********************************************
*********************************************
Mercari - Compliance Data & System Analyst
https://jobs.lever.co/mercari/3a57673d-cdb1-4e82-a757-9be53e42c33f
Portland or San Francisco
## slept ##
Error OVER_QUERY_LIMIT
Query: https://maps.google.com/maps/api/geocode/json?address=Portland+or+San+Francisco&sensor=false&bounds=&region=&language=&components=
*********************************************
*********************************************
Mercari - Interaction Designer
https://jobs.lever.co/mercari/041da411-ea9d-4c6e-907c-0cede646e2ed
San Francisco
*********************************************
*********************************************
Mercari - Data Scientist
https://jobs.lever.co/mercari/eb1b6f41-537d-4266-9de5-31df700bb6d9
San Francisco
*********************************************
*********************************************
Mercari
https://jobs.lever.co/mercari?location=Portland%20or%20San%20Francisco

## slept ##
Error INVALID_REQUEST
Query: https://maps.google.com/maps/api/geocode/json?address=&sensor=false&bounds=&region=&language=&components=
*********************************************
*********************************************
0
*********************************************
HTTP Error 404: Not Found
HTTP Error 404: Not Found
HTTP Error 404: Not Found
Merlin Global - MQ-1B Predator Site Lead / Pilot Deployment ...
https://jobs.lever.co/merlinglobal/98331de1-5d06-4ea7-a1ad-1ccb390ee14a
Deployed
*********************************************
*********************************************
Merlin Global - Predator C Avenger Pilot
https://jobs.lever.co/merlinglobal/13f64ea4-ddb0-4a0e-8680-3cb8c8c049fe
China Lake, CA
## slept ##
Error OVER_QUERY_LIMIT
Query: https://maps.google.com/maps/api/geocode/json?address=China+Lake%2C+CA&sensor=false&bounds=&region=&language=&components=
*********************************************
*********************************************
HTTP Error 404: Not Found
Merlin Global - Air Vehicle Operator (Deployed)
https://jobs.lever.co/merlinglobal/52ce8385-d9ae-4922-98b8-b48f4c727482
Deployed
*********************************************
*********************************************
HTTP Error 404: Not Found
HTTP Error 404: Not Found
0
*********************************************
Metamako - FPGA Engineer
https://jobs.lever.co/metamako/c8fc6eec-51bb-46b3-a8d2-2096265f21fb
Sydney
## slept ##
Error OVER_QUERY_LIMIT
Query: https://maps.google.com/maps/api/geocode/json?address=Sydney&sensor=false&bounds=&region=&language=&components=
*********************************************
*********************************************
Metamako - FPGA Engineer
https://jobs.lever.co/metamako/c8fc6eec-51bb-46b3-a8d2-2096265f21fb/apply
Sydney
## slept ##
*********************************************
*********************************************
Metamako - Full Stack Developer
https://jobs.lever.co/metamako/8afcb81d-554e-46a3-8a53-72d74987920f
Sydney
## slept ##
Error OVER_QUERY_LIMIT
Query: https://maps.google.com/maps/api/geocode/json?address=Sydney&sensor=false&bounds=&region=&language=&components=
*********************************************
*********************************************
Metamako
https://jobs.lever.co/metamako?team=Engineering

## slept ##
Error INVALID_REQUEST
Query: https://maps.google.com/maps/api/geocode/json?address=&sensor=false&bounds=&region=&language=&components=
*********************************************
*********************************************
Metamako
https://jobs.lever.co/metamako

## slept ##
Error INVALID_REQUEST
Query: https://maps.google.com/maps/api/geocode/json?address=&sensor=false&bounds=&region=&language=&components=
*********************************************
*********************************************
Metamako - Business Development Manager, Europe
https://jobs.lever.co/metamako/d1810901-1fff-467e-a59b-36b28b3f4e24
London
## slept ##
Error OVER_QUERY_LIMIT
Query: https://maps.google.com/maps/api/geocode/json?address=London&sensor=false&bounds=&region=&language=&components=
*********************************************
*********************************************
Metamako
https://jobs.lever.co/metamako?by=commitment

## slept ##
Error INVALID_REQUEST
Query: https://maps.google.com/maps/api/geocode/json?address=&sensor=false&bounds=&region=&language=&components=
*********************************************
*********************************************
Metamako - Senior Sys Admin
https://jobs.lever.co/metamako/2946e839-1d85-40e2-9b7a-91e4aad2473f
Sydney
## slept ##
Error OVER_QUERY_LIMIT
Query: https://maps.google.com/maps/api/geocode/json?address=Sydney&sensor=false&bounds=&region=&language=&components=
*********************************************
*********************************************
Metamako - Support Manager
https://jobs.lever.co/metamako/bb33d203-4d58-4905-9017-badc799d898f
Sydney
## slept ##
*********************************************
*********************************************
Metamako - CSE Careers Expo Expressions of Interest
https://jobs.lever.co/metamako/3939890f-d6f0-45d8-aebc-f0f7536172e4
Sydney
*********************************************
*********************************************
Metamako - Full Stack Developer
https://jobs.lever.co/metamako/8afcb81d-554e-46a3-8a53-72d74987920f/apply
Sydney
*********************************************
*********************************************
Metamako - Senior Sys Admin
https://jobs.lever.co/metamako/2946e839-1d85-40e2-9b7a-91e4aad2473f/apply
Sydney
## slept ##
*********************************************
*********************************************
0
*********************************************
Metamarkets - Full-Stack Software Engineer
https://jobs.lever.co/metamarkets/1d3c0858-df80-48bf-ad02-606780a332cd
San Francisco, CA
## slept ##
Error OVER_QUERY_LIMIT
Query: https://maps.google.com/maps/api/geocode/json?address=San+Francisco%2C+CA&sensor=false&bounds=&region=&language=&components=
*********************************************
*********************************************
Metamarkets - Full-Stack Software Engineer - Lever
https://jobs.lever.co/metamarkets/1d3c0858-df80-48bf-ad02-606780a332cd/apply
San Francisco, CA
## slept ##
Error OVER_QUERY_LIMIT
Query: https://maps.google.com/maps/api/geocode/json?address=San+Francisco%2C+CA&sensor=false&bounds=&region=&language=&components=
*********************************************
*********************************************
Metamarkets
https://jobs.lever.co/metamarkets

## slept ##
Error INVALID_REQUEST
Query: https://maps.google.com/maps/api/geocode/json?address=&sensor=false&bounds=&region=&language=&components=
*********************************************
*********************************************
Metamarkets - Lever
https://jobs.lever.co/metamarkets?commitment=Full-time

## slept ##
Error INVALID_REQUEST
Query: https://maps.google.com/maps/api/geocode/json?address=&sensor=false&bounds=&region=&language=&components=
*********************************************
*********************************************
Metamarkets - Lever
https://jobs.lever.co/metamarkets?by=location

## slept ##
Error INVALID_REQUEST
Query: https://maps.google.com/maps/api/geocode/json?address=&sensor=false&bounds=&region=&language=&components=
*********************************************
*********************************************
Metamarkets
https://jobs.lever.co/metamarkets?by=team&team=Engineering

## slept ##
Error INVALID_REQUEST
Query: https://maps.google.com/maps/api/geocode/json?address=&sensor=false&bounds=&region=&language=&components=
*********************************************
*********************************************
Metamarkets
https://jobs.lever.co/metamarkets?location=San%20Francisco%2C%20CA

## slept ##
Error INVALID_REQUEST
Query: https://maps.google.com/maps/api/geocode/json?address=&sensor=false&bounds=&region=&language=&components=
*********************************************
*********************************************
Metamarkets - Lever
https://jobs.lever.co/metamarkets?by=commitment

## slept ##
Error INVALID_REQUEST
Query: https://maps.google.com/maps/api/geocode/json?address=&sensor=false&bounds=&region=&language=&components=
*********************************************
*********************************************
HTTP Error 404: Not Found
0
*********************************************
Meta - Content Engineer
https://jobs.lever.co/metavision/b42fb454-a3df-45e6-a96e-7566588b54e6
San Mateo, CA
## slept ##
*********************************************
*********************************************
Meta - Senior Camera Engineer
https://jobs.lever.co/metavision/4524d2f9-ad53-4544-999e-18c3f56f3f12
San Mateo, CA
*********************************************
*********************************************
Meta - Sr. Software Engineer - SDK
https://jobs.lever.co/metavision/27717490-1fd6-46b4-a156-b843e857f14a
San Mateo, CA
*********************************************
*********************************************
HTTP Error 404: Not Found
Meta - Customer Success Engineer
https://jobs.lever.co/metavision/1cf06219-5674-43f5-9b3c-5bce8ea7a3f5
San Mateo, CA
## slept ##
Error OVER_QUERY_LIMIT
Query: https://maps.google.com/maps/api/geocode/json?address=San+Mateo%2C+CA&sensor=false&bounds=&region=&language=&components=
*********************************************
*********************************************
HTTP Error 404: Not Found
Meta - Senior Firmware Engineer
https://jobs.lever.co/metavision/9687a2de-1bfb-47b6-a587-c3739047db39
San Mateo, CA
*********************************************
*********************************************
HTTP Error 404: Not Found
Meta - Senior Electrical Engineer
https://jobs.lever.co/metavision/cf8f2082-a3e5-4454-8286-61bdd4852884
San Mateo, CA
## slept ##
Error OVER_QUERY_LIMIT
Query: https://maps.google.com/maps/api/geocode/json?address=San+Mateo%2C+CA&sensor=false&bounds=&region=&language=&components=
*********************************************
*********************************************
Meta - SLAM Team Leader / (Sr.) Engineer
https://jobs.lever.co/metavision/9bdf8f78-7c5d-476b-8fc1-aafcb21ded5d
San Mateo, CA
*********************************************
*********************************************
Meta - Hand Tracking Team Leader / (Sr.) Engineer
https://jobs.lever.co/metavision/7c4a8171-63a2-4fd6-a524-7ce583f50c53
San Mateo, CA
*********************************************
*********************************************
HTTP Error 404: Not Found
Meta - Senior Mechanical Engineer
https://jobs.lever.co/metavision/0c1e2620-4b3c-4974-a7fb-9f6b9d65a677/apply
San Mateo, CA
## slept ##
*********************************************
*********************************************
Meta - Senior Firmware Engineer
https://jobs.lever.co/metavision/086ef0cf-73f1-4533-a044-cc8393bbf882/apply
San Mateo, CA
## slept ##
*********************************************
*********************************************
Meta - Senior Systems Software Engineer
https://jobs.lever.co/metavision/f4afcb4d-a5ed-40d4-93ea-058df134f01b/apply
San Mateo, CA
## slept ##
Error OVER_QUERY_LIMIT
Query: https://maps.google.com/maps/api/geocode/json?address=San+Mateo%2C+CA&sensor=false&bounds=&region=&language=&components=
*********************************************
*********************************************
Meta
https://jobs.lever.co/metavision/

## slept ##
Error INVALID_REQUEST
Query: https://maps.google.com/maps/api/geocode/json?address=&sensor=false&bounds=&region=&language=&components=
*********************************************
*********************************************
Meta
https://jobs.lever.co/metavision/?by=location&location=San%20Mateo%2C%20CA

## slept ##
Error INVALID_REQUEST
Query: https://maps.google.com/maps/api/geocode/json?address=&sensor=false&bounds=&region=&language=&components=
*********************************************
*********************************************
Meta
https://jobs.lever.co/metavision/?by=location&team=Hardware

## slept ##
Error INVALID_REQUEST
Query: https://maps.google.com/maps/api/geocode/json?address=&sensor=false&bounds=&region=&language=&components=
*********************************************
*********************************************
HTTP Error 404: Not Found
Meta
https://jobs.lever.co/metavision/?by=location&team=Engineering

## slept ##
Error INVALID_REQUEST
Query: https://maps.google.com/maps/api/geocode/json?address=&sensor=false&bounds=&region=&language=&components=
*********************************************
*********************************************
HTTP Error 404: Not Found
Meta - Software Developer - Workspace
https://jobs.lever.co/metavision/283f3640-f481-4908-a47c-2393fa08be82
San Mateo, CA
*********************************************
*********************************************
Meta - Software Product Manager
https://jobs.lever.co/metavision/cc8a27ae-9727-4cec-9f1e-b2c9af014461
San Mateo, CA
*********************************************
*********************************************
Meta - Product Manager, Hardware
https://jobs.lever.co/metavision/b24de0c7-1f42-4683-92b0-084f457979c4
San Mateo, CA
## slept ##
Error OVER_QUERY_LIMIT
Query: https://maps.google.com/maps/api/geocode/json?address=San+Mateo%2C+CA&sensor=false&bounds=&region=&language=&components=
*********************************************
*********************************************
Meta - Strategic Account Executive
https://jobs.lever.co/metavision/2f7032d8-358b-4615-bac7-6f84f4f606bc
San Mateo, CA
## slept ##
Error OVER_QUERY_LIMIT
Query: https://maps.google.com/maps/api/geocode/json?address=San+Mateo%2C+CA&sensor=false&bounds=&region=&language=&components=
*********************************************
*********************************************
Meta - Calibration Team Lead (Cameras, Sensors, Display)
https://jobs.lever.co/metavision/71994ae8-cfa7-4d1b-ba28-08fbd8f06d00
San Mateo, CA
*********************************************
*********************************************
Meta - Developer Success Program Mgr IV
https://jobs.lever.co/metavision/c4420b1b-36fc-4b93-9b8a-72e62484ed4f
San Mateo, CA
## slept ##
*********************************************
*********************************************
Meta - Legal Counsel
https://jobs.lever.co/metavision/a0681b86-f358-4679-9512-b2e655d5be18
San Mateo, CA
## slept ##
Error OVER_QUERY_LIMIT
Query: https://maps.google.com/maps/api/geocode/json?address=San+Mateo%2C+CA&sensor=false&bounds=&region=&language=&components=
*********************************************
*********************************************
0
*********************************************
Meteor Development Group - Open Source Engineer
https://jobs.lever.co/meteor/5e11e6cf-5303-4c12-a3e7-11e5f8da4be1

## slept ##
Error INVALID_REQUEST
Query: https://maps.google.com/maps/api/geocode/json?address=&sensor=false&bounds=&region=&language=&components=
*********************************************
*********************************************
Meteor Development Group - Front-end Application Engineer
https://jobs.lever.co/meteor/959865c0-73b9-4938-91ec-ed69fabeec24

## slept ##
Error INVALID_REQUEST
Query: https://maps.google.com/maps/api/geocode/json?address=&sensor=false&bounds=&region=&language=&components=
*********************************************
*********************************************
Meteor Development Group - Back-end Services Engineer
https://jobs.lever.co/meteor/b8ec842e-e79a-455e-a665-b312892d946e
San Francisco
## slept ##
Error OVER_QUERY_LIMIT
Query: https://maps.google.com/maps/api/geocode/json?address=San+Francisco&sensor=false&bounds=&region=&language=&components=
*********************************************
*********************************************
Meteor Development Group - Cloud Systems Engineer
https://jobs.lever.co/meteor/9de2d23b-fd3c-421e-92b1-26203c60f1b1

## slept ##
Error INVALID_REQUEST
Query: https://maps.google.com/maps/api/geocode/json?address=&sensor=false&bounds=&region=&language=&components=
*********************************************
*********************************************
Meteor Development Group - Open Source Engineer
https://jobs.lever.co/meteor/5e11e6cf-5303-4c12-a3e7-11e5f8da4be1/apply

## slept ##
Error INVALID_REQUEST
Query: https://maps.google.com/maps/api/geocode/json?address=&sensor=false&bounds=&region=&language=&components=
*********************************************
*********************************************
Meteor Development Group
https://jobs.lever.co/meteor

## slept ##
Error INVALID_REQUEST
Query: https://maps.google.com/maps/api/geocode/json?address=&sensor=false&bounds=&region=&language=&components=
*********************************************
*********************************************
Meteor Development Group
https://jobs.lever.co/meteor?location=

## slept ##
Error INVALID_REQUEST
Query: https://maps.google.com/maps/api/geocode/json?address=&sensor=false&bounds=&region=&language=&components=
*********************************************
*********************************************
Meteor Development Group - Product Manager
https://jobs.lever.co/meteor/df91b724-8dc7-4f15-9beb-0554261c8379
San Francisco
## slept ##
Error OVER_QUERY_LIMIT
Query: https://maps.google.com/maps/api/geocode/json?address=San+Francisco&sensor=false&bounds=&region=&language=&components=
*********************************************
*********************************************
Meteor Development Group - Visual Designer
https://jobs.lever.co/meteor/26d37886-ebcd-4e31-8c2d-5dd58471e5a5
San Francisco
*********************************************
*********************************************
Meteor Development Group - UX Designer
https://jobs.lever.co/meteor/e545fc3a-8cd2-4faf-8653-bf83d2e35a8b
San Francisco
## slept ##
*********************************************
*********************************************
Meteor Development Group
https://jobs.lever.co/meteor?commitment=Intern

## slept ##
Error INVALID_REQUEST
Query: https://maps.google.com/maps/api/geocode/json?address=&sensor=false&bounds=&region=&language=&components=
*********************************************
*********************************************
Meteor Development Group - Director, Demand Generation
https://jobs.lever.co/meteor/30f49a8b-0895-43da-a034-c40988837819
San Francisco
## slept ##
*********************************************
*********************************************
Meteor Development Group - Internships at MDG
https://jobs.lever.co/meteor/248108a5-c05b-42d8-ae65-07bc0ca69438
San Francisco
*********************************************
*********************************************
0
*********************************************
