Invitae - Network Engineer
https://jobs.lever.co/invitae/77aa2353-c4a5-428a-a218-d10aae2b2aaa
San Francisco Bay Area
*********************************************
Invitae - Site Reliability Engineer, Lead
https://jobs.lever.co/invitae/b4970cb7-6bcc-4d7b-be6d-4581b147f3aa
San Francisco Bay Area
*********************************************
Invitae - DevOps Engineer
https://jobs.lever.co/invitae/50a3c933-d550-4bf2-b9da-5f674d0e4a59
San Francisco Bay Area
*********************************************
Invitae - Senior Software Engineer
https://jobs.lever.co/invitae/41595ae1-1c95-480b-ab40-7cdb51db7f73
Dallas
*********************************************
Invitae - Senior Software Engineer
https://jobs.lever.co/invitae/41595ae1-1c95-480b-ab40-7cdb51db7f73/apply
Dallas
survey
____________________________________________________________
*********************************************
Invitae - Sr. Full Stack Software Engineer - San Francisco
https://jobs.lever.co/invitae/312b9c8c-651a-4bf3-90de-22601e2f332e
San Francisco Bay Area
*********************************************
Invitae - Bioinformatics Analysis Engineer
https://jobs.lever.co/invitae/e1b15fdb-0651-4f8c-9262-643c6aeeb39b
San Francisco Bay Area
*********************************************
Invitae - Bioinformatics Pipeline Development and Support Engineer
https://jobs.lever.co/invitae/787e3ff7-0737-4bcc-ac45-5df7ee5b313a
San Francisco Bay Area
*********************************************
Invitae
https://jobs.lever.co/invitae?by=location

## slept ##
Error INVALID_REQUEST
Query: https://maps.google.com/maps/api/geocode/json?address=&sensor=false&bounds=&region=&language=&components=
Filter by:
*********************************************
Invitae - Software Quality Assurance Lead - Genetics
https://jobs.lever.co/invitae/30fc9d42-df0f-4127-907b-b914d92bd6b5
San Francisco Bay Area
*********************************************
Invitae - Client Services Specialist
https://jobs.lever.co/invitae/370831c1-6c45-41c8-bbc1-53604d7e7dfa
San Francisco Bay Area
*********************************************
Invitae - Lab Automation Technician
https://jobs.lever.co/invitae/53c31499-283c-44c5-b6a6-ba4b100f83a3
San Francisco Bay Area
*********************************************
Invitae - Software Quality Assurance Lead
https://jobs.lever.co/invitae/2ec9e9c2-1f03-44ec-91a0-3a1613681a75
San Francisco Bay Area
*********************************************
11
*********************************************
HTTP Error 404: Not Found
ION - Junior Software Developer, Agency Trading and Processing ...
https://jobs.lever.co/ion/4e68297f-0980-47bb-974d-b1721e12de52?lever-origin=agency&lever-source%5B%5D=ChicagoFinancialSearch
Chicago
commission
*********************************************
ION - Leadership Development Program, Group, Dublin
https://jobs.lever.co/ion/7f77a7d5-5d47-4fa8-a7e4-b506015d0630
Dublin
*********************************************
1
*********************************************
Iron Ox - Lead Mechanical Engineer
https://jobs.lever.co/ironox/1d0b917b-dea8-494d-b7d4-2ee222d0f172
San Carlos, CA
*********************************************
Iron Ox - Senior Software Engineer
https://jobs.lever.co/ironox/41a969d8-637b-44bc-bf55-aa58c983e77b/apply
San Carlos, CA
____________________________________________________________
*********************************************
Iron Ox
https://jobs.lever.co/ironox

## slept ##
Error INVALID_REQUEST
Query: https://maps.google.com/maps/api/geocode/json?address=&sensor=false&bounds=&region=&language=&components=
Filter by:
*********************************************
Iron Ox
https://jobs.lever.co/ironox?by=location

## slept ##
Error INVALID_REQUEST
Query: https://maps.google.com/maps/api/geocode/json?address=&sensor=false&bounds=&region=&language=&components=
Filter by:
*********************************************
Iron Ox - Senior Roboticist
https://jobs.lever.co/ironox/9fe91468-9660-4a8c-8e0e-d7baa5210449
San Carlos, CA
*********************************************
2
*********************************************
InSite Applications - Senior Backend Engineer
https://jobs.lever.co/isapp/2522e675-4400-431d-881b-049ce1081539
San Francisco
*********************************************
InSite Applications - Senior Android Engineer
https://jobs.lever.co/isapp/8fefe16a-30ec-4d59-b8f5-87f0e3a1eed4/apply
San Francisco
____________________________________________________________
*********************************************
InSite Applications
https://jobs.lever.co/isapp

## slept ##
Error INVALID_REQUEST
Query: https://maps.google.com/maps/api/geocode/json?address=&sensor=false&bounds=&region=&language=&components=
Filter by:
*********************************************
InSite Applications - Product Designer
https://jobs.lever.co/isapp/2d4cb7d1-bb06-47c7-8067-0ba44611b496
San Francisco
*********************************************
2
*********************************************
issuu - Full-stack Software Developer - CPH
https://jobs.lever.co/issuu/04caa981-05c7-45ff-8120-4beb11eeefb8
Copenhagen, Denmark
*********************************************
issuu - Developer for Back-end Systems
https://jobs.lever.co/issuu/66011faf-8046-4470-b425-9bde4da01613
Copenhagen, Denmark
*********************************************
issuu - Lever
https://jobs.lever.co/issuu/?location=Copenhagen%2C%20Denmark

## slept ##
Error INVALID_REQUEST
Query: https://maps.google.com/maps/api/geocode/json?address=&sensor=false&bounds=&region=&language=&components=
Filter by:
*********************************************
issuu - Lever
https://jobs.lever.co/issuu/?team=Engineering

## slept ##
Error INVALID_REQUEST
Query: https://maps.google.com/maps/api/geocode/json?address=&sensor=false&bounds=&region=&language=&components=
Filter by:
*********************************************
issuu
https://jobs.lever.co/issuu/?by=location&team=Engineering

## slept ##
Error INVALID_REQUEST
Query: https://maps.google.com/maps/api/geocode/json?address=&sensor=false&bounds=&region=&language=&components=
Filter by:
*********************************************
issuu
https://jobs.lever.co/issuu/?by=commitment

## slept ##
Error INVALID_REQUEST
Query: https://maps.google.com/maps/api/geocode/json?address=&sensor=false&bounds=&region=&language=&components=
Filter by:
*********************************************
issuu - Lever
https://jobs.lever.co/issuu/?by=commitment&commitment=Full-time

## slept ##
Error INVALID_REQUEST
Query: https://maps.google.com/maps/api/geocode/json?address=&sensor=false&bounds=&region=&language=&components=
Filter by:
*********************************************
issuu - Full-stack Software Developer - CPH
https://jobs.lever.co/issuu/04caa981-05c7-45ff-8120-4beb11eeefb8/apply
Copenhagen, Denmark
____________________________________________________________
*********************************************
2
*********************************************
HTTP Error 404: Not Found
Jam City - C++ Engineer
https://jobs.lever.co/jamcity/708517c2-8925-4059-9dc6-00c789a0f0bf
San Francisco, CA (TinyCo)
*********************************************
Jam City - Senior Gameplay Engineer
https://jobs.lever.co/jamcity/dc03485a-85f3-49ae-94a8-84fa3d829c57
Carlsbad, CA
co-founder
*********************************************
Jam City - Principal Software Engineer
https://jobs.lever.co/jamcity/74146519-f267-44eb-9990-189d76ac706b/apply
Carlsbad, CA
____________________________________________________________
*********************************************
Jam City - HTML5 Engineer
https://jobs.lever.co/jamcity/00f14dda-a30a-4ff0-b04a-1362ab66c457/apply
Culver City, CA
____________________________________________________________
*********************************************
Jam City
https://jobs.lever.co/jamcity

## slept ##
Error INVALID_REQUEST
Query: https://maps.google.com/maps/api/geocode/json?address=&sensor=false&bounds=&region=&language=&components=
Filter by:
*********************************************
HTTP Error 404: Not Found
HTTP Error 404: Not Found
Jam City - Technical Artist
https://jobs.lever.co/jamcity/2123a243-d624-42a2-9da5-29519b861c78
Culver City, CA
co-founder
*********************************************
HTTP Error 404: Not Found
HTTP Error 404: Not Found
HTTP Error 404: Not Found
Jam City - Flash Animator (TEMP)
https://jobs.lever.co/jamcity/b733e81e-63bd-486d-9783-b374372fce09
San Francisco, CA (TinyCo)
*********************************************
HTTP Error 404: Not Found
Jam City - Senior / Lead 3D Artist
https://jobs.lever.co/jamcity/0f9fe69e-9b1d-4dd0-bdb8-a02418a4403a
San Francisco, CA
co-founder
*********************************************
Jam City - Associate Product Manager
https://jobs.lever.co/jamcity/c27e88c8-9807-47c8-95a6-18f84bcf85b7
Carlsbad, CA
co-founder
*********************************************
Jam City - Senior Product Manager
https://jobs.lever.co/jamcity/f5fd3e3d-55e0-464f-8f05-51014b3ba0d7
Culver City, CA
co-founder
*********************************************
Jam City - CRM Analyst
https://jobs.lever.co/jamcity/ee87f857-00ab-4a03-ae95-db1e0e0244b7
Culver City, CA
marketing
co-founder
*********************************************
HTTP Error 404: Not Found
Jam City - Associate Producer
https://jobs.lever.co/jamcity/e49fe474-30e4-4ef6-92e9-a8b5026aec84
San Francisco, CA
local
co-founder
*********************************************
Jam City - Lead UI Artist
https://jobs.lever.co/jamcity/6ebe49da-d65f-4b8d-a1b8-fc5f6ac7afc0
Carlsbad, CA
co-founder
*********************************************
Jam City - Marketing Coordinator
https://jobs.lever.co/jamcity/c21ed679-cc43-46ed-8202-96df9cbc14b6
Culver City, CA
marketing
co-founder
*********************************************
Jam City - UI/UX Designer
https://jobs.lever.co/jamcity/e14f7b58-b3b4-4089-a01c-fa1fcbef0c4c
San Francisco, CA
co-founder
*********************************************
Jam City - Game Designer
https://jobs.lever.co/jamcity/283e2b57-6db9-4065-8370-8b86ef7b6fbd
San Francisco, CA
co-founder
*********************************************
Jam City - CRM Operations Manager
https://jobs.lever.co/jamcity/594358b8-ddb8-4a67-a3e3-6f7ba945ab1a
Culver City, CA
marketing
local
co-founder
*********************************************
Jam City - Senior 3D Animator
https://jobs.lever.co/jamcity/5ab034b0-f854-41e7-bd22-b9ef2d4b16a5
San Francisco, CA
co-founder
*********************************************
2
*********************************************
HTTP Error 404: Not Found
HTTP Error 404: Not Found
HTTP Error 404: Not Found
HTTP Error 404: Not Found
0
*********************************************
Jetty - Senior Front-End Engineer
https://jobs.lever.co/jetty/fb99db32-0cfb-4226-8534-e836a22741ff/apply
New York
## slept ##
____________________________________________________________
*********************************************
Jetty - Lever
https://jobs.lever.co/jetty/?commitment=Full-time

## slept ##
Error INVALID_REQUEST
Query: https://maps.google.com/maps/api/geocode/json?address=&sensor=false&bounds=&region=&language=&components=
Filter by:
*********************************************
Jetty - Lever
https://jobs.lever.co/jetty/?by=commitment&commitment=Full-time

## slept ##
Error INVALID_REQUEST
Query: https://maps.google.com/maps/api/geocode/json?address=&sensor=false&bounds=&region=&language=&components=
Filter by:
*********************************************
Jetty - Lever
https://jobs.lever.co/jetty/?by=location&team=Technology

## slept ##
Error INVALID_REQUEST
Query: https://maps.google.com/maps/api/geocode/json?address=&sensor=false&bounds=&region=&language=&components=
Filter by:
*********************************************
Jetty - Lever
https://jobs.lever.co/jetty/?by=location&commitment=Full-time

## slept ##
Error INVALID_REQUEST
Query: https://maps.google.com/maps/api/geocode/json?address=&sensor=false&bounds=&region=&language=&components=
Filter by:
*********************************************
Jetty - Lever
https://jobs.lever.co/jetty/?by=team&team=Technology

## slept ##
Error INVALID_REQUEST
Query: https://maps.google.com/maps/api/geocode/json?address=&sensor=false&bounds=&region=&language=&components=
Filter by:
*********************************************
Jetty - Lever
https://jobs.lever.co/jetty/?location=New%20York

## slept ##
Error INVALID_REQUEST
Query: https://maps.google.com/maps/api/geocode/json?address=&sensor=false&bounds=&region=&language=&components=
Filter by:
*********************************************
0
*********************************************
Job Ambition GmbH - JavaScript Software Engineer (f/m)
https://jobs.lever.co/jobambition/343b4dd8-9206-48a4-8083-2d265f7cd996
München
*********************************************
HTTP Error 404: Not Found
HTTP Error 404: Not Found
Job Ambition GmbH - Senior IT System Engineer (m/w) Microsoft
https://jobs.lever.co/jobambition/a96e8c54-3179-4480-a49b-7e8e104305fe
Hamburg or Berlin
*********************************************
Job Ambition GmbH - Resident Engineer (f/m) – at the Ingolstadt Site ...
https://jobs.lever.co/jobambition/a3dce665-b117-46d9-b74a-ac7accdd35cb
Ingolstadt
*********************************************
Job Ambition GmbH - Network Engineer (m/w)
https://jobs.lever.co/jobambition/2b209809-8723-4111-a74a-d6881ca16261
Gütersloh
*********************************************
Job Ambition GmbH - System Engineer (m/w) Hosting & Cloud
https://jobs.lever.co/jobambition/a304d983-7bd0-4b6f-99dc-ea594e203462
Offenbach a. M.
*********************************************
Job Ambition GmbH - IT Automation & Agile Engineer (m/w)
https://jobs.lever.co/jobambition/cd948257-5146-4f6c-b189-d150a1c78474
Essen
*********************************************
Job Ambition GmbH - JavaScript Software Engineer (m/w)
https://jobs.lever.co/jobambition/d56db6bd-2d53-4b85-b5db-6f8adeb2e6e7
München
*********************************************
Job Ambition GmbH - Software Engineer (m/w) für modellbasierte ...
https://jobs.lever.co/jobambition/ce96904b-d071-47dc-ae08-b1496c693fca
Deutschland/International
partner 
*********************************************
Job Ambition GmbH - IT System Engineer (w/m) mit dem ...
https://jobs.lever.co/jobambition/d7434c44-7196-482b-aada-28dde0b7fc72
Hamburg, Berlin or Graz
## slept ##
Error ZERO_RESULTS
Query: https://maps.google.com/maps/api/geocode/json?address=Hamburg%2C+Berlin+or+Graz&sensor=false&bounds=&region=&language=&components=
*********************************************
Job Ambition GmbH - DevOps Engineer (m/w)
https://jobs.lever.co/jobambition/f4273395-8a9b-4a44-b750-11e087c317bf
Gütersloh
*********************************************
Job Ambition GmbH - DevOps Engineer (m/w)
https://jobs.lever.co/jobambition/f4273395-8a9b-4a44-b750-11e087c317bf/apply
Gütersloh
____________________________________________________________
*********************************************
Job Ambition GmbH
https://jobs.lever.co/jobambition

## slept ##
Error INVALID_REQUEST
Query: https://maps.google.com/maps/api/geocode/json?address=&sensor=false&bounds=&region=&language=&components=
Filter by:
*********************************************
Job Ambition GmbH - Technical Lead (m/f) Software Development ...
https://jobs.lever.co/jobambition/b05b4806-af1b-484c-add2-c7ee0b295e37
Fulda or Dortmund
## slept ##
Error ZERO_RESULTS
Query: https://maps.google.com/maps/api/geocode/json?address=Fulda+or+Dortmund&sensor=false&bounds=&region=&language=&components=
*********************************************
Job Ambition GmbH - Automotive Hardware Architekt (m/w ...
https://jobs.lever.co/jobambition/45f3af7d-c618-4b81-b9c1-9fc1e635b2c2
Fulda oder Dortmund
## slept ##
Error ZERO_RESULTS
Query: https://maps.google.com/maps/api/geocode/json?address=Fulda+oder+Dortmund&sensor=false&bounds=&region=&language=&components=
*********************************************
Job Ambition GmbH - Senior Projektleiter Elektrik/Elektronik (m/w)
https://jobs.lever.co/jobambition/292f1ca7-0399-4e80-a272-bf25754aaa23
Fulda oder Dortmund
## slept ##
Error ZERO_RESULTS
Query: https://maps.google.com/maps/api/geocode/json?address=Fulda+oder+Dortmund&sensor=false&bounds=&region=&language=&components=
*********************************************
Job Ambition GmbH - Embedded Softwareentwickler (m/w ...
https://jobs.lever.co/jobambition/8a9596c5-8945-436c-9f83-9075ddfe66bc
Stuttgart oder wahlweise Ulm
## slept ##
Error ZERO_RESULTS
Query: https://maps.google.com/maps/api/geocode/json?address=Stuttgart+oder+wahlweise+Ulm&sensor=false&bounds=&region=&language=&components=
*********************************************
Job Ambition GmbH - Technical Lead (m/w) Softwareentwicklung ...
https://jobs.lever.co/jobambition/43ff1a1f-591b-47cf-8c06-f95b3bcec2a3
Fulda oder Dortmund
## slept ##
Error ZERO_RESULTS
Query: https://maps.google.com/maps/api/geocode/json?address=Fulda+oder+Dortmund&sensor=false&bounds=&region=&language=&components=
*********************************************
Job Ambition GmbH - Expert (m/w) Development Services - Focus ...
https://jobs.lever.co/jobambition/f342916e-87ac-4fb7-b7ff-b0cfd390889b
Munich
*********************************************
Job Ambition GmbH - Systemtester (m/w) Ladesysteme für Elektro ...
https://jobs.lever.co/jobambition/05a75b34-00e1-4a17-a0cb-26be498c0ede/apply
Ingolstadt
____________________________________________________________
*********************************************
15
*********************************************
0
*********************************************
Honor - Growth Engineer
https://jobs.lever.co/joinhonor.com/3f4d513a-2ec7-47cd-92b3-51aed1e24b50
San Francisco, CA
*********************************************
Honor - Frontend Engineer
https://jobs.lever.co/joinhonor.com/83abc426-a874-4ed1-a5e0-08428ced9ed6
San Francisco, CA
*********************************************
Honor - Backend Engineer
https://jobs.lever.co/joinhonor.com/bed7af35-f2b4-4d8c-b68e-5b97f0401e92/apply
San Francisco, CA
____________________________________________________________
*********************************************
Honor - Growth Engineer
https://jobs.lever.co/joinhonor.com/a4bda721-e1db-4f4a-81cf-c791a3ad59ad/apply
San Francisco, CA
____________________________________________________________
*********************************************
