Naked Labs
https://jobs.lever.co/nakedlabs

## slept ##
Error INVALID_REQUEST
Query: https://maps.google.com/maps/api/geocode/json?address=&sensor=false&bounds=&region=&language=&components=
*********************************************
Naked Labs - Software Engineer – Computer Vision Validation
https://jobs.lever.co/nakedlabs/96b4c54d-50f8-4698-b2ef-508667b70b80
Graz or Redwood City
## slept ##
Error ZERO_RESULTS
Query: https://maps.google.com/maps/api/geocode/json?address=Graz+or+Redwood+City&sensor=false&bounds=&region=&language=&components=
*********************************************
Naked Labs - Computer Vision Engineer - Machine Learning
https://jobs.lever.co/nakedlabs/9f9d3ad8-81cf-456c-8859-60190e2b0dea
Redwood City
## slept ##
*********************************************
Naked Labs - Computer Vision Engineer - 3D Reconstruction
https://jobs.lever.co/nakedlabs/fb4963f1-4ba0-4c3b-8e45-e40530142843/apply
Graz or Redwood City
## slept ##
Error ZERO_RESULTS
Query: https://maps.google.com/maps/api/geocode/json?address=Graz+or+Redwood+City&sensor=false&bounds=&region=&language=&components=
*********************************************
Naked Labs - Computer Vision Engineer - 3D Reconstruction
https://jobs.lever.co/nakedlabs/fb4963f1-4ba0-4c3b-8e45-e40530142843
Graz or Redwood City
## slept ##
Error ZERO_RESULTS
Query: https://maps.google.com/maps/api/geocode/json?address=Graz+or+Redwood+City&sensor=false&bounds=&region=&language=&components=
*********************************************
Naked Labs - Computer Vision Engineer - Machine Learning
https://jobs.lever.co/nakedlabs/9f9d3ad8-81cf-456c-8859-60190e2b0dea/apply
Redwood City
## slept ##
*********************************************
Naked Labs
https://jobs.lever.co/nakedlabs?by=location

## slept ##
Error INVALID_REQUEST
Query: https://maps.google.com/maps/api/geocode/json?address=&sensor=false&bounds=&region=&language=&components=
*********************************************
Naked Labs
https://jobs.lever.co/nakedlabs?location=Redwood%20City

## slept ##
Error INVALID_REQUEST
Query: https://maps.google.com/maps/api/geocode/json?address=&sensor=false&bounds=&region=&language=&components=
*********************************************
Naked Labs - Manual QA Tester
https://jobs.lever.co/nakedlabs/5115cd83-4d42-45ab-836b-b9c9506311b2
Redwood City
*********************************************
9
*********************************************
Native Roots - MIP Production Technician-Lab
https://jobs.lever.co/nativeroots/1b8d96cd-d0fd-418c-8160-780b37ae3f77
Denver Metro
*********************************************
1
*********************************************
ndustrial.io - Backend Data Engineer
https://jobs.lever.co/ndustrial/9a6c6579-52a3-4b86-9840-4602ea585c07
Durham, NC
## slept ##
Error OVER_QUERY_LIMIT
Query: https://maps.google.com/maps/api/geocode/json?address=Durham%2C+NC&sensor=false&bounds=&region=&language=&components=
*********************************************
ndustrial.io - Backend Data Engineer
https://jobs.lever.co/ndustrial/9a6c6579-52a3-4b86-9840-4602ea585c07/apply
Durham, NC
## slept ##
Error OVER_QUERY_LIMIT
Query: https://maps.google.com/maps/api/geocode/json?address=Durham%2C+NC&sensor=false&bounds=&region=&language=&components=
*********************************************
ndustrial.io - Frontend Developer
https://jobs.lever.co/ndustrial/5137f0ff-450d-4af1-943b-acfa647f7047
Durham, NC
*********************************************
ndustrial.io
https://jobs.lever.co/ndustrial

## slept ##
Error INVALID_REQUEST
Query: https://maps.google.com/maps/api/geocode/json?address=&sensor=false&bounds=&region=&language=&components=
*********************************************
ndustrial.io - Project Manager
https://jobs.lever.co/ndustrial/27066e03-ba39-43f1-9725-8136c0bce615
Durham, NC
## slept ##
*********************************************
5
*********************************************
Nova Credit - Back End Developer
https://jobs.lever.co/neednova/d94c4bb0-5129-48ee-ae18-d65b7e228c81
San Francisco
*********************************************
Nova Credit - Back End Developer
https://jobs.lever.co/neednova/d94c4bb0-5129-48ee-ae18-d65b7e228c81/apply
San Francisco
*********************************************
Nova Credit - Lever
https://jobs.lever.co/neednova?commitment=Full-time

## slept ##
Error INVALID_REQUEST
Query: https://maps.google.com/maps/api/geocode/json?address=&sensor=false&bounds=&region=&language=&components=
*********************************************
Nova Credit
https://jobs.lever.co/neednova

## slept ##
Error INVALID_REQUEST
Query: https://maps.google.com/maps/api/geocode/json?address=&sensor=false&bounds=&region=&language=&components=
*********************************************
Nova Credit - Lever
https://jobs.lever.co/neednova?location=San%20Francisco

## slept ##
Error INVALID_REQUEST
Query: https://maps.google.com/maps/api/geocode/json?address=&sensor=false&bounds=&region=&language=&components=
*********************************************
Nova Credit
https://jobs.lever.co/neednova?team=Engineering

## slept ##
Error INVALID_REQUEST
Query: https://maps.google.com/maps/api/geocode/json?address=&sensor=false&bounds=&region=&language=&components=
*********************************************
Nova Credit
https://jobs.lever.co/neednova?by=location

## slept ##
Error INVALID_REQUEST
Query: https://maps.google.com/maps/api/geocode/json?address=&sensor=false&bounds=&region=&language=&components=
*********************************************
Nova Credit - International Partnerships
https://jobs.lever.co/neednova/0e4c4078-ae8b-4771-9842-2cc83667cd49
San Francisco
## slept ##
Error OVER_QUERY_LIMIT
Query: https://maps.google.com/maps/api/geocode/json?address=San+Francisco&sensor=false&bounds=&region=&language=&components=
*********************************************
Nova Credit
https://jobs.lever.co/neednova?commitment=Intern

## slept ##
Error INVALID_REQUEST
Query: https://maps.google.com/maps/api/geocode/json?address=&sensor=false&bounds=&region=&language=&components=
*********************************************
9
*********************************************
Neighborly - Software Engineer
https://jobs.lever.co/neighborly/f4a11df9-520e-4e0c-9f24-ca910370f33d
San Francisco
*********************************************
Neighborly - Software Engineer
https://jobs.lever.co/neighborly/f4a11df9-520e-4e0c-9f24-ca910370f33d/apply
San Francisco
## slept ##
*********************************************
Neighborly
https://jobs.lever.co/neighborly?by=location&team=Engineering

## slept ##
Error INVALID_REQUEST
Query: https://maps.google.com/maps/api/geocode/json?address=&sensor=false&bounds=&region=&language=&components=
*********************************************
Neighborly
https://jobs.lever.co/neighborly?location=San%20Francisco%20%2F%20New%20York

## slept ##
Error INVALID_REQUEST
Query: https://maps.google.com/maps/api/geocode/json?address=&sensor=false&bounds=&region=&language=&components=
*********************************************
Neighborly
https://jobs.lever.co/neighborly?by=location&location=San%20Francisco%20%2F%20New%20York

## slept ##
Error INVALID_REQUEST
Query: https://maps.google.com/maps/api/geocode/json?address=&sensor=false&bounds=&region=&language=&components=
*********************************************
Neighborly
https://jobs.lever.co/neighborly

## slept ##
Error INVALID_REQUEST
Query: https://maps.google.com/maps/api/geocode/json?address=&sensor=false&bounds=&region=&language=&components=
*********************************************
Neighborly
https://jobs.lever.co/neighborly?by=location

## slept ##
Error INVALID_REQUEST
Query: https://maps.google.com/maps/api/geocode/json?address=&sensor=false&bounds=&region=&language=&components=
*********************************************
Neighborly - Growth Marketer
https://jobs.lever.co/neighborly/832a7818-8c65-4da8-81e8-d5c9e9fee27a
San Francisco / New York
*********************************************
Neighborly - Brokerage Operations
https://jobs.lever.co/neighborly/c11b6abd-171b-4388-9ec0-73588325e9c7
San Francisco / New York / Kansas City
## slept ##
Error ZERO_RESULTS
Query: https://maps.google.com/maps/api/geocode/json?address=San+Francisco+%2F+New+York+%2F+Kansas+City&sensor=false&bounds=&region=&language=&components=
*********************************************
Neighborly - Chief Compliance Officer
https://jobs.lever.co/neighborly/1efbdda5-2307-4bdb-a35a-fa228c88df62
San Francisco
*********************************************
10
*********************************************
Netpulse - Customer Support Representative
https://jobs.lever.co/netpulse/df72ff3a-b43d-466d-ae5d-4670ff373e47
United States
## slept ##
Error OVER_QUERY_LIMIT
Query: https://maps.google.com/maps/api/geocode/json?address=United+States&sensor=false&bounds=&region=&language=&components=
*********************************************
1
*********************************************
0
*********************************************
Next Thing Co. - Director of APAC
https://jobs.lever.co/nextthing/d95f42a2-6f09-430f-9507-08c4d8f68a2b
Shenzhen, Guangdong, CN
*********************************************
1
*********************************************
NGData - R&D Engineer
https://jobs.lever.co/ngdata.com/14bdaeab-9741-4682-b0fd-e797fbd3e930
Ghent
*********************************************
NGData - SmartVideo Engineer
https://jobs.lever.co/ngdata.com/74489b17-4a51-4010-b77c-a2b9c58a4ee2
Ghent
## slept ##
*********************************************
NGData - QA Automation Engineer
https://jobs.lever.co/ngdata.com/445a7223-cc31-444b-8bea-6ac7c43b53b1
India
*********************************************
NGData - SmartVideo Engineer
https://jobs.lever.co/ngdata.com/74489b17-4a51-4010-b77c-a2b9c58a4ee2/apply
Ghent
*********************************************
NGData - Big Data Software Consultant
https://jobs.lever.co/ngdata.com/9ac517cb-07a7-4bb3-98e9-8b132d410f1f
Ghent
*********************************************
NGData - Big Data Software Consultant
https://jobs.lever.co/ngdata.com/12d47d7b-7f3d-492e-9b7e-844589c9e43f
Singapore
## slept ##
*********************************************
NGData - Business Consultant
https://jobs.lever.co/ngdata.com/aa93f0eb-9e07-41f0-bc11-9c9d61c8389a
Ghent
*********************************************
NGData
https://jobs.lever.co/ngdata.com

## slept ##
Error INVALID_REQUEST
Query: https://maps.google.com/maps/api/geocode/json?address=&sensor=false&bounds=&region=&language=&components=
*********************************************
NGData - Lead Java Developer
https://jobs.lever.co/ngdata.com/46b692a7-b7d4-4cc0-8f74-ce138f977c68
India
*********************************************
NGData - Big Data Scientist - New York
https://jobs.lever.co/ngdata.com/a9b5d1d7-04ee-44d9-8840-8acd2e36a44e
New York
## slept ##
*********************************************
10
*********************************************
Niantic inc. - Software Engineer - Server Infrastructure
https://jobs.lever.co/nianticlabs/648f183f-5adf-4065-9248-ae9551f9fe71
Seattle Area (Bellevue)
*********************************************
Niantic inc. - Software Engineer (Computer Vision/SLAM)
https://jobs.lever.co/nianticlabs/f2beb610-d850-4ac7-9638-a84824167edc/apply
Sunnyvale
## slept ##
*********************************************
Niantic inc. - Machine Learning Engineer
https://jobs.lever.co/nianticlabs/93a65be4-3e35-4267-aba4-34c11abf104b/apply
San Francisco
*********************************************
Niantic inc.
https://jobs.lever.co/nianticlabs?by=location

## slept ##
Error INVALID_REQUEST
Query: https://maps.google.com/maps/api/geocode/json?address=&sensor=false&bounds=&region=&language=&components=
*********************************************
Niantic inc.
https://jobs.lever.co/nianticlabs

## slept ##
Error INVALID_REQUEST
Query: https://maps.google.com/maps/api/geocode/json?address=&sensor=false&bounds=&region=&language=&components=
*********************************************
Niantic inc. - Senior Product Marketing Manager APAC
https://jobs.lever.co/nianticlabs/2b52042e-1dc9-408d-bde9-1c0efd6d4459
Tokyo, Japan
*********************************************
Niantic inc. - Product Manager
https://jobs.lever.co/nianticlabs/d89c2041-0d13-4eb9-8bd0-03d2a70df72e
Sunnyvale
*********************************************
7
*********************************************
HTTP Error 404: Not Found
HTTP Error 404: Not Found
Nima - Research Associate
https://jobs.lever.co/nima/55c1cfd1-758a-433e-89e6-259b873a64d9
San Francisco
*********************************************
Nima - Lever
https://jobs.lever.co/nima/?commitment=Full-time

## slept ##
Error INVALID_REQUEST
Query: https://maps.google.com/maps/api/geocode/json?address=&sensor=false&bounds=&region=&language=&components=
*********************************************
Nima - Lever
https://jobs.lever.co/nima?commitment=Full-time

## slept ##
Error INVALID_REQUEST
Query: https://maps.google.com/maps/api/geocode/json?address=&sensor=false&bounds=&region=&language=&components=
*********************************************
Nima - Lever
https://jobs.lever.co/nima/?by=location

## slept ##
Error INVALID_REQUEST
Query: https://maps.google.com/maps/api/geocode/json?address=&sensor=false&bounds=&region=&language=&components=
*********************************************
4
*********************************************
HTTP Error 404: Not Found
NimbleRx - Fullstack Engineer
https://jobs.lever.co/nimblerx/028d7ff8-90a7-46a1-8a1e-58b5a6355e99
Menlo Park, CA
*********************************************
NimbleRx - Lead Web Engineer
https://jobs.lever.co/nimblerx/0bb27686-e7ad-40cc-99c2-f1584d19ec3d
Menlo Park, CA
*********************************************
HTTP Error 404: Not Found
NimbleRx - Fullstack Engineer
https://jobs.lever.co/nimblerx/028d7ff8-90a7-46a1-8a1e-58b5a6355e99/apply
Menlo Park, CA
## slept ##
Error OVER_QUERY_LIMIT
Query: https://maps.google.com/maps/api/geocode/json?address=Menlo+Park%2C+CA&sensor=false&bounds=&region=&language=&components=
*********************************************
NimbleRx
https://jobs.lever.co/nimblerx

## slept ##
Error INVALID_REQUEST
Query: https://maps.google.com/maps/api/geocode/json?address=&sensor=false&bounds=&region=&language=&components=
*********************************************
NimbleRx - Director of Operational Excellence
https://jobs.lever.co/nimblerx/d4bf2ec1-3a25-462e-a654-b99f6ac66cff
Menlo Park, CA
*********************************************
HTTP Error 404: Not Found
NimbleRx - Director of Operations
https://jobs.lever.co/nimblerx/f8341046-cbca-433a-845b-d886a315c2c5
Menlo Park, CA
*********************************************
NimbleRx - Biz Ops Analyst
https://jobs.lever.co/nimblerx/c1c6cc95-3c2b-4c5c-ab98-71d1c84fe28f
Menlo Park, CA
## slept ##
*********************************************
7
*********************************************
NIO - Data Engineer
https://jobs.lever.co/nio/aac6bd2a-1556-495e-935a-368fa6acd05b
San Jose, CA
*********************************************
NIO - Senior CAE Engineer - Optimization
https://jobs.lever.co/nio/52dbe8a5-0801-4cb0-805f-385c176cdb01
San Jose, CA
*********************************************
NIO - Studio Liaison – Feasibility Engineer
https://jobs.lever.co/nio/5efc77fe-be0e-4403-9fb2-de05af74852b
San Jose, CA
*********************************************
NIO - Thermal Engineer
https://jobs.lever.co/nio/479c009c-8c4d-48f6-8124-9d7d9f0f0cf7
San Jose, CA
*********************************************
NIO - Senior Autonomous Controls Engineer – Control Systems ...
https://jobs.lever.co/nio/f196bb1b-c1b7-40c8-a389-8370d809ff0a
San Jose, CA
*********************************************
NIO - Systems Engineer, Validation
https://jobs.lever.co/nio/ef43e230-7b08-44c7-b4c2-ae32e0ee400e
San Jose, CA
*********************************************
NIO - Principal Sensors Hardware Engineer
https://jobs.lever.co/nio/8333b520-ea18-4a8a-b2e1-c0b3dc9844d0
San Jose, CA
*********************************************
NIO - Software Engineer in Test
https://jobs.lever.co/nio/0ba9a0bb-d532-4798-bc0c-5ca47625cb52
San Jose, CA
*********************************************
NIO - Lead/Sr. Design Engineer, HVAC
https://jobs.lever.co/nio/6ea3b00f-d87a-49aa-bd36-a3f1790cc1bd
San Jose, CA
*********************************************
NIO - Principal Data Engineer
https://jobs.lever.co/nio/b05136d5-740a-49b2-b75b-9bb28d528a70
San Jose, CA
*********************************************
NIO - Staff Radar Perception Engineer
https://jobs.lever.co/nio/26a2496f-53ea-45f2-9f77-86444d9fa155
San Jose, CA
*********************************************
NIO - Hardware Engineer in Test
https://jobs.lever.co/nio/3592de58-e84c-405c-b9fc-6c3045dd614f
San Jose, CA
*********************************************
NIO - Underbody Engineer
https://jobs.lever.co/nio/337403d4-9650-4b20-aa2a-2a0c8637587f
San Jose, CA
## slept ##
*********************************************
NIO - Lead/Sr. Engineer – Exterior Lighting Systems
https://jobs.lever.co/nio/13372bbc-0868-4394-86ed-7b58b5fa9346
San Jose, CA
*********************************************
NIO - Lead Seating Engineer, Interiors
https://jobs.lever.co/nio/7577a47b-0a2e-4ac8-8abf-6fb67b79b17b
San Jose, CA
*********************************************
NIO - Systems Engineer
https://jobs.lever.co/nio/7756ffc0-6816-44be-8b22-4f0ae66e3f37
San Jose, CA
## slept ##
*********************************************
NIO - Lead/Sr. Software/Controls Engineer, HVAC System
https://jobs.lever.co/nio/c3b058d7-4e57-42b8-9c00-b75508b3c3b8
San Jose, CA
*********************************************
HTTP Error 404: Not Found
NIO - Senior Instrument Panel Engineer
https://jobs.lever.co/nio/26136fd2-2fde-4480-8a5a-b3163dcaad06
San Jose, CA
## slept ##
*********************************************
NIO - Mechanical Engineer, Autonomous
https://jobs.lever.co/nio/032a469b-f319-4b06-a5ff-531ca9002612
San Jose, CA
## slept ##
*********************************************
NIO - Senior Design Engineer - Battery Enclosure
https://jobs.lever.co/nio/cd52380d-d3c4-4007-ad7f-66566eff9ece
San Jose, CA
*********************************************
HTTP Error 404: Not Found
HTTP Error 404: Not Found
NIO - Staff Software Engineer
https://jobs.lever.co/nio/ac18014d-732f-46dd-ab02-e55daf46df1f
San Jose, CA
## slept ##
*********************************************
NIO - Validation Engineer (Contract)
https://jobs.lever.co/nio/392a8c2c-c84a-4bbe-af1b-9d7cad08472a
San Jose, CA
*********************************************
NIO - Component Engineer
https://jobs.lever.co/nio/9a297245-ac2c-478a-b532-792ed4cd4f56
San Jose, CA
## slept ##
*********************************************
NIO - Engineer, Power Electronics Controls
https://jobs.lever.co/nio/8ecad9e2-b41b-46d1-8226-56209458fe0d
San Jose, CA
*********************************************
NIO - Lead Engineer, Steering Systems
https://jobs.lever.co/nio/94de9e65-3d36-4d24-bac2-253d6a8f5a78
San Jose, CA
*********************************************
NIO - Sr/Staff Data Engineer
https://jobs.lever.co/nio/b8aa9e59-7610-42fd-bbc3-d6863d786e05
San Jose, CA
*********************************************
HTTP Error 404: Not Found
NIO - Hardware Test and Validation Engineer – Digital Cockpit
https://jobs.lever.co/nio/ef82a235-2793-4842-a335-0cf03d7e6c17
San Jose, CA
*********************************************
NIO - Senior Validation Engineer
https://jobs.lever.co/nio/d0d859fb-945c-4f1c-979d-1322a920735f
San Jose, CA
*********************************************
NIO - Human factors and Ergonomics Engineer
https://jobs.lever.co/nio/36f4dd70-bc9a-4d54-a354-42a636836027
San Jose, CA
*********************************************
NIO - Senior Performance Engineer
https://jobs.lever.co/nio/3b274c89-bdc0-4159-9e15-2f035104c4bc
San Jose, CA
*********************************************
NIO - Lead Mechanical Engineer, Suspension Systems Tun2
https://jobs.lever.co/nio/26150b96-0d19-42d2-8998-84c77d465334
San Jose, CA
*********************************************
HTTP Error 404: Not Found
NIO - Staff/Senior Engineer – Storage Engineer
https://jobs.lever.co/nio/f987f1c3-c9c0-4489-99bd-d676a294004f
San Jose, CA
*********************************************
NIO - Autonomous Vehicle Structure Testing Engineer
https://jobs.lever.co/nio/13028ba6-f855-4df9-a5c6-dc1a0cfb501d
San Jose, CA
## slept ##
Error OVER_QUERY_LIMIT
Query: https://maps.google.com/maps/api/geocode/json?address=San+Jose%2C+CA&sensor=false&bounds=&region=&language=&components=
*********************************************
NIO - Staff/Senior Engineer – Container Orchestration
https://jobs.lever.co/nio/5ac43920-c095-407b-95ae-878bbafb52b6
San Jose, CA
## slept ##
*********************************************
NIO - Software Validation Lead Engineer
https://jobs.lever.co/nio/a73893ef-20e7-4aea-9704-c94185460d11
San Jose, CA
*********************************************
NIO - DevOps Software Engineer
https://jobs.lever.co/nio/fff60caa-0346-43df-a1e1-9a8940ff4571
San Jose, CA
*********************************************
NIO - Software Engineer Tools and Infrastructure – (DevOps)
https://jobs.lever.co/nio/53e29d91-c1f1-4d48-bd25-efa9697ed5ce
San Jose, CA
*********************************************
HTTP Error 404: Not Found
NIO - Senior UI Platform Engineer - HMI
https://jobs.lever.co/nio/c9825580-bd79-4b61-b16a-25a24b59c306
San Jose, CA
## slept ##
*********************************************
NIO - Software Engineer, Digital Mobility
https://jobs.lever.co/nio/af1b3d9b-f111-475c-bd05-b585d497a2dd
San Jose, CA
*********************************************
NIO - Sr. Staff Engineer, Machine Learning
https://jobs.lever.co/nio/ebb9c718-7167-4a15-b4bd-1320f264ed76
San Jose, CA
*********************************************
NIO - Senior Power Electronics Engineer
https://jobs.lever.co/nio/2b9dca86-c9eb-4a4a-8a27-9778e6bd07e6
San Jose, CA
## slept ##
*********************************************
NIO - Lead - Engineering Change Management
https://jobs.lever.co/nio/b41bafb8-4cbe-44d1-be91-9c048ea3055d
San Jose, CA
*********************************************
NIO - Director, Interior Engineering
https://jobs.lever.co/nio/aa9e3e11-be07-4b18-a26a-c3359c6ed0d2
San Jose, CA
*********************************************
NIO - Program Manager, Engineering Discipline: Chassis / Body / etc.
https://jobs.lever.co/nio/31360ce2-001a-4b86-b7c2-ee9267660593
San Jose, CA
*********************************************
HTTP Error 404: Not Found
NIO - Manager, Aerodynamics
https://jobs.lever.co/nio/eb41f5e5-09f1-4899-a29f-ea29ad40e1f0
San Jose, CA
## slept ##
Error OVER_QUERY_LIMIT
Query: https://maps.google.com/maps/api/geocode/json?address=San+Jose%2C+CA&sensor=false&bounds=&region=&language=&components=
*********************************************
NIO - Senior Industrial Designer / Design Innovation Team
https://jobs.lever.co/nio/2a227567-96bf-4ad6-9197-d834695f53af
San Francisco, CA
*********************************************
46
*********************************************
0
*********************************************
Nortal
https://jobs.lever.co/nortal

## slept ##
Error INVALID_REQUEST
Query: https://maps.google.com/maps/api/geocode/json?address=&sensor=false&bounds=&region=&language=&components=
*********************************************
Nortal
https://jobs.lever.co/nortal?by=location&location=Lithuania%2C%20Vilnius

## slept ##
Error INVALID_REQUEST
Query: https://maps.google.com/maps/api/geocode/json?address=&sensor=false&bounds=&region=&language=&components=
*********************************************
Nortal - Java Developer
https://jobs.lever.co/nortal/0421fd5c-d402-4361-97db-827d941aca17
Lithuania, Vilnius
*********************************************
Nortal
https://jobs.lever.co/nortal?by=location&location=Estonia%2C%20Tallinn%2C%20Tartu

## slept ##
Error INVALID_REQUEST
Query: https://maps.google.com/maps/api/geocode/json?address=&sensor=false&bounds=&region=&language=&components=
*********************************************
HTTP Error 404: Not Found
Nortal - ...can't find a job that fits your profile? Submit your CV here...
https://jobs.lever.co/nortal/4a78644c-aa8d-4fa6-b756-980a261f3896
All Nortal countries
## slept ##
Error ZERO_RESULTS
Query: https://maps.google.com/maps/api/geocode/json?address=All+Nortal+countries&sensor=false&bounds=&region=&language=&components=
*********************************************
Nortal - Software Developer
https://jobs.lever.co/nortal/df88372a-88af-4912-a9e5-3ee33efb2d9b/apply
Finland, Helsinki
*********************************************
Nortal - Quality Assurance Specialist
https://jobs.lever.co/nortal/39e6ae84-dd15-4fd5-b2d3-fd20a40184f5/apply
Lithuania, Vilnius
*********************************************
Nortal - Junior Java Developer
https://jobs.lever.co/nortal/8d770c6a-5bea-4318-ae37-3ef9262d6735
Serbia, Belgrade
*********************************************
Nortal - Front-End Developer
https://jobs.lever.co/nortal/239201a8-3ca9-4e9c-91b9-47db3a82396e?lever-origin=applied&lever-source%5B%5D=FB+Careers
Finland, Oulu
*********************************************
Nortal
https://jobs.lever.co/nortal?by=team&location=Finland%2C%20Helsinki%2C%20Oulu%2C%20Turku%2C%20Uusikaupunki

## slept ##
Error INVALID_REQUEST
Query: https://maps.google.com/maps/api/geocode/json?address=&sensor=false&bounds=&region=&language=&components=
*********************************************
Nortal
https://jobs.lever.co/nortal?by=commitment&team=Business%20Development

## slept ##
Error INVALID_REQUEST
Query: https://maps.google.com/maps/api/geocode/json?address=&sensor=false&bounds=&region=&language=&components=
*********************************************
Nortal
https://jobs.lever.co/nortal?by=commitment&team=Finance

## slept ##
Error INVALID_REQUEST
Query: https://maps.google.com/maps/api/geocode/json?address=&sensor=false&bounds=&region=&language=&components=
*********************************************
12
*********************************************
NorthBay Solutions - Senior Engineer (Big Data)
https://jobs.lever.co/northbaysolutions/51c0152c-8a2a-469f-a979-a74510a3be8b
Andover, MA
*********************************************
NorthBay Solutions - Senior Engineer (Big Data) - Lever
https://jobs.lever.co/northbaysolutions/51c0152c-8a2a-469f-a979-a74510a3be8b/apply
Andover, MA
## slept ##
*********************************************
NorthBay Solutions
https://jobs.lever.co/northbaysolutions

## slept ##
Error INVALID_REQUEST
Query: https://maps.google.com/maps/api/geocode/json?address=&sensor=false&bounds=&region=&language=&components=
*********************************************
NorthBay Solutions - Lever
https://jobs.lever.co/northbaysolutions?by=commitment

## slept ##
Error INVALID_REQUEST
Query: https://maps.google.com/maps/api/geocode/json?address=&sensor=false&bounds=&region=&language=&components=
*********************************************
NorthBay Solutions - Technical Account Manager
https://jobs.lever.co/northbaysolutions/35a65bef-006b-4d10-9691-9b4634280b09
Andover, MA
## slept ##
*********************************************
NorthBay Solutions - Lead Consultant
https://jobs.lever.co/northbaysolutions/c07582b3-8b13-43d0-ac86-10cff974ed9e
Andover, MA
*********************************************
6
*********************************************
Notarize - Android Engineer
https://jobs.lever.co/notarize/311e7689-a224-4151-990d-809be4f52218
Boston
## slept ##
*********************************************
Notarize - Sr iOS Engineer
https://jobs.lever.co/notarize/2847edbd-6c3e-4eb0-8f40-dc03def96e26
Boston
*********************************************
Notarize - Backend Engineer
https://jobs.lever.co/notarize/abd72332-b8b9-429a-bc2f-a7f5d758b58f
Boston
*********************************************
Notarize - Solutions Engineer
https://jobs.lever.co/notarize/97656d19-94f1-481d-b1e0-6e17e081ebbc
Boston
## slept ##
*********************************************
Notarize - Frontend Engineer
https://jobs.lever.co/notarize/178d25d8-95aa-4855-a628-40deb1ba281b
Boston
## slept ##
Error OVER_QUERY_LIMIT
Query: https://maps.google.com/maps/api/geocode/json?address=Boston&sensor=false&bounds=&region=&language=&components=
*********************************************
Notarize - iOS Engineer
https://jobs.lever.co/notarize/5b362e82-598e-42b5-894a-f7e1d3c1bc18/apply
Boston
## slept ##
*********************************************
Notarize - Android Engineer
https://jobs.lever.co/notarize/311e7689-a224-4151-990d-809be4f52218/apply
Boston
## slept ##
*********************************************
Notarize - DevOps Engineer
https://jobs.lever.co/notarize/2035f894-bdc5-44b3-9264-a50c20da3ce2/apply
Boston
*********************************************
Notarize - Frontend Engineer
https://jobs.lever.co/notarize/178d25d8-95aa-4855-a628-40deb1ba281b/apply
Boston
## slept ##
*********************************************
Notarize - Backend Engineer
https://jobs.lever.co/notarize/abd72332-b8b9-429a-bc2f-a7f5d758b58f/apply
Boston
*********************************************
Notarize - Full-Stack Engineer
https://jobs.lever.co/notarize/cd38dbca-d442-4b7e-986a-ca68b6b4ee1c/apply
Boston
*********************************************
Notarize
https://jobs.lever.co/notarize

## slept ##
Error INVALID_REQUEST
Query: https://maps.google.com/maps/api/geocode/json?address=&sensor=false&bounds=&region=&language=&components=
*********************************************
Notarize - Automation Engineer
https://jobs.lever.co/notarize/12f41ac6-0579-48cd-aa96-5c12b422c5b5/apply
Boston
*********************************************
Notarize - Sr Frontend Engineer
https://jobs.lever.co/notarize/be5dd400-6326-48c3-bf4d-b96acc3c600d/apply
Boston
*********************************************
Notarize - Sr iOS Engineer
https://jobs.lever.co/notarize/2847edbd-6c3e-4eb0-8f40-dc03def96e26/apply
Boston
*********************************************
Notarize - Solutions Engineer
https://jobs.lever.co/notarize/97656d19-94f1-481d-b1e0-6e17e081ebbc/apply
Boston
## slept ##
*********************************************
Notarize - Engineering Manager
https://jobs.lever.co/notarize/fa604e1c-8632-46f0-a630-2c16310dcef4
Boston
## slept ##
*********************************************
Notarize - Engineering Manager
https://jobs.lever.co/notarize/fa604e1c-8632-46f0-a630-2c16310dcef4/apply
Boston
*********************************************
HTTP Error 404: Not Found
Notarize - Product Designer
https://jobs.lever.co/notarize/50658924-588f-47a9-93a9-a8d6686876b8
Boston
*********************************************
Notarize - Director, Channel Partnerships
https://jobs.lever.co/notarize/5fb5dc33-84cc-42e1-a38e-08c520ab75bc
Arlington, VA
*********************************************
Notarize - Technical Project Manager, Mortgage Solutions
https://jobs.lever.co/notarize/ce4d1df5-8d85-4cc7-98c7-72f6b115c6b0
Arlington, VA
*********************************************
Notarize - Operations Associate
https://jobs.lever.co/notarize/613d0f05-d1ce-45a1-a158-509f8b8156fb
Arlington, VA
*********************************************
22
*********************************************
HTTP Error 404: Not Found
0
*********************************************
Numerify - Sr. UI Engineer
https://jobs.lever.co/numerify/2aed699b-d486-464e-9bf7-312585fd0d22
Cupertino
*********************************************
Numerify - Senior Software Engineer
https://jobs.lever.co/numerify/b8b2b4b0-394e-411a-ab7d-0e46edc2e55d
Bangalore
*********************************************
Numerify - Principal Applications Development Engineer
https://jobs.lever.co/numerify/45bd1277-a2a4-4557-92c3-8889a5bb66b5
Bangalore
## slept ##
*********************************************
Numerify - Software Engineer
https://jobs.lever.co/numerify/2425f406-a7c3-49ea-a73a-b966df0fdb13
Cupertino
## slept ##
*********************************************
Numerify - Senior Applications Development Engineer
https://jobs.lever.co/numerify/061b649b-1704-4676-96ec-693893c275b8
Bangalore
*********************************************
Numerify - DevOps Engineer (Production Operations)
https://jobs.lever.co/numerify/7700715f-70e8-4baa-8524-8a305050101f
Bangalore
## slept ##
*********************************************
Numerify - Principal Applications Test Engineer
https://jobs.lever.co/numerify/b8068b07-483d-4c5e-bd9d-5e8df69fd9c9
Bangalore
*********************************************
Numerify - Senior Applications Test Engineer
https://jobs.lever.co/numerify/93ed232f-d4e9-46a6-ac53-6e6900618916
Bangalore
*********************************************
Numerify - Principal Applications Development Engineer
https://jobs.lever.co/numerify/45bd1277-a2a4-4557-92c3-8889a5bb66b5/apply
Bangalore
*********************************************
Numerify - Principal Applications Test Engineer
https://jobs.lever.co/numerify/b8068b07-483d-4c5e-bd9d-5e8df69fd9c9/apply
Bangalore
*********************************************
Numerify - UI Engineer
https://jobs.lever.co/numerify/17851f96-eda8-46dd-a62b-0aeef9323488/apply
Bangalore
## slept ##
*********************************************
Numerify
https://jobs.lever.co/numerify?by=team&commitment=Full-time

## slept ##
Error INVALID_REQUEST
Query: https://maps.google.com/maps/api/geocode/json?address=&sensor=false&bounds=&region=&language=&components=
*********************************************
Numerify
https://jobs.lever.co/numerify?by=team&location=Bangalore

## slept ##
Error INVALID_REQUEST
Query: https://maps.google.com/maps/api/geocode/json?address=&sensor=false&bounds=&region=&language=&components=
*********************************************
Numerify
https://jobs.lever.co/numerify?by=team&location=Cupertino

## slept ##
Error INVALID_REQUEST
Query: https://maps.google.com/maps/api/geocode/json?address=&sensor=false&bounds=&region=&language=&components=
*********************************************
Numerify - Principal Consultant - Quality Assurance
https://jobs.lever.co/numerify/1c7c49ac-2431-44ee-b1e9-f6fb59745b77
Bangalore
*********************************************
Numerify
https://jobs.lever.co/numerify?by=team&team=Platform%20Engineering

## slept ##
Error INVALID_REQUEST
Query: https://maps.google.com/maps/api/geocode/json?address=&sensor=false&bounds=&region=&language=&components=
*********************************************
Numerify - Product Manager - Platform
https://jobs.lever.co/numerify/909ab771-d54d-41d1-87f0-db211598417d
Bangalore
## slept ##
Error OVER_QUERY_LIMIT
Query: https://maps.google.com/maps/api/geocode/json?address=Bangalore&sensor=false&bounds=&region=&language=&components=
*********************************************
Numerify - Product Manager - Platform
https://jobs.lever.co/numerify/909ab771-d54d-41d1-87f0-db211598417d/apply
Bangalore
## slept ##
*********************************************
Numerify - Instructional Designer
https://jobs.lever.co/numerify/690d7289-3c19-4892-a6da-cd2d88d88c7e
Bangalore
*********************************************
Numerify - UI Architect
https://jobs.lever.co/numerify/e97b7fd8-8eb2-43ea-810d-fc1c44134cc4
Cupertino
*********************************************
Numerify - Instructional Designer
https://jobs.lever.co/numerify/690d7289-3c19-4892-a6da-cd2d88d88c7e/apply
Bangalore
*********************************************
21
*********************************************
0
*********************************************
Nurx - Lead Front-End Engineer
https://jobs.lever.co/nurx/27738fc1-36da-4fe3-bdf1-b48bee57227b
San Francisco
*********************************************
Nurx - Cloud Infrastructure Engineer, DevOps
https://jobs.lever.co/nurx/a221f3c3-63ad-446e-afa7-b87b015745ee
San Francisco
## slept ##
Error OVER_QUERY_LIMIT
Query: https://maps.google.com/maps/api/geocode/json?address=San+Francisco&sensor=false&bounds=&region=&language=&components=
*********************************************
Nurx - Front-End Engineer (Growth)
https://jobs.lever.co/nurx/1bd38c45-c5be-4b7c-86dd-6a7f49359ba8
San Francisco
*********************************************
Nurx - Front-End Engineer (Growth)
https://jobs.lever.co/nurx/1bd38c45-c5be-4b7c-86dd-6a7f49359ba8/apply
San Francisco
## slept ##
*********************************************
Nurx - Lead Front-End Engineer
https://jobs.lever.co/nurx/27738fc1-36da-4fe3-bdf1-b48bee57227b/apply
San Francisco
## slept ##
Error OVER_QUERY_LIMIT
Query: https://maps.google.com/maps/api/geocode/json?address=San+Francisco&sensor=false&bounds=&region=&language=&components=
*********************************************
Nurx
https://jobs.lever.co/nurx

## slept ##
Error INVALID_REQUEST
Query: https://maps.google.com/maps/api/geocode/json?address=&sensor=false&bounds=&region=&language=&components=
*********************************************
Nurx - Pharmacy Technician
https://jobs.lever.co/nurx/e3b55477-f674-4be2-88a1-a09d7e366519
Syracuse, New York
*********************************************
7
*********************************************
0
*********************************************
Nutrafol - Digital Growth Marketing Strategist
https://jobs.lever.co/nutrafol/cb1f265a-8583-428a-aed2-2c6abf55b7f7
New York, NY
## slept ##
*********************************************
1
*********************************************
Nuts.com - Supply Chain Business Analyst
https://jobs.lever.co/nuts.com/69e69e77-7558-48ca-87db-94cb8089b082
Cranford, NJ (Headquarters)
*********************************************
1
*********************************************
NuWaves Engineering - Business Development Engineer
https://jobs.lever.co/nuwaves/a81aaebb-57b5-4f9d-87e1-bcbbea660482
Cincinnati Area, Ohio
*********************************************
NuWaves Engineering - Applications Engineer, RF Products
https://jobs.lever.co/nuwaves/6970e841-e820-4bfd-839f-c796a06fb86d
Cincinnati Area, Ohio
*********************************************
NuWaves Engineering - Test Design Engineer
https://jobs.lever.co/nuwaves/9f682573-0825-4856-a685-a71ea5ffb897
Cincinnati Area, Ohio
*********************************************
NuWaves Engineering - Technical Sales Engineer, RF Products
https://jobs.lever.co/nuwaves/dffe6a7c-ab16-4d6a-bf34-2b5a77757416
Cincinnati Area, Ohio
*********************************************
NuWaves Engineering - RF Design Engineer
https://jobs.lever.co/nuwaves/7ef28728-bb3b-4215-be75-4ea22879a373
Cincinnati Area, Ohio
*********************************************
NuWaves Engineering - Business Development Engineer
https://jobs.lever.co/nuwaves/a81aaebb-57b5-4f9d-87e1-bcbbea660482/apply
Cincinnati Area, Ohio
*********************************************
NuWaves Engineering
https://jobs.lever.co/nuwaves

## slept ##
Error INVALID_REQUEST
Query: https://maps.google.com/maps/api/geocode/json?address=&sensor=false&bounds=&region=&language=&components=
*********************************************
NuWaves Engineering - RF Engineering Technician
https://jobs.lever.co/nuwaves/efd05acc-030c-4195-8465-d38f9cd1ffd4
Cincinnati Area, Ohio
*********************************************
NuWaves Engineering
https://jobs.lever.co/nuwaves?team=Engineering%20Services

## slept ##
Error INVALID_REQUEST
Query: https://maps.google.com/maps/api/geocode/json?address=&sensor=false&bounds=&region=&language=&components=
*********************************************
NuWaves Engineering - Project Manager
https://jobs.lever.co/nuwaves/d54ed25a-f39c-4e22-8ba5-372844af72bc
Cincinnati Area, Ohio
## slept ##
*********************************************
NuWaves Engineering - RF Engineering Technician
https://jobs.lever.co/nuwaves/efd05acc-030c-4195-8465-d38f9cd1ffd4/apply
Cincinnati Area, Ohio
## slept ##
*********************************************
HTTP Error 404: Not Found
HTTP Error 404: Not Found
NuWaves Engineering - Electronics Assembler
https://jobs.lever.co/nuwaves/5856c2bf-dc15-463c-ab61-b9780d45647f
Cincinnati Area, Ohio
*********************************************
NuWaves Engineering
https://jobs.lever.co/nuwaves?location=Cincinnati%20Area%2C%20Ohio

## slept ##
Error INVALID_REQUEST
Query: https://maps.google.com/maps/api/geocode/json?address=&sensor=false&bounds=&region=&language=&components=
*********************************************
NuWaves Engineering - Information Systems Support Specialist
https://jobs.lever.co/nuwaves/f4feae86-d52c-4e19-a1e9-af966840e3c9
Cincinnati Area, Ohio
*********************************************
HTTP Error 404: Not Found
HTTP Error 404: Not Found
14
*********************************************
New York Media - Manager, Engineering
https://jobs.lever.co/nymedia/9e128275-2bc9-4239-896f-39a92aeef6d0
New York, NY
*********************************************
New York Media - Manager, Engineering
https://jobs.lever.co/nymedia/9e128275-2bc9-4239-896f-39a92aeef6d0/apply
New York, NY
## slept ##
*********************************************
New York Media
https://jobs.lever.co/nymedia

## slept ##
Error INVALID_REQUEST
Query: https://maps.google.com/maps/api/geocode/json?address=&sensor=false&bounds=&region=&language=&components=
*********************************************
3
*********************************************
Octane AI - Lever
https://jobs.lever.co/octane?team=Engineering

## slept ##
Error INVALID_REQUEST
Query: https://maps.google.com/maps/api/geocode/json?address=&sensor=false&bounds=&region=&language=&components=
*********************************************
1
*********************************************
