Penumbra - Manufacturing Engineer
https://jobs.lever.co/penumbrainc/fec17338-af3f-4d7c-a4d4-385afbe07a24
Alameda, CA
*********************************************
Penumbra - Senior Manufacturing Engineer
https://jobs.lever.co/penumbrainc/26098cf9-9e6e-4e8b-85a2-1b212538c756
Alameda, CA
*********************************************
Penumbra - Senior Quality Engineer
https://jobs.lever.co/penumbrainc/b8f2b4ad-83a2-4d02-967f-3f2bd6fecd26
Alameda, CA
*********************************************
Penumbra - Senior Systems Engineer
https://jobs.lever.co/penumbrainc/15fe1853-c8a5-406d-8bad-b98ed301271c
Alameda, CA
*********************************************
Penumbra - Software Validation Engineer
https://jobs.lever.co/penumbrainc/99e546df-81de-4e55-98ec-dfd90b5a63c4
Alameda, CA
*********************************************
Penumbra - Software Validation Engineer
https://jobs.lever.co/penumbrainc/99e546df-81de-4e55-98ec-dfd90b5a63c4/apply
Alameda, CA
*********************************************
Penumbra - Senior Systems Engineer
https://jobs.lever.co/penumbrainc/15fe1853-c8a5-406d-8bad-b98ed301271c/apply
Alameda, CA
*********************************************
Penumbra
https://jobs.lever.co/penumbrainc

## slept ##
Error INVALID_REQUEST
Query: https://maps.google.com/maps/api/geocode/json?address=&sensor=false&bounds=&region=&language=&components=
*********************************************
Penumbra - Engineering Intern
https://jobs.lever.co/penumbrainc/1d24e25f-4ad3-4a7b-bcaf-e0f22f9fc1f8
Alameda, CA
*********************************************
Penumbra
https://jobs.lever.co/penumbrainc?by=commitment&commitment=Full-time

## slept ##
Error INVALID_REQUEST
Query: https://maps.google.com/maps/api/geocode/json?address=&sensor=false&bounds=&region=&language=&components=
*********************************************
Penumbra - Senior Buyer
https://jobs.lever.co/penumbrainc/c8fedbee-3b3a-40dd-bc1c-b0c767854da5
Alameda, CA
*********************************************
Penumbra - Sr. Manufacturing Technician
https://jobs.lever.co/penumbrainc/11336aac-8e11-45bf-8adb-5de685dcbe36
Alameda, CA
*********************************************
Penumbra - Production Supervisor
https://jobs.lever.co/penumbrainc/9fb087a1-29ef-4856-8d81-c1ebe86c505f
Alameda, CA
## slept ##
*********************************************
Penumbra - Patent Agent or Paralegal
https://jobs.lever.co/penumbrainc/87828fe1-8518-4dbe-80b6-513e9cff40b3
Alameda, CA
*********************************************
Penumbra - Production Manager
https://jobs.lever.co/penumbrainc/22277e96-2358-496f-8c5c-99af65d9e534
Alameda, CA
*********************************************
HTTP Error 404: Not Found
Penumbra
https://jobs.lever.co/penumbrainc?team=Production

## slept ##
Error INVALID_REQUEST
Query: https://maps.google.com/maps/api/geocode/json?address=&sensor=false&bounds=&region=&language=&components=
*********************************************
16
*********************************************
Perfect Price - Data Engineer
https://jobs.lever.co/perfectprice/786c17b5-8110-4194-b186-e77625d4a6c9
San Francisco, CA
*********************************************
Perfect Price - Full Stack Engineer
https://jobs.lever.co/perfectprice/0c05ffe4-58a8-414a-b63d-853ad22540b8
San Francisco, CA
*********************************************
Perfect Price - Full Stack Engineer
https://jobs.lever.co/perfectprice/0c05ffe4-58a8-414a-b63d-853ad22540b8/apply
San Francisco, CA
*********************************************
Perfect Price - Engineering/Data Science Intern
https://jobs.lever.co/perfectprice/a73024a3-809c-4fc6-8740-e1238d650207
San Francisco, CA
*********************************************
Perfect Price - Engineering/Data Science Intern
https://jobs.lever.co/perfectprice/a73024a3-809c-4fc6-8740-e1238d650207/apply
San Francisco, CA
*********************************************
Perfect Price
https://jobs.lever.co/perfectprice?by=team&team=Engineering

## slept ##
Error INVALID_REQUEST
Query: https://maps.google.com/maps/api/geocode/json?address=&sensor=false&bounds=&region=&language=&components=
*********************************************
Perfect Price
https://jobs.lever.co/perfectprice?by=commitment&team=Engineering

## slept ##
Error INVALID_REQUEST
Query: https://maps.google.com/maps/api/geocode/json?address=&sensor=false&bounds=&region=&language=&components=
*********************************************
Perfect Price - Pricing Strategist
https://jobs.lever.co/perfectprice/d01dac4c-e15b-4c09-82a2-9ea98bea8cab
San Francisco, CA
*********************************************
Perfect Price - Account Manager
https://jobs.lever.co/perfectprice/8599a784-e82f-47c1-9693-b253eb8892be
San Francisco, CA
*********************************************
Perfect Price
https://jobs.lever.co/perfectprice?by=location&commitment=Intern

## slept ##
Error INVALID_REQUEST
Query: https://maps.google.com/maps/api/geocode/json?address=&sensor=false&bounds=&region=&language=&components=
*********************************************
10
*********************************************
PersistIQ - Senior Backend Engineer
https://jobs.lever.co/persistiq/d4f1cd5c-6292-486c-89fe-e8a76300f50c
San Mateo
*********************************************
PersistIQ - Senior Full Stack Engineer
https://jobs.lever.co/persistiq/6287561b-fc80-4d85-b0f4-f7a3d3513c4f
San Mateo
*********************************************
PersistIQ - Full Stack Engineer - Lever
https://jobs.lever.co/persistiq/6287561b-fc80-4d85-b0f4-f7a3d3513c4f/apply
San Mateo
*********************************************
PersistIQ - Frontend Engineer - Lever
https://jobs.lever.co/persistiq/a5eb105f-0479-4967-9907-a0807eb9dd8d/apply
San Mateo
*********************************************
PersistIQ
https://jobs.lever.co/persistiq

## slept ##
Error INVALID_REQUEST
Query: https://maps.google.com/maps/api/geocode/json?address=&sensor=false&bounds=&region=&language=&components=
*********************************************
5
*********************************************
0
*********************************************
Pi - Backend Engineer - Java, Clojure, Big Data - 28k-60k - London
https://jobs.lever.co/pibenchmark/e07e09ff-6416-4eca-b34a-41ab44cc1473
London
## slept ##
*********************************************
PredictX - Backend Engineer - Java, Clojure, Big Data - Madrid
https://jobs.lever.co/pibenchmark/0ab5816d-b5c6-453d-9d8f-a444d3e643cd/apply
Madrid
*********************************************
Pi - Backend Engineer - Java, Clojure, Big Data - 28k-60k - London
https://jobs.lever.co/pibenchmark/e07e09ff-6416-4eca-b34a-41ab44cc1473/apply
London
## slept ##
*********************************************
Pi - Senior Software Engineer
https://jobs.lever.co/pibenchmark/0ab5816d-b5c6-453d-9d8f-a444d3e643cd
Madrid
*********************************************
PredictX
https://jobs.lever.co/pibenchmark

## slept ##
Error INVALID_REQUEST
Query: https://maps.google.com/maps/api/geocode/json?address=&sensor=false&bounds=&region=&language=&components=
*********************************************
Pi - Frontend Developer - AngularJS - 28k-60k - London
https://jobs.lever.co/pibenchmark/b8441a3a-dc0a-4792-9714-cd9ab3dba06f
London
*********************************************
Pi - Lever
https://jobs.lever.co/pibenchmark?by=commitment

## slept ##
Error INVALID_REQUEST
Query: https://maps.google.com/maps/api/geocode/json?address=&sensor=false&bounds=&region=&language=&components=
*********************************************
Pi - Lever
https://jobs.lever.co/pibenchmark?by=location

## slept ##
Error INVALID_REQUEST
Query: https://maps.google.com/maps/api/geocode/json?address=&sensor=false&bounds=&region=&language=&components=
*********************************************
8
*********************************************
HTTP Error 404: Not Found
HTTP Error 404: Not Found
Picwell - DevOps Engineer
https://jobs.lever.co/picwell/21b7f205-bba7-4f05-bf50-e28f4daf5e45
Philadelphia, PA
## slept ##
*********************************************
HTTP Error 404: Not Found
Picwell - DevOps Engineer
https://jobs.lever.co/picwell/21b7f205-bba7-4f05-bf50-e28f4daf5e45/apply
Philadelphia, PA
*********************************************
Picwell
https://jobs.lever.co/picwell

## slept ##
Error INVALID_REQUEST
Query: https://maps.google.com/maps/api/geocode/json?address=&sensor=false&bounds=&region=&language=&components=
*********************************************
Picwell
https://jobs.lever.co/picwell?by=commitment

## slept ##
Error INVALID_REQUEST
Query: https://maps.google.com/maps/api/geocode/json?address=&sensor=false&bounds=&region=&language=&components=
*********************************************
HTTP Error 404: Not Found
4
*********************************************
PillPack - iOS Engineer
https://jobs.lever.co/pillpack/dd1f151f-9d78-4a67-98d0-a0fb4ad48d32
Boston, MA
*********************************************
PillPack - Full Stack Engineer
https://jobs.lever.co/pillpack/5ed959c8-5777-4298-ab6a-8e64be331c7a
Boston, MA
*********************************************
PillPack - Platform Engineer
https://jobs.lever.co/pillpack/69ca434a-9880-4ce6-9be4-9b099284f861
Boston, MA
*********************************************
PillPack - iOS Engineer
https://jobs.lever.co/pillpack/dd1f151f-9d78-4a67-98d0-a0fb4ad48d32/apply
Boston, MA
## slept ##
*********************************************
PillPack - Senior Mobile Engineer
https://jobs.lever.co/pillpack/cd702547-2f22-4b64-8221-aa14b7fd7d54/apply
Boston, MA
*********************************************
PillPack - Full Stack Engineer
https://jobs.lever.co/pillpack/5ed959c8-5777-4298-ab6a-8e64be331c7a/apply
Boston, MA
*********************************************
PillPack
https://jobs.lever.co/pillpack

## slept ##
Error INVALID_REQUEST
Query: https://maps.google.com/maps/api/geocode/json?address=&sensor=false&bounds=&region=&language=&components=
*********************************************
PillPack - Platform Product Manager
https://jobs.lever.co/pillpack/3e089e3e-b544-4e4f-8665-0d091cfba3b7
Boston, MA
*********************************************
PillPack - Operations Analyst
https://jobs.lever.co/pillpack/94e01dd7-cb86-436f-b6e4-afe66e3e96aa
Boston, MA
*********************************************
PillPack - Recruiting Manager
https://jobs.lever.co/pillpack/601ad423-048f-43bf-b76a-97814e8703ab
Boston, MA
*********************************************
10
*********************************************
Pingboard
https://jobs.lever.co/pingboard?by=location

## slept ##
Error INVALID_REQUEST
Query: https://maps.google.com/maps/api/geocode/json?address=&sensor=false&bounds=&region=&language=&components=
*********************************************
Pingboard
https://jobs.lever.co/pingboard

## slept ##
Error INVALID_REQUEST
Query: https://maps.google.com/maps/api/geocode/json?address=&sensor=false&bounds=&region=&language=&components=
*********************************************
2
*********************************************
Pivotus Ventures - Lead Mobile Engineer
https://jobs.lever.co/pivotusventures.com/d71c0c4c-6d51-469b-8340-a5d8f44495b6
Menlo Park, CA
*********************************************
Pivotus Ventures - Back-End Engineer (Java)
https://jobs.lever.co/pivotusventures.com/b8fe7239-2e1b-43ae-889e-65f29cc46071
Menlo Park, CA
*********************************************
Pivotus Ventures - Lead Test Automation Engineer
https://jobs.lever.co/pivotusventures.com/db35515b-1db5-489c-aa57-a2d5ccb2945c
Menlo Park, CA
*********************************************
Pivotus Ventures - Lead Site Reliability Engineer (SRE)
https://jobs.lever.co/pivotusventures.com/b458f008-c508-4a0f-9c5e-9878d6d3d2e6
Menlo Park, CA
*********************************************
Pivotus Ventures - DevOps Engineer
https://jobs.lever.co/pivotusventures.com/4e3c8906-8b5f-4046-95ef-16d36100ab3b
Remote
*********************************************
HTTP Error 404: Not Found
Pivotus Ventures - Lead Mobile Engineer
https://jobs.lever.co/pivotusventures.com/d71c0c4c-6d51-469b-8340-a5d8f44495b6/apply
Menlo Park, CA
*********************************************
Pivotus Ventures
https://jobs.lever.co/pivotusventures.com

## slept ##
Error INVALID_REQUEST
Query: https://maps.google.com/maps/api/geocode/json?address=&sensor=false&bounds=&region=&language=&components=
*********************************************
Pivotus Ventures - Front-End Developer
https://jobs.lever.co/pivotusventures.com/36cc61d6-9996-4695-8c54-81cefda3c393
Menlo Park, CA
*********************************************
HTTP Error 404: Not Found
8
*********************************************
0
*********************************************
PlanGrid - Backend Engineer
https://jobs.lever.co/plangrid/608d3e69-f9ad-43ce-a756-71bc3b2e3e35
San Francisco, CA
*********************************************
PlanGrid - Infrastructure Engineer
https://jobs.lever.co/plangrid/dcfc8184-a56a-47fb-98c3-e6b82bae38af
San Francisco, CA
*********************************************
PlanGrid - Design Engineer
https://jobs.lever.co/plangrid/ceb2d276-dff2-4f6e-8894-921976000d4f
San Francisco, CA
*********************************************
PlanGrid - Growth Engineer
https://jobs.lever.co/plangrid/ec2dea39-bf95-415a-b72d-aa79b29a7dd3
San Francisco, CA
## slept ##
*********************************************
PlanGrid - Security Engineer
https://jobs.lever.co/plangrid/93040b87-ca6f-4218-b3e1-babc405a16bb
San Francisco, CA
*********************************************
PlanGrid - Machine Learning Engineer
https://jobs.lever.co/plangrid/d1ec3fa3-c712-4983-97f8-6b82724d8099
San Francisco, CA
*********************************************
PlanGrid - Full Stack Engineer
https://jobs.lever.co/plangrid/847b7d9f-d3d4-4668-8659-bd2e270cde85
San Francisco, CA
## slept ##
*********************************************
PlanGrid - Android Engineer
https://jobs.lever.co/plangrid/880a487e-3314-4ece-b8a2-2c8153486d0d
San Francisco, CA
*********************************************
HTTP Error 404: Not Found
PlanGrid - Windows Engineer
https://jobs.lever.co/plangrid/450f8f64-52c5-4185-a465-7807e25ff616
San Francisco, CA
*********************************************
PlanGrid - Frontend Engineer
https://jobs.lever.co/plangrid/25c1f4e8-19e4-48aa-8909-e8102875739b
San Francisco, CA
*********************************************
PlanGrid - DevOps/Site Reliability Engineer
https://jobs.lever.co/plangrid/9b566cad-9fd5-4442-863b-3bca2cdf020d
San Francisco, CA
*********************************************
PlanGrid - Android Engineer
https://jobs.lever.co/plangrid/880a487e-3314-4ece-b8a2-2c8153486d0d/apply
San Francisco, CA
*********************************************
PlanGrid - Windows Engineer
https://jobs.lever.co/plangrid/450f8f64-52c5-4185-a465-7807e25ff616/apply
San Francisco, CA
*********************************************
PlanGrid - Frontend Engineer
https://jobs.lever.co/plangrid/25c1f4e8-19e4-48aa-8909-e8102875739b/apply
San Francisco, CA
*********************************************
PlanGrid - Security Engineer
https://jobs.lever.co/plangrid/93040b87-ca6f-4218-b3e1-babc405a16bb/apply
San Francisco, CA
*********************************************
PlanGrid - Backend Engineer
https://jobs.lever.co/plangrid/608d3e69-f9ad-43ce-a756-71bc3b2e3e35/apply
San Francisco, CA
*********************************************
PlanGrid - Full Stack Engineer
https://jobs.lever.co/plangrid/847b7d9f-d3d4-4668-8659-bd2e270cde85/apply
San Francisco, CA
*********************************************
PlanGrid - DevOps/Site Reliability Engineer
https://jobs.lever.co/plangrid/9b566cad-9fd5-4442-863b-3bca2cdf020d/apply
San Francisco, CA
*********************************************
PlanGrid - Software Engineer in Test
https://jobs.lever.co/plangrid/3d229996-2a58-4493-8aaa-d4f84dd05154/apply
San Francisco, CA
## slept ##
Error OVER_QUERY_LIMIT
Query: https://maps.google.com/maps/api/geocode/json?address=San+Francisco%2C+CA&sensor=false&bounds=&region=&language=&components=
*********************************************
PlanGrid
https://jobs.lever.co/plangrid/

## slept ##
Error INVALID_REQUEST
Query: https://maps.google.com/maps/api/geocode/json?address=&sensor=false&bounds=&region=&language=&components=
*********************************************
PlanGrid - Growth Engineer
https://jobs.lever.co/plangrid/ec2dea39-bf95-415a-b72d-aa79b29a7dd3/apply
San Francisco, CA
## slept ##
*********************************************
PlanGrid - Machine Learning Engineer
https://jobs.lever.co/plangrid/d1ec3fa3-c712-4983-97f8-6b82724d8099/apply
San Francisco, CA
*********************************************
PlanGrid - iOS Engineer
https://jobs.lever.co/plangrid/41b46569-1baa-4860-9af2-79a6f19ac5da/apply
San Francisco, CA
*********************************************
PlanGrid - Infrastructure Engineer
https://jobs.lever.co/plangrid/dcfc8184-a56a-47fb-98c3-e6b82bae38af/apply
San Francisco, CA
*********************************************
HTTP Error 404: Not Found
PlanGrid - Design Engineer
https://jobs.lever.co/plangrid/ceb2d276-dff2-4f6e-8894-921976000d4f/apply
San Francisco, CA
*********************************************
PlanGrid
https://jobs.lever.co/plangrid?by=location&commitment=Full-time

## slept ##
Error INVALID_REQUEST
Query: https://maps.google.com/maps/api/geocode/json?address=&sensor=false&bounds=&region=&language=&components=
*********************************************
PlanGrid - Engineering Leader
https://jobs.lever.co/plangrid/138e3de6-3b3b-40ee-a0d8-cd264509257d
San Francisco, CA
*********************************************
PlanGrid - Engineering Leader
https://jobs.lever.co/plangrid/138e3de6-3b3b-40ee-a0d8-cd264509257d/apply
San Francisco, CA
*********************************************
PlanGrid - Product Manager - Core Product
https://jobs.lever.co/plangrid/d90b4bab-3891-4dc3-83b4-7887f1f020d7
San Francisco, CA
*********************************************
PlanGrid - Product Manager - Enterprise
https://jobs.lever.co/plangrid/8b8dfddd-ab6f-42c8-a635-bc179f96caaf
San Francisco, CA
*********************************************
PlanGrid - Senior Technical/Revenue Accountant
https://jobs.lever.co/plangrid/d34bc2f1-a5d7-428f-b330-10234440872a
San Francisco, CA
*********************************************
PlanGrid - Product Designer
https://jobs.lever.co/plangrid/ecbad80f-d20d-4533-b90a-af24611816f2
San Francisco, CA
*********************************************
PlanGrid - Product Designer, Growth
https://jobs.lever.co/plangrid/442df1d2-0809-4446-92b2-fd581006b9e1
San Francisco, CA
*********************************************
HTTP Error 404: Not Found
HTTP Error 404: Not Found
33
*********************************************
Plenty - Mechanical Design Engineer (San Francisco, CA)
https://jobs.lever.co/plenty.ag/5d55b0de-0315-44b1-9370-2266ee1754a8
South San Francisco, CA / Laramie, WY
*********************************************
Plenty - Civil/Structural Engineer (San Francisco, CA)
https://jobs.lever.co/plenty.ag/21b4ba3d-7193-4ad1-a0f9-af44ae360e6e
South San Francisco, CA
*********************************************
Plenty - Supply Chain Engineer (San Francisco, CA)
https://jobs.lever.co/plenty.ag/b44ecddf-be6f-4f67-b23d-854470d431f6
South San Francisco, CA
## slept ##
Error OVER_QUERY_LIMIT
Query: https://maps.google.com/maps/api/geocode/json?address=South+San+Francisco%2C+CA&sensor=false&bounds=&region=&language=&components=
*********************************************
Plenty - IoT Design Engineer (San Francisco, CA / Laramie, WY)
https://jobs.lever.co/plenty.ag/a0d2ac6d-f613-4732-b3c7-4d35c6551714
South San Francisco, CA / Laramie, WY
## slept ##
Error OVER_QUERY_LIMIT
Query: https://maps.google.com/maps/api/geocode/json?address=South+San+Francisco%2C+CA+%2F+Laramie%2C+WY&sensor=false&bounds=&region=&language=&components=
*********************************************
Plenty - HVAC Engineer (San Francisco, CA)
https://jobs.lever.co/plenty.ag/fb05b0db-a0f7-4b9f-9d01-a6d07047c7af
South San Francisco, CA
*********************************************
Plenty - Indoor Farming Systems Engineer (San Francisco, CA)
https://jobs.lever.co/plenty.ag/1b83e3ec-9e01-4955-a6b2-ad8b62d8d9f0
South San Francisco, CA
*********************************************
Plenty - Data Design Engineer (San Francisco, CA / Laramie, WY)
https://jobs.lever.co/plenty.ag/46dec09b-a290-42cb-92c1-2b78bbe9f960
South San Francisco, CA / Laramie, WY
*********************************************
Plenty - Reliability and Security Design Engineer (San Francisco ...
https://jobs.lever.co/plenty.ag/c32b2548-1264-4ecc-93c6-b8bb7ed2efd5
South San Francisco, CA / Laramie, WY
## slept ##
*********************************************
Plenty - HVAC Engineer (San Francisco, CA)
https://jobs.lever.co/plenty.ag/fb05b0db-a0f7-4b9f-9d01-a6d07047c7af/apply
South San Francisco, CA
*********************************************
HTTP Error 404: Not Found
Plenty - ElectroMechanical Technician (Electronics Shop Manager ...
https://jobs.lever.co/plenty.ag/5947036d-196b-4f81-8be2-52e14e3a07e2
South San Francisco, CA
*********************************************
Plenty - Senior IoT Architect (Laramie, WY)
https://jobs.lever.co/plenty.ag/42c96c07-a2cd-42ec-83e9-872db83b9357
Laramie, WY
## slept ##
*********************************************
Plenty - IP Manager (San Francisco, CA / Laramie, WY)
https://jobs.lever.co/plenty.ag/df8d4396-bd80-403e-974d-612e31dc2c50
South San Francisco, CA / Laramie, WY
## slept ##
*********************************************
Plenty - IPM Specialist (San Francisco, CA / Laramie, WY)
https://jobs.lever.co/plenty.ag/5b1ccb92-23ef-47ee-a9a5-5d86a9faed47
Laramie, WY/South San Francisco, CA
*********************************************
HTTP Error 404: Not Found
Plenty - Business Development Analyst (San Francisco, CA)
https://jobs.lever.co/plenty.ag/2245e7ca-a090-42c5-a8e3-ab735edb60af
South San Francisco, CA
*********************************************
Plenty - Sr. Project Manager (San Francisco, CA)
https://jobs.lever.co/plenty.ag/c22d141f-48d4-4dc7-8d39-16ef79325863
South San Francisco, CA
*********************************************
HTTP Error 404: Not Found
HTTP Error 404: Not Found
15
*********************************************
Plexchat - Senior Distributed Systems Engineer
https://jobs.lever.co/plexchat/772b64e4-0a31-4df6-9746-4a741bb8b588
Redwood City
## slept ##
*********************************************
Plexchat - Backend Engineer
https://jobs.lever.co/plexchat/73632344-8a96-44ac-ba23-95a7c547400d
Redwood City
*********************************************
Plexchat - Senior Frontend Engineer
https://jobs.lever.co/plexchat/7c792f48-b948-4503-ba3a-f78f63cdd106
Redwood City
*********************************************
Plexchat - Backend Engineer
https://jobs.lever.co/plexchat/73632344-8a96-44ac-ba23-95a7c547400d/apply
Redwood City
*********************************************
Plexchat - Senior Engineer Frontend
https://jobs.lever.co/plexchat/7c792f48-b948-4503-ba3a-f78f63cdd106/apply
Redwood City
## slept ##
*********************************************
HTTP Error 404: Not Found
Plexchat - Senior Distributed Systems Engineer
https://jobs.lever.co/plexchat/772b64e4-0a31-4df6-9746-4a741bb8b588/apply
Redwood City
*********************************************
Plexchat
https://jobs.lever.co/plexchat/

## slept ##
Error INVALID_REQUEST
Query: https://maps.google.com/maps/api/geocode/json?address=&sensor=false&bounds=&region=&language=&components=
*********************************************
Plexchat
https://jobs.lever.co/plexchat?commitment=Full-time

## slept ##
Error INVALID_REQUEST
Query: https://maps.google.com/maps/api/geocode/json?address=&sensor=false&bounds=&region=&language=&components=
*********************************************
Plexchat
https://jobs.lever.co/plexchat?team=Data

## slept ##
Error INVALID_REQUEST
Query: https://maps.google.com/maps/api/geocode/json?address=&sensor=false&bounds=&region=&language=&components=
*********************************************
9
*********************************************
HTTP Error 404: Not Found
0
*********************************************
PMG - Web Engineer / Developer
https://jobs.lever.co/pmg/43d8982f-152f-4336-bdbb-a9be8608f5da
Fort Worth, Texas
*********************************************
PMG - Web Engineer / Developer
https://jobs.lever.co/pmg/43d8982f-152f-4336-bdbb-a9be8608f5da/apply
Fort Worth, Texas
## slept ##
Error OVER_QUERY_LIMIT
Query: https://maps.google.com/maps/api/geocode/json?address=Fort+Worth%2C+Texas&sensor=false&bounds=&region=&language=&components=
*********************************************
HTTP Error 404: Not Found
PMG - Software Development Internship (Fall 2017)
https://jobs.lever.co/pmg/b40123b9-38e6-4817-838a-1ad996f3a001
Fort Worth, Texas
## slept ##
Error OVER_QUERY_LIMIT
Query: https://maps.google.com/maps/api/geocode/json?address=Fort+Worth%2C+Texas&sensor=false&bounds=&region=&language=&components=
*********************************************
PMG - Software Developer
https://jobs.lever.co/pmg/e50feae7-7824-4a7d-9fe0-0345eec9837f
Fort Worth, Texas
*********************************************
PMG - Senior Software Developer
https://jobs.lever.co/pmg/126925af-5c9b-43cc-ad7e-0e8fc7296966
Fort Worth, Texas (or remote)
*********************************************
PMG - Lever
https://jobs.lever.co/pmg?by=commitment

## slept ##
Error INVALID_REQUEST
Query: https://maps.google.com/maps/api/geocode/json?address=&sensor=false&bounds=&region=&language=&components=
*********************************************
PMG - Lever
https://jobs.lever.co/pmg

## slept ##
Error INVALID_REQUEST
Query: https://maps.google.com/maps/api/geocode/json?address=&sensor=false&bounds=&region=&language=&components=
*********************************************
PMG - SEO Account Manager
https://jobs.lever.co/pmg/678ce3aa-b9ba-4093-9d82-a4cc60d97b24
Fort Worth, Texas
*********************************************
8
*********************************************
PMX Agency - Marketing Analytics Associate, Research, Data and ...
https://jobs.lever.co/pmxagency/339e1ab2-2e87-49b0-8f5e-12472b3e0d7b
New York, NY
*********************************************
PMX Agency - Analytics Implementation Manager, Research, Data ...
https://jobs.lever.co/pmxagency/8c4ebd45-30b2-44a9-8e12-cb6d2632aaf6
New York, NY
*********************************************
HTTP Error 404: Not Found
2
*********************************************
Poll Everywhere - Front End Engineer
https://jobs.lever.co/polleverywhere/70b75ec1-94fc-41cf-96e9-c710b1a7686d/apply
San Francisco, CA or Remote
*********************************************
Poll Everywhere - Front End Engineer - d3
https://jobs.lever.co/polleverywhere/fab9d88f-55fc-42c7-8857-dc7584ed1cd6/apply
San Francisco, CA
*********************************************
Poll Everywhere - Ruby Web Engineer
https://jobs.lever.co/polleverywhere/b86a2960-abd7-4995-b533-5eeed3c90546
San Francisco, CA or Remote
*********************************************
Poll Everywhere - Front End Engineer
https://jobs.lever.co/polleverywhere/70b75ec1-94fc-41cf-96e9-c710b1a7686d
San Francisco, CA or Remote
*********************************************
Poll Everywhere - Growth Engineer
https://jobs.lever.co/polleverywhere/9784dc46-ada2-473a-9f99-f8baf77d6ba9
San Francisco, CA or Remote
## slept ##
*********************************************
Poll Everywhere - Full Stack Engineer
https://jobs.lever.co/polleverywhere/6341d435-4ded-4933-a0aa-93eb9d21625d
San Francisco, CA or Remote
## slept ##
*********************************************
Poll Everywhere - Front End Engineer - d3
https://jobs.lever.co/polleverywhere/fab9d88f-55fc-42c7-8857-dc7584ed1cd6
San Francisco, CA
## slept ##
*********************************************
Poll Everywhere
https://jobs.lever.co/polleverywhere

## slept ##
Error INVALID_REQUEST
Query: https://maps.google.com/maps/api/geocode/json?address=&sensor=false&bounds=&region=&language=&components=
*********************************************
8
*********************************************
Pond5
https://jobs.lever.co/pond5

## slept ##
Error INVALID_REQUEST
Query: https://maps.google.com/maps/api/geocode/json?address=&sensor=false&bounds=&region=&language=&components=
*********************************************
Pond5
https://jobs.lever.co/pond5?location=Prague%20(Czech%20Republic)

## slept ##
Error INVALID_REQUEST
Query: https://maps.google.com/maps/api/geocode/json?address=&sensor=false&bounds=&region=&language=&components=
*********************************************
Pond5
https://jobs.lever.co/pond5?by=commitment

## slept ##
Error INVALID_REQUEST
Query: https://maps.google.com/maps/api/geocode/json?address=&sensor=false&bounds=&region=&language=&components=
*********************************************
Pond5 - Front End Developer
https://jobs.lever.co/pond5/f04d972d-80e7-478f-8e0d-00553fad146b
Dublin (Ireland)
## slept ##
Error OVER_QUERY_LIMIT
Query: https://maps.google.com/maps/api/geocode/json?address=Dublin+%28Ireland%29&sensor=false&bounds=&region=&language=&components=
*********************************************
Pond5 - Full Stack Developer
https://jobs.lever.co/pond5/6c661410-5097-426a-be8c-075db3ac8fed
Dublin (Ireland)
*********************************************
Pond5 - Full Stack Developer (PHP/JS)
https://jobs.lever.co/pond5/10e5d700-bb94-4f94-8984-e7aa6fb712ed/apply
Prague (Czech Republic)
*********************************************
Pond5
https://jobs.lever.co/pond5?location=Dublin%20(Ireland)

## slept ##
Error INVALID_REQUEST
Query: https://maps.google.com/maps/api/geocode/json?address=&sensor=false&bounds=&region=&language=&components=
*********************************************
7
*********************************************
HTTP Error 404: Not Found
Powerhive - Lever
https://jobs.lever.co/powerhive?team=Engineering

## slept ##
Error INVALID_REQUEST
Query: https://maps.google.com/maps/api/geocode/json?address=&sensor=false&bounds=&region=&language=&components=
*********************************************
Powerhive
https://jobs.lever.co/powerhive?location=Berkeley%2C%20California

## slept ##
Error INVALID_REQUEST
Query: https://maps.google.com/maps/api/geocode/json?address=&sensor=false&bounds=&region=&language=&components=
*********************************************
Powerhive
https://jobs.lever.co/powerhive?commitment=Full-time

## slept ##
Error INVALID_REQUEST
Query: https://maps.google.com/maps/api/geocode/json?address=&sensor=false&bounds=&region=&language=&components=
*********************************************
HTTP Error 404: Not Found
3
*********************************************
HTTP Error 404: Not Found
0
*********************************************
0
*********************************************
0
*********************************************
0
*********************************************
0
*********************************************
