R2 Dermatology - Quality Engineer
https://jobs.lever.co/r2dermatology/178fdf59-b24a-4e61-8205-dd3bf3ed0cf2
San Ramon
*********************************************
R2 Dermatology - Quality Engineer - Lever
https://jobs.lever.co/r2dermatology/178fdf59-b24a-4e61-8205-dd3bf3ed0cf2/apply
San Ramon
*********************************************
HTTP Error 404: Not Found
R2 Dermatology
https://jobs.lever.co/r2dermatology?by=commitment

## slept ##
Error INVALID_REQUEST
Query: https://maps.google.com/maps/api/geocode/json?address=&sensor=false&bounds=&region=&language=&components=
*********************************************
3
*********************************************
Rainforest QA - Sales Engineer
https://jobs.lever.co/rainforest/9bf9f7da-328b-4fe1-8385-918d2b7af7b7
San francisco
*********************************************
HTTP Error 404: Not Found
Rainforest QA
https://jobs.lever.co/rainforest

## slept ##
Error INVALID_REQUEST
Query: https://maps.google.com/maps/api/geocode/json?address=&sensor=false&bounds=&region=&language=&components=
*********************************************
Rainforest QA - Lever
https://jobs.lever.co/rainforest?team=Engineering

## slept ##
Error INVALID_REQUEST
Query: https://maps.google.com/maps/api/geocode/json?address=&sensor=false&bounds=&region=&language=&components=
*********************************************
Rainforest QA - Lever
https://jobs.lever.co/rainforest?commitment=Full-time

## slept ##
Error INVALID_REQUEST
Query: https://maps.google.com/maps/api/geocode/json?address=&sensor=false&bounds=&region=&language=&components=
*********************************************
Rainforest QA - Lever
https://jobs.lever.co/rainforest/?by=location&team=Engineering

## slept ##
Error INVALID_REQUEST
Query: https://maps.google.com/maps/api/geocode/json?address=&sensor=false&bounds=&region=&language=&components=
*********************************************
Rainforest QA - Senior Software Developer
https://jobs.lever.co/rainforest/3a1d39b3-6fe8-436d-88ae-aaae1d662a1c
San Francisco / Remote
*********************************************
Rainforest QA
https://jobs.lever.co/rainforest/?by=location&location=San%20Francisco%20%2F%20Remote

## slept ##
Error INVALID_REQUEST
Query: https://maps.google.com/maps/api/geocode/json?address=&sensor=false&bounds=&region=&language=&components=
*********************************************
Rainforest QA - Head of Product Marketing
https://jobs.lever.co/rainforest/45c41f18-9e0a-4aa2-9eb9-5dd46bc89d70
San francisco
*********************************************
Rainforest QA
https://jobs.lever.co/rainforest?by=team&location=San%20Francisco%20%2F%20Remote

## slept ##
Error INVALID_REQUEST
Query: https://maps.google.com/maps/api/geocode/json?address=&sensor=false&bounds=&region=&language=&components=
*********************************************
Rainforest QA - Lever
https://jobs.lever.co/rainforest?location=San%20Francisco%20%2F%20Remote

## slept ##
Error INVALID_REQUEST
Query: https://maps.google.com/maps/api/geocode/json?address=&sensor=false&bounds=&region=&language=&components=
*********************************************
Rainforest QA - Lever
https://jobs.lever.co/rainforest?location=San%20francisco

## slept ##
Error INVALID_REQUEST
Query: https://maps.google.com/maps/api/geocode/json?address=&sensor=false&bounds=&region=&language=&components=
*********************************************
Rainforest QA - Lever
https://jobs.lever.co/rainforest?team=Sales

## slept ##
Error INVALID_REQUEST
Query: https://maps.google.com/maps/api/geocode/json?address=&sensor=false&bounds=&region=&language=&components=
*********************************************
Rainforest QA - Lever
https://jobs.lever.co/rainforest/?by=location&commitment=Full-time

## slept ##
Error INVALID_REQUEST
Query: https://maps.google.com/maps/api/geocode/json?address=&sensor=false&bounds=&region=&language=&components=
*********************************************
Rainforest QA - Product Manager
https://jobs.lever.co/rainforest/d1f94dfa-b5b1-424b-af50-4c751bc4230c
San Francisco / Remote
*********************************************
HTTP Error 404: Not Found
Rainforest QA - Lever
https://jobs.lever.co/rainforest?by=commitment

## slept ##
Error INVALID_REQUEST
Query: https://maps.google.com/maps/api/geocode/json?address=&sensor=false&bounds=&region=&language=&components=
*********************************************
Rainforest QA - Lever
https://jobs.lever.co/rainforest?by=location

## slept ##
Error INVALID_REQUEST
Query: https://maps.google.com/maps/api/geocode/json?address=&sensor=false&bounds=&region=&language=&components=
*********************************************
16
*********************************************
Ralali - Mobile Engineer
https://jobs.lever.co/ralali/acd44f5a-705a-41d5-a335-7b3bf8f0757e
Jakarta Barat
*********************************************
Ralali - Data Engineer
https://jobs.lever.co/ralali/c39a6bc4-9f83-486c-8fb6-2008525c0c72
Jakarta Barat
*********************************************
Ralali - Front-End Engineer
https://jobs.lever.co/ralali/093c3255-43fe-4a16-b15d-cf9badc98f95/apply
Jakarta Barat
*********************************************
Ralali - Mobile Engineer
https://jobs.lever.co/ralali/acd44f5a-705a-41d5-a335-7b3bf8f0757e/apply
Jakarta Barat
*********************************************
Ralali - Software Engineer
https://jobs.lever.co/ralali/3b6ee6d2-37e2-4388-ae76-0e5aad98dc7a
Jakarta Barat
*********************************************
HTTP Error 404: Not Found
Ralali - System Engineer for DevOps
https://jobs.lever.co/ralali/9990d920-777b-4ccd-927f-9df507039cc0
Jogjakarta
*********************************************
Ralali - System Engineer for DevOps
https://jobs.lever.co/ralali/9990d920-777b-4ccd-927f-9df507039cc0/apply
Jogjakarta
*********************************************
Ralali
https://jobs.lever.co/ralali

## slept ##
Error INVALID_REQUEST
Query: https://maps.google.com/maps/api/geocode/json?address=&sensor=false&bounds=&region=&language=&components=
*********************************************
Ralali - Events / Promotion Specialist
https://jobs.lever.co/ralali/409d263c-183f-4c77-9dd9-091c72de5fc8
Alam Sutera
## slept ##
*********************************************
Ralali - Data Analyst
https://jobs.lever.co/ralali/835a8732-4f24-4250-9a33-daf28ab1e8fa
Jakarta Barat
*********************************************
Ralali - Technology Intern
https://jobs.lever.co/ralali/24b8d009-1744-4d54-8535-c15887363653/apply
Jakarta Barat
*********************************************
Ralali - Technology Intern
https://jobs.lever.co/ralali/24b8d009-1744-4d54-8535-c15887363653
Jakarta Barat
*********************************************
Ralali - Product Intern
https://jobs.lever.co/ralali/751715fc-ef35-4856-a66a-e8eb2c625c4f
Jakarta Barat
*********************************************
Ralali
https://jobs.lever.co/ralali?team=Business%20-%20Operation

## slept ##
Error INVALID_REQUEST
Query: https://maps.google.com/maps/api/geocode/json?address=&sensor=false&bounds=&region=&language=&components=
*********************************************
Ralali
https://jobs.lever.co/ralali?team=Technology%20-%20Product&commitment=Full-time&location=Alam%20Sutera

## slept ##
Error INVALID_REQUEST
Query: https://maps.google.com/maps/api/geocode/json?address=&sensor=false&bounds=&region=&language=&components=
*********************************************
15
*********************************************
rangle.io
https://jobs.lever.co/rangle

## slept ##
Error INVALID_REQUEST
Query: https://maps.google.com/maps/api/geocode/json?address=&sensor=false&bounds=&region=&language=&components=
*********************************************
rangle.io - Technical Director
https://jobs.lever.co/rangle/52917436-63ca-459c-8d54-ef41b498da4f
Toronto
*********************************************
rangle.io - Solutions Architect
https://jobs.lever.co/rangle/8dc9d936-d029-4183-9fac-74c51ec49a19
Toronto
*********************************************
rangle.io
https://jobs.lever.co/rangle?by=commitment

## slept ##
Error INVALID_REQUEST
Query: https://maps.google.com/maps/api/geocode/json?address=&sensor=false&bounds=&region=&language=&components=
*********************************************
rangle.io - Technical Director
https://jobs.lever.co/rangle/52917436-63ca-459c-8d54-ef41b498da4f/apply
Toronto
*********************************************
rangle.io - Director of Architecture and Innovation
https://jobs.lever.co/rangle/b53ab60b-011e-4d71-9597-43834597447c
Toronto
*********************************************
rangle.io - Solutions Architect
https://jobs.lever.co/rangle/8dc9d936-d029-4183-9fac-74c51ec49a19/apply
Toronto
*********************************************
rangle.io - Sr. Modern JavaScript Developer (Angular, React, Node)
https://jobs.lever.co/rangle/bdbcbdb4-29fc-4d9f-963c-5adba10700fa
Toronto
*********************************************
8
*********************************************
0
*********************************************
ReadMe - Full-Stack Engineer - Remote
https://jobs.lever.co/readme/1cfb7091-e6f0-4d0d-9b21-bc0298a95373
Remote
*********************************************
HTTP Error 404: Not Found
ReadMe - API Engineer
https://jobs.lever.co/readme/fe69cba7-dfac-4ef3-8803-f7eb6b90cc7e
San Francisco
*********************************************
ReadMe - Lever
https://jobs.lever.co/readme

## slept ##
Error INVALID_REQUEST
Query: https://maps.google.com/maps/api/geocode/json?address=&sensor=false&bounds=&region=&language=&components=
*********************************************
ReadMe
https://jobs.lever.co/readme?by=location

## slept ##
Error INVALID_REQUEST
Query: https://maps.google.com/maps/api/geocode/json?address=&sensor=false&bounds=&region=&language=&components=
*********************************************
ReadMe.io
https://jobs.lever.co/readme?by=commitment

## slept ##
Error INVALID_REQUEST
Query: https://maps.google.com/maps/api/geocode/json?address=&sensor=false&bounds=&region=&language=&components=
*********************************************
5
*********************************************
Ready4 - Lever
https://jobs.lever.co/ready4?by=commitment&team=Engineering

## slept ##
Error INVALID_REQUEST
Query: https://maps.google.com/maps/api/geocode/json?address=&sensor=false&bounds=&region=&language=&components=
*********************************************
Ready4 - Lever
https://jobs.lever.co/ready4?by=location&team=Engineering

## slept ##
Error INVALID_REQUEST
Query: https://maps.google.com/maps/api/geocode/json?address=&sensor=false&bounds=&region=&language=&components=
*********************************************
Ready4 - Lever
https://jobs.lever.co/ready4?team=Engineering

## slept ##
Error INVALID_REQUEST
Query: https://maps.google.com/maps/api/geocode/json?address=&sensor=false&bounds=&region=&language=&components=
*********************************************
HTTP Error 404: Not Found
Ready4 - Lever
https://jobs.lever.co/ready4?commitment=Full-time

## slept ##
Error INVALID_REQUEST
Query: https://maps.google.com/maps/api/geocode/json?address=&sensor=false&bounds=&region=&language=&components=
*********************************************
4
*********************************************
RECESS - Student Director of Product
https://jobs.lever.co/recess/3c2970ec-20af-4489-9108-41f1238f4322

## slept ##
Error INVALID_REQUEST
Query: https://maps.google.com/maps/api/geocode/json?address=&sensor=false&bounds=&region=&language=&components=
*********************************************
RECESS - Lever
https://jobs.lever.co/recess?commitment=Full-time

## slept ##
Error INVALID_REQUEST
Query: https://maps.google.com/maps/api/geocode/json?address=&sensor=false&bounds=&region=&language=&components=
*********************************************
RECESS - Lever
https://jobs.lever.co/recess?location=Venice%2C%20CA

## slept ##
Error INVALID_REQUEST
Query: https://maps.google.com/maps/api/geocode/json?address=&sensor=false&bounds=&region=&language=&components=
*********************************************
3
*********************************************
Reciprocity - Senior Site reliability engineer
https://jobs.lever.co/reciprocity.com/ab427881-b1fb-4b98-a955-af5196a4b68e
Ljubljana
*********************************************
HTTP Error 404: Not Found
Reciprocity - Senior Site reliability engineer
https://jobs.lever.co/reciprocity.com/ab427881-b1fb-4b98-a955-af5196a4b68e/apply
Ljubljana
*********************************************
Reciprocity - Lead Full Stack Engineer - Lever
https://jobs.lever.co/reciprocity.com/1ef2ab14-de1c-472e-9e7d-2a97528cb4e6/apply
Ljubljana
*********************************************
Reciprocity - Site Reliability Engineer - Lever
https://jobs.lever.co/reciprocity.com/71f2fe88-15ab-4b85-a0cb-a29c1fd326f5/apply
Ljubljana
*********************************************
Reciprocity - UI Architect
https://jobs.lever.co/reciprocity.com/5fb37fd0-2fd2-4947-8dfa-a5e46690e1bf
San Francisco
*********************************************
Reciprocity
https://jobs.lever.co/reciprocity.com

## slept ##
Error INVALID_REQUEST
Query: https://maps.google.com/maps/api/geocode/json?address=&sensor=false&bounds=&region=&language=&components=
*********************************************
HTTP Error 404: Not Found
Reciprocity - Full Stack Developer
https://jobs.lever.co/reciprocity.com/dc756a0d-ffda-4f00-902d-7aae79c46a01/apply
Ljubljana
*********************************************
Reciprocity - Head of Product
https://jobs.lever.co/reciprocity.com/06110648-5985-4db4-a969-ba5d489e3f94/apply
San Francisco
## slept ##
*********************************************
Reciprocity - UI Architect - Lever
https://jobs.lever.co/reciprocity.com/5fb37fd0-2fd2-4947-8dfa-a5e46690e1bf/apply
San Francisco
*********************************************
Reciprocity - Visual Designer
https://jobs.lever.co/reciprocity.com/e41c29d0-1567-404d-b8fb-38721a2fe863/apply
Ljubljana
*********************************************
10
*********************************************
0
*********************************************
Red Letter Development
https://jobs.lever.co/redletterdevelopment?location=Greater%20Seattle%20Area

## slept ##
Error INVALID_REQUEST
Query: https://maps.google.com/maps/api/geocode/json?address=&sensor=false&bounds=&region=&language=&components=
*********************************************
Red Letter Development - Solutions Consultant
https://jobs.lever.co/redletterdevelopment/34a40cc6-b2d4-4a61-ad77-4d94ff90f298
Greater Seattle Area
*********************************************
Red Letter Development - Lever
https://jobs.lever.co/redletterdevelopment?commitment=Full-time

## slept ##
Error INVALID_REQUEST
Query: https://maps.google.com/maps/api/geocode/json?address=&sensor=false&bounds=&region=&language=&components=
*********************************************
Red Letter Development - Lever
https://jobs.lever.co/redletterdevelopment?by=location&commitment=Full-time

## slept ##
Error INVALID_REQUEST
Query: https://maps.google.com/maps/api/geocode/json?address=&sensor=false&bounds=&region=&language=&components=
*********************************************
Red Letter Development - Solution Consultant - Lever
https://jobs.lever.co/redletterdevelopment/34a40cc6-b2d4-4a61-ad77-4d94ff90f298/apply
Greater Seattle Area
*********************************************
5
*********************************************
RedLink - Fullstack Engineer - Athens
https://jobs.lever.co/redlink/43d8b709-fdf5-4336-aaa3-d16acf02fc98/apply
Athens, Greece
*********************************************
RedLink - Fullstack Engineer - Athens
https://jobs.lever.co/redlink/43d8b709-fdf5-4336-aaa3-d16acf02fc98
Athens, Greece
*********************************************
RedLink - DevOps / SRE Engineer - Athens
https://jobs.lever.co/redlink/4d4b0312-0041-4f21-9409-e2fd22b23f23
Athens, Greece
*********************************************
RedLink - Backend Engineer - Amman
https://jobs.lever.co/redlink/18195706-cf33-4120-a730-a6e4514a5640
Amman, Jordan
*********************************************
RedLink - Frontend Engineer - Amman
https://jobs.lever.co/redlink/e74368a2-ffdf-44a8-a6e6-f128974f8e22
Amman, Jordan
*********************************************
RedLink - Backend Engineer - Athens
https://jobs.lever.co/redlink/ca561331-8ad2-4719-83da-3c4d31c5a3f4/apply
Athens, Greece
*********************************************
RedLink - Fullstack Engineer - Amman
https://jobs.lever.co/redlink/8148f389-384f-452d-9c05-e352ae89ade6/apply
Amman, Jordan
*********************************************
RedLink - Frontend Engineer - Athens
https://jobs.lever.co/redlink/ee8e7c48-5eec-4088-b956-0a1ab5fe45f3/apply
Athens, Greece
*********************************************
RedLink - Backend Engineer - Amman
https://jobs.lever.co/redlink/18195706-cf33-4120-a730-a6e4514a5640/apply
Amman, Jordan
*********************************************
RedLink - DevOps / SRE Engineer - Athens
https://jobs.lever.co/redlink/4d4b0312-0041-4f21-9409-e2fd22b23f23/apply
Athens, Greece
*********************************************
RedLink - Frontend Engineer - Amman
https://jobs.lever.co/redlink/e74368a2-ffdf-44a8-a6e6-f128974f8e22/apply
Amman, Jordan
*********************************************
RedLink
https://jobs.lever.co/redlink

## slept ##
Error INVALID_REQUEST
Query: https://maps.google.com/maps/api/geocode/json?address=&sensor=false&bounds=&region=&language=&components=
*********************************************
RedLink
https://jobs.lever.co/redlink?location=Amman%2C%20Jordan

## slept ##
Error INVALID_REQUEST
Query: https://maps.google.com/maps/api/geocode/json?address=&sensor=false&bounds=&region=&language=&components=
*********************************************
RedLink - Visual / UX Designer - Athens
https://jobs.lever.co/redlink/402a3226-b418-40b8-baa4-d0594fd6e237
Athens, Greece
*********************************************
RedLink - Product Manager, Analytics Suite
https://jobs.lever.co/redlink/62888721-4584-4c1f-8d6f-b49c98497987
Athens, Greece
*********************************************
15
*********************************************
Boston Red Sox
https://jobs.lever.co/redsox

## slept ##
Error INVALID_REQUEST
Query: https://maps.google.com/maps/api/geocode/json?address=&sensor=false&bounds=&region=&language=&components=
*********************************************
1
*********************************************
Relocately - Backend Developer
https://jobs.lever.co/relocately/de5f5604-7a47-495f-bb45-b0e869f4e0f4
Berlin
*********************************************
Relocately - Front End Developer
https://jobs.lever.co/relocately/b54ae771-6ceb-44eb-a204-359034564378
Berlin
*********************************************
Relocately - IT Intern
https://jobs.lever.co/relocately/d852cc36-93aa-4a60-ae67-b2c45c0c5f7f
Berlin
*********************************************
3
*********************************************
Renovo - Cloud Software Engineer
https://jobs.lever.co/renovo/3f6c8499-d8c4-4d85-9bb1-d1595b87d971
Campbell, CA
*********************************************
Renovo - DevOps Engineer or System Administrator
https://jobs.lever.co/renovo/19032dcc-c680-4b03-bae0-1acceec0874f
Campbell, CA
*********************************************
Renovo - Senior Design Engineer
https://jobs.lever.co/renovo/7432f1df-7829-4a8b-863f-96f4eea2f5b7
Campbell, CA
*********************************************
Renovo - Cloud Software Engineer
https://jobs.lever.co/renovo/3f6c8499-d8c4-4d85-9bb1-d1595b87d971/apply
Campbell, CA
*********************************************
Renovo - Unix Software Generalist
https://jobs.lever.co/renovo/fa0b56f2-113d-4365-8a78-8c4064c8d384
Campbell, CA
*********************************************
Renovo
https://jobs.lever.co/renovo?commitment=Full-time

## slept ##
Error INVALID_REQUEST
Query: https://maps.google.com/maps/api/geocode/json?address=&sensor=false&bounds=&region=&language=&components=
*********************************************
Renovo
https://jobs.lever.co/renovo

## slept ##
Error INVALID_REQUEST
Query: https://maps.google.com/maps/api/geocode/json?address=&sensor=false&bounds=&region=&language=&components=
*********************************************
Renovo - Software Architect - Automotive Systems
https://jobs.lever.co/renovo/8fda30de-7750-4638-be98-723b2e0d89bf
Campbell, CA
*********************************************
8
*********************************************
Reorg Research - Software Engineer
https://jobs.lever.co/reorgresearch/5c3333d4-db22-4233-b6cc-03b88f9a5c5f?lever-via=gozPBhAQBk
New York, NY
*********************************************
HTTP Error 404: Not Found
Reorg Research - Software Engineer
https://jobs.lever.co/reorgresearch/5c3333d4-db22-4233-b6cc-03b88f9a5c5f/apply
New York, NY
*********************************************
Reorg Research
https://jobs.lever.co/reorgresearch

## slept ##
Error INVALID_REQUEST
Query: https://maps.google.com/maps/api/geocode/json?address=&sensor=false&bounds=&region=&language=&components=
*********************************************
Reorg Research
https://jobs.lever.co/reorgresearch?by=commitment

## slept ##
Error INVALID_REQUEST
Query: https://maps.google.com/maps/api/geocode/json?address=&sensor=false&bounds=&region=&language=&components=
*********************************************
Reorg Research - Lever
https://jobs.lever.co/reorgresearch?by=location

## slept ##
Error INVALID_REQUEST
Query: https://maps.google.com/maps/api/geocode/json?address=&sensor=false&bounds=&region=&language=&components=
*********************************************
Reorg Research - Lever
https://jobs.lever.co/reorgresearch?commitment=Full-time

## slept ##
Error INVALID_REQUEST
Query: https://maps.google.com/maps/api/geocode/json?address=&sensor=false&bounds=&region=&language=&components=
*********************************************
Reorg Research - Lever
https://jobs.lever.co/reorgresearch?by=commitment&team=Technology

## slept ##
Error INVALID_REQUEST
Query: https://maps.google.com/maps/api/geocode/json?address=&sensor=false&bounds=&region=&language=&components=
*********************************************
7
*********************************************
Reputation.com - Frontend Engineer
https://jobs.lever.co/reputation/08b3d889-2785-46c0-ad81-c9ad3b667918
Redwood City, CA
*********************************************
Reputation.com - Senior Backend Engineer
https://jobs.lever.co/reputation/bd884c3a-9b51-4bae-a143-1d0d6d7fa23d
Tempe, AZ
*********************************************
Reputation.com - QA Engineer (SDET)
https://jobs.lever.co/reputation/cd2b5fb2-ce5f-4a3f-b692-12f7a8eaa371
Hyderabad, India
*********************************************
Reputation.com - DevOps Monitoring Engineer
https://jobs.lever.co/reputation/9e4cf278-743c-4113-a7e4-612e797ef48d
Hyderabad, India
*********************************************
Reputation.com - Production Support Engineer
https://jobs.lever.co/reputation/7ae1f527-89b5-4c10-a6aa-6633e42fb3d8
Hyderabad, India
## slept ##
*********************************************
Reputation.com - Junior Backend Engineer
https://jobs.lever.co/reputation/fc0df496-645a-4a38-8f5d-e472df511520/apply
Redwood City, CA
*********************************************
Reputation.com
https://jobs.lever.co/reputation

## slept ##
Error INVALID_REQUEST
Query: https://maps.google.com/maps/api/geocode/json?address=&sensor=false&bounds=&region=&language=&components=
*********************************************
Reputation.com
https://jobs.lever.co/reputation?location=Hyderabad%2C%20India

## slept ##
Error INVALID_REQUEST
Query: https://maps.google.com/maps/api/geocode/json?address=&sensor=false&bounds=&region=&language=&components=
*********************************************
Reputation.com - VP, Engineering
https://jobs.lever.co/reputation/6c47196f-48a8-4b8c-97d3-baff01acacc6
Redwood City, CA
*********************************************
Redwood City, CA
https://jobs.lever.co/reputation?by=location&location=Redwood%20City%2C%20CA

## slept ##
Error INVALID_REQUEST
Query: https://maps.google.com/maps/api/geocode/json?address=&sensor=false&bounds=&region=&language=&components=
*********************************************
Reputation.com - Director of Engineering
https://jobs.lever.co/reputation/da0d929c-4d78-4bb8-a3a1-f64bf0a502ab
Redwood City, CA
*********************************************
Reputation.com - Software Engineering Intern (4 Openings)
https://jobs.lever.co/reputation/63ad830a-7d8d-43e3-a119-d235b549b8a9
Tempe, AZ
*********************************************
Reputation.com - Software Architect
https://jobs.lever.co/reputation/36ac99ab-839c-4f09-bd7f-49217e0bc495
Hyderabad, India
*********************************************
Reputation.com - Senior Product Manager
https://jobs.lever.co/reputation/3b746576-b401-4b20-8fcf-dedd2c07ce82
Redwood City, CA
*********************************************
Reputation.com - Customer Success Manager, Enterprise
https://jobs.lever.co/reputation/124c8db1-0b95-4f36-a29f-fb35b31647b3
Tempe, AZ
*********************************************
Reputation.com - UI Architect
https://jobs.lever.co/reputation/886745dd-ee23-4be5-b6f7-c7ba03ee7519
Redwood City, CA
*********************************************
Reputation.com - Customer Success Manager - Automotive
https://jobs.lever.co/reputation/c3e2e1cf-f976-494b-8e8b-fa07e248c11d
Tempe, AZ
*********************************************
Reputation.com - Data Scientist
https://jobs.lever.co/reputation/a1d01b24-e766-4aac-b874-5141f0243f03
Redwood City, CA
*********************************************
Reputation.com - Java Technical Lead
https://jobs.lever.co/reputation/e8af5638-290a-407f-8cd8-2680739f7b18
Hyderabad, India
*********************************************
19
*********************************************
Research Innovations - Big Data Engineer
https://jobs.lever.co/researchinnovations.com/8e78df33-f0c9-4ddd-bb20-30cf26ca6801
Alexandria, VA
*********************************************
Research Innovations - DevOps Engineer
https://jobs.lever.co/researchinnovations.com/f50560ee-05ac-4c0d-8bd3-fc38c4679778
Alexandria, VA
*********************************************
Research Innovations - Test Engineer (Android/Web)
https://jobs.lever.co/researchinnovations.com/9eeb9c7d-f170-418d-8ba2-cbb523bc0cd6
Alexandria, VA
*********************************************
Research Innovations - Software Engineer in Test
https://jobs.lever.co/researchinnovations.com/12e05bb5-99f8-4537-a136-736084bba330
Alexandria, VA
*********************************************
Research Innovations - Information Assurance/Cyber Security ...
https://jobs.lever.co/researchinnovations.com/c2dff19c-528e-4145-9633-7f0663b98486
Alexandria, VA
*********************************************
Research Innovations
https://jobs.lever.co/researchinnovations.com

## slept ##
Error INVALID_REQUEST
Query: https://maps.google.com/maps/api/geocode/json?address=&sensor=false&bounds=&region=&language=&components=
*********************************************
Research Innovations - Android Developer
https://jobs.lever.co/researchinnovations.com/2a6d5500-dd4e-471a-ac34-f8ef847e20f9
Alexandria, VA
*********************************************
Research Innovations - User Experience Specialist
https://jobs.lever.co/researchinnovations.com/54dec6f7-b75a-4ae1-857e-2c12512d2576
Alexandria, VA
*********************************************
Research Innovations - Technical Recruiter
https://jobs.lever.co/researchinnovations.com/094a2420-eeea-4f41-9959-c18680d788ab
Alexandria, VA
*********************************************
Research Innovations - Combatant Command Integration Lead
https://jobs.lever.co/researchinnovations.com/f18f3c8d-4eb1-4a1d-a1a2-8709031dbca6
Various
*********************************************
10
*********************************************
Respawn - Senior Software Engineer - Gameplay
https://jobs.lever.co/respawn/7f40619b-1fc3-46a6-94b8-01793a02a715?lever-source=stackshare.io/match
Chatsworth
*********************************************
Respawn - Senior Software Engineer - Generalist
https://jobs.lever.co/respawn/aea04081-4663-45f3-b0e7-959803f807f0/apply
Chatsworth
*********************************************
Respawn - Senior Software Engineer - Tools Programmer
https://jobs.lever.co/respawn/f8c17ee9-02f4-49a3-834c-2c8df0174d96
Chatsworth
*********************************************
Respawn - Software Engineer - UI Programmer
https://jobs.lever.co/respawn/55e0b285-1ce0-42f8-bc10-717177643375
Chatsworth
*********************************************
Respawn
https://jobs.lever.co/respawn

## slept ##
Error INVALID_REQUEST
Query: https://maps.google.com/maps/api/geocode/json?address=&sensor=false&bounds=&region=&language=&components=
*********************************************
Respawn
https://jobs.lever.co/respawn?by=commitment&location=Chatsworth

## slept ##
Error INVALID_REQUEST
Query: https://maps.google.com/maps/api/geocode/json?address=&sensor=false&bounds=&region=&language=&components=
*********************************************
Respawn
https://jobs.lever.co/respawn?commitment=Star%20Wars%20Team

## slept ##
Error INVALID_REQUEST
Query: https://maps.google.com/maps/api/geocode/json?address=&sensor=false&bounds=&region=&language=&components=
*********************************************
HTTP Error 404: Not Found
Respawn - Dialogue Lead
https://jobs.lever.co/respawn/10ceabd6-0bbf-4c08-8ddf-a3a9234dccb6
Chatsworth
*********************************************
Respawn - Design Scripter
https://jobs.lever.co/respawn/a34ba5ab-747d-45e0-b499-81c49cea26c8
Chatsworth
*********************************************
9
*********************************************
Resultados Digitais - Front End Engineer
https://jobs.lever.co/resultadosdigitais/57bbb8b2-7db2-4eaf-adbe-dae5fe6cc273
Florianopolis, Santa Catarina, Brazil
*********************************************
Resultados Digitais - Software QA Engineer - Lever
https://jobs.lever.co/resultadosdigitais/8821c07c-72fe-4df7-9550-b820d682c3bd/apply
Florianopolis, Santa Catarina, Brazil
*********************************************
Resultados Digitais
https://jobs.lever.co/resultadosdigitais/

## slept ##
Error INVALID_REQUEST
Query: https://maps.google.com/maps/api/geocode/json?address=&sensor=false&bounds=&region=&language=&components=
*********************************************
Resultados Digitais - Lever
https://jobs.lever.co/resultadosdigitais?team=Produto%20%26%20Engenharia

## slept ##
Error INVALID_REQUEST
Query: https://maps.google.com/maps/api/geocode/json?address=&sensor=false&bounds=&region=&language=&components=
*********************************************
4
*********************************************
RetailMeNot - Software Engineer II
https://jobs.lever.co/retailmenot/b28e2238-ff99-4ffe-b3c7-226c7d845430
Austin, Texas
*********************************************
RetailMeNot - Senior Quality Engineer
https://jobs.lever.co/retailmenot/6cd66e9d-187b-4b56-bf42-2444d61e2738
Austin, Texas
*********************************************
RetailMeNot - Software Engineer II
https://jobs.lever.co/retailmenot/9c9def25-0d81-4b19-a3cc-fc8d32249892
Austin, Texas
*********************************************
RetailMeNot - Staff iOS Software Engineer
https://jobs.lever.co/retailmenot/39925e5f-4e1f-4047-902c-49b7165f9902
Austin, Texas
*********************************************
HTTP Error 404: Not Found
RetailMeNot - Staff Software Engineer, Backend
https://jobs.lever.co/retailmenot/31122083-8d3b-4003-8437-d4393a5eaee2
Austin, Texas
*********************************************
RetailMeNot - Software Engineer II
https://jobs.lever.co/retailmenot/b28e2238-ff99-4ffe-b3c7-226c7d845430/apply
Austin, Texas
*********************************************
HTTP Error 404: Not Found
RetailMeNot - IT Support Engineer
https://jobs.lever.co/retailmenot/85823aa3-aa0f-4755-8563-ab4d6be252ae
Phoenix, Arizona
## slept ##
*********************************************
RetailMeNot
https://jobs.lever.co/retailmenot?department=Engineering

## slept ##
Error INVALID_REQUEST
Query: https://maps.google.com/maps/api/geocode/json?address=&sensor=false&bounds=&region=&language=&components=
*********************************************
RetailMeNot
https://jobs.lever.co/retailmenot

## slept ##
Error INVALID_REQUEST
Query: https://maps.google.com/maps/api/geocode/json?address=&sensor=false&bounds=&region=&language=&components=
*********************************************
HTTP Error 404: Not Found
RetailMeNot - Software Engineering Manager
https://jobs.lever.co/retailmenot/81255b79-a147-4386-8e17-201e34a960b6
Austin, Texas
*********************************************
RetailMeNot - Product Manager, Rewards
https://jobs.lever.co/retailmenot/a9e1c823-059b-40a6-96b8-411502e6a216
Austin, Texas
*********************************************
RetailMeNot - Senior Product Manager
https://jobs.lever.co/retailmenot/0cb9c06a-ef85-4008-b02a-e51f9af8c8d0
Austin, Texas
*********************************************
RetailMeNot - Lead Data Scientist
https://jobs.lever.co/retailmenot/d17193fd-14a1-45ca-8628-3369ce7c11f3
Austin, Texas
*********************************************
RetailMeNot - Associate Product Manager
https://jobs.lever.co/retailmenot/9f061092-6dcb-4109-942f-88cdeff04fb4
Austin, Texas
*********************************************
RetailMeNot - UX Designer
https://jobs.lever.co/retailmenot/09a6147d-d805-4a28-9a5d-20427c560ad7
London, United Kingdom
*********************************************
RetailMeNot
https://jobs.lever.co/retailmenot?commitment=FT

## slept ##
Error INVALID_REQUEST
Query: https://maps.google.com/maps/api/geocode/json?address=&sensor=false&bounds=&region=&language=&components=
*********************************************
RetailMeNot - Product Manager
https://jobs.lever.co/retailmenot/5d6502af-8b8c-462f-9922-5fb604eb6ea2
London, United Kingdom
*********************************************
RetailMeNot - Programmatic Media Specialist
https://jobs.lever.co/retailmenot/1e9afa95-6961-4752-a4d8-ec46fb15fc86
Austin, Texas
*********************************************
HTTP Error 404: Not Found
RetailMeNot - Analyst, Business Analytics
https://jobs.lever.co/retailmenot/f9cd914b-e73b-4110-9615-63682e20424e
Austin, Texas
*********************************************
RetailMeNot - Compensation Manager
https://jobs.lever.co/retailmenot/3d63a62b-d578-4cf0-b1c7-e2dc6508130c
Austin, Texas
*********************************************
HTTP Error 404: Not Found
RetailMeNot - Senior Recruiter (Contract)
https://jobs.lever.co/retailmenot/1f758586-34b2-45c4-a31d-af32d2a83c05
Austin, Texas
*********************************************
21
*********************************************
Returnly - Senior QA Engineer
https://jobs.lever.co/returnly/59214e14-752e-4c7c-a26b-fddbe95c1558
SF Bay Area
*********************************************
Returnly - Java Backend Engineer
https://jobs.lever.co/returnly/02b0e78c-f57b-40ef-821c-51553ac3006c
SF Bay Area
*********************************************
Returnly - Full Stack Engineer
https://jobs.lever.co/returnly/cd40af55-13f5-43e1-b752-15555a8e9b0e
SF Bay Area
*********************************************
Returnly - Senior QA Engineer
https://jobs.lever.co/returnly/59214e14-752e-4c7c-a26b-fddbe95c1558/apply
SF Bay Area
*********************************************
Returnly
https://jobs.lever.co/returnly

## slept ##
Error INVALID_REQUEST
Query: https://maps.google.com/maps/api/geocode/json?address=&sensor=false&bounds=&region=&language=&components=
*********************************************
Returnly
https://jobs.lever.co/returnly?team=Engineering

## slept ##
Error INVALID_REQUEST
Query: https://maps.google.com/maps/api/geocode/json?address=&sensor=false&bounds=&region=&language=&components=
*********************************************
HTTP Error 404: Not Found
Returnly - Product Designer
https://jobs.lever.co/returnly/7c26efe9-5e80-44ad-9529-d67426dd519a
SF Bay Area
*********************************************
Returnly - Account Executive
https://jobs.lever.co/returnly/383803dd-4923-471f-8115-91dcd21b5386
SF Bay Area
*********************************************
8
*********************************************
