Twitch - Senior Software Engineer
https://jobs.lever.co/twitch/c795ef2d-2621-4383-8aa1-c85c8750bfa2
San Francisco, CA
*********************************************
Twitch - Senior Software Engineer - Internationalization
https://jobs.lever.co/twitch/061a5dd7-bd54-4a06-8f62-6b44f5a19bfc
Irvine, CA
local
*********************************************
Twitch - Senior Software Engineer - Infrastructure
https://jobs.lever.co/twitch/786045c4-5534-4d97-b04a-74771f6856bb
San Francisco, CA
*********************************************
Twitch - Senior Software Engineer - Video CDN
https://jobs.lever.co/twitch/2fae3239-fe4d-4582-bfdf-7d43727853d3
San Francisco, CA
*********************************************
Twitch - Senior Software Engineer - VOD
https://jobs.lever.co/twitch/58d343d0-4aa6-4516-84c2-c542f68b649a
San Francisco, CA
*********************************************
Twitch - Senior Software Engineer - Global Infrastructure
https://jobs.lever.co/twitch/7204c413-9e6b-449f-9536-39aaa75c0c78
San Francisco, CA
*********************************************
Twitch - Software Engineer - Tools & Automation
https://jobs.lever.co/twitch/fb787bb2-c616-4d63-94ef-a96ac7f86b79
San Francisco, CA
*********************************************
Twitch - Senior Network Software Engineer
https://jobs.lever.co/twitch/e8915dbe-817e-4aec-af61-01088eb4867f
San Francisco, CA
*********************************************
Twitch - Senior Software Engineer - Identity
https://jobs.lever.co/twitch/9ef94e2c-40db-4cff-aa5a-5b7c5e9bf230
San Francisco, CA
*********************************************
Twitch - Senior Software Engineer - Commerce
https://jobs.lever.co/twitch/4a42f57e-12a0-4707-b4c0-c5f1938e68cf
Seattle, WA
*********************************************
Twitch - Senior Software Engineer - Payments
https://jobs.lever.co/twitch/88db8123-cd6b-437e-aabf-7acec6df54d7
San Francisco, CA
*********************************************
Twitch - Senior Software Engineer - Video Client
https://jobs.lever.co/twitch/9625abc3-a52d-4af0-b482-af57aa4e18fc
San Francisco, CA
*********************************************
Twitch - Senior Software Engineer - Bits
https://jobs.lever.co/twitch/ebad0f08-c9b4-4b52-bfa1-78edd6aa136b
Seattle, WA
*********************************************
Twitch - Frontend Software Engineer - Store
https://jobs.lever.co/twitch/0ee71b6e-bb91-47b9-8d28-4d3df21c09a9
Seattle, WA
*********************************************
Twitch - Senior Software Engineer - Twitch Crates
https://jobs.lever.co/twitch/4a17fcc9-b8da-4716-9e34-78663265b4f9
Seattle, WA
*********************************************
Twitch - Senior Software Engineer - Identity
https://jobs.lever.co/twitch/9ef94e2c-40db-4cff-aa5a-5b7c5e9bf230/apply
San Francisco, CA
survey
____________________________________________________________
*********************************************
HTTP Error 404: Not Found
Twitch - Senior Software Engineer - Subscriptions
https://jobs.lever.co/twitch/4d961614-d40d-4c70-b6cb-246a540901d4
San Francisco, CA
*********************************************
Twitch - Senior Software Engineer - Discovery
https://jobs.lever.co/twitch/4ca38bac-3695-4504-ac6d-cea7cdbd0a85
San Francisco, CA
*********************************************
Twitch - Senior Software Engineer - Store
https://jobs.lever.co/twitch/6b7d7126-c77f-49c8-8ded-f19dce3c13aa
Seattle, WA
*********************************************
Twitch - Software Engineer - Console Apps
https://jobs.lever.co/twitch/a0a99d06-bd2a-4ea1-8df1-f2d3705c7c6b
San Francisco, CA
*********************************************
Twitch - Senior Software Engineer - Video Player
https://jobs.lever.co/twitch/65b04ed0-7b51-4be5-b81f-17a2d794a381
San Francisco, CA
*********************************************
Twitch - Senior Software Engineer - Social Products
https://jobs.lever.co/twitch/cc6d80b0-93a4-4e59-bb25-3377e4a90413
San Francisco, CA
*********************************************
Twitch - Staff Software Engineer in Test
https://jobs.lever.co/twitch/62c5b544-93ec-4c8e-b7ef-6e27dc7a7688/apply
San Francisco, CA
survey
____________________________________________________________
*********************************************
Twitch - Software Engineer - Social Products
https://jobs.lever.co/twitch/e7d578a7-bc4d-4a0c-bca7-b75ddf3598fa
San Francisco, CA
*********************************************
HTTP Error 404: Not Found
Twitch - Senior Software Engineer - Commerce
https://jobs.lever.co/twitch/4a42f57e-12a0-4707-b4c0-c5f1938e68cf/apply
Seattle, WA
survey
____________________________________________________________
*********************************************
HTTP Error 404: Not Found
HTTP Error 404: Not Found
Twitch - Software Engineer - Data
https://jobs.lever.co/twitch/889401a7-d917-4947-97d7-8a2d2e2fd430/apply?lever-source=themuse
San Francisco, CA
survey
____________________________________________________________
*********************************************
Twitch - Senior Quality Engineer - Core Payments
https://jobs.lever.co/twitch/8da109ec-2bdb-4f62-802d-f5c1914f3f31
San Francisco, CA
partner 
*********************************************
Twitch - iOS Engineer
https://jobs.lever.co/twitch/5777f110-4e1f-4dbd-85dc-219187e9caae

## slept ##
Error INVALID_REQUEST
Query: https://maps.google.com/maps/api/geocode/json?address=&sensor=false&bounds=&region=&language=&components=
*********************************************
Twitch
https://jobs.lever.co/twitch

## slept ##
Error INVALID_REQUEST
Query: https://maps.google.com/maps/api/geocode/json?address=&sensor=false&bounds=&region=&language=&components=
Filter by:
*********************************************
Twitch - Senior iOS Engineer
https://jobs.lever.co/twitch/1a5a24ed-4bed-43f4-8774-195bf28f0cbd

## slept ##
Error INVALID_REQUEST
Query: https://maps.google.com/maps/api/geocode/json?address=&sensor=false&bounds=&region=&language=&components=
*********************************************
Twitch - Distributed Systems Engineer
https://jobs.lever.co/twitch/8929e219-138d-473c-8acd-4fcc3e01fc0a
San Francisco, CA
*********************************************
Twitch
https://jobs.lever.co/twitch?by=location

## slept ##
Error INVALID_REQUEST
Query: https://maps.google.com/maps/api/geocode/json?address=&sensor=false&bounds=&region=&language=&components=
Filter by:
*********************************************
Twitch
https://jobs.lever.co/twitch?by=location&location=San%20Francisco%2C%20CA

## slept ##
Error INVALID_REQUEST
Query: https://maps.google.com/maps/api/geocode/json?address=&sensor=false&bounds=&region=&language=&components=
Filter by:
*********************************************
Twitch - Engineering Manager - Mobile
https://jobs.lever.co/twitch/0bfcaf1e-0059-4ed6-b9a7-644a205dad55
San Francisco, CA
*********************************************
Twitch - IT Support Engineer
https://jobs.lever.co/twitch/3c9d03da-50b2-452e-9b85-b81760987f81
San Francisco, CA
local
*********************************************
Twitch - Senior Director of Engineering - Payments Platform
https://jobs.lever.co/twitch/beef5266-833a-4570-8a7c-79101ad558b3
San Francisco, CA
local
weekly
*********************************************
Twitch
https://jobs.lever.co/twitch?location=Irvine%2C%20CA

## slept ##
Error INVALID_REQUEST
Query: https://maps.google.com/maps/api/geocode/json?address=&sensor=false&bounds=&region=&language=&components=
Filter by:
*********************************************
Twitch
https://jobs.lever.co/twitch?by=location&location=Irvine%2C%20CA

## slept ##
Error INVALID_REQUEST
Query: https://maps.google.com/maps/api/geocode/json?address=&sensor=false&bounds=&region=&language=&components=
Filter by:
*********************************************
Twitch - Frontend Engineer - Twitch Crates
https://jobs.lever.co/twitch/7f6218d3-ca90-4daf-abfe-cd693a5ad76b
Seattle, WA
*********************************************
Twitch - Senior DevOps Engineer - Extensions
https://jobs.lever.co/twitch/aad8df8f-9b94-4141-8805-0e9eeae5c08c
San Francisco, CA
*********************************************
Twitch - Senior Backend Engineer - Live Video Product
https://jobs.lever.co/twitch/507f1c1d-aa19-4148-86cd-edf72a3a15ea
San Francisco, CA
*********************************************
Twitch - Software Development Manager - Game Commerce
https://jobs.lever.co/twitch/d253d6be-f921-4b2c-8059-e0ad45090a62
Seattle, WA
*********************************************
Twitch - Application Security Engineer
https://jobs.lever.co/twitch/f2537fe4-6c4e-4f22-a002-4455dda80675
San Francisco, CA
local
*********************************************
Twitch - Developer Marketing Manager - Events and Community
https://jobs.lever.co/twitch/91938768-cbe6-4b83-aa3c-4dfcd3a30351
San Francisco, CA
marketing
partner 
*********************************************
Twitch - Senior UX Designer - Games Commerce
https://jobs.lever.co/twitch/0097ec3a-9863-4771-8001-24022b058536
Seattle, WA
*********************************************
Twitch - Technical Program Manager - Associates
https://jobs.lever.co/twitch/effc0e76-15be-423c-a836-7fc50dba2913
Seattle, WA
*********************************************
HTTP Error 404: Not Found
31
*********************************************
