Scoot - Senior Full Stack Software Engineer
https://jobs.lever.co/scoot/65eeaf96-88c7-4485-afee-cff43c79ee7f
San Francisco, CA
## slept ##
Error OVER_QUERY_LIMIT
Query: https://maps.google.com/maps/api/geocode/json?address=San+Francisco%2C+CA&sensor=false&bounds=&region=&language=&components=
equity
*********************************************
Scoot - Senior Full Stack Software Engineer
https://jobs.lever.co/scoot/65eeaf96-88c7-4485-afee-cff43c79ee7f/apply
San Francisco, CA
____________________________________________________________
*********************************************
Scoot
https://jobs.lever.co/scoot

## slept ##
Error INVALID_REQUEST
Query: https://maps.google.com/maps/api/geocode/json?address=&sensor=false&bounds=&region=&language=&components=
Filter by:
*********************************************
Scoot - Lever
https://jobs.lever.co/scoot?by=commitment

## slept ##
Error INVALID_REQUEST
Query: https://maps.google.com/maps/api/geocode/json?address=&sensor=false&bounds=&region=&language=&components=
Filter by:
*********************************************
Scoot
https://jobs.lever.co/scoot?team=Tech%20Team

## slept ##
Error INVALID_REQUEST
Query: https://maps.google.com/maps/api/geocode/json?address=&sensor=false&bounds=&region=&language=&components=
Filter by:
*********************************************
Scoot - Lever
https://jobs.lever.co/scoot?commitment=Full-time

## slept ##
Error INVALID_REQUEST
Query: https://maps.google.com/maps/api/geocode/json?address=&sensor=false&bounds=&region=&language=&components=
Filter by:
*********************************************
Scoot - VP People Ops
https://jobs.lever.co/scoot/13cbabfa-16ad-46e5-aab8-bcf5c804f377
San Francisco, CA
equity
*********************************************
0
*********************************************
Adaptly - Software Engineer - Full Stack
https://jobs.lever.co/adaptly/ebcf5b22-69ba-4090-90c9-2985e3cd9ccf/apply
New York, NY
survey
____________________________________________________________
*********************************************
Adaptly - DevOps Engineer
https://jobs.lever.co/adaptly/507159ba-c602-45ed-b375-8ee833317ba4
New York, NY
## slept ##
*********************************************
Adaptly - Lever
https://jobs.lever.co/adaptly?by=location

## slept ##
Error INVALID_REQUEST
Query: https://maps.google.com/maps/api/geocode/json?address=&sensor=false&bounds=&region=&language=&components=
Filter by:
*********************************************
Adaptly
https://jobs.lever.co/adaptly

## slept ##
Error INVALID_REQUEST
Query: https://maps.google.com/maps/api/geocode/json?address=&sensor=false&bounds=&region=&language=&components=
Filter by:
*********************************************
1
*********************************************
PatientPing - Front End Software Engineer
https://jobs.lever.co/patientping.com/e12e27f3-e72f-43c7-b2fa-99be985c289e
Boston, MA
## slept ##
equity
*********************************************
PatientPing - Full Stack Software Engineer
https://jobs.lever.co/patientping.com/46fa61ae-2b46-476f-bc32-5013e751e6b6
Boston, MA
equity
*********************************************
PatientPing - Front End Software Engineer
https://jobs.lever.co/patientping.com/e12e27f3-e72f-43c7-b2fa-99be985c289e/apply
Boston, MA
____________________________________________________________
*********************************************
PatientPing - Full Stack Software Engineer
https://jobs.lever.co/patientping.com/46fa61ae-2b46-476f-bc32-5013e751e6b6/apply
Boston, MA
____________________________________________________________
*********************************************
PatientPing - Site Reliability Engineer
https://jobs.lever.co/patientping.com/d1fc3235-19d6-4641-893c-8ba9e2a0cccc
Boston, MA
## slept ##
equity
*********************************************
0
*********************************************
Lumosity - Senior Software Engineer - Rails
https://jobs.lever.co/lumosity/49a3bb01-fb45-4840-92df-fc20949168b0/apply
San Francisco
## slept ##
____________________________________________________________
*********************************************
Lumosity - Senior Software Engineer - Web
https://jobs.lever.co/lumosity/49a3bb01-fb45-4840-92df-fc20949168b0
San Francisco
## slept ##
Error OVER_QUERY_LIMIT
Query: https://maps.google.com/maps/api/geocode/json?address=San+Francisco&sensor=false&bounds=&region=&language=&components=
*********************************************
Lumosity - Game Designer + Software Engineer
https://jobs.lever.co/lumosity/3d099c81-3bae-4c07-a8a1-b4bd35167072
San Francisco
*********************************************
Lumosity
https://jobs.lever.co/lumosity?by=team&commitment=Full-time

## slept ##
Error INVALID_REQUEST
Query: https://maps.google.com/maps/api/geocode/json?address=&sensor=false&bounds=&region=&language=&components=
Filter by:
*********************************************
Lumosity
https://jobs.lever.co/lumosity

## slept ##
Error INVALID_REQUEST
Query: https://maps.google.com/maps/api/geocode/json?address=&sensor=false&bounds=&region=&language=&components=
Filter by:
*********************************************
Lumosity - iOS Engineer
https://jobs.lever.co/lumosity/c8563725-5d7c-4db1-8aef-8821297d1e99
San Francisco
*********************************************
Lumosity - QA Engineer
https://jobs.lever.co/lumosity/15960bf9-b785-4491-905d-335fff55a87b
San Francisco
## slept ##
Error OVER_QUERY_LIMIT
Query: https://maps.google.com/maps/api/geocode/json?address=San+Francisco&sensor=false&bounds=&region=&language=&components=
weekly
*********************************************
Lumosity - Android Engineer
https://jobs.lever.co/lumosity/7f51ab79-fa85-4cca-b325-cd22c010cb50
San Francisco
*********************************************
Lumosity - Senior Data Scientist
https://jobs.lever.co/lumosity/7fd2e46d-8c39-4840-8059-c7a628979963
San Francisco
marketing
*********************************************
4
*********************************************
Loggi - Back-End Software Engineer
https://jobs.lever.co/loggi/2fd42aa8-3044-474d-b146-5230b449be9a
São Paulo, Brasil
*********************************************
Loggi - Data Engineer
https://jobs.lever.co/loggi/10c6842c-3679-4c0d-bb9e-a4e23a21d0e2
São Paulo, Brasil
## slept ##
Error OVER_QUERY_LIMIT
Query: https://maps.google.com/maps/api/geocode/json?address=S%C3%A3o+Paulo%2C+Brasil&sensor=false&bounds=&region=&language=&components=
*********************************************
Loggi - Back-End Software Engineer
https://jobs.lever.co/loggi/2fd42aa8-3044-474d-b146-5230b449be9a/apply
São Paulo, Brasil
____________________________________________________________
*********************************************
Loggi
https://jobs.lever.co/loggi/

## slept ##
Error INVALID_REQUEST
Query: https://maps.google.com/maps/api/geocode/json?address=&sensor=false&bounds=&region=&language=&components=
Filter by:
*********************************************
Loggi - Lever
https://jobs.lever.co/loggi/?team=Engineering

## slept ##
Error INVALID_REQUEST
Query: https://maps.google.com/maps/api/geocode/json?address=&sensor=false&bounds=&region=&language=&components=
Filter by:
*********************************************
Loggi
https://jobs.lever.co/loggi?location=S%C3%A3o%20Paulo%2C%20Brasil

## slept ##
Error INVALID_REQUEST
Query: https://maps.google.com/maps/api/geocode/json?address=&sensor=false&bounds=&region=&language=&components=
Filter by:
*********************************************
Loggi
https://jobs.lever.co/loggi?by=location

## slept ##
Error INVALID_REQUEST
Query: https://maps.google.com/maps/api/geocode/json?address=&sensor=false&bounds=&region=&language=&components=
Filter by:
*********************************************
Loggi - Lever
https://jobs.lever.co/loggi?by=team&location=S%C3%A3o%20Paulo%2C%20Brasil

## slept ##
Error INVALID_REQUEST
Query: https://maps.google.com/maps/api/geocode/json?address=&sensor=false&bounds=&region=&language=&components=
Filter by:
*********************************************
Loggi - Lever
https://jobs.lever.co/loggi/?commitment=Full-time

## slept ##
Error INVALID_REQUEST
Query: https://maps.google.com/maps/api/geocode/json?address=&sensor=false&bounds=&region=&language=&components=
Filter by:
*********************************************
Loggi - Lever
https://jobs.lever.co/loggi?by=commitment

## slept ##
Error INVALID_REQUEST
Query: https://maps.google.com/maps/api/geocode/json?address=&sensor=false&bounds=&region=&language=&components=
Filter by:
*********************************************
2
*********************************************
Canva - Java Software Engineer
https://jobs.lever.co/canva/82736406-04f0-4375-aa69-1c02b39d4138
Sydney
equity
*********************************************
Canva - Java Software Engineer
https://jobs.lever.co/canva/82736406-04f0-4375-aa69-1c02b39d4138/apply
Sydney
____________________________________________________________
*********************************************
Canva - Frontend Engineer
https://jobs.lever.co/canva/3f8de580-e99b-4cb2-8d31-8f49d37d11d8
Sydney
equity
*********************************************
Canva - Test Automation Engineer
https://jobs.lever.co/canva/2d81e3f8-b7e6-4ba9-ae9f-f11cf47b35a0
Manila
## slept ##
equity
*********************************************
Canva - Android Engineer
https://jobs.lever.co/canva/7a08339a-4b0a-4fe0-a73f-43111c6776bd
Sydney
## slept ##
equity
*********************************************
Canva - iOS Engineer
https://jobs.lever.co/canva/737401d6-b4c1-46aa-bbce-cf4a1f933188
Sydney
equity
*********************************************
Canva - PHP Backend Engineer (Sydney)
https://jobs.lever.co/canva/e891a62a-c59e-428f-9ce5-ad2f04e76681
Sydney
technical support
marketing
equity
*********************************************
Canva
https://jobs.lever.co/canva

## slept ##
Error INVALID_REQUEST
Query: https://maps.google.com/maps/api/geocode/json?address=&sensor=false&bounds=&region=&language=&components=
Filter by:
*********************************************
Canva
https://jobs.lever.co/canva?by=team

## slept ##
Error INVALID_REQUEST
Query: https://maps.google.com/maps/api/geocode/json?address=&sensor=false&bounds=&region=&language=&components=
Filter by:
*********************************************
Canva - Product Analytics Lead
https://jobs.lever.co/canva/a09f5308-dd44-4eb4-987b-4f833306eda7
Sydney
*********************************************
1
*********************************************
R3 - Software Engineer
https://jobs.lever.co/r3.com/2f955938-4029-4396-a29b-afa9d10abbd5
London
## slept ##
*********************************************
R3 - Software Engineer - Corda Applications
https://jobs.lever.co/r3.com/0b5c9f24-c6b8-4853-8d3d-77138c4ef573
Sao Paolo
## slept ##
Error OVER_QUERY_LIMIT
Query: https://maps.google.com/maps/api/geocode/json?address=Sao+Paolo&sensor=false&bounds=&region=&language=&components=
*********************************************
R3 - Software Engineer
https://jobs.lever.co/r3.com/2f955938-4029-4396-a29b-afa9d10abbd5/apply
London
## slept ##
____________________________________________________________
*********************************************
HTTP Error 404: Not Found
R3 - Software Engineer - Corda Applications
https://jobs.lever.co/r3.com/5bebc32b-4bbe-463f-a909-d80121c7f77f/apply
Korea
____________________________________________________________
*********************************************
R3 - Software Engineer - Corda Applications
https://jobs.lever.co/r3.com/0b5c9f24-c6b8-4853-8d3d-77138c4ef573/apply
Sao Paolo
## slept ##
Error OVER_QUERY_LIMIT
Query: https://maps.google.com/maps/api/geocode/json?address=Sao+Paolo&sensor=false&bounds=&region=&language=&components=
____________________________________________________________
*********************************************
R3
https://jobs.lever.co/r3.com

## slept ##
Error INVALID_REQUEST
Query: https://maps.google.com/maps/api/geocode/json?address=&sensor=false&bounds=&region=&language=&components=
Filter by:
*********************************************
R3
https://jobs.lever.co/r3.com?team=Platform

## slept ##
Error INVALID_REQUEST
Query: https://maps.google.com/maps/api/geocode/json?address=&sensor=false&bounds=&region=&language=&components=
Filter by:
*********************************************
R3 - Senior Tester
https://jobs.lever.co/r3.com/ab897b88-fc2e-4be4-86a2-57460f3ddcbf
London
*********************************************
R3 - Platform Delivery Manager
https://jobs.lever.co/r3.com/b6db96b6-c35e-4a9e-9b62-5e2713c54e61
London
local
*********************************************
R3 - Support Developer
https://jobs.lever.co/r3.com/8410367f-b0ff-4086-9c87-08332a43b37d
London
technical support
customer service
local
*********************************************
R3 - Network Infrastructure Engineer
https://jobs.lever.co/r3.com/75e844cd-f572-4cb0-b09d-8867ac1bd8af
London
local
*********************************************
3
*********************************************
BlueLabs - Software Engineer
https://jobs.lever.co/bluelabs/9876507b-258b-456f-b3a4-243170a8f549
Washington DC
## slept ##
Error OVER_QUERY_LIMIT
Query: https://maps.google.com/maps/api/geocode/json?address=Washington+DC&sensor=false&bounds=&region=&language=&components=
*********************************************
BlueLabs - Software Engineer
https://jobs.lever.co/bluelabs/9876507b-258b-456f-b3a4-243170a8f549/apply
Washington DC
survey
____________________________________________________________
*********************************************
BlueLabs
https://jobs.lever.co/bluelabs

## slept ##
Error INVALID_REQUEST
Query: https://maps.google.com/maps/api/geocode/json?address=&sensor=false&bounds=&region=&language=&components=
Filter by:
*********************************************
BlueLabs - DevOps Engineer
https://jobs.lever.co/bluelabs/d2556534-133c-409e-885c-3eda32f3569b
Washington DC
*********************************************
BlueLabs - Lever
https://jobs.lever.co/bluelabs?team=Engineering

## slept ##
Error INVALID_REQUEST
Query: https://maps.google.com/maps/api/geocode/json?address=&sensor=false&bounds=&region=&language=&components=
Filter by:
*********************************************
BlueLabs - Lever
https://jobs.lever.co/bluelabs?commitment=Full-time

## slept ##
Error INVALID_REQUEST
Query: https://maps.google.com/maps/api/geocode/json?address=&sensor=false&bounds=&region=&language=&components=
Filter by:
*********************************************
BlueLabs - Lever
https://jobs.lever.co/bluelabs?location=Washington%20DC

## slept ##
Error INVALID_REQUEST
Query: https://maps.google.com/maps/api/geocode/json?address=&sensor=false&bounds=&region=&language=&components=
Filter by:
*********************************************
BlueLabs - Data Scientist/Lead Data Scientist
https://jobs.lever.co/bluelabs/57bb2a0f-04ec-485b-9883-d296c2fa64fc
Washington DC
## slept ##
*********************************************
3
*********************************************
RealScout - Senior Software Engineer, Data Integration
https://jobs.lever.co/realscout/c81351cc-c623-467b-b433-e517530cb16e
Mountain View, San Francisco, and Philadelphia
## slept ##
Error ZERO_RESULTS
Query: https://maps.google.com/maps/api/geocode/json?address=Mountain+View%2C+San+Francisco%2C+and+Philadelphia&sensor=false&bounds=&region=&language=&components=
volunteer
*********************************************
RealScout - Senior Software Engineer, Javascript
https://jobs.lever.co/realscout/1deb3946-cccb-40d8-835e-24a0802b8682
Mountain View, San Francisco, and Philadelphia
## slept ##
Error ZERO_RESULTS
Query: https://maps.google.com/maps/api/geocode/json?address=Mountain+View%2C+San+Francisco%2C+and+Philadelphia&sensor=false&bounds=&region=&language=&components=
volunteer
*********************************************
RealScout - Senior Software Engineer, Javascript
https://jobs.lever.co/realscout/1deb3946-cccb-40d8-835e-24a0802b8682/apply
Mountain View, San Francisco, and Philadelphia
## slept ##
Error ZERO_RESULTS
Query: https://maps.google.com/maps/api/geocode/json?address=Mountain+View%2C+San+Francisco%2C+and+Philadelphia&sensor=false&bounds=&region=&language=&components=
____________________________________________________________
*********************************************
RealScout
https://jobs.lever.co/realscout

## slept ##
Error INVALID_REQUEST
Query: https://maps.google.com/maps/api/geocode/json?address=&sensor=false&bounds=&region=&language=&components=
Filter by:
*********************************************
RealScout - Senior Data Scientist
https://jobs.lever.co/realscout/4c7ee699-d75d-4ba9-86e2-fdae14c0b4a3
Mountain View, San Francisco, and Philadelphia
## slept ##
Error ZERO_RESULTS
Query: https://maps.google.com/maps/api/geocode/json?address=Mountain+View%2C+San+Francisco%2C+and+Philadelphia&sensor=false&bounds=&region=&language=&components=
volunteer
*********************************************
0
*********************************************
Tradeshift - Senior Software Engineer
https://jobs.lever.co/tradeshift/2c54a1fa-5d00-4801-8e33-e4119b242567
Suzhou, China
## slept ##
Error OVER_QUERY_LIMIT
Query: https://maps.google.com/maps/api/geocode/json?address=Suzhou%2C+China&sensor=false&bounds=&region=&language=&components=
*********************************************
Tradeshift - Senior Software Engineer
https://jobs.lever.co/tradeshift/2c54a1fa-5d00-4801-8e33-e4119b242567/apply
Suzhou, China
## slept ##
____________________________________________________________
*********************************************
HTTP Error 404: Not Found
Tradeshift
https://jobs.lever.co/tradeshift

## slept ##
Error INVALID_REQUEST
Query: https://maps.google.com/maps/api/geocode/json?address=&sensor=false&bounds=&region=&language=&components=
Filter by:
*********************************************
Tradeshift - Senior Quality Assurance Engineer
https://jobs.lever.co/tradeshift/35165fcf-458c-4fb2-99a9-d7f3ebdb94de
Bucharest, Romania
*********************************************
Tradeshift - Sales Engineering Manager
https://jobs.lever.co/tradeshift/75e99f89-4ca5-43ab-a66b-a9d46e3bf513
Tokyo, Japan
marketing
*********************************************
Tradeshift
https://jobs.lever.co/tradeshift?by=location&team=Engineering

## slept ##
