Lyra Health - Senior Software Engineer
https://jobs.lever.co/lyrahealth/0445d661-43e5-4d30-a953-3f7e79ddea0d
Burlingame, CA
## slept ##
Error OVER_QUERY_LIMIT
Query: https://maps.google.com/maps/api/geocode/json?address=Burlingame%2C+CA&sensor=false&bounds=&region=&language=&components=
*********************************************
*********************************************
Lyra Health - Senior Software Engineer
https://jobs.lever.co/lyrahealth/0445d661-43e5-4d30-a953-3f7e79ddea0d
Burlingame, CA
*********************************************
*********************************************
Lyra Health - Senior Software Engineer
https://jobs.lever.co/lyrahealth/0445d661-43e5-4d30-a953-3f7e79ddea0d
Burlingame, CA
*********************************************
*********************************************
Lyra Health - Senior Software Engineer
https://jobs.lever.co/lyrahealth/0445d661-43e5-4d30-a953-3f7e79ddea0d
Burlingame, CA
## slept ##
Error OVER_QUERY_LIMIT
Query: https://maps.google.com/maps/api/geocode/json?address=Burlingame%2C+CA&sensor=false&bounds=&region=&language=&components=
*********************************************
*********************************************
Lyra Health - Front-End Engineer
https://jobs.lever.co/lyrahealth/c56cc0bc-c35e-4bc8-88a6-2139635568bb
Burlingame, CA
## slept ##
Error OVER_QUERY_LIMIT
Query: https://maps.google.com/maps/api/geocode/json?address=Burlingame%2C+CA&sensor=false&bounds=&region=&language=&components=
*********************************************
*********************************************
Lyra Health - Senior Software Engineer
https://jobs.lever.co/lyrahealth/0445d661-43e5-4d30-a953-3f7e79ddea0d/apply
Burlingame, CA
## slept ##
Error OVER_QUERY_LIMIT
Query: https://maps.google.com/maps/api/geocode/json?address=Burlingame%2C+CA&sensor=false&bounds=&region=&language=&components=
*********************************************
*********************************************
Lyra Health
https://jobs.lever.co/lyrahealth

## slept ##
Lyra Health - Senior Software Engineer
https://jobs.lever.co/lyrahealth/0445d661-43e5-4d30-a953-3f7e79ddea0d
Burlingame, CA
## slept ##
Error OVER_QUERY_LIMIT
Query: https://maps.google.com/maps/api/geocode/json?address=Burlingame%2C+CA&sensor=false&bounds=&region=&language=&components=
*********************************************
*********************************************
Lyra Health - Front-End Engineer
https://jobs.lever.co/lyrahealth/c56cc0bc-c35e-4bc8-88a6-2139635568bb
Burlingame, CA
## slept ##
Error OVER_QUERY_LIMIT
Query: https://maps.google.com/maps/api/geocode/json?address=Burlingame%2C+CA&sensor=false&bounds=&region=&language=&components=
*********************************************
*********************************************
Lyra Health - Senior Software Engineer
https://jobs.lever.co/lyrahealth/0445d661-43e5-4d30-a953-3f7e79ddea0d/apply
Burlingame, CA
## slept ##
Error OVER_QUERY_LIMIT
Query: https://maps.google.com/maps/api/geocode/json?address=Burlingame%2C+CA&sensor=false&bounds=&region=&language=&components=
*********************************************
*********************************************
Lyra Health
https://jobs.lever.co/lyrahealth

## slept ##
Error INVALID_REQUEST
Query: https://maps.google.com/maps/api/geocode/json?address=&sensor=false&bounds=&region=&language=&components=
*********************************************
*********************************************
Lyra Health - Clinical Care Navigator
https://jobs.lever.co/lyrahealth/9a6acc87-2606-4076-acf7-f1d69bc1c01c
Burlingame, CA
## slept ##
Error OVER_QUERY_LIMIT
Query: https://maps.google.com/maps/api/geocode/json?address=Burlingame%2C+CA&sensor=false&bounds=&region=&language=&components=
*********************************************
*********************************************
Lyra Health - Sr. Graphic Designer
https://jobs.lever.co/lyrahealth/e9105edc-8bb2-437f-bbe8-3a4cb21d2c1d
Burlingame, CA
## slept ##
Error OVER_QUERY_LIMIT
Query: https://maps.google.com/maps/api/geocode/json?address=Burlingame%2C+CA&sensor=false&bounds=&region=&language=&components=
*********************************************
*********************************************
Lyra Health - Provider Recruiter and Outreach
https://jobs.lever.co/lyrahealth/02f0ca1f-c9fe-4707-8644-11b339138212
Burlingame, CA
## slept ##
Error OVER_QUERY_LIMIT
Query: https://maps.google.com/maps/api/geocode/json?address=Burlingame%2C+CA&sensor=false&bounds=&region=&language=&components=
*********************************************
*********************************************
Lyra Health - Psychiatrist
https://jobs.lever.co/lyrahealth/1a3b211b-974a-46ff-8e47-318cad05f481
Burlingame, CA
## slept ##
Error OVER_QUERY_LIMIT
Query: https://maps.google.com/maps/api/geocode/json?address=Burlingame%2C+CA&sensor=false&bounds=&region=&language=&components=
*********************************************
*********************************************
0
*********************************************
Magenta Labs Inc. - Process Engineering
https://jobs.lever.co/magenta/e1a5c8e6-0ddb-4abe-9d86-a17db3a80ede
China
## slept ##
