0
*********************************************
Discord - Senior Software Engineer - Growth
https://jobs.lever.co/discordapp/f2a91a1c-9186-4378-804b-c8c40879a97d
San Francisco, CA
*********************************************
Discord - Senior Software Engineer - Backend
https://jobs.lever.co/discordapp/fb1f899f-66bb-4eb2-8e03-933342a1cfe3?lever_source=jobhired.io
San Francisco, CA
*********************************************
Discord - Senior Software Engineer - Frontend
https://jobs.lever.co/discordapp/a4ec29d1-7ab0-4d24-b674-af7c2c7e9f64
San Francisco, CA
*********************************************
Discord - Senior Software Engineer - Backend
https://jobs.lever.co/discordapp/fb1f899f-66bb-4eb2-8e03-933342a1cfe3/apply
San Francisco, CA
____________________________________________________________
*********************************************
Discord - Lead Software Engineer - C++
https://jobs.lever.co/discordapp/88427e4e-6b6c-43b6-85ba-499b4831bdd6
San Francisco, CA
*********************************************
Discord - Software Engineer - Anti-Abuse
https://jobs.lever.co/discordapp/2a38b2ea-7985-46a0-a23b-a6485e4925d5
San Francisco, CA
*********************************************
Discord - Senior React Native Engineer - iOS
https://jobs.lever.co/discordapp/1357afb2-e43f-42ac-8e98-9f8058d3a7fe
San Francisco, CA
*********************************************
Discord - Senior Software Engineer - Data Infrastructure
https://jobs.lever.co/discordapp/0d5053db-8ebe-40f8-bba8-3c6e3210d402
San Francisco, CA
*********************************************
Discord - Software Engineer - Tools
https://jobs.lever.co/discordapp/e0e0fc4b-e3e1-4d16-99cc-0a0bbc128c88
San Francisco, CA
*********************************************
8
*********************************************
HTTP Error 404: Not Found
HTTP Error 404: Not Found
0
*********************************************
HTTP Error 404: Not Found
HTTP Error 404: Not Found
Distil Networks
https://jobs.lever.co/distilnetworks?by=commitment

## slept ##
Error INVALID_REQUEST
Query: https://maps.google.com/maps/api/geocode/json?address=&sensor=false&bounds=&region=&language=&components=
Filter by:
*********************************************
Distil Networks - Security Analyst
https://jobs.lever.co/distilnetworks/0542d1a6-a0df-470f-9298-f12e68d9a3a6
Arlington, VA
*********************************************
Distil Networks
https://jobs.lever.co/distilnetworks/?by=commitment&team=Engineering

## slept ##
Error INVALID_REQUEST
Query: https://maps.google.com/maps/api/geocode/json?address=&sensor=false&bounds=&region=&language=&components=
Filter by:
*********************************************
Distil Networks
https://jobs.lever.co/distilnetworks?location=Arlington%2C%20VA

## slept ##
Error INVALID_REQUEST
Query: https://maps.google.com/maps/api/geocode/json?address=&sensor=false&bounds=&region=&language=&components=
Filter by:
*********************************************
Distil Networks
https://jobs.lever.co/distilnetworks/?by=location&commitment=Full-time

## slept ##
Error INVALID_REQUEST
Query: https://maps.google.com/maps/api/geocode/json?address=&sensor=false&bounds=&region=&language=&components=
Filter by:
*********************************************
Distil Networks
https://jobs.lever.co/distilnetworks/?location=Stockholm%2C%20Sweden

## slept ##
Error INVALID_REQUEST
Query: https://maps.google.com/maps/api/geocode/json?address=&sensor=false&bounds=&region=&language=&components=
Filter by:
*********************************************
Distil Networks
https://jobs.lever.co/distilnetworks/?by=commitment&location=San%20Francisco%2C%20CA

## slept ##
Error INVALID_REQUEST
Query: https://maps.google.com/maps/api/geocode/json?address=&sensor=false&bounds=&region=&language=&components=
Filter by:
*********************************************
Distil Networks
https://jobs.lever.co/distilnetworks/?by=commitment&team=Sales

## slept ##
Error INVALID_REQUEST
Query: https://maps.google.com/maps/api/geocode/json?address=&sensor=false&bounds=&region=&language=&components=
Filter by:
*********************************************
Distil Networks
https://jobs.lever.co/distilnetworks/?by=location&location=London%2C%20UK

## slept ##
Error INVALID_REQUEST
Query: https://maps.google.com/maps/api/geocode/json?address=&sensor=false&bounds=&region=&language=&components=
Filter by:
*********************************************
Distil Networks
https://jobs.lever.co/distilnetworks/?by=commitment&location=London%2C%20UK

## slept ##
Error INVALID_REQUEST
Query: https://maps.google.com/maps/api/geocode/json?address=&sensor=false&bounds=&region=&language=&components=
Filter by:
*********************************************
Distil Networks
https://jobs.lever.co/distilnetworks/?by=location&team=Sales

## slept ##
Error INVALID_REQUEST
Query: https://maps.google.com/maps/api/geocode/json?address=&sensor=false&bounds=&region=&language=&components=
Filter by:
*********************************************
1
*********************************************
DISTRIBUTE - Front End Engineer
https://jobs.lever.co/distribute/53068fa0-021f-4a7f-8cb2-48a7780c6540
San Francisco
equity
volunteer
*********************************************
HTTP Error 404: Not Found
DISTRIBUTE - Full Stack Engineer
https://jobs.lever.co/distribute/33dc57c6-b773-490a-bd37-50f7f38eef1b/apply
San Francisco
____________________________________________________________
*********************************************
DISTRIBUTE - Front End Engineer - Lever
https://jobs.lever.co/distribute/53068fa0-021f-4a7f-8cb2-48a7780c6540/apply
San Francisco
____________________________________________________________
*********************************************
DISTRIBUTE - Lever
https://jobs.lever.co/distribute/?by=commitment

## slept ##
Error INVALID_REQUEST
Query: https://maps.google.com/maps/api/geocode/json?address=&sensor=false&bounds=&region=&language=&components=
Filter by:
*********************************************
DISTRIBUTE - Lever
https://jobs.lever.co/distribute/?location=San%20Francisco

## slept ##
Error INVALID_REQUEST
Query: https://maps.google.com/maps/api/geocode/json?address=&sensor=false&bounds=&region=&language=&components=
Filter by:
*********************************************
DISTRIBUTE
https://jobs.lever.co/distribute

## slept ##
Error INVALID_REQUEST
Query: https://maps.google.com/maps/api/geocode/json?address=&sensor=false&bounds=&region=&language=&components=
Filter by:
*********************************************
DISTRIBUTE - Lever
https://jobs.lever.co/distribute?by=commitment

## slept ##
Error INVALID_REQUEST
Query: https://maps.google.com/maps/api/geocode/json?address=&sensor=false&bounds=&region=&language=&components=
Filter by:
*********************************************
DISTRIBUTE
https://jobs.lever.co/distribute/?by=location

## slept ##
Error INVALID_REQUEST
Query: https://maps.google.com/maps/api/geocode/json?address=&sensor=false&bounds=&region=&language=&components=
Filter by:
*********************************************
DISTRIBUTE
https://jobs.lever.co/distribute/?team=Engineering

## slept ##
Error INVALID_REQUEST
Query: https://maps.google.com/maps/api/geocode/json?address=&sensor=false&bounds=&region=&language=&components=
Filter by:
*********************************************
DISTRIBUTE - Data Entry Specialist (Contract)
https://jobs.lever.co/distribute/a8be610e-9873-4008-91e1-a38e409b6514
San Francisco
*********************************************
1
*********************************************
Ditto Technologies - Software Engineer
https://jobs.lever.co/ditto/d767752f-4130-4c35-bb12-cd46613cf3b7/apply
San Francisco, CA
survey
____________________________________________________________
*********************************************
Ditto Technologies
https://jobs.lever.co/ditto

## slept ##
Error INVALID_REQUEST
Query: https://maps.google.com/maps/api/geocode/json?address=&sensor=false&bounds=&region=&language=&components=
Filter by:
*********************************************
Ditto Technologies - Lever
https://jobs.lever.co/ditto?location=San%20Francisco%2C%20CA

## slept ##
Error INVALID_REQUEST
Query: https://maps.google.com/maps/api/geocode/json?address=&sensor=false&bounds=&region=&language=&components=
Filter by:
*********************************************
HTTP Error 404: Not Found
Ditto Technologies - Manager, Finance and Accounting
https://jobs.lever.co/ditto/8fd50e86-56d2-43c9-af05-f8fbe6681e8a
San Francisco, CA
equity
weekly
*********************************************
Ditto Technologies - Lever
https://jobs.lever.co/ditto?by=location

## slept ##
Error INVALID_REQUEST
Query: https://maps.google.com/maps/api/geocode/json?address=&sensor=false&bounds=&region=&language=&components=
Filter by:
*********************************************
Ditto Technologies
https://jobs.lever.co/ditto?team=Engineering

## slept ##
Error INVALID_REQUEST
Query: https://maps.google.com/maps/api/geocode/json?address=&sensor=false&bounds=&region=&language=&components=
Filter by:
*********************************************
Ditto Technologies - Lever
https://jobs.lever.co/ditto?commitment=Full-time

## slept ##
Error INVALID_REQUEST
Query: https://maps.google.com/maps/api/geocode/json?address=&sensor=false&bounds=&region=&language=&components=
Filter by:
*********************************************
Ditto Technologies
https://jobs.lever.co/ditto?by=commitment

## slept ##
Error INVALID_REQUEST
Query: https://maps.google.com/maps/api/geocode/json?address=&sensor=false&bounds=&region=&language=&components=
Filter by:
*********************************************
HTTP Error 404: Not Found
0
*********************************************
HTTP Error 404: Not Found
Dividend Finance - Lever
https://jobs.lever.co/dividendsolar?by=location

## slept ##
Error INVALID_REQUEST
Query: https://maps.google.com/maps/api/geocode/json?address=&sensor=false&bounds=&region=&language=&components=
Filter by:
*********************************************
0
*********************************************
The Democratic Party - Full-stack Engineer
https://jobs.lever.co/dnc/3fb65151-0bd9-439c-924c-c806df1dce83
Remote
volunteer
*********************************************
The Democratic Party - Full-stack Engineer
https://jobs.lever.co/dnc/3fb65151-0bd9-439c-924c-c806df1dce83/apply
Remote
survey
____________________________________________________________
*********************************************
The Democratic Party - Product Designer
https://jobs.lever.co/dnc/83a9870c-f3a5-48cb-a229-e1c2e48847ab
Remote
*********************************************
The Democratic Party - Product Manager
https://jobs.lever.co/dnc/ddd6b6e3-e0a2-40b4-a8f5-cedb4c8b4950
Remote
*********************************************
The Democratic Party - Data Science Lead
https://jobs.lever.co/dnc/57223024-dc08-48fe-a912-39090665e277
Remote
survey
volunteer
*********************************************
The Democratic Party - Senior Email Writer
https://jobs.lever.co/dnc/db147c55-1d85-4502-a019-b544eb199ad1
Washington, DC (DNC HQ)
marketing
*********************************************
The Democratic Party
https://jobs.lever.co/dnc

## slept ##
Error INVALID_REQUEST
Query: https://maps.google.com/maps/api/geocode/json?address=&sensor=false&bounds=&region=&language=&components=
Filter by:
*********************************************
The Democratic Party - Chief Security Officer
https://jobs.lever.co/dnc/9030e435-86a4-4e24-a3f1-137b5dc04672
Remote
*********************************************
The Democratic Party - Phones Director
https://jobs.lever.co/dnc/392bb9d0-872f-4697-b2a6-c2364587478e
Washington, DC (DNC HQ)
marketing
volunteer
*********************************************
3
*********************************************
DocSend - Site Reliability Engineer
https://jobs.lever.co/docsend/78e33db8-ac87-4e78-b526-cfe8eb753d89
San Francisco
marketing
weekly
*********************************************
DocSend - Senior Software Engineer
https://jobs.lever.co/docsend/6b2eb2c3-8e5e-4560-94ea-2e95fb7250f5
San Francisco
marketing
weekly
*********************************************
DocSend - Backend Software Engineer
https://jobs.lever.co/docsend/06baca5a-bfe7-4237-a2bf-4b918b8ae75e
San Francisco
weekly
*********************************************
DocSend - Software Engineer
https://jobs.lever.co/docsend/173c12b1-59cd-4c84-9798-ec75fa44c0b2/apply
San Francisco
____________________________________________________________
*********************************************
DocSend - Senior Software Engineer
https://jobs.lever.co/docsend/6b2eb2c3-8e5e-4560-94ea-2e95fb7250f5/apply
San Francisco
____________________________________________________________
*********************************************
DocSend - Site Reliability Engineer
https://jobs.lever.co/docsend/78e33db8-ac87-4e78-b526-cfe8eb753d89/apply
San Francisco
____________________________________________________________
*********************************************
DocSend - Backend Software Engineer - Lever
https://jobs.lever.co/docsend/06baca5a-bfe7-4237-a2bf-4b918b8ae75e/apply
San Francisco
____________________________________________________________
*********************************************
DocSend - Full Stack Software Engineer - Lever
https://jobs.lever.co/docsend/0296a21e-cbba-4005-9bec-83f5e35f668a/apply
San Francisco
____________________________________________________________
*********************************************
DocSend
https://jobs.lever.co/docsend

## slept ##
Error INVALID_REQUEST
Query: https://maps.google.com/maps/api/geocode/json?address=&sensor=false&bounds=&region=&language=&components=
Filter by:
*********************************************
DocSend - Account Executive
https://jobs.lever.co/docsend/ae1a868d-c905-49ea-8bed-2969cbe682ef
San Francisco
commission
marketing
weekly
*********************************************
0
*********************************************
Doctolib - Security Engineer
https://jobs.lever.co/doctolib/7db9e969-62c4-4574-b620-ec02a76c46db
Paris, France
*********************************************
Doctolib - Security Engineer
https://jobs.lever.co/doctolib/7db9e969-62c4-4574-b620-ec02a76c46db/apply
Paris, France
____________________________________________________________
*********************************************
Doctolib - Engineering Manager
https://jobs.lever.co/doctolib/a1172202-85fa-41a7-853b-23e7e6115496
Paris, France
weekly
*********************************************
Doctolib
https://jobs.lever.co/doctolib

## slept ##
Error INVALID_REQUEST
Query: https://maps.google.com/maps/api/geocode/json?address=&sensor=false&bounds=&region=&language=&components=
Filter by:
*********************************************
Doctolib - Lever
https://jobs.lever.co/doctolib?location=Paris%2C%20France

## slept ##
Error INVALID_REQUEST
Query: https://maps.google.com/maps/api/geocode/json?address=&sensor=false&bounds=&region=&language=&components=
Filter by:
*********************************************
Doctolib - Growth Analyst
https://jobs.lever.co/doctolib/5255c845-52fc-46d5-9f36-f03c0fb60860
Paris, France
*********************************************
Doctolib - Product Design Director
https://jobs.lever.co/doctolib/bd930159-3373-434e-ab85-97948febc356
Paris, France
*********************************************
Doctolib - Lever
https://jobs.lever.co/doctolib?by=commitment

## slept ##
Error INVALID_REQUEST
Query: https://maps.google.com/maps/api/geocode/json?address=&sensor=false&bounds=&region=&language=&components=
Filter by:
*********************************************
Doctolib - Fullstack Developer
https://jobs.lever.co/doctolib/1c52eab6-c6f7-4db1-9743-2b22811813ee
Paris
local
*********************************************
3
*********************************************
Dolls Kill - Lead Software Engineer/Architect Ecommerce
https://jobs.lever.co/dollskill/a76dc7fe-147e-44e0-b1a5-380cfd45c235
San Francisco
*********************************************
Dolls Kill - Lead Software Engineer/Architect Ecommerce
https://jobs.lever.co/dollskill/a76dc7fe-147e-44e0-b1a5-380cfd45c235/apply
San Francisco
survey
____________________________________________________________
*********************************************
Dolls Kill
https://jobs.lever.co/dollskill

## slept ##
Error INVALID_REQUEST
Query: https://maps.google.com/maps/api/geocode/json?address=&sensor=false&bounds=&region=&language=&components=
Filter by:
*********************************************
Dolls Kill
https://jobs.lever.co/dollskill?by=commitment&team=Engineering

## slept ##
Error INVALID_REQUEST
Query: https://maps.google.com/maps/api/geocode/json?address=&sensor=false&bounds=&region=&language=&components=
Filter by:
*********************************************
Dolls Kill - Senior Web Developer
https://jobs.lever.co/dollskill/dc150674-78d6-4074-ae7e-aec57d701c5b
San Francisco
*********************************************
Dolls Kill - Operations Analyst - Warehouse and Fulfillment
https://jobs.lever.co/dollskill/91181142-6784-4c76-8307-837402def936
San Francisco
*********************************************
Dolls Kill - Merchandise Planner / Business Analyst
https://jobs.lever.co/dollskill/670a74b1-96cf-4573-a9fd-8a1e8bb3ef8e
San Francisco
weekly
*********************************************
Dolls Kill - Front End Developer
https://jobs.lever.co/dollskill/2fc4de4c-8ca6-41d3-b2ed-c9c50f5cb36b
San Francisco
*********************************************
Dolls Kill
https://jobs.lever.co/dollskill?team=Accounting

## slept ##
Error INVALID_REQUEST
Query: https://maps.google.com/maps/api/geocode/json?address=&sensor=false&bounds=&region=&language=&components=
Filter by:
*********************************************
Dolls Kill
https://jobs.lever.co/dollskill?team=Customer%20Service

## slept ##
Error INVALID_REQUEST
Query: https://maps.google.com/maps/api/geocode/json?address=&sensor=false&bounds=&region=&language=&components=
Filter by:
*********************************************
Dolls Kill
https://jobs.lever.co/dollskill?commitment=Intern

## slept ##
Error INVALID_REQUEST
Query: https://maps.google.com/maps/api/geocode/json?address=&sensor=false&bounds=&region=&language=&components=
Filter by:
*********************************************
Dolls Kill
https://jobs.lever.co/dollskill?by=commitment&team=You%20Tell%20Us

## slept ##
Error INVALID_REQUEST
Query: https://maps.google.com/maps/api/geocode/json?address=&sensor=false&bounds=&region=&language=&components=
Filter by:
*********************************************
4
*********************************************
Doughbies - Senior Ruby on Rails Engineer
https://jobs.lever.co/doughbies/0f1fe988-338a-491e-b922-79a8dc961463
San Francisco, CA
*********************************************
Doughbies - Senior Ruby on Rails Engineer - Lever
https://jobs.lever.co/doughbies/0f1fe988-338a-491e-b922-79a8dc961463/apply
San Francisco, CA
____________________________________________________________
*********************************************
Engineering Team - Lever
https://jobs.lever.co/doughbies?by=location&team=Engineering%20Team

## slept ##
Error INVALID_REQUEST
Query: https://maps.google.com/maps/api/geocode/json?address=&sensor=false&bounds=&region=&language=&components=
Filter by:
*********************************************
Doughbies - Lever
https://jobs.lever.co/doughbies?team=Engineering%20Team

## slept ##
Error INVALID_REQUEST
Query: https://maps.google.com/maps/api/geocode/json?address=&sensor=false&bounds=&region=&language=&components=
Filter by:
*********************************************
Doughbies
https://jobs.lever.co/doughbies

## slept ##
Error INVALID_REQUEST
Query: https://maps.google.com/maps/api/geocode/json?address=&sensor=false&bounds=&region=&language=&components=
Filter by:
*********************************************
Doughbies - Lever
https://jobs.lever.co/doughbies?by=team&commitment=Full-time

## slept ##
Error INVALID_REQUEST
Query: https://maps.google.com/maps/api/geocode/json?address=&sensor=false&bounds=&region=&language=&components=
Filter by:
*********************************************
Doughbies
https://jobs.lever.co/doughbies?team=Culinary%20Team

## slept ##
Error INVALID_REQUEST
Query: https://maps.google.com/maps/api/geocode/json?address=&sensor=false&bounds=&region=&language=&components=
Filter by:
*********************************************
Doughbies
https://jobs.lever.co/doughbies?team=Brand%20%26%20Community%20Team

## slept ##
Error INVALID_REQUEST
Query: https://maps.google.com/maps/api/geocode/json?address=&sensor=false&bounds=&region=&language=&components=
Filter by:
*********************************************
Doughbies
https://jobs.lever.co/doughbies?by=team&team=Logistics%20Team

## slept ##
Error INVALID_REQUEST
Query: https://maps.google.com/maps/api/geocode/json?address=&sensor=false&bounds=&region=&language=&components=
Filter by:
*********************************************
Doughbies - Lever
https://jobs.lever.co/doughbies?by=team&commitment=Contractor

## slept ##
Error INVALID_REQUEST
Query: https://maps.google.com/maps/api/geocode/json?address=&sensor=false&bounds=&region=&language=&components=
Filter by:
*********************************************
Doughbies - Lever
https://jobs.lever.co/doughbies?by=team&commitment=Contractor

## slept ##
Error INVALID_REQUEST
Query: https://maps.google.com/maps/api/geocode/json?address=&sensor=false&bounds=&region=&language=&components=
Filter by:
*********************************************
Doughbies - Lever
https://jobs.lever.co/doughbies?by=location&team=Culinary%20Team

## slept ##
Error INVALID_REQUEST
Query: https://maps.google.com/maps/api/geocode/json?address=&sensor=false&bounds=&region=&language=&components=
Filter by:
*********************************************
Doughbies - Lever
https://jobs.lever.co/doughbies?by=location&team=Brand%20%26%20Community%20Team

## slept ##
Error INVALID_REQUEST
Query: https://maps.google.com/maps/api/geocode/json?address=&sensor=false&bounds=&region=&language=&components=
Filter by:
*********************************************
Doughbies - Lever
https://jobs.lever.co/doughbies?by=commitment&team=Culinary%20Team

## slept ##
Error INVALID_REQUEST
Query: https://maps.google.com/maps/api/geocode/json?address=&sensor=false&bounds=&region=&language=&components=
Filter by:
*********************************************
Doughbies - Lever
https://jobs.lever.co/doughbies?by=location&team=Logistics%20Team

## slept ##
Error INVALID_REQUEST
Query: https://maps.google.com/maps/api/geocode/json?address=&sensor=false&bounds=&region=&language=&components=
Filter by:
*********************************************
Doughbies - Lever
https://jobs.lever.co/doughbies?by=location&commitment=Part-time

## slept ##
Error INVALID_REQUEST
Query: https://maps.google.com/maps/api/geocode/json?address=&sensor=false&bounds=&region=&language=&components=
Filter by:
*********************************************
Doughbies - Lever
https://jobs.lever.co/doughbies?by=team&commitment=Part-time

## slept ##
Error INVALID_REQUEST
Query: https://maps.google.com/maps/api/geocode/json?address=&sensor=false&bounds=&region=&language=&components=
Filter by:
*********************************************
Doughbies - Lever
https://jobs.lever.co/doughbies?by=commitment&commitment=Part-time

## slept ##
Error INVALID_REQUEST
Query: https://maps.google.com/maps/api/geocode/json?address=&sensor=false&bounds=&region=&language=&components=
Filter by:
*********************************************
1
*********************************************
Dragonfly Therapeutics - Lever
https://jobs.lever.co/dragonflytx?by=location&location=Massachusetts

## slept ##
Error INVALID_REQUEST
Query: https://maps.google.com/maps/api/geocode/json?address=&sensor=false&bounds=&region=&language=&components=
*********************************************
Dragonfly Therapeutics - Lever
https://jobs.lever.co/dragonflytx?by=location

## slept ##
Error INVALID_REQUEST
Query: https://maps.google.com/maps/api/geocode/json?address=&sensor=false&bounds=&region=&language=&components=
*********************************************
Dragonfly Therapeutics - Lever
https://jobs.lever.co/dragonflytx?by=commitment

## slept ##
Error INVALID_REQUEST
Query: https://maps.google.com/maps/api/geocode/json?address=&sensor=false&bounds=&region=&language=&components=
*********************************************
Dragonfly Therapeutics - Lever
https://jobs.lever.co/dragonflytx?commitment=Full-time

## slept ##
Error INVALID_REQUEST
Query: https://maps.google.com/maps/api/geocode/json?address=&sensor=false&bounds=&region=&language=&components=
*********************************************
4
*********************************************
drchrono - Backend Engineer
https://jobs.lever.co/drchrono/0334234f-40b4-4ad2-87d3-3374d491cf27?jvs=kununu,jsr,u,u
Sunnyvale, California
equity
*********************************************
drchrono - DevOps Engineer
https://jobs.lever.co/drchrono/50663b78-e509-4647-9b45-91f462687e31
Sunnyvale, California
*********************************************
drchrono - DevOps Engineer
https://jobs.lever.co/drchrono/50663b78-e509-4647-9b45-91f462687e31/apply
Sunnyvale, California
____________________________________________________________
*********************************************
drchrono
https://jobs.lever.co/drchrono?team=Software%20Engineering

## slept ##
Error INVALID_REQUEST
Query: https://maps.google.com/maps/api/geocode/json?address=&sensor=false&bounds=&region=&language=&components=
Filter by:
*********************************************
drchrono
https://jobs.lever.co/drchrono

## slept ##
Error INVALID_REQUEST
Query: https://maps.google.com/maps/api/geocode/json?address=&sensor=false&bounds=&region=&language=&components=
Filter by:
*********************************************
drchrono - Engineering Manager
https://jobs.lever.co/drchrono/41480df6-6786-442a-b500-350a8320b141
Sunnyvale, California
*********************************************
drchrono - Customer Success Specialist - Hunt Valley Location
https://jobs.lever.co/drchrono/50c15631-328d-4bb9-b51c-65c4f9763dc3
Hunt Valley, Maryland
customer service
marketing
*********************************************
drchrono - Account Manager - Hunt Valley Location
https://jobs.lever.co/drchrono/3c0fea76-330a-4f4e-8b5a-bdabd7aa828a
Hunt Valley, Maryland
customer service
*********************************************
drchrono - Digital Marketing Associate
https://jobs.lever.co/drchrono/6b1e0592-eaf6-4e81-941e-e379865bba61
Sunnyvale, California
marketing
weekly
*********************************************
drchrono - Product Manager
https://jobs.lever.co/drchrono/20fe5371-7cf5-4c3a-9519-c76ab6893d23
Sunnyvale, California
*********************************************
drchrono
https://jobs.lever.co/drchrono?commitment=Intern

## slept ##
Error INVALID_REQUEST
Query: https://maps.google.com/maps/api/geocode/json?address=&sensor=false&bounds=&region=&language=&components=
Filter by:
*********************************************
drchrono
https://jobs.lever.co/drchrono?team=Finance

## slept ##
Error INVALID_REQUEST
Query: https://maps.google.com/maps/api/geocode/json?address=&sensor=false&bounds=&region=&language=&components=
Filter by:
*********************************************
3
*********************************************
0
*********************************************
Drivy - Backend Engineer
https://jobs.lever.co/drivy/08071b26-a86d-4e04-8a9d-1163da98bb3d
Paris
*********************************************
Drivy - Full-stack Engineer
https://jobs.lever.co/drivy/aee2a31d-e470-4cfb-b3e8-4031c861444e
Paris
*********************************************
Drivy - Full-stack Engineer
https://jobs.lever.co/drivy/aee2a31d-e470-4cfb-b3e8-4031c861444e/apply
Paris
____________________________________________________________
*********************************************
Drivy - Senior Backend Engineer
https://jobs.lever.co/drivy/fec5b290-54d4-4f03-98ec-b7374d3c26d5/apply
Paris
____________________________________________________________
*********************************************
Drivy - Senior Full-stack Engineer
https://jobs.lever.co/drivy/f0a2566d-02a2-4127-88a6-f9ca561ff14b/apply
Paris
____________________________________________________________
*********************************************
Drivy
https://jobs.lever.co/drivy

## slept ##
Error INVALID_REQUEST
Query: https://maps.google.com/maps/api/geocode/json?address=&sensor=false&bounds=&region=&language=&components=
Filter by:
*********************************************
Drivy
https://jobs.lever.co/drivy?by=commitment&team=Tech

## slept ##
Error INVALID_REQUEST
Query: https://maps.google.com/maps/api/geocode/json?address=&sensor=false&bounds=&region=&language=&components=
Filter by:
*********************************************
Drivy - Product Data Analyst
https://jobs.lever.co/drivy/d7949ab8-10ab-4aa9-94ba-9afef85eb292
Paris
marketing
*********************************************
2
*********************************************
Drizly - Sr. Software Engineer - Backend
https://jobs.lever.co/drizly/b6c9ca5a-9159-4800-8bbd-912c8ff0b1f1
Boston
partner 
*********************************************
Drizly - Senior Data Engineer
https://jobs.lever.co/drizly/3c318032-84c4-4dd6-b3fc-189dac9bcfb5
Boston
*********************************************
Drizly - Sr. Software Engineer - Frontend
https://jobs.lever.co/drizly/d72f0909-7b90-4121-82e2-a8a0e2e55696
Boston
*********************************************
Drizly - Software Engineer
https://jobs.lever.co/drizly/d09bf2e7-8548-4add-8da4-4b4a3240bcea
Boston
*********************************************
Drizly - Software Engineer
https://jobs.lever.co/drizly/d09bf2e7-8548-4add-8da4-4b4a3240bcea/apply
Boston
____________________________________________________________
*********************************************
Drizly - Senior Data Engineer
https://jobs.lever.co/drizly/3c318032-84c4-4dd6-b3fc-189dac9bcfb5/apply
Boston
____________________________________________________________
*********************************************
Drizly - Sr. Software Engineer - Backend
https://jobs.lever.co/drizly/b6c9ca5a-9159-4800-8bbd-912c8ff0b1f1/apply
Boston
____________________________________________________________
*********************************************
Drizly
https://jobs.lever.co/drizly

## slept ##
Error INVALID_REQUEST
Query: https://maps.google.com/maps/api/geocode/json?address=&sensor=false&bounds=&region=&language=&components=
Filter by:
*********************************************
Drizly
https://jobs.lever.co/drizly?location=Boston

## slept ##
Error INVALID_REQUEST
Query: https://maps.google.com/maps/api/geocode/json?address=&sensor=false&bounds=&region=&language=&components=
Filter by:
*********************************************
Drizly
https://jobs.lever.co/drizly?team=Engineering

## slept ##
Error INVALID_REQUEST
Query: https://maps.google.com/maps/api/geocode/json?address=&sensor=false&bounds=&region=&language=&components=
Filter by:
*********************************************
Drizly - Business Intelligence Manager
https://jobs.lever.co/drizly/d65dc47b-dc92-45c1-b54e-10d0bf32cb79
Boston
*********************************************
Drizly - Senior Business Intelligence Analyst
https://jobs.lever.co/drizly/d8d2ca8b-6d35-4504-9123-2131536d1f8e
Boston
*********************************************
5
*********************************************
0
*********************************************
DroneBase - iOS Software Engineer
https://jobs.lever.co/dronebase/aeec7d7c-7f1c-48fb-97c4-c2e477463f79
Santa Monica, California
*********************************************
DroneBase - Android Engineer
https://jobs.lever.co/dronebase/fcc82b8a-3834-4788-8f39-e1d08c7b3d42
Santa Monica, California
*********************************************
DroneBase - Android Engineer - Lever
https://jobs.lever.co/dronebase/fcc82b8a-3834-4788-8f39-e1d08c7b3d42/apply
Santa Monica, California
____________________________________________________________
*********************************************
DroneBase - iOS Software Engineer - Lever
https://jobs.lever.co/dronebase/aeec7d7c-7f1c-48fb-97c4-c2e477463f79/apply
Santa Monica, California
____________________________________________________________
*********************************************
DroneBase
https://jobs.lever.co/dronebase

## slept ##
Error INVALID_REQUEST
Query: https://maps.google.com/maps/api/geocode/json?address=&sensor=false&bounds=&region=&language=&components=
Filter by:
*********************************************
2
*********************************************
Dropbike
https://jobs.lever.co/dropbike

## slept ##
Error INVALID_REQUEST
Query: https://maps.google.com/maps/api/geocode/json?address=&sensor=false&bounds=&region=&language=&components=
Filter by:
*********************************************
Dropbike - Senior Backend Developer
https://jobs.lever.co/dropbike/a63750bc-971c-4512-b17f-3884961d0c03/apply
Toronto, Canada Area
____________________________________________________________
*********************************************
0
*********************************************
HTTP Error 404: Not Found
DueDil Ltd
https://jobs.lever.co/duedil

## slept ##
Error INVALID_REQUEST
Query: https://maps.google.com/maps/api/geocode/json?address=&sensor=false&bounds=&region=&language=&components=
Filter by:
*********************************************
0
*********************************************
HTTP Error 404: Not Found
HTTP Error 404: Not Found
HTTP Error 404: Not Found
DWA NOVA - Lever
https://jobs.lever.co/dwanova?commitment=Full%20time

## slept ##
Error INVALID_REQUEST
Query: https://maps.google.com/maps/api/geocode/json?address=&sensor=false&bounds=&region=&language=&components=
*********************************************
DWA NOVA - Lever
https://jobs.lever.co/dwanova?by=commitment&location=Redwood%20City%2C%20California

## slept ##
Error INVALID_REQUEST
Query: https://maps.google.com/maps/api/geocode/json?address=&sensor=false&bounds=&region=&language=&components=
*********************************************
DWA NOVA
https://jobs.lever.co/dwanova?team=Engineering

## slept ##
Error INVALID_REQUEST
Query: https://maps.google.com/maps/api/geocode/json?address=&sensor=false&bounds=&region=&language=&components=
*********************************************
3
*********************************************
0
*********************************************
Eaze - Growth Engineer
https://jobs.lever.co/eaze/5dd83991-94a5-43ed-8550-395454ce5da5
San Francisco, CA
marketing
*********************************************
Eaze - Senior iOS Engineer
https://jobs.lever.co/eaze/4ca30aac-4b71-4e79-97cb-53707f24bdd0
San Francisco, CA
partner 
*********************************************
Eaze - Senior DevOps Engineer
https://jobs.lever.co/eaze/b98a0286-6dfa-45f6-9212-826b532c3a00
San Francisco, CA
*********************************************
Eaze - Senior Back End Engineer
https://jobs.lever.co/eaze/b3f8d324-afb9-4e06-9ac8-24e1c1bb793a
San Francisco, CA
*********************************************
Eaze - Senior Android Engineer
https://jobs.lever.co/eaze/a5e4f287-73d8-4dc6-af49-c2e73fde2081/apply
San Francisco, CA
____________________________________________________________
*********************************************
Eaze - Senior iOS Engineer
https://jobs.lever.co/eaze/4ca30aac-4b71-4e79-97cb-53707f24bdd0/apply
San Francisco, CA
____________________________________________________________
*********************************************
Eaze - DevOps Engineer
https://jobs.lever.co/eaze/b98a0286-6dfa-45f6-9212-826b532c3a00/apply
San Francisco, CA
____________________________________________________________
*********************************************
Eaze - Senior Back End Engineer
https://jobs.lever.co/eaze/b3f8d324-afb9-4e06-9ac8-24e1c1bb793a/apply
San Francisco, CA
____________________________________________________________
*********************************************
Eaze - Senior Front End Engineer
https://jobs.lever.co/eaze/82e5d883-70fa-412f-b743-f7f63e4e702d/apply
San Francisco, CA
____________________________________________________________
*********************************************
Eaze - Data Engineer
https://jobs.lever.co/eaze/cf97a8d6-6fc4-48ff-a3ce-73ce203c2d4a?lever-source=stackshare.io/match
San Francisco, CA
*********************************************
Eaze - Data Engineer
https://jobs.lever.co/eaze/cf97a8d6-6fc4-48ff-a3ce-73ce203c2d4a/apply
San Francisco, CA
____________________________________________________________
*********************************************
Eaze - Growth Engineer
https://jobs.lever.co/eaze/5dd83991-94a5-43ed-8550-395454ce5da5/apply
San Francisco, CA
____________________________________________________________
*********************************************
Eaze
https://jobs.lever.co/eaze

## slept ##
Error INVALID_REQUEST
Query: https://maps.google.com/maps/api/geocode/json?address=&sensor=false&bounds=&region=&language=&components=
Filter by:
*********************************************
Eaze
https://jobs.lever.co/eaze?by=team&commitment=Full-time

## slept ##
Error INVALID_REQUEST
Query: https://maps.google.com/maps/api/geocode/json?address=&sensor=false&bounds=&region=&language=&components=
Filter by:
*********************************************
Eaze
https://jobs.lever.co/eaze?by=location

## slept ##
Error INVALID_REQUEST
Query: https://maps.google.com/maps/api/geocode/json?address=&sensor=false&bounds=&region=&language=&components=
Filter by:
*********************************************
Eaze - Data Scientist
https://jobs.lever.co/eaze/1c18e8d8-efb4-43d1-8ad2-f3769bf800f2
San Francisco, CA
*********************************************
Eaze - Manager of Consumer Growth
https://jobs.lever.co/eaze/aedf2e98-352a-4d9f-b59b-558a72365151
San Francisco, CA
marketing
*********************************************
Eaze - Senior Manager of Lifecycle Marketing (CRM)
https://jobs.lever.co/eaze/dedffb31-f83a-4727-9bf9-9d171552e5e1
San Francisco, CA
marketing
*********************************************
4
*********************************************
Ebury - QA Engineer
https://jobs.lever.co/ebury/9c7af5c4-9956-4c8a-8687-0f67b1ad6099
Malaga
technical support
*********************************************
Ebury - QA Engineer
https://jobs.lever.co/ebury/9c7af5c4-9956-4c8a-8687-0f67b1ad6099/apply
Malaga
____________________________________________________________
*********************************************
Ebury
https://jobs.lever.co/ebury?location=Malaga

## slept ##
Error INVALID_REQUEST
Query: https://maps.google.com/maps/api/geocode/json?address=&sensor=false&bounds=&region=&language=&components=
Filter by:
*********************************************
Ebury
https://jobs.lever.co/ebury?by=location

## slept ##
Error INVALID_REQUEST
Query: https://maps.google.com/maps/api/geocode/json?address=&sensor=false&bounds=&region=&language=&components=
Filter by:
*********************************************
Ebury - Lever
https://jobs.lever.co/ebury?by=commitment

## slept ##
Error INVALID_REQUEST
Query: https://maps.google.com/maps/api/geocode/json?address=&sensor=false&bounds=&region=&language=&components=
Filter by:
*********************************************
Ebury - Junior Business Analyst - Growth Team
https://jobs.lever.co/ebury/d496a07b-e57b-454c-bcef-482bccc86acb
Madrid
*********************************************
HTTP Error 404: Not Found
1
*********************************************
EdgeLab - Java Developer
https://jobs.lever.co/edgelab/36597770-e8ba-4086-a109-aed11b6fe09d/apply
Lausanne, Switzerland
____________________________________________________________
*********************************************
EdgeLab
https://jobs.lever.co/edgelab?by=location

## slept ##
Error INVALID_REQUEST
Query: https://maps.google.com/maps/api/geocode/json?address=&sensor=false&bounds=&region=&language=&components=
Filter by:
*********************************************
EdgeLab - Lever
https://jobs.lever.co/edgelab?by=commitment

## slept ##
Error INVALID_REQUEST
Query: https://maps.google.com/maps/api/geocode/json?address=&sensor=false&bounds=&region=&language=&components=
Filter by:
*********************************************
EdgeLab
https://jobs.lever.co/edgelab?location=Lausanne%2C%20Switzerland

## slept ##
Error INVALID_REQUEST
Query: https://maps.google.com/maps/api/geocode/json?address=&sensor=false&bounds=&region=&language=&components=
Filter by:
*********************************************
EdgeLab - Senior Java Developer
https://jobs.lever.co/edgelab/85fc7dc4-33f7-46ff-801b-8a1e79e3611e
Lausanne, Switzerland
motivated individuals
*********************************************
0
*********************************************
