Lyft - Intern: Software Engineer 2018 (San Francisco and Seattle ...
https://jobs.lever.co/lyft/0a792acb-8db8-47a9-a29a-6017e76a4ed2/apply
San Francisco, CA
____________________________________________________________
*********************************************
Lyft - Software Engineer, Security Detection & Response
https://jobs.lever.co/lyft/cee72f79-90ee-4c1b-9ce6-4da4818d30ad
San Francisco, CA
*********************************************
Lyft - Software Engineer, Unity
https://jobs.lever.co/lyft/0be3d11e-eea9-46ef-a761-2c50934478fe
San Francisco, CA
*********************************************
Lyft - Infrastructure Engineer
https://jobs.lever.co/lyft/c40724f0-dd8b-46fc-b802-62429e193dc8
San Francisco, CA
local
*********************************************
Lyft - Business Intelligence Engineer
https://jobs.lever.co/lyft/76a46467-011c-4a16-9d67-77b516dbaf0c
San Francisco, CA
marketing
*********************************************
Lyft - Datastore Infrastructure Engineer
https://jobs.lever.co/lyft/35fc6772-e2bd-4104-bb8a-6e868524daf0
San Francisco, CA
*********************************************
Lyft - Software Engineer, Payments
https://jobs.lever.co/lyft/40426121-3f36-43aa-ab37-64a7637f7df6
San Francisco, CA
weekly
*********************************************
Lyft - Data Engineer
https://jobs.lever.co/lyft/e98ae531-ef40-4036-aa77-43c4d704eec1
San Francisco, CA
*********************************************
Lyft - Software Engineer, Financial Infrastructure
https://jobs.lever.co/lyft/4ca5323b-58fa-4f68-9d0a-756e41b314b7
San Francisco, CA
*********************************************
Lyft - Senior Front End Engineer
https://jobs.lever.co/lyft/a18c1d37-4179-4b47-81f8-1ab1464ef940
San Francisco, CA
*********************************************
Lyft - Software Engineer, Mapping
https://jobs.lever.co/lyft/30e71704-50ac-4122-8738-067c73f38c6e
Palo Alto, CA
*********************************************
Lyft - Android Engineer (Seattle)
https://jobs.lever.co/lyft/5fb6560c-0fb1-4614-b001-285197ca9c39/apply
Seattle, WA
____________________________________________________________
*********************************************
Lyft - Senior Front End Engineer
https://jobs.lever.co/lyft/a18c1d37-4179-4b47-81f8-1ab1464ef940/apply
San Francisco, CA
____________________________________________________________
*********************************************
Lyft - Software Engineer (Seattle)
https://jobs.lever.co/lyft/da433c09-4e57-43fb-87f8-6cc2bf1576b3
Seattle, WA
customer service
local
*********************************************
Lyft - Partner Engineer
https://jobs.lever.co/lyft/49ac23ec-2e0a-4262-aed3-e0b9bc21197e
San Francisco, CA
amazing opportunity
partner 
*********************************************
Lyft - Software Engineer, Application Security
https://jobs.lever.co/lyft/d76436f1-3894-4b71-8cda-1a94f62b3982
San Francisco, CA
*********************************************
Lyft - Software Engineer: Global Engineering
https://jobs.lever.co/lyft/35fd862f-c94a-4f56-9450-e1adfb4a0dcc
San Francisco, CA
customer service
local
*********************************************
Lyft - Software Engineer
https://jobs.lever.co/lyft/ba0491dc-18ac-4c43-a04d-d449474a6cb4/apply
San Francisco, CA
____________________________________________________________
*********************************************
Lyft - Intern: Software Engineer 2018 - Winter (Jan-March)
https://jobs.lever.co/lyft/6780d91d-944a-435e-b7ec-3fa3e3903493
Seattle, WA
*********************************************
Lyft - Software Engineer, Machine Learning (All Levels)
https://jobs.lever.co/lyft/e2c7f166-9a8e-412b-bc35-0cc49d348b05
San Francisco, CA
*********************************************
Lyft - Software Engineer, Lyft for Business
https://jobs.lever.co/lyft/6c02431a-b2a1-48ec-ac0f-ff858fca1b93
San Francisco, CA
partner 
*********************************************
Lyft - Motion Planning Software Engineer
https://jobs.lever.co/lyft/0d9b84e6-a0da-4688-b8d6-e0dccd70b764
Palo Alto, CA
*********************************************
Lyft - Software Engineer, Perception
https://jobs.lever.co/lyft/51ecafd7-3cf5-44aa-aab4-745a63e17f10
Palo Alto, CA
*********************************************
Lyft - Senior Android Engineer
https://jobs.lever.co/lyft/b0e8da08-2212-49d6-b78a-f0586c97b85f
San Francisco, CA
weekly
*********************************************
Lyft - Intern: Software Engineer 2018 - Winter (Jan-March)
https://jobs.lever.co/lyft/6780d91d-944a-435e-b7ec-3fa3e3903493/apply
Seattle, WA
____________________________________________________________
*********************************************
Lyft - Android Engineer
https://jobs.lever.co/lyft/3ad3a919-b128-4ece-ae7f-69e7dd4cc5c0
San Francisco, CA
weekly
*********************************************
Lyft - Software Engineer: Global Engineering
https://jobs.lever.co/lyft/35fd862f-c94a-4f56-9450-e1adfb4a0dcc/apply
San Francisco, CA
____________________________________________________________
*********************************************
Lyft - Software Engineer, Data Tools and Visualization
https://jobs.lever.co/lyft/d398f460-75b0-409f-96ae-b979e36a29fc
San Francisco, CA
## slept ##
Error OVER_QUERY_LIMIT
Query: https://maps.google.com/maps/api/geocode/json?address=San+Francisco%2C+CA&sensor=false&bounds=&region=&language=&components=
*********************************************
Lyft - Data Engineer
https://jobs.lever.co/lyft/e98ae531-ef40-4036-aa77-43c4d704eec1/apply
San Francisco, CA
## slept ##
Error OVER_QUERY_LIMIT
Query: https://maps.google.com/maps/api/geocode/json?address=San+Francisco%2C+CA&sensor=false&bounds=&region=&language=&components=
____________________________________________________________
*********************************************
Lyft - Software Engineer, Data Infrastructure (Seattle)
https://jobs.lever.co/lyft/2e8c9846-60a6-4391-a1d8-8345b3bcf4ff
Seattle, WA
## slept ##
Error OVER_QUERY_LIMIT
Query: https://maps.google.com/maps/api/geocode/json?address=Seattle%2C+WA&sensor=false&bounds=&region=&language=&components=
*********************************************
Lyft - Infrastructure Engineer
https://jobs.lever.co/lyft/c40724f0-dd8b-46fc-b802-62429e193dc8/apply
San Francisco, CA
## slept ##
Error OVER_QUERY_LIMIT
Query: https://maps.google.com/maps/api/geocode/json?address=San+Francisco%2C+CA&sensor=false&bounds=&region=&language=&components=
____________________________________________________________
*********************************************
Lyft - Android Engineer
https://jobs.lever.co/lyft/3ad3a919-b128-4ece-ae7f-69e7dd4cc5c0/apply
San Francisco, CA
## slept ##
Error OVER_QUERY_LIMIT
Query: https://maps.google.com/maps/api/geocode/json?address=San+Francisco%2C+CA&sensor=false&bounds=&region=&language=&components=
____________________________________________________________
*********************************************
Lyft - Software Engineer (Seattle)
https://jobs.lever.co/lyft/da433c09-4e57-43fb-87f8-6cc2bf1576b3/apply
Seattle, WA
## slept ##
Error OVER_QUERY_LIMIT
Query: https://maps.google.com/maps/api/geocode/json?address=Seattle%2C+WA&sensor=false&bounds=&region=&language=&components=
____________________________________________________________
*********************************************
Lyft - Software Engineer, Payments
https://jobs.lever.co/lyft/40426121-3f36-43aa-ab37-64a7637f7df6/apply
San Francisco, CA
## slept ##
Error OVER_QUERY_LIMIT
Query: https://maps.google.com/maps/api/geocode/json?address=San+Francisco%2C+CA&sensor=false&bounds=&region=&language=&components=
____________________________________________________________
*********************************************
Lyft - Software Engineer, Routing
https://jobs.lever.co/lyft/1d64b227-541b-4639-b778-8e77ee57e018/apply
San Francisco, CA
## slept ##
Error OVER_QUERY_LIMIT
Query: https://maps.google.com/maps/api/geocode/json?address=San+Francisco%2C+CA&sensor=false&bounds=&region=&language=&components=
____________________________________________________________
*********************************************
Lyft - Software Engineer: Data Privacy
https://jobs.lever.co/lyft/fbedb31d-c8e8-4511-86b6-eafd66dc69ba
San Francisco, CA
## slept ##
Error OVER_QUERY_LIMIT
Query: https://maps.google.com/maps/api/geocode/json?address=San+Francisco%2C+CA&sensor=false&bounds=&region=&language=&components=
*********************************************
Lyft - Senior iOS Engineer (Seattle)
https://jobs.lever.co/lyft/631a7e82-65e3-44c3-8568-f3ad20c164cf
Seattle, WA
## slept ##
Error OVER_QUERY_LIMIT
Query: https://maps.google.com/maps/api/geocode/json?address=Seattle%2C+WA&sensor=false&bounds=&region=&language=&components=
weekly
*********************************************
Lyft - Senior iOS Engineer
https://jobs.lever.co/lyft/e80cabbc-2076-4c93-a843-fe7e88af340e
San Francisco, CA
## slept ##
Error OVER_QUERY_LIMIT
Query: https://maps.google.com/maps/api/geocode/json?address=San+Francisco%2C+CA&sensor=false&bounds=&region=&language=&components=
*********************************************
Lyft - Software Engineer, Payments (Seattle)
https://jobs.lever.co/lyft/7db23cfb-29de-404d-97b0-557ea67ee167/apply
Seattle, WA
## slept ##
Error OVER_QUERY_LIMIT
Query: https://maps.google.com/maps/api/geocode/json?address=Seattle%2C+WA&sensor=false&bounds=&region=&language=&components=
____________________________________________________________
*********************************************
Lyft - Software Engineer, Application Security
https://jobs.lever.co/lyft/d76436f1-3894-4b71-8cda-1a94f62b3982/apply
San Francisco, CA
## slept ##
Error OVER_QUERY_LIMIT
Query: https://maps.google.com/maps/api/geocode/json?address=San+Francisco%2C+CA&sensor=false&bounds=&region=&language=&components=
____________________________________________________________
*********************************************
Lyft - Software Engineer, Data Infrastructure
https://jobs.lever.co/lyft/cbcf8e49-d8d2-407e-b853-40fee1ebfcb1/apply
San Francisco, CA
## slept ##
Error OVER_QUERY_LIMIT
Query: https://maps.google.com/maps/api/geocode/json?address=San+Francisco%2C+CA&sensor=false&bounds=&region=&language=&components=
____________________________________________________________
*********************************************
Lyft - Software Engineer (NYC)
https://jobs.lever.co/lyft/f93f5809-5c3e-4049-861a-3cbf2432f49d/apply
New York, NY
## slept ##
Error OVER_QUERY_LIMIT
Query: https://maps.google.com/maps/api/geocode/json?address=New+York%2C+NY&sensor=false&bounds=&region=&language=&components=
____________________________________________________________
*********************************************
Lyft - Front End Engineer
https://jobs.lever.co/lyft/193b0760-3c87-4bb8-95e1-05a07814f56c/apply
San Francisco, CA
## slept ##
Error OVER_QUERY_LIMIT
Query: https://maps.google.com/maps/api/geocode/json?address=San+Francisco%2C+CA&sensor=false&bounds=&region=&language=&components=
____________________________________________________________
*********************************************
Lyft - Software Engineer, Mapping
https://jobs.lever.co/lyft/30e71704-50ac-4122-8738-067c73f38c6e/apply
Palo Alto, CA
## slept ##
Error OVER_QUERY_LIMIT
Query: https://maps.google.com/maps/api/geocode/json?address=Palo+Alto%2C+CA&sensor=false&bounds=&region=&language=&components=
____________________________________________________________
*********************************************
Lyft - Datastore Infrastructure Engineer
https://jobs.lever.co/lyft/35fc6772-e2bd-4104-bb8a-6e868524daf0/apply
San Francisco, CA
## slept ##
Error OVER_QUERY_LIMIT
Query: https://maps.google.com/maps/api/geocode/json?address=San+Francisco%2C+CA&sensor=false&bounds=&region=&language=&components=
____________________________________________________________
*********************************************
Lyft - Infrastructure Engineer (Seattle)
https://jobs.lever.co/lyft/c06c84c9-86be-4cf3-abcf-cec986620304/apply
Seattle, WA
## slept ##
Error OVER_QUERY_LIMIT
Query: https://maps.google.com/maps/api/geocode/json?address=Seattle%2C+WA&sensor=false&bounds=&region=&language=&components=
____________________________________________________________
*********************************************
Lyft - Senior Android Engineer
https://jobs.lever.co/lyft/b0e8da08-2212-49d6-b78a-f0586c97b85f/apply
San Francisco, CA
## slept ##
Error OVER_QUERY_LIMIT
Query: https://maps.google.com/maps/api/geocode/json?address=San+Francisco%2C+CA&sensor=false&bounds=&region=&language=&components=
____________________________________________________________
*********************************************
Lyft - Software Engineer: Data Privacy
https://jobs.lever.co/lyft/fbedb31d-c8e8-4511-86b6-eafd66dc69ba/apply
San Francisco, CA
## slept ##
Error OVER_QUERY_LIMIT
Query: https://maps.google.com/maps/api/geocode/json?address=San+Francisco%2C+CA&sensor=false&bounds=&region=&language=&components=
____________________________________________________________
*********************************************
Lyft - Senior iOS Engineer (Seattle)
https://jobs.lever.co/lyft/631a7e82-65e3-44c3-8568-f3ad20c164cf/apply
Seattle, WA
## slept ##
Error OVER_QUERY_LIMIT
Query: https://maps.google.com/maps/api/geocode/json?address=Seattle%2C+WA&sensor=false&bounds=&region=&language=&components=
____________________________________________________________
*********************************************
Lyft - Software Engineer, Financial Infrastructure
https://jobs.lever.co/lyft/4ca5323b-58fa-4f68-9d0a-756e41b314b7/apply
San Francisco, CA
## slept ##
Error OVER_QUERY_LIMIT
Query: https://maps.google.com/maps/api/geocode/json?address=San+Francisco%2C+CA&sensor=false&bounds=&region=&language=&components=
____________________________________________________________
*********************************************
Lyft - Business Intelligence Engineer
https://jobs.lever.co/lyft/76a46467-011c-4a16-9d67-77b516dbaf0c/apply
San Francisco, CA
## slept ##
Error OVER_QUERY_LIMIT
Query: https://maps.google.com/maps/api/geocode/json?address=San+Francisco%2C+CA&sensor=false&bounds=&region=&language=&components=
____________________________________________________________
*********************************************
Lyft - Senior Android Engineer (NYC)
https://jobs.lever.co/lyft/f17f9a70-f041-4866-8210-4618e03b8408/apply
New York, NY
## slept ##
Error OVER_QUERY_LIMIT
Query: https://maps.google.com/maps/api/geocode/json?address=New+York%2C+NY&sensor=false&bounds=&region=&language=&components=
____________________________________________________________
*********************************************
Lyft - Senior Android Engineer (Seattle)
https://jobs.lever.co/lyft/40eae621-0e49-420d-a322-6cd4b9aee167/apply
Seattle, WA
## slept ##
Error OVER_QUERY_LIMIT
Query: https://maps.google.com/maps/api/geocode/json?address=Seattle%2C+WA&sensor=false&bounds=&region=&language=&components=
____________________________________________________________
*********************************************
Lyft - Software Engineer, Data Infrastructure (Seattle)
https://jobs.lever.co/lyft/2e8c9846-60a6-4391-a1d8-8345b3bcf4ff/apply
Seattle, WA
## slept ##
Error OVER_QUERY_LIMIT
Query: https://maps.google.com/maps/api/geocode/json?address=Seattle%2C+WA&sensor=false&bounds=&region=&language=&components=
____________________________________________________________
*********************************************
Lyft - Software Engineer, Security Detection & Response
https://jobs.lever.co/lyft/cee72f79-90ee-4c1b-9ce6-4da4818d30ad/apply
San Francisco, CA
## slept ##
Error OVER_QUERY_LIMIT
Query: https://maps.google.com/maps/api/geocode/json?address=San+Francisco%2C+CA&sensor=false&bounds=&region=&language=&components=
____________________________________________________________
*********************************************
Lyft - Software Engineer, Machine Learning (All Levels)
https://jobs.lever.co/lyft/e2c7f166-9a8e-412b-bc35-0cc49d348b05/apply
San Francisco, CA
## slept ##
Error OVER_QUERY_LIMIT
Query: https://maps.google.com/maps/api/geocode/json?address=San+Francisco%2C+CA&sensor=false&bounds=&region=&language=&components=
____________________________________________________________
*********************************************
Lyft - Partner Engineer
https://jobs.lever.co/lyft/49ac23ec-2e0a-4262-aed3-e0b9bc21197e/apply
San Francisco, CA
## slept ##
Error OVER_QUERY_LIMIT
Query: https://maps.google.com/maps/api/geocode/json?address=San+Francisco%2C+CA&sensor=false&bounds=&region=&language=&components=
____________________________________________________________
*********************************************
Lyft - Controls Engineer Lead
https://jobs.lever.co/lyft/f5378b3e-49a0-4ed0-bc3a-750cbbfc8a55
Palo Alto, CA
## slept ##
Error OVER_QUERY_LIMIT
Query: https://maps.google.com/maps/api/geocode/json?address=Palo+Alto%2C+CA&sensor=false&bounds=&region=&language=&components=
*********************************************
Lyft - Software Engineer - Robotics
https://jobs.lever.co/lyft/b67de93a-d3e3-466c-bbf3-e7d1064cef1f/apply
Palo Alto, CA
## slept ##
Error OVER_QUERY_LIMIT
Query: https://maps.google.com/maps/api/geocode/json?address=Palo+Alto%2C+CA&sensor=false&bounds=&region=&language=&components=
____________________________________________________________
*********************************************
Lyft - Senior iOS Engineer (NYC)
https://jobs.lever.co/lyft/e58434d4-ac25-4b61-8652-83db07f27227/apply
New York, NY
## slept ##
Error OVER_QUERY_LIMIT
Query: https://maps.google.com/maps/api/geocode/json?address=New+York%2C+NY&sensor=false&bounds=&region=&language=&components=
____________________________________________________________
*********************************************
Lyft - Software Engineer, Strategy
https://jobs.lever.co/lyft/359dfbce-ce9f-4658-8b0d-2606c821412d/apply
San Francisco, CA
## slept ##
Error OVER_QUERY_LIMIT
Query: https://maps.google.com/maps/api/geocode/json?address=San+Francisco%2C+CA&sensor=false&bounds=&region=&language=&components=
____________________________________________________________
*********************************************
Lyft - Software Engineer, Perception (All levels)
https://jobs.lever.co/lyft/51ecafd7-3cf5-44aa-aab4-745a63e17f10/apply
Palo Alto, CA
## slept ##
Error OVER_QUERY_LIMIT
Query: https://maps.google.com/maps/api/geocode/json?address=Palo+Alto%2C+CA&sensor=false&bounds=&region=&language=&components=
____________________________________________________________
*********************************************
Lyft - Software Engineer, Unity
https://jobs.lever.co/lyft/0be3d11e-eea9-46ef-a761-2c50934478fe/apply
San Francisco, CA
## slept ##
Error OVER_QUERY_LIMIT
Query: https://maps.google.com/maps/api/geocode/json?address=San+Francisco%2C+CA&sensor=false&bounds=&region=&language=&components=
____________________________________________________________
*********************************************
Lyft - Software Engineer, Data Tools and Visualization (Seattle)
https://jobs.lever.co/lyft/7e3334a6-e5b1-41b8-942a-7051e0df4941/apply
Seattle, WA
## slept ##
Error OVER_QUERY_LIMIT
Query: https://maps.google.com/maps/api/geocode/json?address=Seattle%2C+WA&sensor=false&bounds=&region=&language=&components=
____________________________________________________________
*********************************************
Lyft - Software Engineer, Enterprise
https://jobs.lever.co/lyft/6c02431a-b2a1-48ec-ac0f-ff858fca1b93/apply
San Francisco, CA
## slept ##
Error OVER_QUERY_LIMIT
Query: https://maps.google.com/maps/api/geocode/json?address=San+Francisco%2C+CA&sensor=false&bounds=&region=&language=&components=
____________________________________________________________
*********************************************
Lyft - Motion Planning Software Engineer (All levels)
https://jobs.lever.co/lyft/0d9b84e6-a0da-4688-b8d6-e0dccd70b764/apply
Palo Alto, CA
## slept ##
Error OVER_QUERY_LIMIT
Query: https://maps.google.com/maps/api/geocode/json?address=Palo+Alto%2C+CA&sensor=false&bounds=&region=&language=&components=
____________________________________________________________
*********************************************
Lyft - Controls Engineer Lead
https://jobs.lever.co/lyft/f5378b3e-49a0-4ed0-bc3a-750cbbfc8a55/apply
Palo Alto, CA
## slept ##
Error OVER_QUERY_LIMIT
Query: https://maps.google.com/maps/api/geocode/json?address=Palo+Alto%2C+CA&sensor=false&bounds=&region=&language=&components=
____________________________________________________________
*********************************************
Lyft - Software Engineering Manager (Seattle)
https://jobs.lever.co/lyft/e7ba617a-b496-452f-ab10-daa05fcd7f9f
Seattle, WA
## slept ##
Error OVER_QUERY_LIMIT
Query: https://maps.google.com/maps/api/geocode/json?address=Seattle%2C+WA&sensor=false&bounds=&region=&language=&components=
*********************************************
Lyft - Software Engineering Manager, Infrastructure
https://jobs.lever.co/lyft/86c2170a-d5ed-4505-93c5-66db63cbb5df
San Francisco, CA
## slept ##
Error OVER_QUERY_LIMIT
Query: https://maps.google.com/maps/api/geocode/json?address=San+Francisco%2C+CA&sensor=false&bounds=&region=&language=&components=
*********************************************
Lyft
https://jobs.lever.co/lyft?lever-via=4xKCN32ADz

## slept ##
Error INVALID_REQUEST
Query: https://maps.google.com/maps/api/geocode/json?address=&sensor=false&bounds=&region=&language=&components=
Filter by:
*********************************************
Lyft - Autonomy Software Engineering Manager
https://jobs.lever.co/lyft/42cbd961-24cb-49c8-8c77-afe7a9a7e82a
Palo Alto, CA
## slept ##
Error OVER_QUERY_LIMIT
Query: https://maps.google.com/maps/api/geocode/json?address=Palo+Alto%2C+CA&sensor=false&bounds=&region=&language=&components=
*********************************************
Lyft
https://jobs.lever.co/lyft?lever-via=ahTDzFn9j7

## slept ##
Error INVALID_REQUEST
Query: https://maps.google.com/maps/api/geocode/json?address=&sensor=false&bounds=&region=&language=&components=
Filter by:
*********************************************
Lyft - Software Engineering Manager (Seattle)
https://jobs.lever.co/lyft/e7ba617a-b496-452f-ab10-daa05fcd7f9f/apply
Seattle, WA
## slept ##
Error OVER_QUERY_LIMIT
Query: https://maps.google.com/maps/api/geocode/json?address=Seattle%2C+WA&sensor=false&bounds=&region=&language=&components=
____________________________________________________________
*********************************************
HTTP Error 404: Not Found
Lyft - Software Engineering Manager (NYC)
https://jobs.lever.co/lyft/8f74102b-c1ef-4328-b3da-bbb14e4a9786/apply
New York, NY
## slept ##
Error OVER_QUERY_LIMIT
Query: https://maps.google.com/maps/api/geocode/json?address=New+York%2C+NY&sensor=false&bounds=&region=&language=&components=
____________________________________________________________
*********************************************
Lyft - Infrastructure and Tools Software Engineering Manager
https://jobs.lever.co/lyft/26cc8262-19ad-4cb8-8a2c-9db16840508b
Palo Alto, CA
## slept ##
Error OVER_QUERY_LIMIT
Query: https://maps.google.com/maps/api/geocode/json?address=Palo+Alto%2C+CA&sensor=false&bounds=&region=&language=&components=
*********************************************
Lyft - Software Engineering Manager
https://jobs.lever.co/lyft/7624f492-2c87-4fdf-bf10-9b1df53a5fed/apply
San Francisco, CA
## slept ##
Error OVER_QUERY_LIMIT
Query: https://maps.google.com/maps/api/geocode/json?address=San+Francisco%2C+CA&sensor=false&bounds=&region=&language=&components=
____________________________________________________________
*********************************************
Lyft - Autonomy Software Engineering Manager
https://jobs.lever.co/lyft/42cbd961-24cb-49c8-8c77-afe7a9a7e82a/apply
Palo Alto, CA
## slept ##
Error OVER_QUERY_LIMIT
Query: https://maps.google.com/maps/api/geocode/json?address=Palo+Alto%2C+CA&sensor=false&bounds=&region=&language=&components=
____________________________________________________________
*********************************************
Lyft - Infrastructure and Tools Software Engineering Manager
https://jobs.lever.co/lyft/26cc8262-19ad-4cb8-8a2c-9db16840508b/apply
Palo Alto, CA
## slept ##
Error OVER_QUERY_LIMIT
Query: https://maps.google.com/maps/api/geocode/json?address=Palo+Alto%2C+CA&sensor=false&bounds=&region=&language=&components=
____________________________________________________________
*********************************************
Lyft - Software Engineering Manager, Data Platform
https://jobs.lever.co/lyft/0650ad25-d420-43ff-a262-33bef0a50f4b/apply
San Francisco, CA
## slept ##
Error OVER_QUERY_LIMIT
Query: https://maps.google.com/maps/api/geocode/json?address=San+Francisco%2C+CA&sensor=false&bounds=&region=&language=&components=
____________________________________________________________
*********************************************
Lyft - Technical Program Manager: Infrastructure
https://jobs.lever.co/lyft/b4d38a68-59b3-4d9c-b0cc-349f3caaaca6
San Francisco, CA
## slept ##
Error OVER_QUERY_LIMIT
Query: https://maps.google.com/maps/api/geocode/json?address=San+Francisco%2C+CA&sensor=false&bounds=&region=&language=&components=
partner 
*********************************************
HTTP Error 404: Not Found
Lyft - Software Engineering Manager, Infrastructure
https://jobs.lever.co/lyft/86c2170a-d5ed-4505-93c5-66db63cbb5df/apply
San Francisco, CA
## slept ##
Error OVER_QUERY_LIMIT
Query: https://maps.google.com/maps/api/geocode/json?address=San+Francisco%2C+CA&sensor=false&bounds=&region=&language=&components=
____________________________________________________________
*********************************************
Lyft - Technical Program Manager, Growth
https://jobs.lever.co/lyft/9ce2ed2a-ac74-4f66-a800-f1c10cbe1062
San Francisco, CA
## slept ##
Error OVER_QUERY_LIMIT
Query: https://maps.google.com/maps/api/geocode/json?address=San+Francisco%2C+CA&sensor=false&bounds=&region=&language=&components=
partner 
*********************************************
Lyft - Technical Program Manager: Data
https://jobs.lever.co/lyft/f980204c-65fb-40cf-a10d-c24ff11043d0
San Francisco, CA
## slept ##
Error OVER_QUERY_LIMIT
Query: https://maps.google.com/maps/api/geocode/json?address=San+Francisco%2C+CA&sensor=false&bounds=&region=&language=&components=
partner 
*********************************************
Lyft - Technical Program Manager, Marketplace
https://jobs.lever.co/lyft/037556b8-94b4-4d6a-b3b8-6de215740b15
San Francisco, CA
## slept ##
Error OVER_QUERY_LIMIT
Query: https://maps.google.com/maps/api/geocode/json?address=San+Francisco%2C+CA&sensor=false&bounds=&region=&language=&components=
partner 
*********************************************
Lyft - Technical Program Manager: Security & Privacy
https://jobs.lever.co/lyft/456b93c6-d6a5-41a3-a18e-0e6dcbb3fd6e
San Francisco, CA
## slept ##
Error OVER_QUERY_LIMIT
Query: https://maps.google.com/maps/api/geocode/json?address=San+Francisco%2C+CA&sensor=false&bounds=&region=&language=&components=
partner 
*********************************************
Lyft - Technical Program Manager, Passenger Experience
https://jobs.lever.co/lyft/3b89a867-d8ee-49fa-8e25-5c5d684aae32
San Francisco, CA
## slept ##
Error OVER_QUERY_LIMIT
Query: https://maps.google.com/maps/api/geocode/json?address=San+Francisco%2C+CA&sensor=false&bounds=&region=&language=&components=
marketing
partner 
*********************************************
Lyft - Technical Program Manager, Financial Analysis + Reporting
https://jobs.lever.co/lyft/75230a65-8ff3-4d92-855f-6779b047572e
San Francisco, CA
## slept ##
Error OVER_QUERY_LIMIT
Query: https://maps.google.com/maps/api/geocode/json?address=San+Francisco%2C+CA&sensor=false&bounds=&region=&language=&components=
partner 
*********************************************
Lyft - Technical Program Manager, Reliability
https://jobs.lever.co/lyft/aec12aa9-9c7d-4e5b-9bfd-a570401bb4ca
San Francisco, CA
## slept ##
Error OVER_QUERY_LIMIT
Query: https://maps.google.com/maps/api/geocode/json?address=San+Francisco%2C+CA&sensor=false&bounds=&region=&language=&components=
partner 
weekly
*********************************************
Lyft - Director, Business Development - Automotive
https://jobs.lever.co/lyft/3d42c387-fc6d-467e-bb22-84a18f94541d
San Francisco, CA
## slept ##
Error OVER_QUERY_LIMIT
Query: https://maps.google.com/maps/api/geocode/json?address=San+Francisco%2C+CA&sensor=false&bounds=&region=&language=&components=
partner 
*********************************************
Lyft - Technical Program Manager: Internal Productivity
https://jobs.lever.co/lyft/19bf36f1-f75f-4e77-9509-464b87141074
San Francisco, CA
## slept ##
Error OVER_QUERY_LIMIT
Query: https://maps.google.com/maps/api/geocode/json?address=San+Francisco%2C+CA&sensor=false&bounds=&region=&language=&components=
partner 
*********************************************
Lyft - Senior Payment Solutions Manager
https://jobs.lever.co/lyft/3abcb474-ccc0-4d16-87bb-d221a8cc86b8
San Francisco, CA
## slept ##
Error OVER_QUERY_LIMIT
Query: https://maps.google.com/maps/api/geocode/json?address=San+Francisco%2C+CA&sensor=false&bounds=&region=&language=&components=
*********************************************
Lyft - Embedded Software Lead
https://jobs.lever.co/lyft/c4f6f6a1-2246-432e-9183-5ed3d181a5b3
Palo Alto, CA
## slept ##
Error OVER_QUERY_LIMIT
Query: https://maps.google.com/maps/api/geocode/json?address=Palo+Alto%2C+CA&sensor=false&bounds=&region=&language=&components=
local
*********************************************
Lyft - Strategic Sourcing / Commodity Manager, Autonomous Tech
https://jobs.lever.co/lyft/89b1248c-01e4-480c-94a5-ce3c323f3426
Palo Alto, CA
## slept ##
Error OVER_QUERY_LIMIT
Query: https://maps.google.com/maps/api/geocode/json?address=Palo+Alto%2C+CA&sensor=false&bounds=&region=&language=&components=
*********************************************
Lyft - Program Development Manager, Driver Experience
https://jobs.lever.co/lyft/cea05cbd-926b-47b6-bf17-ebfda027cabb
San Francisco, CA
## slept ##
Error OVER_QUERY_LIMIT
Query: https://maps.google.com/maps/api/geocode/json?address=San+Francisco%2C+CA&sensor=false&bounds=&region=&language=&components=
marketing
partner 
*********************************************
HTTP Error 404: Not Found
Lyft - UX Research Lead
https://jobs.lever.co/lyft/b423c9eb-ec83-4c82-93bb-3f37003e437f
San Francisco, CA
## slept ##
Error OVER_QUERY_LIMIT
Query: https://maps.google.com/maps/api/geocode/json?address=San+Francisco%2C+CA&sensor=false&bounds=&region=&language=&components=
survey
*********************************************
Lyft - Intern: Product Manager (2018)
https://jobs.lever.co/lyft/3c4c8bd7-a723-4c12-abf5-3cf742e8232a
San Francisco, CA
## slept ##
Error OVER_QUERY_LIMIT
Query: https://maps.google.com/maps/api/geocode/json?address=San+Francisco%2C+CA&sensor=false&bounds=&region=&language=&components=
*********************************************
Lyft - Localization Software Lead
https://jobs.lever.co/lyft/94f0a444-e2ba-4c6c-98ff-1e7ec10e3042
Palo Alto, CA
## slept ##
Error OVER_QUERY_LIMIT
Query: https://maps.google.com/maps/api/geocode/json?address=Palo+Alto%2C+CA&sensor=false&bounds=&region=&language=&components=
local
*********************************************
24
*********************************************
Lyra Health - Senior Software Engineer
https://jobs.lever.co/lyrahealth/0445d661-43e5-4d30-a953-3f7e79ddea0d
Burlingame, CA
## slept ##
Error OVER_QUERY_LIMIT
Query: https://maps.google.com/maps/api/geocode/json?address=Burlingame%2C+CA&sensor=false&bounds=&region=&language=&components=
local
*********************************************
Lyra Health - Front-End Engineer
https://jobs.lever.co/lyrahealth/c56cc0bc-c35e-4bc8-88a6-2139635568bb
Burlingame, CA
## slept ##
Error OVER_QUERY_LIMIT
Query: https://maps.google.com/maps/api/geocode/json?address=Burlingame%2C+CA&sensor=false&bounds=&region=&language=&components=
local
*********************************************
Lyra Health - Senior Software Engineer
https://jobs.lever.co/lyrahealth/0445d661-43e5-4d30-a953-3f7e79ddea0d/apply
Burlingame, CA
## slept ##
