0
*********************************************
0
*********************************************
Lever Demo - Front End Engineer
https://jobs.lever.co/leverdemo/37dd40ee-79e4-4cc8-8ea3-a95a9103d686
San Francisco, CA
## slept ##
Error OVER_QUERY_LIMIT
Query: https://maps.google.com/maps/api/geocode/json?address=San+Francisco%2C+CA&sensor=false&bounds=&region=&language=&components=
*********************************************
Lever Demo - Software Test Engineer
https://jobs.lever.co/leverdemo/3e50e331-d0b3-4313-8792-31482e5d5f50

## slept ##
Error INVALID_REQUEST
Query: https://maps.google.com/maps/api/geocode/json?address=&sensor=false&bounds=&region=&language=&components=
*********************************************
Lever Demo - Full Stack Engineer
https://jobs.lever.co/leverdemo/43cfe944-1227-4c2e-9ba8-61b627bfbc13
Amsterdam
## slept ##
Error OVER_QUERY_LIMIT
Query: https://maps.google.com/maps/api/geocode/json?address=Amsterdam&sensor=false&bounds=&region=&language=&components=
*********************************************
Lever Demo - Product Engineer
https://jobs.lever.co/leverdemo/e0852a77-040f-468c-a22f-0d1718d32283
Paris
## slept ##
Error OVER_QUERY_LIMIT
Query: https://maps.google.com/maps/api/geocode/json?address=Paris&sensor=false&bounds=&region=&language=&components=
*********************************************
Lever Demo - Sales Engineer
https://jobs.lever.co/leverdemo/865e33af-299d-4237-962f-88ded97f6d12
San Francisco
## slept ##
Error OVER_QUERY_LIMIT
Query: https://maps.google.com/maps/api/geocode/json?address=San+Francisco&sensor=false&bounds=&region=&language=&components=
*********************************************
Lever Demo - Android Engineer
https://jobs.lever.co/leverdemo/e215ebe2-cc96-420c-847c-3de12ec6c903
Menlo Park, CA
## slept ##
Error OVER_QUERY_LIMIT
Query: https://maps.google.com/maps/api/geocode/json?address=Menlo+Park%2C+CA&sensor=false&bounds=&region=&language=&components=
*********************************************
Lever Demo - Full Stack Engineer - II
https://jobs.lever.co/leverdemo/c80bf353-52e1-4b15-8018-aaf656a92b70
Bay Area, CA
## slept ##
Error OVER_QUERY_LIMIT
Query: https://maps.google.com/maps/api/geocode/json?address=Bay+Area%2C+CA&sensor=false&bounds=&region=&language=&components=
personal trainer
volunteer
*********************************************
Lever Demo - QA Engineer
https://jobs.lever.co/leverdemo/354d1c51-25f6-436f-acbc-09d5e89c4063

## slept ##
Error INVALID_REQUEST
Query: https://maps.google.com/maps/api/geocode/json?address=&sensor=false&bounds=&region=&language=&components=
*********************************************
Lever Demo - Software Engineer (Web UI)
https://jobs.lever.co/leverdemo/a51f4e09-a2c7-45a0-b8cf-ed9b479796b9

## slept ##
Error INVALID_REQUEST
Query: https://maps.google.com/maps/api/geocode/json?address=&sensor=false&bounds=&region=&language=&components=
local
*********************************************
Lever Demo - Autopilot Engineer
https://jobs.lever.co/leverdemo/269227e5-6453-4421-a894-af9fc0e84793
San Francisco
## slept ##
Error OVER_QUERY_LIMIT
Query: https://maps.google.com/maps/api/geocode/json?address=San+Francisco&sensor=false&bounds=&region=&language=&components=
marketing
*********************************************
Lever Demo - Software Engineer
https://jobs.lever.co/leverdemo/6d94d2c9-3c9d-415b-b457-281a68d1f6f4/apply
San Francisco
## slept ##
Error OVER_QUERY_LIMIT
Query: https://maps.google.com/maps/api/geocode/json?address=San+Francisco&sensor=false&bounds=&region=&language=&components=
survey
____________________________________________________________
*********************************************
Lever Demo - Back-End Engineer
https://jobs.lever.co/leverdemo/cd1ea494-1629-4cb1-a1c7-5dbcc9dea545/apply
San Francisco, CA
## slept ##
Error OVER_QUERY_LIMIT
Query: https://maps.google.com/maps/api/geocode/json?address=San+Francisco%2C+CA&sensor=false&bounds=&region=&language=&components=
survey
____________________________________________________________
*********************************************
Lever Demo - Autopilot Engineer
https://jobs.lever.co/leverdemo/269227e5-6453-4421-a894-af9fc0e84793/apply
San Francisco
## slept ##
Error OVER_QUERY_LIMIT
Query: https://maps.google.com/maps/api/geocode/json?address=San+Francisco&sensor=false&bounds=&region=&language=&components=
survey
____________________________________________________________
*********************************************
Lever Demo
https://jobs.lever.co/leverdemo

## slept ##
Error INVALID_REQUEST
Query: https://maps.google.com/maps/api/geocode/json?address=&sensor=false&bounds=&region=&language=&components=
Filter by:
*********************************************
Lever Demo - Product Designer
https://jobs.lever.co/leverdemo/59ec4e78-db49-4c11-9421-caeba2b46290
San Francisco, CA
## slept ##
Error OVER_QUERY_LIMIT
Query: https://maps.google.com/maps/api/geocode/json?address=San+Francisco%2C+CA&sensor=false&bounds=&region=&language=&components=
data entry
*********************************************
Lever Demo - Senior Research Scientist - Algorithms
https://jobs.lever.co/leverdemo/7d210de3-091d-4ae9-855c-4faacc27a919

## slept ##
Error INVALID_REQUEST
Query: https://maps.google.com/maps/api/geocode/json?address=&sensor=false&bounds=&region=&language=&components=
*********************************************
Lever Demo - Project Manager
https://jobs.lever.co/leverdemo/32e24a2f-318d-4e7a-af55-bdf1c0e9cec6
San Francisco
## slept ##
Error OVER_QUERY_LIMIT
Query: https://maps.google.com/maps/api/geocode/json?address=San+Francisco&sensor=false&bounds=&region=&language=&components=
marketing
*********************************************
Lever Demo - Jr. Product Manager
https://jobs.lever.co/leverdemo/4d37b304-5201-42a5-a166-8a124479df59
Montreal
## slept ##
Error OVER_QUERY_LIMIT
Query: https://maps.google.com/maps/api/geocode/json?address=Montreal&sensor=false&bounds=&region=&language=&components=
*********************************************
Lever Demo - Senior Solutions Consultant
https://jobs.lever.co/leverdemo/bedd517f-1610-4249-ba5d-2c860d8ee2be
San Francisco
## slept ##
Error OVER_QUERY_LIMIT
Query: https://maps.google.com/maps/api/geocode/json?address=San+Francisco&sensor=false&bounds=&region=&language=&components=
marketing
*********************************************
Lever Demo - Senior Data Scientist
https://jobs.lever.co/leverdemo/472e44fc-0939-4fd5-b78e-7cd138ee1773

## slept ##
Error INVALID_REQUEST
Query: https://maps.google.com/maps/api/geocode/json?address=&sensor=false&bounds=&region=&language=&components=
local
*********************************************
Lever Demo - Web Developer
https://jobs.lever.co/leverdemo/d7b41c8a-85fb-48df-96df-14d12c8d7a5c
Perth
## slept ##
Error OVER_QUERY_LIMIT
Query: https://maps.google.com/maps/api/geocode/json?address=Perth&sensor=false&bounds=&region=&language=&components=
*********************************************
Lever Demo - Senior Software Developer, Platform
https://jobs.lever.co/leverdemo/82fbbecc-5535-466b-a84b-7957cf49e443
San Francisco
## slept ##
Error OVER_QUERY_LIMIT
Query: https://maps.google.com/maps/api/geocode/json?address=San+Francisco&sensor=false&bounds=&region=&language=&components=
*********************************************
Lever Demo - Product Manager
https://jobs.lever.co/leverdemo/ecaa3ab8-e01c-443a-993d-a854b0b7489a
London
## slept ##
Error OVER_QUERY_LIMIT
Query: https://maps.google.com/maps/api/geocode/json?address=London&sensor=false&bounds=&region=&language=&components=
marketing
*********************************************
Lever Demo - Platform Marketing Manager
https://jobs.lever.co/leverdemo/cafb65fa-7665-4b3a-a007-0c92f275778b
Mountain View
## slept ##
Error OVER_QUERY_LIMIT
Query: https://maps.google.com/maps/api/geocode/json?address=Mountain+View&sensor=false&bounds=&region=&language=&components=
marketing
*********************************************
Lever Demo - MBA Rotation - Business Consultant
https://jobs.lever.co/leverdemo/7d49d97f-ac1f-4750-8cbc-37a6ea2bcd2e
New York, NY
## slept ##
