1776 - QA Engineer
https://jobs.lever.co/1776/96be5707-1b4e-4db1-9f1e-cf68b3c89ba8
Washington, DC
*********************************************
1776 - Full-Stack Engineer
https://jobs.lever.co/1776/cb3e1f51-3b5f-42c1-94d0-cb91eb25a5c7

## slept ##
Error INVALID_REQUEST
Query: https://maps.google.com/maps/api/geocode/json?address=&sensor=false&bounds=&region=&language=&components=
*********************************************
1776 - Principal Software Engineer
https://jobs.lever.co/1776/e64ad67a-e33c-4686-8a52-48b5dd99a81e
Washington, DC
*********************************************
1776 - Full-Stack Engineer
https://jobs.lever.co/1776/cb3e1f51-3b5f-42c1-94d0-cb91eb25a5c7/apply

## slept ##
Error INVALID_REQUEST
Query: https://maps.google.com/maps/api/geocode/json?address=&sensor=false&bounds=&region=&language=&components=
____________________________________________________________
*********************************************
1776 - QA Engineer
https://jobs.lever.co/1776/96be5707-1b4e-4db1-9f1e-cf68b3c89ba8/apply
Washington, DC
## slept ##
____________________________________________________________
*********************************************
1776 - Principal Software Engineer
https://jobs.lever.co/1776/e64ad67a-e33c-4686-8a52-48b5dd99a81e/apply
Washington, DC
____________________________________________________________
*********************************************
1776
https://jobs.lever.co/1776

## slept ##
Error INVALID_REQUEST
Query: https://maps.google.com/maps/api/geocode/json?address=&sensor=false&bounds=&region=&language=&components=
Filter by:
*********************************************
1776 - Director of Engineering
https://jobs.lever.co/1776/6980187b-c5a9-4e15-997f-e156c1ec37ac/apply
Washington, DC
## slept ##
____________________________________________________________
*********************************************
1776
https://jobs.lever.co/1776?by=location

## slept ##
Error INVALID_REQUEST
Query: https://maps.google.com/maps/api/geocode/json?address=&sensor=false&bounds=&region=&language=&components=
Filter by:
*********************************************
1776
https://jobs.lever.co/1776?location=Washington%2C%20DC

## slept ##
Error INVALID_REQUEST
Query: https://maps.google.com/maps/api/geocode/json?address=&sensor=false&bounds=&region=&language=&components=
Filter by:
*********************************************
1776 - Curriculum Manager
https://jobs.lever.co/1776/d3572903-926d-44c9-97af-51f32ddf21e1
Washington, DC
instructor
*********************************************
3
*********************************************
21 - Security Engineer
https://jobs.lever.co/21/1c62cece-d385-4b79-a36e-5cb30cd1e9f0
San Francisco
equity
*********************************************
21 - Bitcoin Protocol Engineer
https://jobs.lever.co/21/56583a78-2e41-4c30-8f0d-58e0bad394d0
San Francisco
equity
*********************************************
21 - Security Engineer
https://jobs.lever.co/21/1c62cece-d385-4b79-a36e-5cb30cd1e9f0/apply
San Francisco
____________________________________________________________
*********************************************
21 - Bitcoin Protocol Engineer
https://jobs.lever.co/21/56583a78-2e41-4c30-8f0d-58e0bad394d0/apply
San Francisco
____________________________________________________________
*********************************************
21
https://jobs.lever.co/21

## slept ##
Error INVALID_REQUEST
Query: https://maps.google.com/maps/api/geocode/json?address=&sensor=false&bounds=&region=&language=&components=
Filter by:
*********************************************
21
https://jobs.lever.co/21?team=Software%20Engineering

## slept ##
Error INVALID_REQUEST
Query: https://maps.google.com/maps/api/geocode/json?address=&sensor=false&bounds=&region=&language=&components=
Filter by:
*********************************************
21 - Lever
https://jobs.lever.co/21?commitment=Full-time

## slept ##
Error INVALID_REQUEST
Query: https://maps.google.com/maps/api/geocode/json?address=&sensor=false&bounds=&region=&language=&components=
Filter by:
*********************************************
21 - Lever
https://jobs.lever.co/21?by=location

## slept ##
Error INVALID_REQUEST
Query: https://maps.google.com/maps/api/geocode/json?address=&sensor=false&bounds=&region=&language=&components=
Filter by:
*********************************************
21 - Lever
https://jobs.lever.co/21?team=Operations

## slept ##
Error INVALID_REQUEST
Query: https://maps.google.com/maps/api/geocode/json?address=&sensor=false&bounds=&region=&language=&components=
Filter by:
*********************************************
0
*********************************************
0
*********************************************
3D Hubs - Data Engineer
https://jobs.lever.co/3dhubs/307c906a-da10-4104-8429-7812f8599232
Amsterdam
local
*********************************************
3D Hubs - DevOps Engineer
https://jobs.lever.co/3dhubs/07418a06-8f17-48bb-8d81-a4b7b32ad21d
Amsterdam
local
*********************************************
3D Hubs - PHP Engineer/Drupal
https://jobs.lever.co/3dhubs/bf89b46c-396c-47a5-bf3e-8dd80d3274ef
Amsterdam
local
*********************************************
3D Hubs - DevOps Engineer
https://jobs.lever.co/3dhubs/07418a06-8f17-48bb-8d81-a4b7b32ad21d/apply
Amsterdam
____________________________________________________________
*********************************************
3D Hubs - PHP Engineer
https://jobs.lever.co/3dhubs/bf89b46c-396c-47a5-bf3e-8dd80d3274ef/apply
Amsterdam
____________________________________________________________
*********************************************
HTTP Error 404: Not Found
3D Hubs - Data Engineer
https://jobs.lever.co/3dhubs/307c906a-da10-4104-8429-7812f8599232/apply
Amsterdam
____________________________________________________________
*********************************************
3D Hubs - Full-Stack Developer
https://jobs.lever.co/3dhubs/42b8f9f9-ca16-40ec-be9d-de8f751afaf2
Amsterdam
local
*********************************************
3D Hubs
https://jobs.lever.co/3dhubs/?by=location

## slept ##
Error INVALID_REQUEST
Query: https://maps.google.com/maps/api/geocode/json?address=&sensor=false&bounds=&region=&language=&components=
Filter by:
*********************************************
3D Hubs - UI/UX Designer
https://jobs.lever.co/3dhubs/d1eb611c-c89b-4b92-a8e0-6e5a0e07c944
Amsterdam
## slept ##
local
*********************************************
3D Hubs - Business Development Lead (US/EU)
https://jobs.lever.co/3dhubs/997f5436-b901-4b12-a9b2-425abedab5f2
Amsterdam
local
*********************************************
3D Hubs
https://jobs.lever.co/3dhubs

## slept ##
Error INVALID_REQUEST
Query: https://maps.google.com/maps/api/geocode/json?address=&sensor=false&bounds=&region=&language=&components=
Filter by:
*********************************************
3D Hubs - Business Support Intern
https://jobs.lever.co/3dhubs/ab3537bf-036e-47ea-a03f-418ae8c0b7a0?lever-origin=applied&lever-source%5B%5D=Hyper%20Island
Amsterdam
## slept ##
local
*********************************************
0
*********************************************
3Pillar Global - Senior QA Automation Engineer
https://jobs.lever.co/3pillarglobal/b0d1f953-b24f-45d4-b906-4ca9b7495774
Timisoara
*********************************************
3Pillar Global - Senior QA Automation Engineer
https://jobs.lever.co/3pillarglobal/1db0befb-d283-416b-8b0d-d254b55798ba
Iași
*********************************************
3Pillar Global - QA Automation Engineer
https://jobs.lever.co/3pillarglobal/510ec80a-964d-4a09-a6d5-c9954fafed28
Cluj Napoca
*********************************************
3Pillar Global - Senior Software Engineer/Module Lead- React.js ...
https://jobs.lever.co/3pillarglobal/5503e544-ecda-493f-b0e3-3fcfdac0dc95
Noida
## slept ##
*********************************************
3Pillar Global - Senior Software Engineer/ Module Lead- Python
https://jobs.lever.co/3pillarglobal/c524c687-7e94-4a23-908a-52dd021bd833
Noida
*********************************************
HTTP Error 404: Not Found
3Pillar Global - Senior QA Automation Engineer
https://jobs.lever.co/3pillarglobal/1db0befb-d283-416b-8b0d-d254b55798ba/apply
Iași
____________________________________________________________
*********************************************
HTTP Error 404: Not Found
HTTP Error 404: Not Found
3Pillar Global - QA Automation Engineer
https://jobs.lever.co/3pillarglobal/510ec80a-964d-4a09-a6d5-c9954fafed28/apply
Cluj Napoca
____________________________________________________________
*********************************************
HTTP Error 404: Not Found
HTTP Error 404: Not Found
HTTP Error 404: Not Found
3Pillar Global - Senior Software Engineer/Module Lead- React.js ...
https://jobs.lever.co/3pillarglobal/5503e544-ecda-493f-b0e3-3fcfdac0dc95/apply
Noida
____________________________________________________________
*********************************************
HTTP Error 404: Not Found
HTTP Error 404: Not Found
HTTP Error 404: Not Found
HTTP Error 404: Not Found
HTTP Error 404: Not Found
3Pillar Global
https://jobs.lever.co/3pillarglobal

## slept ##
Error INVALID_REQUEST
Query: https://maps.google.com/maps/api/geocode/json?address=&sensor=false&bounds=&region=&language=&components=
Filter by:
*********************************************
3Pillar Global
https://jobs.lever.co/3pillarglobal?commitment=IJP

## slept ##
Error INVALID_REQUEST
Query: https://maps.google.com/maps/api/geocode/json?address=&sensor=false&bounds=&region=&language=&components=
Filter by:
*********************************************
3Pillar Global - Director of Engineering
https://jobs.lever.co/3pillarglobal/0c446920-f99b-4e56-a747-fb26303bbd07
Noida
*********************************************
3Pillar Global - Director of Engineering
https://jobs.lever.co/3pillarglobal/0c446920-f99b-4e56-a747-fb26303bbd07/apply
Noida
____________________________________________________________
*********************************************
3Pillar Global - Module Lead- Business System
https://jobs.lever.co/3pillarglobal/b3bf26f6-dc7f-4947-b269-ec4c65677253
Noida
administrative
*********************************************
3Pillar Global
https://jobs.lever.co/3pillarglobal?location=Cluj%20Napoca

## slept ##
Error INVALID_REQUEST
Query: https://maps.google.com/maps/api/geocode/json?address=&sensor=false&bounds=&region=&language=&components=
Filter by:
*********************************************
3Pillar Global - Android Technical Lead
https://jobs.lever.co/3pillarglobal/fba00f79-4227-4b64-8d22-431a3807a4dc
Cluj Napoca
*********************************************
3Pillar Global - Devops Architect
https://jobs.lever.co/3pillarglobal/d7d6790a-cf96-452a-a55e-fcc8cf3f42ca
Noida
*********************************************
3Pillar Global - SSE/ Module Lead- AWS/ Javascript (Node. JS)
https://jobs.lever.co/3pillarglobal/29b6e450-68ed-4678-9e97-ae924c957b81
Noida
*********************************************
3Pillar Global - SSE/ML- Selenium/Java Automation Testing
https://jobs.lever.co/3pillarglobal/0527ef9b-82c9-49d5-9ae3-4a4a6add2f8d
Noida
*********************************************
3Pillar Global - [IJP] Senior Full Stack Developer
https://jobs.lever.co/3pillarglobal/50c008e0-06cd-4667-a6e2-1222de583bde
Fairfax
local
*********************************************
3Pillar Global - [IJP] Solutions Architect
https://jobs.lever.co/3pillarglobal/91c370d6-dee4-4338-8f5a-2e3f95781738
Fairfax
local
*********************************************
3Pillar Global - Technical Manager - Full Stack
https://jobs.lever.co/3pillarglobal/db1f4b6c-c5b9-40f2-92f3-c4fef62b9dad
Noida
*********************************************
3Pillar Global - Technical Manager- Full Stack (UI)
https://jobs.lever.co/3pillarglobal/671ff578-47cf-45c8-8cff-585912564dc0
Noida
## slept ##
*********************************************
HTTP Error 404: Not Found
3Pillar Global - SSE/ ML- .Net
https://jobs.lever.co/3pillarglobal/fd9e679b-7308-496b-9c3c-7dcd34853c28
Noida
*********************************************
3Pillar Global - Technical Manager
https://jobs.lever.co/3pillarglobal/2cdbd28f-0050-4408-a83b-38204e259af4
Timisoara
## slept ##
*********************************************
3Pillar Global - Senior Python Developer
https://jobs.lever.co/3pillarglobal/30a5b621-424e-4963-b572-88a8266a7415
Timisoara
*********************************************
3Pillar Global - Technical Lead Full Stack
https://jobs.lever.co/3pillarglobal/be120602-aeab-4d08-90f6-ee8754c6d38a
Timisoara
*********************************************
3Pillar Global - Lead Quality Assurance
https://jobs.lever.co/3pillarglobal/4a38f07e-0512-4183-aa76-53efa6ceddcc
Noida
*********************************************
3Pillar Global - Python Technical Lead
https://jobs.lever.co/3pillarglobal/5d2d6c79-3de0-4e6b-b9df-62844b587588
Iași
*********************************************
3Pillar Global - Senior/Lead Ruby on Rails Developer
https://jobs.lever.co/3pillarglobal/2c09ff39-47bd-4f71-b09d-69cc5693a9fc/apply
Iași
____________________________________________________________
*********************************************
3Pillar Global - Senior/Lead Ruby on Rails Developer
https://jobs.lever.co/3pillarglobal/486115a7-76ec-40e1-a2f8-f5f7f77bc2e2/apply
Timisoara
## slept ##
____________________________________________________________
*********************************************
3Pillar Global - Senior UI Developer (Angular)
https://jobs.lever.co/3pillarglobal/7783ed08-d7b0-4ec5-a5ba-d75ca213e944
Cluj Napoca
## slept ##
*********************************************
3Pillar Global - Senior/Lead Ruby on Rails Developer
https://jobs.lever.co/3pillarglobal/486115a7-76ec-40e1-a2f8-f5f7f77bc2e2
Timisoara
*********************************************
HTTP Error 404: Not Found
3Pillar Global - Technical Lead - Java
https://jobs.lever.co/3pillarglobal/bf275830-791f-4174-ad27-a01b4a2853cd
Noida
## slept ##
*********************************************
3Pillar Global - Technical Manager - Java
https://jobs.lever.co/3pillarglobal/ba6b071e-0962-416a-82d3-649adc627c8c
Noida
*********************************************
3Pillar Global - Python Developer
https://jobs.lever.co/3pillarglobal/9d4c75a5-4689-4c83-a625-9a9855d14fc1
Cluj Napoca
*********************************************
3Pillar Global - Senior UI Developer
https://jobs.lever.co/3pillarglobal/a2d77075-f416-41fb-bb46-2a90150fdb56
Iași
## slept ##
*********************************************
3Pillar Global - Senior/Lead Ruby on Rails
https://jobs.lever.co/3pillarglobal/180a83c1-b9e1-4642-8690-88be20179d32
Cluj Napoca
*********************************************
HTTP Error 404: Not Found
3Pillar Global - Senior/Lead Ruby on Rails
https://jobs.lever.co/3pillarglobal/180a83c1-b9e1-4642-8690-88be20179d32/apply
Cluj Napoca
## slept ##
____________________________________________________________
*********************************************
3Pillar Global - Product Manager
https://jobs.lever.co/3pillarglobal/82c21010-1103-44ab-98dc-8ff103e8d7f6/apply
Noida
____________________________________________________________
*********************************************
3Pillar Global - [IJP] Client Partner/Senior Client Partner
https://jobs.lever.co/3pillarglobal/d029e60e-703a-4fb0-9992-8fc5ed64946d
Fairfax
*********************************************
HTTP Error 404: Not Found
HTTP Error 404: Not Found
HTTP Error 404: Not Found
HTTP Error 404: Not Found
HTTP Error 404: Not Found
HTTP Error 404: Not Found
HTTP Error 404: Not Found
26
*********************************************
7Geese - Senior Front-End Engineer
https://jobs.lever.co/7geese/207fe8d2-3868-4a45-b0ba-5bdd72311472
Vancouver, BC
## slept ##
weekly
*********************************************
7Geese - Senior Back-End Web Engineer
https://jobs.lever.co/7geese/19c319a5-6340-4dd3-a35d-751825dabaea/apply
Vancouver, BC
____________________________________________________________
*********************************************
7Geese - Security Engineer
https://jobs.lever.co/7geese/37804950-dfc7-4e3f-916b-864f83bd5b4d
Vancouver, BC
weekly
*********************************************
7Geese - Senior Front-End Engineer
https://jobs.lever.co/7geese/207fe8d2-3868-4a45-b0ba-5bdd72311472/apply
Vancouver, BC
____________________________________________________________
*********************************************
7Geese
https://jobs.lever.co/7geese

## slept ##
Error INVALID_REQUEST
Query: https://maps.google.com/maps/api/geocode/json?address=&sensor=false&bounds=&region=&language=&components=
Filter by:
*********************************************
7Geese
https://jobs.lever.co/7geese?team=Engineering

## slept ##
Error INVALID_REQUEST
Query: https://maps.google.com/maps/api/geocode/json?address=&sensor=false&bounds=&region=&language=&components=
Filter by:
*********************************************
7Geese - Product Manager
https://jobs.lever.co/7geese/4dd26bd5-2b65-44f2-bfc9-62a6f56c6d9c
Vancouver, BC
## slept ##
marketing
*********************************************
7Geese - Product Designer
https://jobs.lever.co/7geese/85f2b522-e761-48a9-a4d0-3613f411f64f
Vancouver, BC
weekly
*********************************************
0
*********************************************
90 Seconds - Data Engineer
https://jobs.lever.co/90seconds/6d9c5bfa-c687-4590-b843-8d76c7d530f6
Singapore
*********************************************
90 Seconds - Senior Full Stack Engineer
https://jobs.lever.co/90seconds/b3693dee-164e-48ff-b4d0-a0ef853ac6d6
Singapore
*********************************************
90 Seconds - Senior Front-End Engineer
https://jobs.lever.co/90seconds/decc6615-8b16-4e30-b015-2637d8ad96c0
Singapore
## slept ##
*********************************************
90 Seconds - Senior Front-End Engineer - Lever
https://jobs.lever.co/90seconds/decc6615-8b16-4e30-b015-2637d8ad96c0/apply
Singapore
____________________________________________________________
*********************************************
90 Seconds - Senior Full Stack Engineer - Lever
https://jobs.lever.co/90seconds/b3693dee-164e-48ff-b4d0-a0ef853ac6d6/apply
Singapore
____________________________________________________________
*********************************************
90 Seconds - Ruby on Rails Developer
https://jobs.lever.co/90seconds/a4304ee5-c6bb-4be7-8691-d7c5772c58f7
Singapore
*********************************************
4
*********************************************
98point6 - Senior Software Back-End Engineer
https://jobs.lever.co/98point6/f6c0bdeb-5fd5-4af7-b248-306e72017c4e
Seattle, WA
*********************************************
98point6 - Senior Software Test Engineer
https://jobs.lever.co/98point6/fd3a140b-be4d-4191-9abd-c8106def3c30
Seattle, WA
partner 
*********************************************
98point6 - Systems Engineer
https://jobs.lever.co/98point6/1b739368-ab81-4cb1-b837-fbc2cca85c2d
Seattle, WA
*********************************************
98point6 - Senior Systems Engineer
https://jobs.lever.co/98point6/a4295e8a-92f8-4dfe-ab83-df07641743de
Seattle, WA
*********************************************
98point6 - Front End Software Engineer
https://jobs.lever.co/98point6/90a838e4-a1a7-4a0e-bc02-18a74d42dbfa
Seattle, WA
*********************************************
98point6 - Mobile Software Engineer - iOS/Android
https://jobs.lever.co/98point6/73ee1a0a-1552-4033-ad2a-a059e971adae
Seattle, WA
*********************************************
98point6 - Senior Software Systems Engineer
https://jobs.lever.co/98point6/f6239596-4f76-40aa-8794-9065cc44dc11
Seattle, WA
*********************************************
98point6 - Senior Systems Engineer
https://jobs.lever.co/98point6/a4295e8a-92f8-4dfe-ab83-df07641743de/apply
Seattle, WA
survey
____________________________________________________________
*********************************************
98point6
https://jobs.lever.co/98point6

## slept ##
Error INVALID_REQUEST
Query: https://maps.google.com/maps/api/geocode/json?address=&sensor=false&bounds=&region=&language=&components=
Filter by:
*********************************************
HTTP Error 404: Not Found
98point6 - Customer Service and Support Manager
https://jobs.lever.co/98point6/8f2c4c59-8894-41dc-b36e-670a0690e4ac
Seattle, WA
customer service
marketing
*********************************************
98point6 - Conversational UI Writer
https://jobs.lever.co/98point6/16a0e19b-a573-4d10-b71e-74056292e0d2
Seattle, WA
marketing
*********************************************
6
*********************************************
99 - Software Engineer - Finance Squad
https://jobs.lever.co/99taxis/cb02a907-17ac-4e4c-803d-6e7d05d3b428?lever-source=stackshare.io/match
São Paulo
local
*********************************************
- Data Engineer - Growth
https://jobs.lever.co/99taxis/2d1a902e-1644-44f3-8093-827a9d0bc188
São Paulo
*********************************************
HTTP Error 404: Not Found
- Software Engineer - CSI Squad
https://jobs.lever.co/99taxis/8c1e3ba2-bbde-4149-b0e9-5eb77a6d8aef?lever-source=stackshare.io/match
São Paulo
*********************************************
99 - Data Engineer
https://jobs.lever.co/99taxis/950dfc16-d29b-46c2-99b2-fe889170f36e/apply
São Paulo
## slept ##
____________________________________________________________
*********************************************
99 - Devops Engineer
https://jobs.lever.co/99taxis/e001e28d-f2b9-4f5d-8a1c-64a30bccfa85
São Paulo
local
*********************************************
- Developer Mobile - Growth
https://jobs.lever.co/99taxis/86d1105d-42a5-47fd-afe0-f5261d4f1e4b
São Paulo
*********************************************
99
https://jobs.lever.co/99taxis?team=Tecnologia

## slept ##
Error INVALID_REQUEST
Query: https://maps.google.com/maps/api/geocode/json?address=&sensor=false&bounds=&region=&language=&components=
Filter by:
*********************************************
- Head of Growth
https://jobs.lever.co/99taxis/29c7ac79-0137-4856-b1f5-a2c1729c1db6
São Paulo
marketing
*********************************************
- Developer Backend Senior - RA - Payments
https://jobs.lever.co/99taxis/c3fb55b1-d76b-44e2-9246-3279efa590a2
São Paulo
*********************************************
- Lead Architect/Dev - Mkt Place Analytics
https://jobs.lever.co/99taxis/fa85e4c5-a134-47ce-ac2f-481da82811ab
São Paulo
*********************************************
- Devops Senior
https://jobs.lever.co/99taxis/71f5b06a-2b82-4f55-9b80-659586c46e88
São Paulo
## slept ##
customer service
*********************************************
- Development Manager - UAU/Support
https://jobs.lever.co/99taxis/ca7baac4-1d2a-4f39-92bf-25f89df59907
São Paulo
*********************************************
- DBA Senior
https://jobs.lever.co/99taxis/285a3388-6359-4897-9219-8def06941a63
São Paulo
*********************************************
- Infrastructure Manager
https://jobs.lever.co/99taxis/810a3ff1-4a57-43bb-80f1-cc8afb760d7f
São Paulo
*********************************************
- Data Scientist - Data Insights & Analytics
https://jobs.lever.co/99taxis/32e84fd1-d6ce-4d85-ac4e-5d8854f2b70e
São Paulo
*********************************************
9
*********************************************
HTTP Error 404: Not Found
HTTP Error 404: Not Found
HTTP Error 404: Not Found
HTTP Error 404: Not Found
HTTP Error 404: Not Found
HTTP Error 404: Not Found
HTTP Error 404: Not Found
HTTP Error 404: Not Found
HTTP Error 404: Not Found
HTTP Error 404: Not Found
0
*********************************************
0
*********************************************
HTTP Error 404: Not Found
HTTP Error 404: Not Found
Accion Systems
https://jobs.lever.co/accion-systems

## slept ##
Error INVALID_REQUEST
Query: https://maps.google.com/maps/api/geocode/json?address=&sensor=false&bounds=&region=&language=&components=
Filter by:
*********************************************
Accion Systems
https://jobs.lever.co/accion-systems?team=Engineering

## slept ##
Error INVALID_REQUEST
Query: https://maps.google.com/maps/api/geocode/json?address=&sensor=false&bounds=&region=&language=&components=
Filter by:
*********************************************
Accion Systems
https://jobs.lever.co/accion-systems?commitment=Full-time

## slept ##
Error INVALID_REQUEST
Query: https://maps.google.com/maps/api/geocode/json?address=&sensor=false&bounds=&region=&language=&components=
Filter by:
*********************************************
Accion Systems
https://jobs.lever.co/accion-systems?by=commitment

## slept ##
Error INVALID_REQUEST
Query: https://maps.google.com/maps/api/geocode/json?address=&sensor=false&bounds=&region=&language=&components=
Filter by:
*********************************************
Accion Systems - 2018 Summer Internship
https://jobs.lever.co/accion-systems/62ae6d4c-c3f0-42e2-a82f-bb93696eda70
Boston (Charlestown)
*********************************************
1
*********************************************
0
*********************************************
HTTP Error 404: Not Found
ActiveCampaign - Lever
https://jobs.lever.co/activecampaign

## slept ##
Error INVALID_REQUEST
Query: https://maps.google.com/maps/api/geocode/json?address=&sensor=false&bounds=&region=&language=&components=
Filter by:
*********************************************
ActiveCampaign - Lever
https://jobs.lever.co/activecampaign?by=location

## slept ##
Error INVALID_REQUEST
Query: https://maps.google.com/maps/api/geocode/json?address=&sensor=false&bounds=&region=&language=&components=
Filter by:
*********************************************
0
*********************************************
ADDO AI - Data Architect
https://jobs.lever.co/addo/5b54cd78-acb9-4a56-9e7b-6bf985a3e58c
Remote
*********************************************
1
*********************************************
Adello - Software Engineer, Big Data Platform
https://jobs.lever.co/adello/5ab7813c-0cf6-4370-83fe-05c1440509d9/apply
Karlsruhe, Germany
## slept ##
Error OVER_QUERY_LIMIT
Query: https://maps.google.com/maps/api/geocode/json?address=Karlsruhe%2C+Germany&sensor=false&bounds=&region=&language=&components=
____________________________________________________________
*********************************************
Adello - Software Engineer, Big Data Platform
https://jobs.lever.co/adello/5ab7813c-0cf6-4370-83fe-05c1440509d9
Karlsruhe, Germany
*********************************************
Adello - Big Data Engineer
https://jobs.lever.co/adello/8669be1a-8e8c-406f-a0d9-cacb3a75f68f
Karlsruhe, Germany
*********************************************
Adello
https://jobs.lever.co/adello

## slept ##
Error INVALID_REQUEST
Query: https://maps.google.com/maps/api/geocode/json?address=&sensor=false&bounds=&region=&language=&components=
Filter by:
*********************************************
Adello
https://jobs.lever.co/adello?by=location

## slept ##
Error INVALID_REQUEST
Query: https://maps.google.com/maps/api/geocode/json?address=&sensor=false&bounds=&region=&language=&components=
Filter by:
*********************************************
Adello - Full-Stack Developer
https://jobs.lever.co/adello/ff714544-fcd8-4929-b2b8-43ef44c729f0
Karlsruhe, Germany
*********************************************
Adello
https://jobs.lever.co/adello?location=Karlsruhe%2C%20Germany

## slept ##
Error INVALID_REQUEST
Query: https://maps.google.com/maps/api/geocode/json?address=&sensor=false&bounds=&region=&language=&components=
Filter by:
*********************************************
Adello - Big Data Scientist
https://jobs.lever.co/adello/a53296ae-2302-4d47-ab48-feaa98cea746
Karlsruhe, Germany
## slept ##
*********************************************
Adello - Front-end Developer
https://jobs.lever.co/adello/e753c8ca-492e-40d2-8c76-e264ef7e6f26
Hanoi, Vietnam
marketing
*********************************************
Adello - Front-end Developer
https://jobs.lever.co/adello/e753c8ca-492e-40d2-8c76-e264ef7e6f26/apply
Hanoi, Vietnam
____________________________________________________________
*********************************************
4
*********************************************
Aechelon Technology - Senior Real Time Graphics Software Engineer
https://jobs.lever.co/aechelon/0bd5bfad-4849-40fd-80dd-bd8f3972e67d
Overland Park, KS
## slept ##
*********************************************
Aechelon Technology - Senior Real Time Graphics Software Engineer
https://jobs.lever.co/aechelon/0bd5bfad-4849-40fd-80dd-bd8f3972e67d/apply
Overland Park, KS
survey
____________________________________________________________
*********************************************
Aechelon Technology
https://jobs.lever.co/aechelon?by=commitment

## slept ##
Error INVALID_REQUEST
Query: https://maps.google.com/maps/api/geocode/json?address=&sensor=false&bounds=&region=&language=&components=
Filter by:
*********************************************
Aechelon Technology - Lever
https://jobs.lever.co/aechelon?team=Integration%20Engineering

## slept ##
Error INVALID_REQUEST
Query: https://maps.google.com/maps/api/geocode/json?address=&sensor=false&bounds=&region=&language=&components=
Filter by:
*********************************************
Aechelon Technology
https://jobs.lever.co/aechelon

## slept ##
Error INVALID_REQUEST
Query: https://maps.google.com/maps/api/geocode/json?address=&sensor=false&bounds=&region=&language=&components=
Filter by:
*********************************************
Aechelon Technology
https://jobs.lever.co/aechelon?by=team&location=Overland%20Park%2C%20KS

## slept ##
Error INVALID_REQUEST
Query: https://maps.google.com/maps/api/geocode/json?address=&sensor=false&bounds=&region=&language=&components=
Filter by:
*********************************************
Aechelon Technology - Lever
https://jobs.lever.co/aechelon?commitment=Full-time

## slept ##
Error INVALID_REQUEST
Query: https://maps.google.com/maps/api/geocode/json?address=&sensor=false&bounds=&region=&language=&components=
Filter by:
*********************************************
Aechelon Technology - Lever
https://jobs.lever.co/aechelon?team=Core%20Software

## slept ##
Error INVALID_REQUEST
Query: https://maps.google.com/maps/api/geocode/json?address=&sensor=false&bounds=&region=&language=&components=
Filter by:
*********************************************
Aechelon Technology - Senior Systems Administrator--Linux
https://jobs.lever.co/aechelon/00101d59-e0db-4d3a-8a53-26fa39835872
San Francisco, CA
*********************************************
2
*********************************************
0
*********************************************
Affinity.co - Software Engineer
https://jobs.lever.co/affinity/3bf53a39-4870-4c3f-9118-b69ec08ebbca
San Francisco, CA
partner 
*********************************************
Affinity.co - Senior Backend Software Engineer
https://jobs.lever.co/affinity/ea7e1f3a-3aa6-425b-966b-3ce50c3f76ab
San Francisco, CA
*********************************************
Affinity.co - Software Engineer
https://jobs.lever.co/affinity/3bf53a39-4870-4c3f-9118-b69ec08ebbca/apply
San Francisco, CA
## slept ##
survey
____________________________________________________________
*********************************************
Affinity.co
https://jobs.lever.co/affinity

## slept ##
Error INVALID_REQUEST
Query: https://maps.google.com/maps/api/geocode/json?address=&sensor=false&bounds=&region=&language=&components=
Filter by:
*********************************************
Affinity.co - Product Designer
https://jobs.lever.co/affinity/ba6c9446-9fe0-442e-91df-65cd1c5623a2
San Francisco, CA
equity
*********************************************
1
*********************************************
Agent IQ - ML/NLP/Large Data Engineer
https://jobs.lever.co/agentiq/32d9f364-ac8c-4ed2-8668-66246faa48db
San Francisco
equity
*********************************************
Agent IQ - Sales Engineer
https://jobs.lever.co/agentiq/49fdb86a-c8b1-4d8c-af8c-cb6844187af2
San Francisco
equity
*********************************************
HTTP Error 404: Not Found
Agent IQ
https://jobs.lever.co/agentiq

## slept ##
Error INVALID_REQUEST
Query: https://maps.google.com/maps/api/geocode/json?address=&sensor=false&bounds=&region=&language=&components=
Filter by:
*********************************************
Agent IQ - Sr. Product Manager
https://jobs.lever.co/agentiq/b633760c-827e-45fd-a8d7-a8540f3ca22f
San Francisco
equity
*********************************************
Agent IQ - Front End Developer (Angular/Vue)
https://jobs.lever.co/agentiq/ea8ffab3-21ff-4e27-b7c3-88054a85ca3f
San Francisco
equity
*********************************************
Agent IQ - Back End Developer (Node.js)
https://jobs.lever.co/agentiq/a9b2c8a7-fb82-48c0-a7ea-56b842c18a68
San Francisco
equity
*********************************************
0
*********************************************
