Bunker - Senior Web Application QA Engineer
https://jobs.lever.co/buildbunker/042e154c-2c16-4164-9c06-3a033aad8cbb
Madison Wisconsin
*********************************************
Bunker - AWS DevOps Engineer
https://jobs.lever.co/buildbunker/35f1e615-8e59-43b2-a048-a166667b7bfb/apply
Madison Wisconsin
____________________________________________________________
*********************************************
HTTP Error 404: Not Found
Bunker - Angular / .NET Senior Software Engineer
https://jobs.lever.co/buildbunker/d6c2d430-6fed-4dd7-9057-9e66c528365f/apply
Madison Wisconsin
____________________________________________________________
*********************************************
HTTP Error 404: Not Found
HTTP Error 404: Not Found
Bunker
https://jobs.lever.co/buildbunker

## slept ##
Error INVALID_REQUEST
Query: https://maps.google.com/maps/api/geocode/json?address=&sensor=false&bounds=&region=&language=&components=
Filter by:
*********************************************
1
*********************************************
BuildZoom - Full-Stack Engineer (Mid-Sr Level)
https://jobs.lever.co/buildzoom/de320f7b-65b9-492a-b1fe-bb514de26d0a
San Francisco, CA
*********************************************
BuildZoom - Growth Manager, Engineering (Data)
https://jobs.lever.co/buildzoom/6dae6e13-45a2-4eab-bb8f-f5f43973d1f0
San Francisco, CA
*********************************************
BuildZoom - Software Engineering Intern (Jan - March '18)
https://jobs.lever.co/buildzoom/4b6958f3-b039-40df-ba45-395fd4a48b0c
San Francisco, CA
*********************************************
BuildZoom - Full-Stack Engineer (Mid-Sr Level)
https://jobs.lever.co/buildzoom/de320f7b-65b9-492a-b1fe-bb514de26d0a/apply
San Francisco, CA
____________________________________________________________
*********************************************
BuildZoom
https://jobs.lever.co/buildzoom

## slept ##
Error INVALID_REQUEST
Query: https://maps.google.com/maps/api/geocode/json?address=&sensor=false&bounds=&region=&language=&components=
Filter by:
*********************************************
BuildZoom - Software Engineering Intern (Jan - March '18)
https://jobs.lever.co/buildzoom/4b6958f3-b039-40df-ba45-395fd4a48b0c/apply
San Francisco, CA
____________________________________________________________
*********************************************
BuildZoom - Data Engineering Manager
https://jobs.lever.co/buildzoom/6dae6e13-45a2-4eab-bb8f-f5f43973d1f0/apply
San Francisco, CA
____________________________________________________________
*********************************************
BuildZoom
https://jobs.lever.co/buildzoom?location=San%20Francisco%2C%20CA

## slept ##
Error INVALID_REQUEST
Query: https://maps.google.com/maps/api/geocode/json?address=&sensor=false&bounds=&region=&language=&components=
Filter by:
*********************************************
BuildZoom - Product Manager, Growth
https://jobs.lever.co/buildzoom/07b1f811-ed07-41bd-878a-3dbddd516d47
San Francisco, CA
equity
*********************************************
BuildZoom
https://jobs.lever.co/buildzoom?by=location

## slept ##
Error INVALID_REQUEST
Query: https://maps.google.com/maps/api/geocode/json?address=&sensor=false&bounds=&region=&language=&components=
Filter by:
*********************************************
BuildZoom - Entrepreneur in Residence: Tap the Collective ...
https://jobs.lever.co/buildzoom/57276804-4b1b-46b4-acc1-4de19342839f
San Francisco, CA
equity
*********************************************
BuildZoom
https://jobs.lever.co/buildzoom?source=techstories.org&team=Operations&commitment=Full-time&location=Manila%2C%20Philippines

## slept ##
Error INVALID_REQUEST
Query: https://maps.google.com/maps/api/geocode/json?address=&sensor=false&bounds=&region=&language=&components=
Filter by:
*********************************************
3
*********************************************
Bustle Digital Group - Part-Time Commerce Assistant
https://jobs.lever.co/bustle/ecc46f14-b326-4eaf-9fda-ec8e07db5720/apply
New York, NY
survey
____________________________________________________________
*********************************************
0
*********************************************
0
*********************************************
0
*********************************************
0
*********************************************
Cafe X - Senior Mechanical Design Engineer
https://jobs.lever.co/cafexapp.com/b7088aab-e50d-466d-8d8b-b1758f8479cb
San Francisco Bay Area
*********************************************
Cafe X - Senior iOS Engineer
https://jobs.lever.co/cafexapp.com/c3b62240-4ae6-4827-980a-1515c95b6a81
San Francisco Bay Area
*********************************************
Cafe X - Senior Android Engineer
https://jobs.lever.co/cafexapp.com/62fc7aba-5e9e-4f9d-8956-623b0771cd35
San Francisco Bay Area
*********************************************
Cafe X - Senior Mechanical Engineer
https://jobs.lever.co/cafexapp.com/b7088aab-e50d-466d-8d8b-b1758f8479cb/apply
San Francisco Bay Area
survey
____________________________________________________________
*********************************************
Cafe X - Lever
https://jobs.lever.co/cafexapp.com?by=commitment

## slept ##
Error INVALID_REQUEST
Query: https://maps.google.com/maps/api/geocode/json?address=&sensor=false&bounds=&region=&language=&components=
Filter by:
*********************************************
Cafe X - Lever
https://jobs.lever.co/cafexapp.com?by=location

## slept ##
Error INVALID_REQUEST
Query: https://maps.google.com/maps/api/geocode/json?address=&sensor=false&bounds=&region=&language=&components=
Filter by:
*********************************************
Cafe X
https://jobs.lever.co/cafexapp.com

## slept ##
Error INVALID_REQUEST
Query: https://maps.google.com/maps/api/geocode/json?address=&sensor=false&bounds=&region=&language=&components=
Filter by:
*********************************************
Cafe X - Manufacturing Technician
https://jobs.lever.co/cafexapp.com/d0980e43-6f7b-45a8-bc4c-eb85101b0034
San Francisco Bay Area
*********************************************
4
*********************************************
0
*********************************************
Call9 - Senior Software Engineer
https://jobs.lever.co/call9/7ee5b9bf-ca0e-44a7-b2d0-fe858af7ea6a
New York, NY
*********************************************
Call9 - Senior Engineer
https://jobs.lever.co/call9/7ee5b9bf-ca0e-44a7-b2d0-fe858af7ea6a/apply
New York, NY
____________________________________________________________
*********************************************
Call9
https://jobs.lever.co/call9

## slept ##
Error INVALID_REQUEST
Query: https://maps.google.com/maps/api/geocode/json?address=&sensor=false&bounds=&region=&language=&components=
Filter by:
*********************************************
Call9 - Clinical Care Specialist ( Paramedic / EMT )
https://jobs.lever.co/call9/cb28b6b7-b97a-48ab-ae96-0820aa1a80e2
Nanuet, NY
local
*********************************************
Call9 - Employee Staffing Coordinator (medical)
https://jobs.lever.co/call9/69163515-e528-4f88-8887-98615133bf67
Brooklyn, NY
equity
weekly
*********************************************
Call9 - Healthcare Implementation Specialist
https://jobs.lever.co/call9/762fc4f1-397c-44a4-9844-f4ced6890284
New York, NY
local
*********************************************
Call9 - Health Finance Analyst
https://jobs.lever.co/call9/2d1d1747-ef74-479f-bf2d-968e70874395
Brooklyn, NY
*********************************************
2
*********************************************
0
*********************************************
CANVAS Technology - C++ Software Engineer
https://jobs.lever.co/canvas.technology/6a7d6daa-74f5-4e7e-88c3-df2344ac64f5
Boulder, CO
*********************************************
CANVAS Technology - Field Support Engineer
https://jobs.lever.co/canvas.technology/ba93abb1-51ba-4ef9-af86-bd723b2b8d19
Boulder, CO
sales rep
*********************************************
CANVAS Technology - DevOps Engineer
https://jobs.lever.co/canvas.technology/8e957ee6-089e-4992-b758-b72b12894cb1
Boulder, CO
*********************************************
CANVAS Technology - Electrical Engineer
https://jobs.lever.co/canvas.technology/32013153-6efd-45d9-9665-d40a2be535c4
Boulder, CO
*********************************************
CANVAS Technology - DevOps Engineer
https://jobs.lever.co/canvas.technology/8e957ee6-089e-4992-b758-b72b12894cb1/apply
Boulder, CO
____________________________________________________________
*********************************************
CANVAS Technology - C++ Software Engineer
https://jobs.lever.co/canvas.technology/6a7d6daa-74f5-4e7e-88c3-df2344ac64f5/apply
Boulder, CO
____________________________________________________________
*********************************************
CANVAS Technology
https://jobs.lever.co/canvas.technology

## slept ##
Error INVALID_REQUEST
Query: https://maps.google.com/maps/api/geocode/json?address=&sensor=false&bounds=&region=&language=&components=
Filter by:
*********************************************
CANVAS Technology
https://jobs.lever.co/canvas.technology?by=location&location=Boulder%2C%20CO

## slept ##
Error INVALID_REQUEST
Query: https://maps.google.com/maps/api/geocode/json?address=&sensor=false&bounds=&region=&language=&components=
Filter by:
*********************************************
CANVAS Technology
https://jobs.lever.co/canvas.technology?by=location&team=Engineering

## slept ##
Error INVALID_REQUEST
Query: https://maps.google.com/maps/api/geocode/json?address=&sensor=false&bounds=&region=&language=&components=
Filter by:
*********************************************
CANVAS Technology - Computer Vision Scientist
https://jobs.lever.co/canvas.technology/560c9921-35ad-4b27-8b8e-7f68ffb21d6c
Boulder, CO
local
equity
*********************************************
CANVAS Technology
https://jobs.lever.co/canvas.technology?location=Boulder%2C%20CO

## slept ##
Error INVALID_REQUEST
Query: https://maps.google.com/maps/api/geocode/json?address=&sensor=false&bounds=&region=&language=&components=
Filter by:
*********************************************
CANVAS Technology - Linux System Administrator
https://jobs.lever.co/canvas.technology/cd3eab9a-70b2-42a1-a319-e37b622d5bad
Boulder, CO
*********************************************
4
*********************************************
Capio - Principle Software Engineer, Machine Learning
https://jobs.lever.co/capio/47ac9c1e-9013-420c-886a-5c1a10ab6f8d
Belmont
motivated individuals
*********************************************
Capio - Senior Software Engineer, Machine Learning
https://jobs.lever.co/capio/5141a376-4bbc-4f02-aec3-c2272092de60
Belmont
motivated individuals
*********************************************
Capio - Software Engineer
https://jobs.lever.co/capio/4ef03b6f-284a-4bbd-a1f1-35922e839b46
Belmont
*********************************************
Capio - Software Engineer - Lever
https://jobs.lever.co/capio/4ef03b6f-284a-4bbd-a1f1-35922e839b46/apply
Belmont
____________________________________________________________
*********************************************
Capio - Senior Software Engineer, Machine Learning - Lever
https://jobs.lever.co/capio/5141a376-4bbc-4f02-aec3-c2272092de60/apply
Belmont
____________________________________________________________
*********************************************
Capio - Senior Product Manager
https://jobs.lever.co/capio/47e90e69-9ae7-42ea-ae5e-5e4097912e9f
Belmont
*********************************************
Capio
https://jobs.lever.co/capio

## slept ##
Error INVALID_REQUEST
Query: https://maps.google.com/maps/api/geocode/json?address=&sensor=false&bounds=&region=&language=&components=
Filter by:
*********************************************
Capio
https://jobs.lever.co/capio?team=Capio

## slept ##
Error INVALID_REQUEST
Query: https://maps.google.com/maps/api/geocode/json?address=&sensor=false&bounds=&region=&language=&components=
Filter by:
*********************************************
Capio - Lever
https://jobs.lever.co/capio?by=commitment&team=Capio

## slept ##
Error INVALID_REQUEST
Query: https://maps.google.com/maps/api/geocode/json?address=&sensor=false&bounds=&region=&language=&components=
Filter by:
*********************************************
Capio - Lever
https://jobs.lever.co/capio?by=commitment&commitment=Full-time

## slept ##
Error INVALID_REQUEST
Query: https://maps.google.com/maps/api/geocode/json?address=&sensor=false&bounds=&region=&language=&components=
Filter by:
*********************************************
2
*********************************************
Capital Float - Software Engineer - Back End
https://jobs.lever.co/capitalfloat/65440ff5-b06e-441f-a6b8-ba2a13f68756
Bangalore
*********************************************
Capital Float - Software Engineer - Front End
https://jobs.lever.co/capitalfloat/9096471e-5f78-45f4-b900-7db2cf235b4c
Bangalore
*********************************************
Capital Float - Software Engineer - Back End
https://jobs.lever.co/capitalfloat/65440ff5-b06e-441f-a6b8-ba2a13f68756/apply
Bangalore
____________________________________________________________
*********************************************
Capital Float - Decision Scientist
https://jobs.lever.co/capitalfloat/0ef996f9-97a9-4881-a9f9-b7bfc03473df
Bangalore
*********************************************
Capital Float - Product Support Specialist
https://jobs.lever.co/capitalfloat/ab73fb22-ba01-4305-8001-b9105db4a4f1
Bangalore
weekly
*********************************************
Capital Float - Lever
https://jobs.lever.co/capitalfloat?location=Bangalore

## slept ##
Error INVALID_REQUEST
Query: https://maps.google.com/maps/api/geocode/json?address=&sensor=false&bounds=&region=&language=&components=
*********************************************
Capital Float
https://jobs.lever.co/capitalfloat?commitment=Full-time

## slept ##
Error INVALID_REQUEST
Query: https://maps.google.com/maps/api/geocode/json?address=&sensor=false&bounds=&region=&language=&components=
*********************************************
5
*********************************************
HTTP Error 404: Not Found
Capsule - Full Stack Engineer
https://jobs.lever.co/capsulecares/8796fa63-6750-401d-bb3f-d1c7f732f6b1
NYC
*********************************************
Capsule - DevOps Engineer
https://jobs.lever.co/capsulecares/a5459a75-3ce9-4a40-abaa-a7cb03b2b7a7
NYC
*********************************************
HTTP Error 404: Not Found
Capsule - DevOps Engineer
https://jobs.lever.co/capsulecares/a5459a75-3ce9-4a40-abaa-a7cb03b2b7a7/apply
NYC
____________________________________________________________
*********************************************
Capsule - Full Stack Engineer
https://jobs.lever.co/capsulecares/8796fa63-6750-401d-bb3f-d1c7f732f6b1/apply
NYC
____________________________________________________________
*********************************************
HTTP Error 404: Not Found
Capsule - Senior Backend Engineer
https://jobs.lever.co/capsulecares/e21c2540-d83b-4896-870f-94ac56d6abe6
NYC
equity
*********************************************
Capsule - Senior Backend Engineer
https://jobs.lever.co/capsulecares/e21c2540-d83b-4896-870f-94ac56d6abe6/apply
NYC
____________________________________________________________
*********************************************
Capsule
https://jobs.lever.co/capsulecares

## slept ##
Error INVALID_REQUEST
Query: https://maps.google.com/maps/api/geocode/json?address=&sensor=false&bounds=&region=&language=&components=
Filter by:
*********************************************
Capsule - Chief Architect
https://jobs.lever.co/capsulecares/aeb1b28c-19e0-4299-9ae7-b2ebe134bedb
NYC
*********************************************
Capsule - Product manager
https://jobs.lever.co/capsulecares/56a9e32d-d536-4755-8a3f-c7058cba745a
NYC
partner 
*********************************************
Capsule - Head of People
https://jobs.lever.co/capsulecares/31d38f9b-4e97-4125-a73e-b148ca20c696
NYC
partner 
equity
*********************************************
3
*********************************************
CaptiveAire Systems
https://jobs.lever.co/captiveaire

## slept ##
Error INVALID_REQUEST
Query: https://maps.google.com/maps/api/geocode/json?address=&sensor=false&bounds=&region=&language=&components=
Filter by:
*********************************************
CaptiveAire Systems - Mechanical Engineer (HVAC)
https://jobs.lever.co/captiveaire/9c7a1321-8c2e-4264-ae05-9fd8cb77802f
Lancaster, PA
local
*********************************************
CaptiveAire Systems - Industrial Engineer
https://jobs.lever.co/captiveaire/4dde772f-bf50-44c6-89c2-c4edf704a7f7
Lancaster, PA
local
*********************************************
CaptiveAire Systems - Technical Sales and Field Service Engineer
https://jobs.lever.co/captiveaire/8eaf3565-09af-426e-a359-c0b61a3b36ed
Louisville, KY
*********************************************
CaptiveAire Systems - HVAC Controls Engineer/Field Service Support
https://jobs.lever.co/captiveaire/822d9c43-3466-45f2-a5ce-00faa572fa73
Undisclosed
local
*********************************************
CaptiveAire Systems - Manufacturing Engineer- QC/Process
https://jobs.lever.co/captiveaire/dad32cdc-d10f-405d-a02b-cbf86f124584
West Union, IA
local
*********************************************
CaptiveAire Systems - Manufacturing Engineer- QC/Process
https://jobs.lever.co/captiveaire/dad32cdc-d10f-405d-a02b-cbf86f124584/apply
West Union, IA
survey
____________________________________________________________
*********************************************
CaptiveAire Systems
https://jobs.lever.co/captiveaire?department=Service

## slept ##
Error INVALID_REQUEST
Query: https://maps.google.com/maps/api/geocode/json?address=&sensor=false&bounds=&region=&language=&components=
Filter by:
*********************************************
CaptiveAire Systems - Sr. AutoCAD Automation Developer
https://jobs.lever.co/captiveaire/206283ce-82f8-4e61-b129-a2d62ea00347/apply
Raleigh, NC
survey
____________________________________________________________
*********************************************
CaptiveAire Systems - Sr. AutoCAD Automation Developer
https://jobs.lever.co/captiveaire/206283ce-82f8-4e61-b129-a2d62ea00347
Raleigh, NC
*********************************************
2
*********************************************
0
*********************************************
CareSkore - Data Engineer
https://jobs.lever.co/careskore/b69792ba-92c1-4b8b-808e-0a2cbacbede8
Mountain View, CA
*********************************************
CareSkore - Senior QA Engineer
https://jobs.lever.co/careskore/3f9c9b6f-1ba9-4e2d-9ea6-3fcea4380052
Mountain View, CA
*********************************************
CareSkore - Data Engineer
https://jobs.lever.co/careskore/b69792ba-92c1-4b8b-808e-0a2cbacbede8/apply
Mountain View, CA
____________________________________________________________
*********************************************
CareSkore - Senior QA Engineer
https://jobs.lever.co/careskore/3f9c9b6f-1ba9-4e2d-9ea6-3fcea4380052/apply
Mountain View, CA
____________________________________________________________
*********************************************
CareSkore - IOS (Swift) Developer
https://jobs.lever.co/careskore/450943f0-7791-4d35-801e-ba77811f6bc8
Mountain View, CA
*********************************************
CareSkore
https://jobs.lever.co/careskore?team=Engineering

## slept ##
Error INVALID_REQUEST
Query: https://maps.google.com/maps/api/geocode/json?address=&sensor=false&bounds=&region=&language=&components=
Filter by:
*********************************************
CareSkore - Technical Writer
https://jobs.lever.co/careskore/885f6546-4fe3-4130-8b3e-27e09e7737e3
Mountain View, CA
marketing
tutor
*********************************************
CareSkore - Android Developer
https://jobs.lever.co/careskore/842efb5f-38ca-479e-9d5f-8ee1c0344279
Mountain View, CA
*********************************************
CareSkore - EHR Integration Specialist
https://jobs.lever.co/careskore/d69256f6-4180-4315-943c-0d18bc55fdbd
Mountain View, and Remote
*********************************************
CareSkore - Senior Backend Developer
https://jobs.lever.co/careskore/ef1fb58c-854f-42fe-954b-c9c236db727e
Mountain View, CA
*********************************************
CareSkore - Senior Frontend Developer
https://jobs.lever.co/careskore/77cfb893-0a52-42c1-b2a8-cc44711c2e03
Mountain View, CA
*********************************************
CareSkore - Technical Writer
https://jobs.lever.co/careskore/885f6546-4fe3-4130-8b3e-27e09e7737e3/apply
Mountain View, CA
____________________________________________________________
*********************************************
7
*********************************************
Carrot Inc. - Senior Quality Engineer - Medical Device
https://jobs.lever.co/carrot/32d3d919-ba49-4b4e-a973-4578e7683c34
Redwood City, CA
*********************************************
Carrot Inc. - Lead iOS Engineer
https://jobs.lever.co/carrot/42ac5399-7955-4540-9747-7ff2c3eb621e
Redwood City, CA
*********************************************
Carrot Inc.
https://jobs.lever.co/carrot

## slept ##
Error INVALID_REQUEST
Query: https://maps.google.com/maps/api/geocode/json?address=&sensor=false&bounds=&region=&language=&components=
Filter by:
*********************************************
Carrot Inc. - Finance Manager
https://jobs.lever.co/carrot/4594e02c-0a6a-44e4-85b9-076b823dc1a9
Redwood City, CA
local
*********************************************
2
*********************************************
HTTP Error 404: Not Found
HTTP Error 404: Not Found
HTTP Error 404: Not Found
HTTP Error 404: Not Found
0
*********************************************
Caruso - Maintenance Engineer, The Americana at Brand
https://jobs.lever.co/carusoaffiliated/0c69da62-a5d6-498b-9de8-30d6f0a18cb0
The Americana at Brand
customer service
local
*********************************************
Caruso - Maintenance Engineer, The Grove
https://jobs.lever.co/carusoaffiliated/2eff2cd8-440f-4755-b561-4eed76079f00
The Grove
customer service
local
*********************************************
Caruso - Maintenance Engineer
https://jobs.lever.co/carusoaffiliated/0c69da62-a5d6-498b-9de8-30d6f0a18cb0/apply
The Americana at Brand
____________________________________________________________
*********************************************
Caruso - Maintenance Engineer, The Grove
https://jobs.lever.co/carusoaffiliated/2eff2cd8-440f-4755-b561-4eed76079f00/apply
The Grove
____________________________________________________________
*********************************************
Caruso - Maintenance Engineer, West Valley Portfolio
https://jobs.lever.co/carusoaffiliated/507be903-38f4-44b4-8bdf-ad0a5ea4787e/apply
Calabasas
____________________________________________________________
*********************************************
Caruso
https://jobs.lever.co/carusoaffiliated

## slept ##
Error INVALID_REQUEST
Query: https://maps.google.com/maps/api/geocode/json?address=&sensor=false&bounds=&region=&language=&components=
Filter by:
*********************************************
Caruso
https://jobs.lever.co/carusoaffiliated?by=location

## slept ##
Error INVALID_REQUEST
Query: https://maps.google.com/maps/api/geocode/json?address=&sensor=false&bounds=&region=&language=&components=
Filter by:
*********************************************
Caruso
https://jobs.lever.co/carusoaffiliated?by=location&team=Engineering

## slept ##
Error INVALID_REQUEST
Query: https://maps.google.com/maps/api/geocode/json?address=&sensor=false&bounds=&region=&language=&components=
Filter by:
*********************************************
Caruso
https://jobs.lever.co/carusoaffiliated?location=The%20Grove

## slept ##
Error INVALID_REQUEST
Query: https://maps.google.com/maps/api/geocode/json?address=&sensor=false&bounds=&region=&language=&components=
Filter by:
*********************************************
Caruso - Construction Project Manager
https://jobs.lever.co/carusoaffiliated/419e154a-0ce2-41ef-a69d-e32396f6c7c9
Palisades Village
local
*********************************************
HTTP Error 404: Not Found
0
*********************************************
