Tradeshift - Senior Software Engineer
https://jobs.lever.co/tradeshift/2c54a1fa-5d00-4801-8e33-e4119b242567
Suzhou, China
*********************************************
Tradeshift - Senior Software Engineer
https://jobs.lever.co/tradeshift/2c54a1fa-5d00-4801-8e33-e4119b242567/apply
Suzhou, China
____________________________________________________________
*********************************************
HTTP Error 404: Not Found
Tradeshift
https://jobs.lever.co/tradeshift

## slept ##
Error INVALID_REQUEST
Query: https://maps.google.com/maps/api/geocode/json?address=&sensor=false&bounds=&region=&language=&components=
Filter by:
*********************************************
Tradeshift - Senior Quality Assurance Engineer
https://jobs.lever.co/tradeshift/35165fcf-458c-4fb2-99a9-d7f3ebdb94de
Bucharest, Romania
## slept ##
*********************************************
Tradeshift - Sales Engineering Manager
https://jobs.lever.co/tradeshift/75e99f89-4ca5-43ab-a66b-a9d46e3bf513
Tokyo, Japan
## slept ##
marketing
*********************************************
Tradeshift
https://jobs.lever.co/tradeshift?by=location&team=Engineering

## slept ##
Error INVALID_REQUEST
Query: https://maps.google.com/maps/api/geocode/json?address=&sensor=false&bounds=&region=&language=&components=
Filter by:
*********************************************
Tradeshift
https://jobs.lever.co/tradeshift?by=location

## slept ##
Error INVALID_REQUEST
Query: https://maps.google.com/maps/api/geocode/json?address=&sensor=false&bounds=&region=&language=&components=
Filter by:
*********************************************
Tradeshift - Senior Backend Engineer - Financial Services
https://jobs.lever.co/tradeshift/616f57e6-3f3f-4544-95c8-f6a2665e8b82
San Francisco, California
## slept ##
local
partner 
equity
*********************************************
Tradeshift - Senior Front End Engineer
https://jobs.lever.co/tradeshift/f5753288-37c8-4d96-a05f-eb306831a9fc
Bucharest, Romania
*********************************************
Tradeshift - Technical Integration Engineer
https://jobs.lever.co/tradeshift/ecff3190-20fa-45d8-970a-99187bc09044
Kuala Lumpur, Malaysia
*********************************************
Tradeshift - Associate Product Manager
https://jobs.lever.co/tradeshift/b4dfa654-2a3a-49ac-9105-486fbb447ffa
Suzhou, China
*********************************************
Tradeshift - Support Advocate
https://jobs.lever.co/tradeshift/cecfd278-5ce7-409a-8194-5f15b26d61b7
Kuala Lumpur, Malaysia
*********************************************
6
*********************************************
AfterShip - Software Engineer - Backend
https://jobs.lever.co/aftership/a8a93872-e511-4ef5-bd5e-c46d8b2d8c7d
Hong Kong
## slept ##
Error OVER_QUERY_LIMIT
Query: https://maps.google.com/maps/api/geocode/json?address=Hong+Kong&sensor=false&bounds=&region=&language=&components=
*********************************************
AfterShip - Software Engineer - API
https://jobs.lever.co/aftership/55e781a8-be24-409b-a372-e071bca74e48
Hong Kong
*********************************************
AfterShip - Software Engineer - Full Stack
https://jobs.lever.co/aftership/5c22fadf-580f-456b-9809-da86dd4142cf
Hong Kong
*********************************************
AfterShip - Software Engineer - Backend
https://jobs.lever.co/aftership/a8a93872-e511-4ef5-bd5e-c46d8b2d8c7d/apply
Hong Kong
____________________________________________________________
*********************************************
AfterShip
https://jobs.lever.co/aftership

## slept ##
Error INVALID_REQUEST
Query: https://maps.google.com/maps/api/geocode/json?address=&sensor=false&bounds=&region=&language=&components=
Filter by:
*********************************************
3
*********************************************
HTTP Error 404: Not Found
HTTP Error 404: Not Found
0
*********************************************
Autopilot - Senior Software Engineer
https://jobs.lever.co/autopilothq/4035cc4e-1365-4409-85b1-3e1476a65ab2
Sydney, Australia
## slept ##
marketing
*********************************************
Autopilot - Senior Software Engineer
https://jobs.lever.co/autopilothq/4035cc4e-1365-4409-85b1-3e1476a65ab2/apply
Sydney, Australia
## slept ##
Error OVER_QUERY_LIMIT
Query: https://maps.google.com/maps/api/geocode/json?address=Sydney%2C+Australia&sensor=false&bounds=&region=&language=&components=
____________________________________________________________
*********************************************
Autopilot
https://jobs.lever.co/autopilothq

## slept ##
Error INVALID_REQUEST
Query: https://maps.google.com/maps/api/geocode/json?address=&sensor=false&bounds=&region=&language=&components=
Filter by:
*********************************************
Autopilot - (Senior) Technical Support Engineer - UK
https://jobs.lever.co/autopilothq/6194c4af-1640-459b-bfa9-9e6ed9410600
UK
technical support
marketing
*********************************************
Autopilot - Lever
https://jobs.lever.co/autopilothq?by=location

## slept ##
Error INVALID_REQUEST
Query: https://maps.google.com/maps/api/geocode/json?address=&sensor=false&bounds=&region=&language=&components=
Filter by:
*********************************************
Autopilot - Lever
https://jobs.lever.co/autopilothq?commitment=Full-time

## slept ##
Error INVALID_REQUEST
Query: https://maps.google.com/maps/api/geocode/json?address=&sensor=false&bounds=&region=&language=&components=
Filter by:
*********************************************
Autopilot - Lever
https://jobs.lever.co/autopilothq?by=commitment

## slept ##
Error INVALID_REQUEST
Query: https://maps.google.com/maps/api/geocode/json?address=&sensor=false&bounds=&region=&language=&components=
Filter by:
*********************************************
Autopilot - Lever
https://jobs.lever.co/autopilothq?team=Engineering

## slept ##
Error INVALID_REQUEST
Query: https://maps.google.com/maps/api/geocode/json?address=&sensor=false&bounds=&region=&language=&components=
Filter by:
*********************************************
Autopilot - Lever
https://jobs.lever.co/autopilothq?location=Sydney%2C%20Australia

## slept ##
Error INVALID_REQUEST
Query: https://maps.google.com/maps/api/geocode/json?address=&sensor=false&bounds=&region=&language=&components=
Filter by:
*********************************************
0
*********************************************
0
*********************************************
Lytro - Visual Effects Software Engineer, VR
https://jobs.lever.co/lytro/4187e774-b233-4946-9265-a64c2de2ccae
Mountain View, CA
*********************************************
Lytro - Senior Python Software Engineer
https://jobs.lever.co/lytro/b699a945-49cd-42ae-ae47-eda9588e46bc
Mountain View, CA
local
*********************************************
HTTP Error 404: Not Found
Lytro - Senior Python Software Engineer
https://jobs.lever.co/lytro/b699a945-49cd-42ae-ae47-eda9588e46bc/apply
Mountain View, CA
____________________________________________________________
*********************************************
Lytro - Senior R&D Engineer - VR Data Compression
https://jobs.lever.co/lytro/9842ac63-d1b1-477e-b1da-98e38395af59
Mountain View, CA
*********************************************
Lytro - Senior FX Artist (Unity)
https://jobs.lever.co/lytro/f3bbd83f-5573-490c-aa8e-ec881b1a3eb6
Mountain View, CA
*********************************************
Lytro - Pipeline Technical Director (TD)
https://jobs.lever.co/lytro/8d86956e-80b6-412c-acb1-911941cc8afa
Mountain View, CA
local
*********************************************
Lytro - Senior VFX Coordinator, VR
https://jobs.lever.co/lytro/8cb0d6a0-41c3-46f4-9a47-6649cce84efd
Mountain View, CA
*********************************************
HTTP Error 404: Not Found
4
*********************************************
HTTP Error 404: Not Found
HTTP Error 404: Not Found
HTTP Error 404: Not Found
HTTP Error 404: Not Found
HTTP Error 404: Not Found
HTTP Error 404: Not Found
0
*********************************************
MoneyLion - Senior Software Engineer
https://jobs.lever.co/moneylion/d1fe7650-c862-4e29-a86f-60474d560736
Kuala Lumpur
debit card
*********************************************
MoneyLion - Software Engineer, Growth
https://jobs.lever.co/moneylion/6240bc66-aae8-42bc-9006-34b127e3a310
San Francisco
## slept ##
Error OVER_QUERY_LIMIT
Query: https://maps.google.com/maps/api/geocode/json?address=San+Francisco&sensor=false&bounds=&region=&language=&components=
debit card
marketing
partner 
*********************************************
MoneyLion
https://jobs.lever.co/moneylion?by=location

## slept ##
Error INVALID_REQUEST
Query: https://maps.google.com/maps/api/geocode/json?address=&sensor=false&bounds=&region=&language=&components=
Filter by:
*********************************************
MoneyLion
https://jobs.lever.co/moneylion

## slept ##
Error INVALID_REQUEST
Query: https://maps.google.com/maps/api/geocode/json?address=&sensor=false&bounds=&region=&language=&components=
Filter by:
*********************************************
MoneyLion
https://jobs.lever.co/moneylion/?by=commitment&team=Engineering

## slept ##
Error INVALID_REQUEST
Query: https://maps.google.com/maps/api/geocode/json?address=&sensor=false&bounds=&region=&language=&components=
Filter by:
*********************************************
MoneyLion
https://jobs.lever.co/moneylion?location=San%20Francisco

## slept ##
Error INVALID_REQUEST
Query: https://maps.google.com/maps/api/geocode/json?address=&sensor=false&bounds=&region=&language=&components=
Filter by:
*********************************************
MoneyLion
https://jobs.lever.co/moneylion?location=Kuala%20Lumpur

## slept ##
Error INVALID_REQUEST
Query: https://maps.google.com/maps/api/geocode/json?address=&sensor=false&bounds=&region=&language=&components=
Filter by:
*********************************************
MoneyLion
https://jobs.lever.co/moneylion?by=location&location=San%20Francisco

## slept ##
Error INVALID_REQUEST
Query: https://maps.google.com/maps/api/geocode/json?address=&sensor=false&bounds=&region=&language=&components=
Filter by:
*********************************************
MoneyLion
https://jobs.lever.co/moneylion/?by=commitment&team=Marketing

## slept ##
Error INVALID_REQUEST
Query: https://maps.google.com/maps/api/geocode/json?address=&sensor=false&bounds=&region=&language=&components=
Filter by:
*********************************************
MoneyLion - Test Engineer
https://jobs.lever.co/moneylion/641fc47b-ce82-4bb1-afd0-1f492b432e5a
Kuala Lumpur
## slept ##
*********************************************
1
*********************************************
Blispay - Software Engineer (Back-End)
https://jobs.lever.co/blispay.com/5eca6134-1624-42c6-852b-63d7d00af572/apply
Baltimore, MD
____________________________________________________________
*********************************************
Blispay - Software Engineer (Back-End)
https://jobs.lever.co/blispay.com/5eca6134-1624-42c6-852b-63d7d00af572
Baltimore, MD
*********************************************
Blispay
https://jobs.lever.co/blispay.com

## slept ##
Error INVALID_REQUEST
Query: https://maps.google.com/maps/api/geocode/json?address=&sensor=false&bounds=&region=&language=&components=
Filter by:
*********************************************
Blispay
https://jobs.lever.co/blispay.com?by=commitment

## slept ##
Error INVALID_REQUEST
Query: https://maps.google.com/maps/api/geocode/json?address=&sensor=false&bounds=&region=&language=&components=
Filter by:
*********************************************
Blispay - Lever
https://jobs.lever.co/blispay.com?commitment=Full-time

## slept ##
Error INVALID_REQUEST
Query: https://maps.google.com/maps/api/geocode/json?address=&sensor=false&bounds=&region=&language=&components=
Filter by:
*********************************************
Blispay - Lever
https://jobs.lever.co/blispay.com?by=location

## slept ##
Error INVALID_REQUEST
Query: https://maps.google.com/maps/api/geocode/json?address=&sensor=false&bounds=&region=&language=&components=
Filter by:
*********************************************
Blispay
https://jobs.lever.co/blispay.com?team=Engineering

## slept ##
Error INVALID_REQUEST
Query: https://maps.google.com/maps/api/geocode/json?address=&sensor=false&bounds=&region=&language=&components=
Filter by:
*********************************************
1
*********************************************
Zoox - Software Engineer
https://jobs.lever.co/zoox/2157ee7f-3b15-45cd-96ea-b76fc835d679
Menlo Park, CA
local
*********************************************
Zoox - Software Engineer - Prototyping
https://jobs.lever.co/zoox/93ca2193-2f56-4720-a6ee-ae593d5208e4
San Carlos, CA
*********************************************
Zoox - Software Engineer - Computer Vision
https://jobs.lever.co/zoox/f2ce2103-2f2c-4d93-a1c1-d6fcb5e9a434
Menlo Park, CA
*********************************************
Zoox - Software Engineer - TeleOps
https://jobs.lever.co/zoox/a432c18d-0891-4e5d-85d8-c9d864a402c1
Menlo Park, CA
*********************************************
Zoox - Software Engineer - Simulation
https://jobs.lever.co/zoox/d3479e79-90b0-4416-a1ce-ce18f73bd882
Menlo Park, CA
## slept ##
local
*********************************************
Zoox - Software Engineer - Tools
https://jobs.lever.co/zoox/a4268999-921d-479c-9017-3d856d58f563
Menlo Park, CA
local
*********************************************
Zoox - Software Engineer
https://jobs.lever.co/zoox/2157ee7f-3b15-45cd-96ea-b76fc835d679/apply
Menlo Park, CA
____________________________________________________________
*********************************************
Zoox - Software Engineer, Radar
https://jobs.lever.co/zoox/b041da7c-576e-4e39-b2cb-c6018f059224
Menlo Park, CA
*********************************************
Zoox - Software Engineer - Infrastructure
https://jobs.lever.co/zoox/d960f33a-fb68-4f15-8034-6c09efdb0668
Menlo Park, CA
*********************************************
Zoox - Software Engineer - Perception
https://jobs.lever.co/zoox/4882db0d-7f41-47e8-bb13-ce748a5edada/apply
Menlo Park, CA
____________________________________________________________
*********************************************
Zoox - Software Engineer - Localization and Mapping
https://jobs.lever.co/zoox/743cf92d-6646-4c72-b4a9-d2f39a2d4ce7
Menlo Park, CA
local
*********************************************
Zoox - Software Engineer - TeleOps
https://jobs.lever.co/zoox/a432c18d-0891-4e5d-85d8-c9d864a402c1/apply
Menlo Park, CA
## slept ##
Error OVER_QUERY_LIMIT
Query: https://maps.google.com/maps/api/geocode/json?address=Menlo+Park%2C+CA&sensor=false&bounds=&region=&language=&components=
____________________________________________________________
*********************************************
Zoox - Software Engineer, Radar
https://jobs.lever.co/zoox/b041da7c-576e-4e39-b2cb-c6018f059224/apply
Menlo Park, CA
____________________________________________________________
*********************************************
Zoox - Software Engineer - Machine Learning
https://jobs.lever.co/zoox/81f7fbe7-4fd3-4814-b07d-2fd2177e32a4/apply
Menlo Park, CA
____________________________________________________________
*********************************************
Zoox - Software Engineer - Simulation
https://jobs.lever.co/zoox/d3479e79-90b0-4416-a1ce-ce18f73bd882/apply
Menlo Park, CA
____________________________________________________________
*********************************************
Zoox - Software Engineer - Tools
https://jobs.lever.co/zoox/a4268999-921d-479c-9017-3d856d58f563/apply
Menlo Park, CA
____________________________________________________________
*********************************************
Zoox - Software Engineer - Infrastructure
https://jobs.lever.co/zoox/d960f33a-fb68-4f15-8034-6c09efdb0668/apply
Menlo Park, CA
____________________________________________________________
*********************************************
Zoox - Software Engineer - Computer Vision
https://jobs.lever.co/zoox/f2ce2103-2f2c-4d93-a1c1-d6fcb5e9a434/apply
Menlo Park, CA
____________________________________________________________
*********************************************
Zoox - Software Engineer - Localization and Mapping
https://jobs.lever.co/zoox/743cf92d-6646-4c72-b4a9-d2f39a2d4ce7/apply
Menlo Park, CA
____________________________________________________________
*********************************************
Zoox - Software Engineer - Prototyping
https://jobs.lever.co/zoox/93ca2193-2f56-4720-a6ee-ae593d5208e4/apply
San Carlos, CA
## slept ##
____________________________________________________________
*********************************************
Zoox - Software Engineer - Motion Planning
https://jobs.lever.co/zoox/7dd45151-9d8a-45a4-bb33-86fb88c1995d
Menlo Park, CA
local
*********************************************
Zoox
https://jobs.lever.co/zoox

## slept ##
Error INVALID_REQUEST
Query: https://maps.google.com/maps/api/geocode/json?address=&sensor=false&bounds=&region=&language=&components=
Filter by:
*********************************************
Zoox - Software Engineer - Motion Planning
https://jobs.lever.co/zoox/7dd45151-9d8a-45a4-bb33-86fb88c1995d/apply
Menlo Park, CA
____________________________________________________________
*********************************************
Zoox - Firmware Engineer
https://jobs.lever.co/zoox/7f3635ff-8722-4cea-8757-2b0676135427
Menlo Park, CA
*********************************************
Zoox - System Integration Engineer
https://jobs.lever.co/zoox/aa966454-327f-4a39-8df5-fdf1ce068fcc
Menlo Park, CA
*********************************************
Zoox - Systems Engineer
https://jobs.lever.co/zoox/acab39ec-21c0-4db8-9939-745653482072
San Carlos, CA
## slept ##
Error OVER_QUERY_LIMIT
Query: https://maps.google.com/maps/api/geocode/json?address=San+Carlos%2C+CA&sensor=false&bounds=&region=&language=&components=
*********************************************
Zoox
https://jobs.lever.co/zoox?location=San%20Carlos%2C%20CA

## slept ##
Error INVALID_REQUEST
Query: https://maps.google.com/maps/api/geocode/json?address=&sensor=false&bounds=&region=&language=&components=
Filter by:
*********************************************
Zoox - Electrical Engineer - Compute
https://jobs.lever.co/zoox/61ba5d15-5479-41df-a942-4ed7624534b6
San Carlos, CA
*********************************************
HTTP Error 404: Not Found
Zoox - Mechanical Engineer, Vehicle Electronics
https://jobs.lever.co/zoox/e40dae00-2e40-48af-82ab-168a584f0672
San Carlos, CA
*********************************************
Zoox - Hardware Design Engineer
https://jobs.lever.co/zoox/951cfc2d-c65b-49bd-b621-44fc22cd2672
San Carlos, CA
*********************************************
Zoox - Vehicle Test Engineer
https://jobs.lever.co/zoox/cd288a44-a15e-4ebe-b966-f8c86f0877cc
Menlo Park, CA
*********************************************
Zoox - Optical Engineer
https://jobs.lever.co/zoox/04d9a302-52fb-477e-a516-1b1d6bc76024
San Carlos, CA
*********************************************
Zoox - Interaction Designer
https://jobs.lever.co/zoox/438a1946-6dfb-4146-a5cf-62f033c087a5
Menlo Park, CA
*********************************************
Zoox - Manufacturing Engineer
https://jobs.lever.co/zoox/f30b80a4-10b2-402a-83e2-4bc5a1713cbb
San Carlos, CA
## slept ##
Error OVER_QUERY_LIMIT
Query: https://maps.google.com/maps/api/geocode/json?address=San+Carlos%2C+CA&sensor=false&bounds=&region=&language=&components=
*********************************************
Zoox - Controls Engineer
https://jobs.lever.co/zoox/d09fa0d7-59ef-4404-a840-6c6f7885e832/apply
San Carlos, CA
## slept ##
____________________________________________________________
*********************************************
Zoox - UI/UX Designer
https://jobs.lever.co/zoox/c3a34016-f06b-4b97-8209-9fe2908f9c29
Menlo Park, CA
*********************************************
HTTP Error 404: Not Found
Zoox - HW Integration Engineer
https://jobs.lever.co/zoox/948ea95c-53b1-4920-9270-2627cb6c42e2
Menlo Park, CA
## slept ##
*********************************************
Zoox - BoM / Change Management Analyst
https://jobs.lever.co/zoox/ddd51c67-25d4-452f-a398-3e541810a505
San Carlos, CA
*********************************************
18
*********************************************
Carbon Robotics - Robotics Software Engineer
https://jobs.lever.co/carbonrobotics/f1ddc530-5d56-4963-8f3f-9a1df14b7c61
San Francisco
equity
*********************************************
Carbon Robotics - Software Engineer (Contract)
https://jobs.lever.co/carbonrobotics/07f4b8a6-2ad8-41e2-9f01-a2d48a3205f1
San Francisco
*********************************************
Carbon Robotics - Robotics Software Engineer
https://jobs.lever.co/carbonrobotics/f1ddc530-5d56-4963-8f3f-9a1df14b7c61/apply
San Francisco
## slept ##
____________________________________________________________
*********************************************
HTTP Error 404: Not Found
Carbon Robotics - Embedded Firmware Engineer
https://jobs.lever.co/carbonrobotics/77224cdd-c5bd-4044-b809-7d4790ba64a1
San Francisco
*********************************************
Carbon Robotics - System QA Engineer
https://jobs.lever.co/carbonrobotics/7678ac71-7833-4bf3-bde6-05fe7eae89bf
San Francisco
*********************************************
Carbon Robotics
https://jobs.lever.co/carbonrobotics?team=Engineering

## slept ##
Error INVALID_REQUEST
Query: https://maps.google.com/maps/api/geocode/json?address=&sensor=false&bounds=&region=&language=&components=
Filter by:
*********************************************
3
*********************************************
