HTTP Error 404: Not Found
0
*********************************************
Keepsafe - Senior Backend Engineer
https://jobs.lever.co/keepsafe/9b12b55a-5480-49ed-92c8-9d8c969c4f31
San Francisco, CA
*********************************************
Keepsafe - Kotlin Android Developer - Build apps from scratch for ...
https://jobs.lever.co/keepsafe/6414e440-ed8e-4c1e-a156-6e4e1b716577
San Francisco, CA
*********************************************
Keepsafe - Senior Backend Engineer
https://jobs.lever.co/keepsafe/9b12b55a-5480-49ed-92c8-9d8c969c4f31/apply
San Francisco, CA
____________________________________________________________
*********************************************
Keepsafe - Android Application Developer - Build apps from scratch ...
https://jobs.lever.co/keepsafe/fe098118-6494-4381-8298-2c3d0fa58a6f
San Francisco, CA
marketing
*********************************************
Keepsafe
https://jobs.lever.co/keepsafe

## slept ##
Error INVALID_REQUEST
Query: https://maps.google.com/maps/api/geocode/json?address=&sensor=false&bounds=&region=&language=&components=
Filter by:
*********************************************
Keepsafe - iOS Core Developer
https://jobs.lever.co/keepsafe/80742df7-6ec2-4753-93d8-3d0052d40e23
San Francisco, CA
*********************************************
Keepsafe - Technical Sourcer - Contract
https://jobs.lever.co/keepsafe/ea51daae-820e-4a11-88b7-08ad0e09fbd5
Berlin, Germany
*********************************************
Keepsafe - No Resumes!
https://jobs.lever.co/keepsafe/2ed06314-7adf-4e91-8a6b-fb6edd7dfe9c
San Francisco, CA
equity
*********************************************
Keepsafe
https://jobs.lever.co/keepsafe?location=Krak%C3%B3w%2C%20Poland

## slept ##
Error INVALID_REQUEST
Query: https://maps.google.com/maps/api/geocode/json?address=&sensor=false&bounds=&region=&language=&components=
Filter by:
*********************************************
Keepsafe
https://jobs.lever.co/keepsafe?location=Berlin%2C%20Germany

## slept ##
Error INVALID_REQUEST
Query: https://maps.google.com/maps/api/geocode/json?address=&sensor=false&bounds=&region=&language=&components=
Filter by:
*********************************************
Keepsafe - Product Designer
https://jobs.lever.co/keepsafe/938ba18f-97d1-45d0-a17f-66766907f8ba
San Francisco, CA
*********************************************
Keepsafe - Android Application Developer - Build apps from scratch ...
https://jobs.lever.co/keepsafe/fe098118-6494-4381-8298-2c3d0fa58a6f/apply
San Francisco, CA
____________________________________________________________
*********************************************
Keepsafe
https://jobs.lever.co/keepsafe?team=Product

## slept ##
Error INVALID_REQUEST
Query: https://maps.google.com/maps/api/geocode/json?address=&sensor=false&bounds=&region=&language=&components=
Filter by:
*********************************************
5
*********************************************
Fave - Engineering - Software Engineer (Ruby on Rails) - KL
https://jobs.lever.co/kfit/4be89d12-65f6-47e5-a96d-db95340c2896
Kuala Lumpur
*********************************************
Fave - Engineering - Senior Elixir Engineer - KL
https://jobs.lever.co/kfit/cb2d897f-b487-4fd2-96e4-4447e2f46d86
Kuala Lumpur
*********************************************
HTTP Error 404: Not Found
Fave - Engineering - Junior Elixir Engineer - KL
https://jobs.lever.co/kfit/54014adb-e3fc-4e0a-bb88-2b436e8df41c
Kuala Lumpur
*********************************************
HTTP Error 404: Not Found
Fave - Engineering - Data Engineer - KL
https://jobs.lever.co/kfit/a0d5d1f6-16d6-4e18-aa64-15e029e85446
Kuala Lumpur
local
*********************************************
Fave - Engineering - Data Engineer - KL
https://jobs.lever.co/kfit/a0d5d1f6-16d6-4e18-aa64-15e029e85446/apply
Kuala Lumpur
____________________________________________________________
*********************************************
Fave - Engineering - Software Engineer (Ruby on Rails)
https://jobs.lever.co/kfit/4be89d12-65f6-47e5-a96d-db95340c2896/apply
Kuala Lumpur
____________________________________________________________
*********************************************
Fave - Internship - Software & Mobile Engineering - KL
https://jobs.lever.co/kfit/5e50ccd1-03d9-43eb-bc1a-41e2e32b0b13
Kuala Lumpur
*********************************************
Fave - Engineering - Mobile Developer (Android/IOS) - KL
https://jobs.lever.co/kfit/1918815f-5313-4cc0-b685-75235724f35a
Kuala Lumpur
*********************************************
Fave
https://jobs.lever.co/kfit?by=location

## slept ##
Error INVALID_REQUEST
Query: https://maps.google.com/maps/api/geocode/json?address=&sensor=false&bounds=&region=&language=&components=
Filter by:
*********************************************
Fave - Engineering - Mobile Engineering Lead - KL
https://jobs.lever.co/kfit/ac228205-cfc0-47e8-a9ce-cada077231cb
Kuala Lumpur
local
*********************************************
HTTP Error 404: Not Found
Fave - Engineering - Mobile Engineering Lead
https://jobs.lever.co/kfit/ac228205-cfc0-47e8-a9ce-cada077231cb/apply
Kuala Lumpur
____________________________________________________________
*********************************************
Fave
https://jobs.lever.co/kfit?by=location&commitment=Full-time

## slept ##
Error INVALID_REQUEST
Query: https://maps.google.com/maps/api/geocode/json?address=&sensor=false&bounds=&region=&language=&components=
Filter by:
*********************************************
Fave - Product Manager (Mobile) - KL
https://jobs.lever.co/kfit/fbdcee40-2495-45c0-9793-85a6be3c265c
Kuala Lumpur
marketing
local
*********************************************
Fave - Product Manager (B2B/Merchant platform) - KL
https://jobs.lever.co/kfit/b142c3bf-7b6f-4d1f-8b42-788d51bd1425
Kuala Lumpur
marketing
local
*********************************************
Fave - Head of Data Science - KL
https://jobs.lever.co/kfit/6e7c14bf-5472-4244-aa1f-f29c3bce3370
Kuala Lumpur
local
*********************************************
Fave - Data Scientist - KL
https://jobs.lever.co/kfit/c00f5237-f5d8-420b-a373-446acd11871f
Kuala Lumpur
local
partner 
*********************************************
Fave - Internship - Startup Internship - Kuala Lumpur
https://jobs.lever.co/kfit/66ce3f9f-f37c-460d-bffb-8433cdf7e20e
Kuala Lumpur
local
*********************************************
5
*********************************************
HTTP Error 404: Not Found
Kickback - Software Engineer, Frontend
https://jobs.lever.co/kickback/932c6f02-d2bb-4e1d-b423-bce949ab54b6/apply
Remote
____________________________________________________________
*********************************************
Kickback
https://jobs.lever.co/kickback

## slept ##
Error INVALID_REQUEST
Query: https://maps.google.com/maps/api/geocode/json?address=&sensor=false&bounds=&region=&language=&components=
Filter by:
*********************************************
HTTP Error 404: Not Found
Kickback
https://jobs.lever.co/kickback?team=Engineering

## slept ##
Error INVALID_REQUEST
Query: https://maps.google.com/maps/api/geocode/json?address=&sensor=false&bounds=&region=&language=&components=
Filter by:
*********************************************
Kickback
https://jobs.lever.co/kickback?by=location&commitment=Full-time

## slept ##
Error INVALID_REQUEST
Query: https://maps.google.com/maps/api/geocode/json?address=&sensor=false&bounds=&region=&language=&components=
Filter by:
*********************************************
Kickback - Marketing Manager
https://jobs.lever.co/kickback/89ff6d31-edd3-4cf1-86d4-db5a5f8e4728
San Francisco
marketing
local
*********************************************
Kickback - Data Scientist
https://jobs.lever.co/kickback/4a1f1ebb-ad52-4130-b4b3-e5a0863f3424
San Francisco
*********************************************
Kickback
https://jobs.lever.co/kickback?by=location

## slept ##
Error INVALID_REQUEST
Query: https://maps.google.com/maps/api/geocode/json?address=&sensor=false&bounds=&region=&language=&components=
Filter by:
*********************************************
Filter by: San Francisco All Remote San Francisco Team All Design ...
https://jobs.lever.co/kickback?by=location&location=San%20Francisco

## slept ##
Error INVALID_REQUEST
Query: https://maps.google.com/maps/api/geocode/json?address=&sensor=false&bounds=&region=&language=&components=
Filter by:
*********************************************
1
*********************************************
Kickstarter - iOS Engineer
https://jobs.lever.co/kickstarter/249787f2-b60a-4574-b774-ec668a7d755a
Vancouver, BC
*********************************************
Kickstarter - Senior Backend Engineer
https://jobs.lever.co/kickstarter/99824744-eca2-4f1d-94d8-d06e235d1ee1
Brooklyn, NY
*********************************************
Kickstarter - Front End Engineer
https://jobs.lever.co/kickstarter/4a7e8a5d-29ae-4190-aefe-221be99bafcb
Vancouver, BC
*********************************************
Kickstarter - Full Stack Engineer
https://jobs.lever.co/kickstarter/5a01ff14-aaac-48f0-b245-81ee9d7787d9
Vancouver, BC
*********************************************
Kickstarter - Data Infrastructure Engineer
https://jobs.lever.co/kickstarter/fd919b4b-944e-49c7-9629-c5ef833fa54a
Brooklyn, NY
*********************************************
HTTP Error 404: Not Found
Kickstarter - iOS Engineer
https://jobs.lever.co/kickstarter/249787f2-b60a-4574-b774-ec668a7d755a/apply
Vancouver, BC
____________________________________________________________
*********************************************
Kickstarter - Front End Engineer
https://jobs.lever.co/kickstarter/4a7e8a5d-29ae-4190-aefe-221be99bafcb/apply
Vancouver, BC
____________________________________________________________
*********************************************
Kickstarter - Full Stack Engineer
https://jobs.lever.co/kickstarter/5a01ff14-aaac-48f0-b245-81ee9d7787d9/apply
Vancouver, BC
____________________________________________________________
*********************************************
HTTP Error 404: Not Found
HTTP Error 404: Not Found
HTTP Error 404: Not Found
HTTP Error 404: Not Found
Kickstarter
https://jobs.lever.co/kickstarter

## slept ##
Error INVALID_REQUEST
Query: https://maps.google.com/maps/api/geocode/json?address=&sensor=false&bounds=&region=&language=&components=
Filter by:
*********************************************
Kickstarter - Engineering Manager, Native Apps
https://jobs.lever.co/kickstarter/e7235635-8791-414c-b2ce-173f52858bef
Brooklyn, NY
*********************************************
Kickstarter
https://jobs.lever.co/kickstarter?by=commitment

## slept ##
Error INVALID_REQUEST
Query: https://maps.google.com/maps/api/geocode/json?address=&sensor=false&bounds=&region=&language=&components=
Filter by:
*********************************************
Kickstarter - Product Designer
https://jobs.lever.co/kickstarter/87d304a2-310d-4c2f-8bae-756d327e5697
Brooklyn, NY
local
partner 
*********************************************
Kickstarter - Product Copywriter
https://jobs.lever.co/kickstarter/643ef827-0284-4d67-8ffd-87e04a02af91
Brooklyn, NY
*********************************************
7
*********************************************
Kiddom - Front-End Engineer
https://jobs.lever.co/kiddom/e2fc423d-a170-4cc9-b510-c9d5a013498d
San Francisco
equity
*********************************************
Kiddom - Platform Engineer
https://jobs.lever.co/kiddom/c45db39d-db8d-444d-8540-5ee9455f472a
San Francisco
equity
*********************************************
Kiddom - iOS Engineer
https://jobs.lever.co/kiddom/0334074d-47a5-4639-8489-4807dfb28145
San Francisco
in person
equity
*********************************************
Kiddom - iOS Engineer
https://jobs.lever.co/kiddom/0334074d-47a5-4639-8489-4807dfb28145/apply
San Francisco
____________________________________________________________
*********************************************
Kiddom - Front-End Engineer
https://jobs.lever.co/kiddom/e2fc423d-a170-4cc9-b510-c9d5a013498d/apply
San Francisco
____________________________________________________________
*********************************************
Kiddom - Platform Engineer
https://jobs.lever.co/kiddom/c45db39d-db8d-444d-8540-5ee9455f472a/apply
San Francisco
____________________________________________________________
*********************************************
Kiddom - Growth Engineer
https://jobs.lever.co/kiddom/beb383a9-ddbf-46de-9e61-94210eeeb323
San Francisco
marketing
equity
*********************************************
Kiddom - Front-End Engineering Lead
https://jobs.lever.co/kiddom/6b29cc81-cd7b-4b18-a363-80877f3854c3
San Francisco
equity
*********************************************
Kiddom
https://jobs.lever.co/kiddom

## slept ##
Error INVALID_REQUEST
Query: https://maps.google.com/maps/api/geocode/json?address=&sensor=false&bounds=&region=&language=&components=
Filter by:
*********************************************
Kiddom - Product Designer
https://jobs.lever.co/kiddom/82e8e0f4-e5b9-47b2-b386-8493c16df3ae
San Francisco
equity
*********************************************
Kiddom - Demand Generation Manager
https://jobs.lever.co/kiddom/174e56b6-0449-4d9a-af61-569a65832538
San Francisco
marketing
equity
*********************************************
Kiddom - Teacher Advocate - Internship
https://jobs.lever.co/kiddom/856812e6-8626-4918-b317-efed8b42a995
San Francisco
customer service
weekly
*********************************************
Kiddom - Sr. Marketing Manager
https://jobs.lever.co/kiddom/77ff6302-2cfa-49d1-8256-43a13bd2cd10
New York
marketing
equity
*********************************************
0
*********************************************
0
*********************************************
Kinsa Health - Principal Engineer, Platform lead
https://jobs.lever.co/kinsa/f8a1db4a-b439-41ca-8470-c58a13a444d4
San Francisco
local
*********************************************
Kinsa Health - Principal Engineer, Platform lead
https://jobs.lever.co/kinsa/f8a1db4a-b439-41ca-8470-c58a13a444d4/apply
San Francisco
____________________________________________________________
*********************************************
Kinsa Health - Lever
https://jobs.lever.co/kinsa?commitment=Full-time

## slept ##
Error INVALID_REQUEST
Query: https://maps.google.com/maps/api/geocode/json?address=&sensor=false&bounds=&region=&language=&components=
Filter by:
*********************************************
Kinsa Health
https://jobs.lever.co/kinsa?location=San%20Francisco

## slept ##
Error INVALID_REQUEST
Query: https://maps.google.com/maps/api/geocode/json?address=&sensor=false&bounds=&region=&language=&components=
Filter by:
*********************************************
Kinsa Health
https://jobs.lever.co/kinsa

## slept ##
Error INVALID_REQUEST
Query: https://maps.google.com/maps/api/geocode/json?address=&sensor=false&bounds=&region=&language=&components=
Filter by:
*********************************************
Kinsa Health - Lever
https://jobs.lever.co/kinsa?by=location

## slept ##
Error INVALID_REQUEST
Query: https://maps.google.com/maps/api/geocode/json?address=&sensor=false&bounds=&region=&language=&components=
Filter by:
*********************************************
Kinsa Health - Lever
https://jobs.lever.co/kinsa?team=Engineering%20-%20Software

## slept ##
Error INVALID_REQUEST
Query: https://maps.google.com/maps/api/geocode/json?address=&sensor=false&bounds=&region=&language=&components=
Filter by:
*********************************************
Kinsa Health
https://jobs.lever.co/kinsa?by=commitment

## slept ##
Error INVALID_REQUEST
Query: https://maps.google.com/maps/api/geocode/json?address=&sensor=false&bounds=&region=&language=&components=
Filter by:
*********************************************
Kinsa Health - Manager, Quality Management Systems
https://jobs.lever.co/kinsa/bd16ca18-3ccc-4897-b431-49b94bfa1623
San Francisco
*********************************************
Kinsa Health
https://jobs.lever.co/kinsa?team=Sales

## slept ##
Error INVALID_REQUEST
Query: https://maps.google.com/maps/api/geocode/json?address=&sensor=false&bounds=&region=&language=&components=
Filter by:
*********************************************
1
*********************************************
0
*********************************************
KKStream - Manual QA Engineer
https://jobs.lever.co/kkstream/2d9aee7a-cded-4919-b5f8-2cc4c0ce32a4
Taipei
*********************************************
KKStream - Sr. iOS Application Engineer
https://jobs.lever.co/kkstream/19f0f97c-1d67-4d56-a5ff-ed4865af8105
Taipei
*********************************************
HTTP Error 404: Not Found
HTTP Error 404: Not Found
HTTP Error 404: Not Found
KKStream - Sr. Android Application Engineer
https://jobs.lever.co/kkstream/e6369903-624b-4b43-a5f7-ee45c430fd8d
Taipei
*********************************************
KKStream - Backend Engineer *高雄
https://jobs.lever.co/kkstream/9452a5e1-b508-41b7-a0ca-cdafe8fb656e
Kaohsiung
*********************************************
KKStream - Sr. iOS Application Engineer
https://jobs.lever.co/kkstream/19f0f97c-1d67-4d56-a5ff-ed4865af8105/apply
Taipei
____________________________________________________________
*********************************************
HTTP Error 404: Not Found
KKStream - Sr. Web (Front-End) Engineer
https://jobs.lever.co/kkstream/1ad150a3-0e87-47bc-a16e-452d5a0222a5/apply
Taipei
____________________________________________________________
*********************************************
KKStream - Sr. iOS Application Engineer
https://jobs.lever.co/kkstream/19f0f97c-1d67-4d56-a5ff-ed4865af8105/apply
Taipei
____________________________________________________________
*********************************************
HTTP Error 404: Not Found
KKStream - Sr. Web (Front-End) Engineer
https://jobs.lever.co/kkstream/1ad150a3-0e87-47bc-a16e-452d5a0222a5/apply
Taipei
____________________________________________________________
*********************************************
KKStream - Operation Center IT Engineer *需輪班
https://jobs.lever.co/kkstream/7a898db8-5ad9-4c06-ba72-df3daf1e9b00
Taipei
*********************************************
KKStream
https://jobs.lever.co/kkstream

## slept ##
Error INVALID_REQUEST
Query: https://maps.google.com/maps/api/geocode/json?address=&sensor=false&bounds=&region=&language=&components=
Filter by:
*********************************************
KKStream
https://jobs.lever.co/kkstream?location=Taipei

## slept ##
Error INVALID_REQUEST
Query: https://maps.google.com/maps/api/geocode/json?address=&sensor=false&bounds=&region=&language=&components=
Filter by:
*********************************************
KKStream - Senior Product Designer
https://jobs.lever.co/kkstream/060c71eb-2ff7-413d-834a-673b0966df50
Taipei
*********************************************
KKStream
https://jobs.lever.co/kkstream?location=Kaohsiung

## slept ##
Error INVALID_REQUEST
Query: https://maps.google.com/maps/api/geocode/json?address=&sensor=false&bounds=&region=&language=&components=
Filter by:
*********************************************
KKStream - Growth PM
https://jobs.lever.co/kkstream/8357a22d-16dc-4fb0-8a08-523839a218b9
Taipei
*********************************************
7
*********************************************
KKTV - Sr. Backend engineer
https://jobs.lever.co/kktv/09b62e8b-d515-460d-9b6a-e42e21611fca
Taipei
*********************************************
KKTV - Sr. SQA Engineer
https://jobs.lever.co/kktv/7b809fba-061d-4f60-a022-f7906d419536
Taipei
*********************************************
KKTV - Sr. Web Engineer
https://jobs.lever.co/kktv/06cd5666-a260-4552-b332-f800034b4797
Taipei
*********************************************
KKTV - Sr. iOS Engineer
https://jobs.lever.co/kktv/f03e39ac-bfc9-4956-84e6-470fef74c0ba
Taipei
*********************************************
KKTV - Sr. Web Engineer
https://jobs.lever.co/kktv/06cd5666-a260-4552-b332-f800034b4797/apply
Taipei
____________________________________________________________
*********************************************
KKTV - Sr. iOS Engineer
https://jobs.lever.co/kktv/f03e39ac-bfc9-4956-84e6-470fef74c0ba/apply
Taipei
____________________________________________________________
*********************************************
KKTV - Sr. Backend engineer
https://jobs.lever.co/kktv/09b62e8b-d515-460d-9b6a-e42e21611fca/apply
Taipei
____________________________________________________________
*********************************************
HTTP Error 404: Not Found
KKTV - Sr. SQA Engineer
https://jobs.lever.co/kktv/7b809fba-061d-4f60-a022-f7906d419536/apply
Taipei
____________________________________________________________
*********************************************
KKTV
https://jobs.lever.co/kktv

## slept ##
Error INVALID_REQUEST
Query: https://maps.google.com/maps/api/geocode/json?address=&sensor=false&bounds=&region=&language=&components=
Filter by:
*********************************************
KKTV
https://jobs.lever.co/kktv?by=location

## slept ##
Error INVALID_REQUEST
Query: https://maps.google.com/maps/api/geocode/json?address=&sensor=false&bounds=&region=&language=&components=
Filter by:
*********************************************
4
*********************************************
0
*********************************************
Kogentix - Big Data Engineer - India
https://jobs.lever.co/kogentix/10fce4ca-8d39-42cb-aca1-ba6d3e8352ff
Hyderabad, India
*********************************************
Kogentix - Big Data Engineer - India - Lever
https://jobs.lever.co/kogentix/10fce4ca-8d39-42cb-aca1-ba6d3e8352ff/apply
Hyderabad, India
____________________________________________________________
*********************************************
Kogentix - Big Data Engineer - US
https://jobs.lever.co/kogentix/bdebbf67-628a-457e-a9ba-e3570e0e6469
Anywhere - US
*********************************************
Kogentix - Senior Big Data Engineer - Chicago - Lever
https://jobs.lever.co/kogentix/a416f89a-8ed4-4011-9924-8953c02befed/apply
Schaumburg, IL
____________________________________________________________
*********************************************
Kogentix - Big Data Engineer - US - Lever
https://jobs.lever.co/kogentix/bdebbf67-628a-457e-a9ba-e3570e0e6469/apply
Anywhere - US
____________________________________________________________
*********************************************
Kogentix
https://jobs.lever.co/kogentix

## slept ##
Error INVALID_REQUEST
Query: https://maps.google.com/maps/api/geocode/json?address=&sensor=false&bounds=&region=&language=&components=
Filter by:
*********************************************
Kogentix - Lever
https://jobs.lever.co/kogentix?location=Schaumburg%2C%20IL

## slept ##
Error INVALID_REQUEST
Query: https://maps.google.com/maps/api/geocode/json?address=&sensor=false&bounds=&region=&language=&components=
Filter by:
*********************************************
Kogentix - Lever
https://jobs.lever.co/kogentix?location=Anywhere%20-%20US

## slept ##
Error INVALID_REQUEST
Query: https://maps.google.com/maps/api/geocode/json?address=&sensor=false&bounds=&region=&language=&components=
Filter by:
*********************************************
2
*********************************************
0
*********************************************
kreait - Senior Project Manager
https://jobs.lever.co/kreait/af554ddd-4b3d-480d-9c22-59c6255ba355
Berlin/Bonn
*********************************************
1
*********************************************
Krypton - Software Engineer
https://jobs.lever.co/kryptoncloud/fea7222d-958f-42c0-bb7e-c12f236c3015
San Francisco
equity
*********************************************
Krypton - Software Engineer
https://jobs.lever.co/kryptoncloud/fea7222d-958f-42c0-bb7e-c12f236c3015/apply
San Francisco
____________________________________________________________
*********************************************
Krypton - Software Engineer - Machine Learning
https://jobs.lever.co/kryptoncloud/57a1c0eb-4d5f-4d42-87d7-e35d11532f97/apply
San Francisco
____________________________________________________________
*********************************************
Krypton - Software Engineer - Front End
https://jobs.lever.co/kryptoncloud/ba138570-4e84-4293-8555-b9ef26c7c12e/apply
San Francisco
____________________________________________________________
*********************************************
HTTP Error 404: Not Found
Krypton
https://jobs.lever.co/kryptoncloud

## slept ##
Error INVALID_REQUEST
Query: https://maps.google.com/maps/api/geocode/json?address=&sensor=false&bounds=&region=&language=&components=
Filter by:
*********************************************
Krypton - Lever
https://jobs.lever.co/kryptoncloud?team=Engineering

## slept ##
Error INVALID_REQUEST
Query: https://maps.google.com/maps/api/geocode/json?address=&sensor=false&bounds=&region=&language=&components=
Filter by:
*********************************************
Krypton - Lever
https://jobs.lever.co/kryptoncloud?by=location

## slept ##
Error INVALID_REQUEST
Query: https://maps.google.com/maps/api/geocode/json?address=&sensor=false&bounds=&region=&language=&components=
Filter by:
*********************************************
0
*********************************************
Kurtosys - DevOps Engineer
https://jobs.lever.co/kurtosys/67b8399e-4563-43a7-81cf-e88680255fb3
Cape Town, Claremont, South Africa
marketing
*********************************************
Kurtosys - Operations Engineer (Microsoft)
https://jobs.lever.co/kurtosys/f6dc300a-93ca-48df-9ae3-a8e0374135a0
Cape Town, Claremont, South Africa
technical support
marketing
*********************************************
Kurtosys - QA Automation Engineer
https://jobs.lever.co/kurtosys/18ca84a5-baa5-4d81-b676-3c1e3b512039
Cape Town, Claremont, South Africa
marketing
*********************************************
Kurtosys - Senior Java Engineer
https://jobs.lever.co/kurtosys/e1756108-ba4a-416b-8b59-61238e1646be
Cape Town, Claremont, South Africa
marketing
*********************************************
Kurtosys - Full Stack Software Engineer (WordPress)
https://jobs.lever.co/kurtosys/fe6bf6b3-9fe9-424f-91ab-8f20490030e9
Cape Town, Claremont, South Africa
marketing
*********************************************
Kurtosys - Web Application Engineer - Secure Portal
https://jobs.lever.co/kurtosys/ba28c3d0-afe0-4d3e-a883-53509e7de50d
Cape Town, Claremont, South Africa
marketing
*********************************************
Kurtosys - QA Automation Engineer
https://jobs.lever.co/kurtosys/18ca84a5-baa5-4d81-b676-3c1e3b512039/apply
Cape Town, Claremont, South Africa
____________________________________________________________
*********************************************
Kurtosys - Web Application Engineer - Secure Portal
https://jobs.lever.co/kurtosys/f460a30e-6c63-4007-bac9-930cfeba1bcd/apply
Raleigh/Durham North Carolina
____________________________________________________________
*********************************************
Kurtosys
https://jobs.lever.co/kurtosys/

## slept ##
Error INVALID_REQUEST
Query: https://maps.google.com/maps/api/geocode/json?address=&sensor=false&bounds=&region=&language=&components=
Filter by:
*********************************************
Kurtosys - Support Developer
https://jobs.lever.co/kurtosys/109b2833-bd87-4ae4-8612-123680b7a843
Cape Town, Claremont, South Africa
marketing
*********************************************
Kurtosys
https://jobs.lever.co/kurtosys/?by=location&commitment=Full-time

## slept ##
Error INVALID_REQUEST
Query: https://maps.google.com/maps/api/geocode/json?address=&sensor=false&bounds=&region=&language=&components=
Filter by:
*********************************************
Kurtosys
https://jobs.lever.co/kurtosys/?team=Engineering

## slept ##
Error INVALID_REQUEST
Query: https://maps.google.com/maps/api/geocode/json?address=&sensor=false&bounds=&region=&language=&components=
Filter by:
*********************************************
Kurtosys
https://jobs.lever.co/kurtosys/?team=Infrastructure

## slept ##
Error INVALID_REQUEST
Query: https://maps.google.com/maps/api/geocode/json?address=&sensor=false&bounds=&region=&language=&components=
Filter by:
*********************************************
Kurtosys - QA Lead
https://jobs.lever.co/kurtosys/64c3c630-bea1-4c9c-96be-487aac9a6040
Cape Town, Claremont, South Africa
marketing
*********************************************
Kurtosys - Technology - Agile Project Manager (Lead)
https://jobs.lever.co/kurtosys/31748aa7-5c9a-4907-9ae3-a703200bda2f
Cape Town, Claremont, South Africa
marketing
*********************************************
Kurtosys - Junior Product Manager
https://jobs.lever.co/kurtosys/b1e8fa26-18fc-416b-831d-dfd2d3a5a42c
Cape Town, Claremont, South Africa
marketing
*********************************************
Kurtosys - JavaScript Developer
https://jobs.lever.co/kurtosys/f1ebb1f1-9d14-491e-a266-98e69a87efaa
Cape Town, Claremont, South Africa
marketing
*********************************************
Kurtosys - Product Marketing Manager
https://jobs.lever.co/kurtosys/c79bf669-5a04-4b9f-bede-97369f08c206
Cape Town, Claremont, South Africa
marketing
*********************************************
Kurtosys - Customer Success Manager
https://jobs.lever.co/kurtosys/2e8d7eac-6e01-4d2c-af38-5e3441b44117
Raleigh/Durham North Carolina
marketing
*********************************************
Kurtosys - C# Developer
https://jobs.lever.co/kurtosys/cacae7e7-f303-4af4-ab11-c6dfea2c3498
Cape Town, Claremont, South Africa
marketing
*********************************************
Kurtosys - IT Recruitment Specialist
https://jobs.lever.co/kurtosys/42dea65b-dc04-4790-8e9d-d565e6a860f0
Cape Town, Claremont, South Africa
marketing
*********************************************
Kurtosys - Production Analyst
https://jobs.lever.co/kurtosys/16f19d06-c6f2-4a17-9a44-60b583172b0b
Cape Town, Claremont, South Africa
marketing
*********************************************
Kurtosys
https://jobs.lever.co/kurtosys/?location=Raleigh%2FDurham%20North%20Carolina

## slept ##
Error INVALID_REQUEST
Query: https://maps.google.com/maps/api/geocode/json?address=&sensor=false&bounds=&region=&language=&components=
Filter by:
*********************************************
0
*********************************************
0
*********************************************
0
*********************************************
Lanetix - Software Engineer (SF)
https://jobs.lever.co/lanetix.com/f0d96226-ba7c-49e2-98f5-9822f10bd12b
San Francisco
*********************************************
HTTP Error 404: Not Found
Lanetix - Software Engineer (SF) - Lever
https://jobs.lever.co/lanetix.com/f0d96226-ba7c-49e2-98f5-9822f10bd12b/apply
San Francisco
____________________________________________________________
*********************************************
Lanetix
https://jobs.lever.co/lanetix.com

## slept ##
Error INVALID_REQUEST
Query: https://maps.google.com/maps/api/geocode/json?address=&sensor=false&bounds=&region=&language=&components=
Filter by:
*********************************************
HTTP Error 404: Not Found
Lanetix - EMEA - Solution Consultant (pre-sales)
https://jobs.lever.co/lanetix.com/f066647a-8d89-481e-8e52-785735ca0819
Remote
commission
*********************************************
Lanetix - US - Implementation Consultant
https://jobs.lever.co/lanetix.com/424066ab-0698-421f-bfe1-f06593510222
San Francisco
in person
weekly
*********************************************
Lanetix - EMEA - Customer Engagement Manager (Account ...
https://jobs.lever.co/lanetix.com/61bc50b6-d7a7-4786-8078-7669fca43bd1
Den Haag
customer service
in person
*********************************************
1
*********************************************
Lastline - Entry Level Software Engineer
https://jobs.lever.co/lastline/8f9f7c7f-613f-48e4-91b9-dc4ced70672c
Santa Barbara, Berkeley, Redwood City, Tampa, London, Boston
## slept ##
Error ZERO_RESULTS
Query: https://maps.google.com/maps/api/geocode/json?address=Santa+Barbara%2C+Berkeley%2C+Redwood+City%2C+Tampa%2C+London%2C+Boston&sensor=false&bounds=&region=&language=&components=
*********************************************
HTTP Error 404: Not Found
HTTP Error 404: Not Found
Lastline - IT Security Engineer
https://jobs.lever.co/lastline/749ee14e-65a6-46b4-9b80-c653c5a95579
Santa Barbara, Berkeley, Redwood City
## slept ##
Error ZERO_RESULTS
Query: https://maps.google.com/maps/api/geocode/json?address=Santa+Barbara%2C+Berkeley%2C+Redwood+City&sensor=false&bounds=&region=&language=&components=
*********************************************
HTTP Error 404: Not Found
Lastline - Network Security Engineer
https://jobs.lever.co/lastline/49565d49-e0b8-4365-9b3b-a5e4b77eebf2
London, Boston
*********************************************
HTTP Error 404: Not Found
Lastline - Business Development Engineer / Technical Alliance ...
https://jobs.lever.co/lastline/990229da-16ad-4ed8-b430-1c4c799b6575
Japan
partner 
*********************************************
Lastline - Software Engineer - C++ / Sandbox Development Team
https://jobs.lever.co/lastline/c1ab9eb8-df8a-4d0f-9b4c-2b0aa7a6729a
Boston
*********************************************
Lastline - Senior Malware Reverse Engineer - Anti-Malware Group
https://jobs.lever.co/lastline/f9ef17f6-7910-4b9f-b24e-1cb12a1a4f32
Santa Barbara, Berkeley, Boston, London
## slept ##
Error ZERO_RESULTS
Query: https://maps.google.com/maps/api/geocode/json?address=Santa+Barbara%2C+Berkeley%2C+Boston%2C+London&sensor=false&bounds=&region=&language=&components=
*********************************************
Lastline - Senior Software Engineer / Back End Systems Architect
https://jobs.lever.co/lastline/f0443a6c-3376-492d-8748-511a90ac9f76
Santa Barbara, Berkeley, Redwood City, Tampa, London, Boston
## slept ##
Error ZERO_RESULTS
Query: https://maps.google.com/maps/api/geocode/json?address=Santa+Barbara%2C+Berkeley%2C+Redwood+City%2C+Tampa%2C+London%2C+Boston&sensor=false&bounds=&region=&language=&components=
*********************************************
Lastline
https://jobs.lever.co/lastline

## slept ##
Error INVALID_REQUEST
Query: https://maps.google.com/maps/api/geocode/json?address=&sensor=false&bounds=&region=&language=&components=
Filter by:
*********************************************
HTTP Error 404: Not Found
Lastline - DevOps / QA Automation Engineer
https://jobs.lever.co/lastline/640efc16-533c-45ce-85d8-7c8afe9663f6
Santa Barbara, SF Bay area, Tampa, Boston
## slept ##
Error ZERO_RESULTS
Query: https://maps.google.com/maps/api/geocode/json?address=Santa+Barbara%2C+SF+Bay+area%2C+Tampa%2C+Boston&sensor=false&bounds=&region=&language=&components=
*********************************************
Lastline - Entry Level Software Engineer
https://jobs.lever.co/lastline/8f9f7c7f-613f-48e4-91b9-dc4ced70672c/apply
Santa Barbara, Berkeley, Redwood City, Tampa, London, Boston
## slept ##
Error ZERO_RESULTS
Query: https://maps.google.com/maps/api/geocode/json?address=Santa+Barbara%2C+Berkeley%2C+Redwood+City%2C+Tampa%2C+London%2C+Boston&sensor=false&bounds=&region=&language=&components=
____________________________________________________________
*********************************************
Lastline - IT Security Engineer
https://jobs.lever.co/lastline/749ee14e-65a6-46b4-9b80-c653c5a95579/apply
Santa Barbara, Berkeley, Redwood City
## slept ##
Error ZERO_RESULTS
Query: https://maps.google.com/maps/api/geocode/json?address=Santa+Barbara%2C+Berkeley%2C+Redwood+City&sensor=false&bounds=&region=&language=&components=
____________________________________________________________
*********************************************
HTTP Error 404: Not Found
HTTP Error 404: Not Found
HTTP Error 404: Not Found
HTTP Error 404: Not Found
Software Engineer - C++ / Sandbox Development Team
https://jobs.lever.co/lastline?team=Engineering

## slept ##
Error INVALID_REQUEST
Query: https://maps.google.com/maps/api/geocode/json?address=&sensor=false&bounds=&region=&language=&components=
Filter by:
*********************************************
Lastline - Technical Program Manager
https://jobs.lever.co/lastline/499df6e7-81a3-45a0-8b69-24e1f1c6bcde
Santa Barbara, Berkeley, Redwood City, Boston, London
## slept ##
Error ZERO_RESULTS
Query: https://maps.google.com/maps/api/geocode/json?address=Santa+Barbara%2C+Berkeley%2C+Redwood+City%2C+Boston%2C+London&sensor=false&bounds=&region=&language=&components=
marketing
*********************************************
Lastline - Technical Product Marketing Manager
https://jobs.lever.co/lastline/3df7f0c3-06b8-426f-82df-bffaf3bc5d85
SF Bay area
marketing
*********************************************
Lastline - Head of Threat Analytics
https://jobs.lever.co/lastline/eb5aed7c-c821-488a-b6f8-25db14b23ae9
Santa Barbara, Berkeley, Redwood City, Boston, London
## slept ##
Error ZERO_RESULTS
Query: https://maps.google.com/maps/api/geocode/json?address=Santa+Barbara%2C+Berkeley%2C+Redwood+City%2C+Boston%2C+London&sensor=false&bounds=&region=&language=&components=
weekly
*********************************************
Lastline - Sr. Business Development Manager
https://jobs.lever.co/lastline/8785367a-e679-4ddf-8afb-496683c00860
US, SF Bay area
marketing
partner 
*********************************************
HTTP Error 404: Not Found
Lastline
https://jobs.lever.co/lastline?by=commitment&team=Operations

## slept ##
Error INVALID_REQUEST
Query: https://maps.google.com/maps/api/geocode/json?address=&sensor=false&bounds=&region=&language=&components=
Filter by:
*********************************************
Lastline
https://jobs.lever.co/lastline?by=commitment&team=Business%20Development

## slept ##
Error INVALID_REQUEST
Query: https://maps.google.com/maps/api/geocode/json?address=&sensor=false&bounds=&region=&language=&components=
Filter by:
*********************************************
Lastline - Partner Marketing Manager
https://jobs.lever.co/lastline/9608efb6-7273-48a8-82bf-ba123f72c881
SF Bay area
marketing
partner 
*********************************************
Lastline - Senior Product Manager
https://jobs.lever.co/lastline/a9854a39-b269-425e-a10e-890d29f14b3e
SF Bay area, Remote
*********************************************
HTTP Error 404: Not Found
Lastline
https://jobs.lever.co/lastline?by=commitment&team=Operations

## slept ##
Error INVALID_REQUEST
Query: https://maps.google.com/maps/api/geocode/json?address=&sensor=false&bounds=&region=&language=&components=
Filter by:
*********************************************
Lastline
https://jobs.lever.co/lastline?by=commitment&team=Business%20Development

## slept ##
Error INVALID_REQUEST
Query: https://maps.google.com/maps/api/geocode/json?address=&sensor=false&bounds=&region=&language=&components=
Filter by:
*********************************************
Lastline - Partner Marketing Manager
https://jobs.lever.co/lastline/9608efb6-7273-48a8-82bf-ba123f72c881
SF Bay area
marketing
partner 
*********************************************
Lastline - Senior Product Manager
https://jobs.lever.co/lastline/a9854a39-b269-425e-a10e-890d29f14b3e
SF Bay area, Remote
*********************************************
9
*********************************************
Lazerline Solutions - QA Sr. Automation Test Engineer
https://jobs.lever.co/lazerlinesolutions/f0533b7a-947b-40a7-87a8-90b51df5803d
Fort Collins, CO
*********************************************
Lazerline Solutions - Release/Build Engineer
https://jobs.lever.co/lazerlinesolutions/86a4d917-95aa-4746-a525-3aa0d6346ff7
Fort Collins, CO
*********************************************
Lazerline Solutions - System Requirements Engineer
https://jobs.lever.co/lazerlinesolutions/615a1f86-143f-45b2-85b4-6ade58a184a2
Fort Collins, CO
*********************************************
Lazerline Solutions - Software Engineer I (Java)
https://jobs.lever.co/lazerlinesolutions/249eb675-04c4-4142-86ad-7fd82260b3a9
Suffolk, VA
*********************************************
Lazerline Solutions - Sr. Software Testing Specialist
https://jobs.lever.co/lazerlinesolutions/a01796dc-9c34-4e69-adf1-89eed6972e71
Fort Collins, CO
*********************************************
Lazerline Solutions - CX/.NET Software Developer, Intermediate
https://jobs.lever.co/lazerlinesolutions/5cb76721-b10a-4d19-9f38-7be7a9ddc70f
Sterling, VA
*********************************************
Lazerline Solutions - Sr. C#/.NET Software Developer
https://jobs.lever.co/lazerlinesolutions/56d76fc9-9fc4-4dd1-a352-e554445ccaaa
Sterling, VA
*********************************************
Lazerline Solutions - Rational Support Specialist/Jazz Expert
https://jobs.lever.co/lazerlinesolutions/ef163493-4eef-434e-8ce3-47072cbc4fcf
Fort Collins, CO
administrative
*********************************************
Lazerline Solutions - Application Developer Master
https://jobs.lever.co/lazerlinesolutions/c3a10185-536b-4837-bc2a-e8c0b59d3315
Fort Collins, CO
*********************************************
Lazerline Solutions - SIGINT SME
https://jobs.lever.co/lazerlinesolutions/841fd333-b0f4-46f8-93cb-e37aa46ac904
Fort Meade, MD
*********************************************
Lazerline Solutions - Pega Senior Systems Architect
https://jobs.lever.co/lazerlinesolutions/8b2b1e92-3ff6-4a5e-86e3-ada2343dce1b
Fort Collins, CO
*********************************************
10
*********************************************
LeadGenius - Engineering Manager
https://jobs.lever.co/leadgenius/0a7ac116-1508-453f-b1fa-74627eac5b36
Berkeley, CA
secretary
marketing
*********************************************
LeadGenius - Engineering Manager
https://jobs.lever.co/leadgenius/0a7ac116-1508-453f-b1fa-74627eac5b36/apply
Berkeley, CA
____________________________________________________________
*********************************************
LeadGenius
https://jobs.lever.co/leadgenius?by=commitment

## slept ##
Error INVALID_REQUEST
Query: https://maps.google.com/maps/api/geocode/json?address=&sensor=false&bounds=&region=&language=&components=
Filter by:
*********************************************
LeadGenius - Big Data Architect
https://jobs.lever.co/leadgenius/644633e5-01a9-4703-a1c1-37926f708a92
Berkeley, CA
secretary
*********************************************
LeadGenius
https://jobs.lever.co/leadgenius

## slept ##
Error INVALID_REQUEST
Query: https://maps.google.com/maps/api/geocode/json?address=&sensor=false&bounds=&region=&language=&components=
Filter by:
*********************************************
LeadGenius
https://jobs.lever.co/leadgenius?team=Engineering

## slept ##
Error INVALID_REQUEST
Query: https://maps.google.com/maps/api/geocode/json?address=&sensor=false&bounds=&region=&language=&components=
Filter by:
*********************************************
LeadGenius - Lever
https://jobs.lever.co/leadgenius?by=location

## slept ##
Error INVALID_REQUEST
Query: https://maps.google.com/maps/api/geocode/json?address=&sensor=false&bounds=&region=&language=&components=
Filter by:
*********************************************
LeadGenius - Lever
https://jobs.lever.co/leadgenius?commitment=Full-Time

## slept ##
Error INVALID_REQUEST
Query: https://maps.google.com/maps/api/geocode/json?address=&sensor=false&bounds=&region=&language=&components=
Filter by:
*********************************************
LeadGenius - Big Data Architect
https://jobs.lever.co/leadgenius/644633e5-01a9-4703-a1c1-37926f708a92/apply
Berkeley, CA
____________________________________________________________
*********************************************
LeadGenius - Product Manager - Data Products
https://jobs.lever.co/leadgenius/fabef932-e17e-4b2e-b947-54daa0939620
Berkeley, CA
marketing
*********************************************
0
*********************************************
Product / Engineering
https://jobs.lever.co/leanin.org?team=Product%20%2F%20Engineering

## slept ##
Error INVALID_REQUEST
Query: https://maps.google.com/maps/api/geocode/json?address=&sensor=false&bounds=&region=&language=&components=
Filter by:
*********************************************
0
*********************************************
Learn Capital - Head of Growth Marketing
https://jobs.lever.co/learncapital/098dfc67-ad58-4c34-a5af-8bd63bc03ba7
San Francisco Bay Area
marketing
*********************************************
0
*********************************************
