HTTP Error 404: Not Found
HTTP Error 404: Not Found
HTTP Error 404: Not Found
HTTP Error 404: Not Found
HTTP Error 404: Not Found
HTTP Error 404: Not Found
HTTP Error 404: Not Found
HTTP Error 404: Not Found
HTTP Error 404: Not Found
0
*********************************************
Crunchbase - Frontend Engineer
https://jobs.lever.co/crunchbase/1c67c4ac-2412-4c1b-a5c1-0d8778d5e832
San Francisco, CA
equity
*********************************************
Crunchbase - Data Engineer
https://jobs.lever.co/crunchbase/28b49b30-fdb7-4203-9d79-c3a60cbcff29/apply
San Francisco, CA
survey
____________________________________________________________
*********************************************
Crunchbase - Growth Product Manager
https://jobs.lever.co/crunchbase/33de5d70-2bd7-448f-8b77-8f4ddd38d671
San Francisco, CA
marketing
equity
*********************************************
Crunchbase - Account Executive
https://jobs.lever.co/crunchbase/3ee49a18-709f-4d50-88c8-cd1e5c463d9d
San Francisco, CA
equity
*********************************************
Crunchbase - Sales Development Representative
https://jobs.lever.co/crunchbase/080f2a43-7a67-4fd0-a92f-56bded74fbfd
San Francisco, CA
equity
*********************************************
Crunchbase - Head of Product
https://jobs.lever.co/crunchbase/171ab8c2-86c5-4890-a7af-2681c573a946
San Francisco, CA
partner 
equity
*********************************************
0
*********************************************
CTR - DevOps Engineer
https://jobs.lever.co/ctr/f48bb48b-20a1-431f-a83f-0e62c746cfb5
Victoria, BC
*********************************************
CTR - DevOps Engineer - Lever
https://jobs.lever.co/ctr/f48bb48b-20a1-431f-a83f-0e62c746cfb5/apply
Victoria, BC
____________________________________________________________
*********************************************
CTR - Golang Developer
https://jobs.lever.co/ctr/c817070a-b511-42e2-997f-b2a2c2c682a9
Victoria, BC
*********************************************
CTR
https://jobs.lever.co/ctr?team=Clixxa

## slept ##
Error INVALID_REQUEST
Query: https://maps.google.com/maps/api/geocode/json?address=&sensor=false&bounds=&region=&language=&components=
Filter by:
*********************************************
CTR
https://jobs.lever.co/ctr?by=location

## slept ##
Error INVALID_REQUEST
Query: https://maps.google.com/maps/api/geocode/json?address=&sensor=false&bounds=&region=&language=&components=
Filter by:
*********************************************
CTR - Lever
https://jobs.lever.co/ctr?by=commitment

## slept ##
Error INVALID_REQUEST
Query: https://maps.google.com/maps/api/geocode/json?address=&sensor=false&bounds=&region=&language=&components=
Filter by:
*********************************************
2
*********************************************
CultureIQ - Product Manager
https://jobs.lever.co/cultureiq/75a57240-5552-49d6-ada6-76a8739dffdb
New York
*********************************************
1
*********************************************
The City University of New York - Software Engineer Intern - Mobile
https://jobs.lever.co/cunyinternships/9945c559-3854-4d4f-b207-1c7e90494209
New York, NY
local
*********************************************
The City University of New York - Software / Systems Engineer Intern ...
https://jobs.lever.co/cunyinternships/03d170df-3e32-426d-bfa4-aed02fc7ff77
New York, NY
local
*********************************************
The City University of New York - Software Engineer Intern ...
https://jobs.lever.co/cunyinternships/c15e329d-3c2c-4db8-ae1d-5ad82d641eaf
New York, NY
local
*********************************************
CUNY Internships
https://jobs.lever.co/cunyinternships

## slept ##
Error INVALID_REQUEST
Query: https://maps.google.com/maps/api/geocode/json?address=&sensor=false&bounds=&region=&language=&components=
Filter by:
*********************************************
The City University of New York - Software Engineer Intern ...
https://jobs.lever.co/cunyinternships/83b8bcbe-730d-47c6-a210-61c3f9206503
New York, NY
marketing
local
*********************************************
The City University of New York - Software Engineer, Real Time ...
https://jobs.lever.co/cunyinternships/8b31420e-1528-4227-b705-2457ec01c19e
New York, NY
*********************************************
The City University of New York - Software Engineer Intern - Frontend
https://jobs.lever.co/cunyinternships/6e97d526-1f60-4006-9397-e9cece9149ef
New York, NY
local
*********************************************
HTTP Error 404: Not Found
The City University of New York - Software Engineer Intern ...
https://jobs.lever.co/cunyinternships/c15e329d-3c2c-4db8-ae1d-5ad82d641eaf/apply
New York, NY
____________________________________________________________
*********************************************
Verizon - Wireline Network Engineering Intern
https://jobs.lever.co/cunyinternships/adae1124-a5ad-41d1-84e6-e8bf62f6345f
New York, NY
*********************************************
The City University of New York - Engineering Summer Intern
https://jobs.lever.co/cunyinternships/8a630795-77fd-42be-b38b-b29c560f085b
New York, NY
weekly
*********************************************
The City University of New York - Vimeo Creator Tools Engineering ...
https://jobs.lever.co/cunyinternships/12767203-1e98-450a-a6d8-6c53aef4320b
New York, NY
*********************************************
The City University of New York - Vimeo Upload Engineering ...
https://jobs.lever.co/cunyinternships/69d03886-08bd-4319-9252-d9833bb148f5
New York, NY
*********************************************
The City University of New York - Foursquare Engineering Intern ...
https://jobs.lever.co/cunyinternships/ee700038-86e1-4547-bb9a-3a5a5d3dc00e
New York, NY
*********************************************
Verizon - Wireline Network Engineering Intern
https://jobs.lever.co/cunyinternships/adae1124-a5ad-41d1-84e6-e8bf62f6345f/apply
New York, NY
____________________________________________________________
*********************************************
The City University of New York - Foursquare Engineering Intern ...
https://jobs.lever.co/cunyinternships/ee700038-86e1-4547-bb9a-3a5a5d3dc00e/apply
New York, NY
____________________________________________________________
*********************************************
The City University of New York - New York Times Summer ...
https://jobs.lever.co/cunyinternships/d82c4750-1a47-4c2b-93b3-eeca7d506489/apply
New York, NY
____________________________________________________________
*********************************************
The City University of New York - New York Times Summer ...
https://jobs.lever.co/cunyinternships/e8db5313-3d0d-44a4-9ac2-16dbd7591be8/apply
New York, NY
____________________________________________________________
*********************************************
The City University of New York - Oath (formerly AOL/Yahoo ...
https://jobs.lever.co/cunyinternships/5a480bd1-856d-4f63-b6f8-1ad27078592d
New York, NY
*********************************************
HTTP Error 404: Not Found
The City University of New York - Associate Product Support ...
https://jobs.lever.co/cunyinternships/2a157f0b-fafc-4f95-b6d2-5ea2f0237d0a
New York, NY
customer service
*********************************************
HTTP Error 404: Not Found
The City University of New York - Citi - EOT 2018 Summer Analyst
https://jobs.lever.co/cunyinternships/f88286e2-9bb7-4680-9b2a-1461cf9ee2b7
New York, NY
weekly
*********************************************
HTTP Error 404: Not Found
The City University of New York
https://jobs.lever.co/cunyinternships?by=location

## slept ##
Error INVALID_REQUEST
Query: https://maps.google.com/maps/api/geocode/json?address=&sensor=false&bounds=&region=&language=&components=
Filter by:
*********************************************
HTTP Error 404: Not Found
The City University of New York - Citi - ICG 2018 Full Time Analyst
https://jobs.lever.co/cunyinternships/d692ff4a-8003-499f-af4f-4fcfe3d635cb
New York, NY
*********************************************
HTTP Error 404: Not Found
7
*********************************************
0
*********************************************
0
*********************************************
Cytora - Data Engineer
https://jobs.lever.co/cytora/76633102-3878-4910-8266-d95c4eb5c578
London
weekly
*********************************************
Cytora - Data Engineer
https://jobs.lever.co/cytora/95803511-f168-4a5f-836d-8889e802cb81/apply
Ljubljana
____________________________________________________________
*********************************************
Cytora - Junior Data Engineer
https://jobs.lever.co/cytora/c85a63ec-adab-4b63-914a-d03204df3d00/apply
London
____________________________________________________________
*********************************************
Cytora
https://jobs.lever.co/cytora

## slept ##
Error INVALID_REQUEST
Query: https://maps.google.com/maps/api/geocode/json?address=&sensor=false&bounds=&region=&language=&components=
Filter by:
*********************************************
Cytora - Data Analyst Internship
https://jobs.lever.co/cytora/284ea971-6530-41d1-82af-9d3cf6bd7ecf
London
*********************************************
Cytora - Insurance Lead
https://jobs.lever.co/cytora/bd2c36da-8f54-4ec9-9401-f99e46595788
London
marketing
co-founder
weekly
*********************************************
Cytora - Data Scientist
https://jobs.lever.co/cytora/e2a6533a-79ef-400c-aae9-5ca76e1780de
London
marketing
in person
weekly
*********************************************
1
*********************************************
0
*********************************************
DAQRI - Senior Hardware Engineer
https://jobs.lever.co/daqri.com/45f69852-a498-40cc-adfe-2e213f784966
Pasadena, CA
*********************************************
DAQRI - Electrical Engineer
https://jobs.lever.co/daqri.com/7364133f-879f-489b-9006-36a3f391c699
Pasadena, CA
*********************************************
DAQRI - Senior Electronics Engineer
https://jobs.lever.co/daqri.com/9c0e7553-1d1c-4d56-892c-bc4855ed6189
Milton Keynes, UK
technical support
*********************************************
DAQRI - System Integration and Test Engineer
https://jobs.lever.co/daqri.com/8f6ff76a-027b-44fb-915c-4e57e5e5c816
Dublin, Ireland
*********************************************
DAQRI - Windows Software Engineer
https://jobs.lever.co/daqri.com/428a6377-79c5-4f59-8d7b-00da91ec92d9
Los Angeles, CA
*********************************************
DAQRI - Software Engineer
https://jobs.lever.co/daqri.com/6787cfd6-1d06-406c-8eca-28336600c6a0
Dublin, Ireland
*********************************************
DAQRI - FPGA Design Engineer
https://jobs.lever.co/daqri.com/26e5e4c6-efd0-4d8f-833e-c15abeeee6e5
Pasadena, CA
*********************************************
DAQRI - Authentication Engineer
https://jobs.lever.co/daqri.com/2021397f-517c-445a-92b3-6aea1d7b30f8
Los Angeles, CA
*********************************************
HTTP Error 404: Not Found
DAQRI - Freeform Optical Design Engineer
https://jobs.lever.co/daqri.com/0ac190d8-c3e4-4deb-9050-dbf14c641883
Milton Keynes, UK
*********************************************
DAQRI - Senior Release and Integration Engineer
https://jobs.lever.co/daqri.com/60b6b2bd-fd3e-4873-9073-214620456d56
Vienna, Austria
motivated individuals
*********************************************
DAQRI - Computer Vision Engineer for Automotive Systems
https://jobs.lever.co/daqri.com/4c35ab4a-2f01-44f6-897e-ac24c6b01921
Vienna, Austria
motivated individuals
local
*********************************************
HTTP Error 404: Not Found
DAQRI - Senior Sensor Fusion Engineer for Automotive Systems
https://jobs.lever.co/daqri.com/a5b39e25-f80d-47f6-a7be-efcbe960ea9f
Vienna, Austria
motivated individuals
local
*********************************************
HTTP Error 404: Not Found
DAQRI - Automotive Engineering Manager
https://jobs.lever.co/daqri.com/b4549f53-c635-46ff-bf67-113d9e3fba1c
Milton Keynes, UK
technical support
*********************************************
DAQRI
https://jobs.lever.co/daqri.com/

## slept ##
Error INVALID_REQUEST
Query: https://maps.google.com/maps/api/geocode/json?address=&sensor=false&bounds=&region=&language=&components=
Filter by:
*********************************************
DAQRI
https://jobs.lever.co/daqri.com?team=Product%20Engineering

## slept ##
Error INVALID_REQUEST
Query: https://maps.google.com/maps/api/geocode/json?address=&sensor=false&bounds=&region=&language=&components=
Filter by:
*********************************************
DAQRI
https://jobs.lever.co/daqri.com?by=team&commitment=Full-time

## slept ##
Error INVALID_REQUEST
Query: https://maps.google.com/maps/api/geocode/json?address=&sensor=false&bounds=&region=&language=&components=
Filter by:
*********************************************
DAQRI
https://jobs.lever.co/daqri.com?location=Los%20Angeles%2C%20CA

## slept ##
Error INVALID_REQUEST
Query: https://maps.google.com/maps/api/geocode/json?address=&sensor=false&bounds=&region=&language=&components=
Filter by:
*********************************************
DAQRI
https://jobs.lever.co/daqri.com/?by=location&location=Vienna%2C%20Austria

## slept ##
Error INVALID_REQUEST
Query: https://maps.google.com/maps/api/geocode/json?address=&sensor=false&bounds=&region=&language=&components=
Filter by:
*********************************************
DAQRI - 2018 Summer Internships
https://jobs.lever.co/daqri.com/df9bf2d1-f5ef-4be1-94ba-0351c3cf856c
Los Angeles, CA
*********************************************
DAQRI
https://jobs.lever.co/daqri.com/?by=commitment&location=Vienna%2C%20Austria

## slept ##
Error INVALID_REQUEST
Query: https://maps.google.com/maps/api/geocode/json?address=&sensor=false&bounds=&region=&language=&components=
Filter by:
*********************************************
DAQRI
https://jobs.lever.co/daqri.com/?by=commitment&location=Los%20Angeles%2C%20CA

## slept ##
Error INVALID_REQUEST
Query: https://maps.google.com/maps/api/geocode/json?address=&sensor=false&bounds=&region=&language=&components=
Filter by:
*********************************************
DAQRI - Architect, Cloud Applications
https://jobs.lever.co/daqri.com/828cc848-bcf6-49ba-98fd-d6c529e64381
Los Angeles, CA
*********************************************
DAQRI
https://jobs.lever.co/daqri.com/?location=Dublin%2C%20Ireland

## slept ##
Error INVALID_REQUEST
Query: https://maps.google.com/maps/api/geocode/json?address=&sensor=false&bounds=&region=&language=&components=
Filter by:
*********************************************
DAQRI - Senior Product Manager
https://jobs.lever.co/daqri.com/5fa0d519-b4af-44ea-bd59-39f31e49ca68
Los Angeles, CA
marketing
partner 
*********************************************
DAQRI
https://jobs.lever.co/daqri.com/?by=commitment&location=Dublin%2C%20Ireland

## slept ##
Error INVALID_REQUEST
Query: https://maps.google.com/maps/api/geocode/json?address=&sensor=false&bounds=&region=&language=&components=
Filter by:
*********************************************
DAQRI
https://jobs.lever.co/daqri.com/?by=location&location=Milton%20Keynes%2C%20UK

## slept ##
Error INVALID_REQUEST
Query: https://maps.google.com/maps/api/geocode/json?address=&sensor=false&bounds=&region=&language=&components=
Filter by:
*********************************************
DAQRI - Security Architect
https://jobs.lever.co/daqri.com/a410a828-2301-44a8-9394-cb0ee197c17e
Los Angeles, CA
*********************************************
DAQRI - UI Designer
https://jobs.lever.co/daqri.com/ad523e1d-d9f4-4727-8eeb-c85aee6b2200
Los Angeles, CA
*********************************************
DAQRI
https://jobs.lever.co/daqri.com/?team=Engineering%2C%20VSG

## slept ##
Error INVALID_REQUEST
Query: https://maps.google.com/maps/api/geocode/json?address=&sensor=false&bounds=&region=&language=&components=
Filter by:
*********************************************
DAQRI - Unity Developer for Fixed-Term Contract (3 months)
https://jobs.lever.co/daqri.com/24df402b-0309-4aec-ade7-4d1ad9aac2be
Los Angeles, CA
*********************************************
DAQRI - Enterprise Sales Solutions Specialist (NA Central)
https://jobs.lever.co/daqri.com/1579bb8f-c851-4153-9953-44deb9f08013
North Central, US
partner 
*********************************************
DAQRI - Enterprise Sales Solutions Specialist (NA West)
https://jobs.lever.co/daqri.com/16e5ee1c-79d6-41c7-8166-10b512abd110
Los Angeles, CA
partner 
*********************************************
DAQRI - Technical Sales Specialist - EMEA
https://jobs.lever.co/daqri.com/5a6f6259-153a-47d8-9906-a3ce086cb8e8
Dublin, Ireland
marketing
partner 
*********************************************
DAQRI - Senior SLAM Researcher
https://jobs.lever.co/daqri.com/498f1842-4a0b-403d-bfde-a453fd9fb8f2
Vienna, Austria
motivated individuals
local
*********************************************
DAQRI - Senior Sensor Fusion Researcher
https://jobs.lever.co/daqri.com/14a55e90-e24e-44a1-84b4-720f7ad17e54
Vienna, Austria
motivated individuals
*********************************************
DAQRI - Senior Dense 3D Reconstruction Researcher
https://jobs.lever.co/daqri.com/565fbcec-c694-4d99-a194-8751e04960da
Vienna, Austria
motivated individuals
*********************************************
DAQRI - UI Designer
https://jobs.lever.co/daqri.com/ad523e1d-d9f4-4727-8eeb-c85aee6b2200/apply
Los Angeles, CA
survey
____________________________________________________________
*********************************************
DAQRI - Senior Product Manager
https://jobs.lever.co/daqri.com/5fa0d519-b4af-44ea-bd59-39f31e49ca68/apply
Los Angeles, CA
survey
____________________________________________________________
*********************************************
HTTP Error 404: Not Found
DAQRI - Architect, Cloud Applications
https://jobs.lever.co/daqri.com/828cc848-bcf6-49ba-98fd-d6c529e64381/apply
Los Angeles, CA
survey
____________________________________________________________
*********************************************
DAQRI - Unity Developer for Fixed-Term Contract (6 weeks)
https://jobs.lever.co/daqri.com/24df402b-0309-4aec-ade7-4d1ad9aac2be/apply
Los Angeles, CA
survey
____________________________________________________________
*********************************************
DAQRI - Security Architect
https://jobs.lever.co/daqri.com/a410a828-2301-44a8-9394-cb0ee197c17e/apply
Los Angeles, CA
survey
____________________________________________________________
*********************************************
DAQRI
https://jobs.lever.co/daqri.com/?by=commitment&location=Sunnyvale%2C%20CA

## slept ##
Error INVALID_REQUEST
Query: https://maps.google.com/maps/api/geocode/json?address=&sensor=false&bounds=&region=&language=&components=
Filter by:
*********************************************
DAQRI
https://jobs.lever.co/daqri.com/?location=Detroit

## slept ##
Error INVALID_REQUEST
Query: https://maps.google.com/maps/api/geocode/json?address=&sensor=false&bounds=&region=&language=&components=
Filter by:
*********************************************
DAQRI
https://jobs.lever.co/daqri.com?location=Sunnyvale%2C%20CA

## slept ##
Error INVALID_REQUEST
Query: https://maps.google.com/maps/api/geocode/json?address=&sensor=false&bounds=&region=&language=&components=
Filter by:
*********************************************
13
*********************************************
HTTP Error 404: Not Found
Datacom - Senior Network Engineer
https://jobs.lever.co/datacom.co.nz/fea3c9a4-ab63-45eb-9e2f-e2a3bcef3567
Mt Maunganui
local
*********************************************
HTTP Error 404: Not Found
Datacom - iSeries Infrastructure Engineer
https://jobs.lever.co/datacom.co.nz/16721037-2130-48f4-9b64-910618a2ca6b/apply
Christchurch
____________________________________________________________
*********************************************
HTTP Error 404: Not Found
HTTP Error 404: Not Found
Datacom - Wintel/VMware Engineer
https://jobs.lever.co/datacom.co.nz/dbeb2363-c486-4bd8-b150-6708490b722d/apply
Auckland
____________________________________________________________
*********************************************
Datacom
https://jobs.lever.co/datacom.co.nz

## slept ##
Error INVALID_REQUEST
Query: https://maps.google.com/maps/api/geocode/json?address=&sensor=false&bounds=&region=&language=&components=
Filter by:
*********************************************
HTTP Error 404: Not Found
Datacom - Product Sales Support (Licensing)
https://jobs.lever.co/datacom.co.nz/3ac129bf-9fc8-4991-9370-0e0014c56dbc
Auckland
customer service
administrative
*********************************************
Datacom
https://jobs.lever.co/datacom.co.nz?team=Datacom%20South%20Island

## slept ##
Error INVALID_REQUEST
Query: https://maps.google.com/maps/api/geocode/json?address=&sensor=false&bounds=&region=&language=&components=
Filter by:
*********************************************
Datacom
https://jobs.lever.co/datacom.co.nz?team=Datacom%20New%20Plymouth

## slept ##
Error INVALID_REQUEST
Query: https://maps.google.com/maps/api/geocode/json?address=&sensor=false&bounds=&region=&language=&components=
Filter by:
*********************************************
Datacom
https://jobs.lever.co/datacom.co.nz?location=Hamilton

## slept ##
Error INVALID_REQUEST
Query: https://maps.google.com/maps/api/geocode/json?address=&sensor=false&bounds=&region=&language=&components=
Filter by:
*********************************************
HTTP Error 404: Not Found
HTTP Error 404: Not Found
HTTP Error 404: Not Found
Datacom
https://jobs.lever.co/datacom.co.nz?team=Datacom%20Systems%20Auckland

## slept ##
Error INVALID_REQUEST
Query: https://maps.google.com/maps/api/geocode/json?address=&sensor=false&bounds=&region=&language=&components=
Filter by:
*********************************************
0
*********************************************
DataFox - Data Engineer (Full Stack)
https://jobs.lever.co/datafox/8c3ef28e-ca36-447b-8031-0070b6595d12
San Francisco
marketing
equity
*********************************************
DataFox - Full-Stack Developer
https://jobs.lever.co/datafox/f979dea2-5799-4c71-8d9b-e4c5005b7012
U.S
marketing
equity
*********************************************
DataFox
https://jobs.lever.co/datafox?team=Product%20%26%20Engineering

## slept ##
Error INVALID_REQUEST
Query: https://maps.google.com/maps/api/geocode/json?address=&sensor=false&bounds=&region=&language=&components=
Filter by:
*********************************************
DataFox
https://jobs.lever.co/datafox?commitment=Full-time

## slept ##
Error INVALID_REQUEST
Query: https://maps.google.com/maps/api/geocode/json?address=&sensor=false&bounds=&region=&language=&components=
Filter by:
*********************************************
HTTP Error 404: Not Found
DataFox - Lead Recruiter
https://jobs.lever.co/datafox/4db0263c-104f-4d18-9381-a43d33f14a9f
San Francisco
*********************************************
DataFox - Account Executive
https://jobs.lever.co/datafox/c5fa6068-7aee-4d9e-bd23-d7a76d75f67d
San Francisco
marketing
weekly
*********************************************
DataFox - Full-Stack Developer
https://jobs.lever.co/datafox/f979dea2-5799-4c71-8d9b-e4c5005b7012/apply
U.S
____________________________________________________________
*********************************************
DataFox - Sales Development Representative
https://jobs.lever.co/datafox/c92b3389-a9af-439a-80ab-6adb2d1972c7
San Francisco
weekly
*********************************************
DataFox
https://jobs.lever.co/datafox?team=Customer%20Success

## slept ##
Error INVALID_REQUEST
Query: https://maps.google.com/maps/api/geocode/json?address=&sensor=false&bounds=&region=&language=&components=
Filter by:
*********************************************
1
*********************************************
Data Republic - Big Data Engineer
https://jobs.lever.co/datarepublic/92d2550d-eba0-4b1f-bbf3-1bf60f50bb01
Sydney
*********************************************
Data Republic - DevOps Engineer
https://jobs.lever.co/datarepublic/5be4eefe-2024-47fc-92cd-51ff20081f83
Sydney
*********************************************
Data Republic - Big Data Engineer
https://jobs.lever.co/datarepublic/92d2550d-eba0-4b1f-bbf3-1bf60f50bb01/apply
Sydney
____________________________________________________________
*********************************************
Data Republic
https://jobs.lever.co/datarepublic

## slept ##
Error INVALID_REQUEST
Query: https://maps.google.com/maps/api/geocode/json?address=&sensor=false&bounds=&region=&language=&components=
Filter by:
*********************************************
Data Republic - Lever
https://jobs.lever.co/datarepublic?by=location

## slept ##
Error INVALID_REQUEST
Query: https://maps.google.com/maps/api/geocode/json?address=&sensor=false&bounds=&region=&language=&components=
Filter by:
*********************************************
2
*********************************************
Dealer Spike - IT Infrastructure Engineer
https://jobs.lever.co/dealerspike.com/6d3ca38d-2261-4ecb-86f5-f0481002cd2a/apply
Lake Oswego, OR
survey
____________________________________________________________
*********************************************
Dealer Spike - Lever
https://jobs.lever.co/dealerspike.com

## slept ##
Error INVALID_REQUEST
Query: https://maps.google.com/maps/api/geocode/json?address=&sensor=false&bounds=&region=&language=&components=
Filter by:
*********************************************
Dealer Spike
https://jobs.lever.co/dealerspike.com?by=commitment&commitment=Full-time

## slept ##
Error INVALID_REQUEST
Query: https://maps.google.com/maps/api/geocode/json?address=&sensor=false&bounds=&region=&language=&components=
Filter by:
*********************************************
0
*********************************************
Dealpath - Principal Software Engineer, Frontend
https://jobs.lever.co/dealpath/f1461b5f-f790-4ebc-b758-d61881ab7c27
San Francisco
*********************************************
Dealpath - Software Engineer, Frontend
https://jobs.lever.co/dealpath/5a35e08c-7d33-4128-a0c7-b13a1b223777
San Francisco
*********************************************
Dealpath - Software Engineer, Fullstack
https://jobs.lever.co/dealpath/6bd212b4-e70a-4728-b99c-d23cfee9de17
San Francisco
*********************************************
Dealpath - Software Engineer, Fullstack - Lever
https://jobs.lever.co/dealpath/6bd212b4-e70a-4728-b99c-d23cfee9de17/apply
San Francisco
____________________________________________________________
*********************************************
Dealpath - Frontend Engineer - Lever
https://jobs.lever.co/dealpath/5a35e08c-7d33-4128-a0c7-b13a1b223777/apply
San Francisco
____________________________________________________________
*********************************************
HTTP Error 404: Not Found
3
*********************************************
Deep Genomics - Senior Platform Engineer (Cloud, DevOps & Big ...
https://jobs.lever.co/deepgenomics/a410c780-4e14-40eb-b8b1-20e35e306ee4
Toronto, Ontario
*********************************************
Deep Genomics - Senior Platform Engineer (Cloud, DevOps & Big ...
https://jobs.lever.co/deepgenomics/a410c780-4e14-40eb-b8b1-20e35e306ee4/apply
Toronto, Ontario
____________________________________________________________
*********************************************
HTTP Error 404: Not Found
Deep Genomics
https://jobs.lever.co/deepgenomics?team=Engineering

## slept ##
Error INVALID_REQUEST
Query: https://maps.google.com/maps/api/geocode/json?address=&sensor=false&bounds=&region=&language=&components=
Filter by:
*********************************************
Deep Genomics
https://jobs.lever.co/deepgenomics

## slept ##
Error INVALID_REQUEST
Query: https://maps.google.com/maps/api/geocode/json?address=&sensor=false&bounds=&region=&language=&components=
Filter by:
*********************************************
Deep Genomics - Lever
https://jobs.lever.co/deepgenomics?location=Toronto%2C%20Ontario

## slept ##
Error INVALID_REQUEST
Query: https://maps.google.com/maps/api/geocode/json?address=&sensor=false&bounds=&region=&language=&components=
Filter by:
*********************************************
Deep Genomics
https://jobs.lever.co/deepgenomics?by=commitment&team=Engineering

## slept ##
Error INVALID_REQUEST
Query: https://maps.google.com/maps/api/geocode/json?address=&sensor=false&bounds=&region=&language=&components=
Filter by:
*********************************************
Deep Genomics
https://jobs.lever.co/deepgenomics?by=commitment&commitment=Full-time

## slept ##
Error INVALID_REQUEST
Query: https://maps.google.com/maps/api/geocode/json?address=&sensor=false&bounds=&region=&language=&components=
Filter by:
*********************************************
Deep Genomics - Lever
https://jobs.lever.co/deepgenomics?by=commitment

## slept ##
Error INVALID_REQUEST
Query: https://maps.google.com/maps/api/geocode/json?address=&sensor=false&bounds=&region=&language=&components=
Filter by:
*********************************************
Deep Genomics - Machine Learning Researcher
https://jobs.lever.co/deepgenomics/3160c2c8-0414-457a-891d-c41b54c80dfe
Toronto, Ontario
*********************************************
2
*********************************************
0
*********************************************
Degreed - QA Engineer
https://jobs.lever.co/degreed/7304d242-1bb0-476d-ba9c-3891a3d27e7e
Salt Lake City or Remote
*********************************************
Degreed - QA Engineer
https://jobs.lever.co/degreed/7304d242-1bb0-476d-ba9c-3891a3d27e7e/apply
Salt Lake City or Remote
____________________________________________________________
*********************************************
Degreed
https://jobs.lever.co/degreed

## slept ##
Error INVALID_REQUEST
Query: https://maps.google.com/maps/api/geocode/json?address=&sensor=false&bounds=&region=&language=&components=
Filter by:
*********************************************
Degreed - Client Engagement Partner
https://jobs.lever.co/degreed/62061398-6377-41b9-84af-ab1066dd9ef0
Amsterdam
partner 
*********************************************
Degreed - Technical Implementation Consultant
https://jobs.lever.co/degreed/346b9ef4-6a45-441a-9ff1-857225f4c19c
Multiple Locations
customer service
*********************************************
1
*********************************************
Demiurge Studios - Senior Software Engineer
https://jobs.lever.co/demiurgestudios/43a84ac5-0f0b-48d7-8c7c-90f700edceb0?jvs=kununu,jsr,u,u
Cambridge, MA
*********************************************
Demiurge Studios - Senior Software Engineer
https://jobs.lever.co/demiurgestudios/43a84ac5-0f0b-48d7-8c7c-90f700edceb0/apply
Cambridge, MA
____________________________________________________________
*********************************************
Demiurge Studios - Lever
https://jobs.lever.co/demiurgestudios/

## slept ##
Error INVALID_REQUEST
Query: https://maps.google.com/maps/api/geocode/json?address=&sensor=false&bounds=&region=&language=&components=
Filter by:
*********************************************
Demiurge Studios - Lever
https://jobs.lever.co/demiurgestudios/?location=Cambridge%2C%20MA

## slept ##
Error INVALID_REQUEST
Query: https://maps.google.com/maps/api/geocode/json?address=&sensor=false&bounds=&region=&language=&components=
Filter by:
*********************************************
Demiurge Studios
https://jobs.lever.co/demiurgestudios/?commitment=Full-time

## slept ##
Error INVALID_REQUEST
Query: https://maps.google.com/maps/api/geocode/json?address=&sensor=false&bounds=&region=&language=&components=
Filter by:
*********************************************
Demiurge Studios - Lever
https://jobs.lever.co/demiurgestudios/?team=Engineering

## slept ##
Error INVALID_REQUEST
Query: https://maps.google.com/maps/api/geocode/json?address=&sensor=false&bounds=&region=&language=&components=
Filter by:
*********************************************
Demiurge Studios - UI/UX Design Lead (Mobile)
https://jobs.lever.co/demiurgestudios/78ab143a-1b24-476e-80db-b5cac4e41cdf
Cambridge, MA
*********************************************
Demiurge Studios - Principal UI Artist
https://jobs.lever.co/demiurgestudios/bfc933fe-fe89-44f8-98b5-44b0bce2082c
Cambridge, MA
*********************************************
3
*********************************************
Demiurge Technologies AG - Electrical Engineer-Consumer Product
https://jobs.lever.co/demiurgetechnologies/943e060f-55c3-4f78-94bc-1c9e12dfd45f
Worldwide
marketing
*********************************************
Demiurge Technologies AG - Mechanical Engineer - Soft Robots
https://jobs.lever.co/demiurgetechnologies/8be5ac53-de20-494c-9803-49902a513154
Worldwide
*********************************************
Demiurge Technologies AG - Systems Engineer - Mobile Robots
https://jobs.lever.co/demiurgetechnologies/db2ae78b-184d-4b19-ac65-07480a050619
Worldwide
*********************************************
Demiurge Technologies AG - Software Engineer - Mobile Robots
https://jobs.lever.co/demiurgetechnologies/584fd2a7-e89b-4250-baa9-b2f64a8c111b
Worldwide
*********************************************
Demiurge Technologies AG - Software Engineer - Deep Learning
https://jobs.lever.co/demiurgetechnologies/88e5dfec-1a49-406b-b17a-6a3198c55fe5
Worldwide
*********************************************
Demiurge Technologies AG - Software Engineer - Neuron Modelling
https://jobs.lever.co/demiurgetechnologies/e383d38b-808a-4198-8350-61738e7c6d17
Worldwide
*********************************************
Demiurge Technologies AG - Full-Stack Blockchain Engineer
https://jobs.lever.co/demiurgetechnologies/08243d14-cbb3-474e-a5c1-1659923101df/apply
Switzerland
survey
____________________________________________________________
*********************************************
Demiurge Technologies AG
https://jobs.lever.co/demiurgetechnologies

## slept ##
Error INVALID_REQUEST
Query: https://maps.google.com/maps/api/geocode/json?address=&sensor=false&bounds=&region=&language=&components=
Filter by:
*********************************************
Demiurge Technologies AG
https://jobs.lever.co/demiurgetechnologies?by=location

## slept ##
Error INVALID_REQUEST
Query: https://maps.google.com/maps/api/geocode/json?address=&sensor=false&bounds=&region=&language=&components=
Filter by:
*********************************************
Demiurge Technologies AG
https://jobs.lever.co/demiurgetechnologies?by=location&team=Engineering

## slept ##
Error INVALID_REQUEST
Query: https://maps.google.com/maps/api/geocode/json?address=&sensor=false&bounds=&region=&language=&components=
Filter by:
*********************************************
Demiurge Technologies AG - Research Scientist - Quantum Physics
https://jobs.lever.co/demiurgetechnologies/002cf113-4aa4-4d89-84ef-c492ed9a6789
Worldwide
*********************************************
Demiurge Technologies AG - Research Scientist - Neuroscience
https://jobs.lever.co/demiurgetechnologies/c374e3da-b5f8-4a79-9677-2e8f734d0d17
Worldwide
*********************************************
Demiurge Technologies AG
https://jobs.lever.co/demiurgetechnologies?by=location&team=Hardware

## slept ##
Error INVALID_REQUEST
Query: https://maps.google.com/maps/api/geocode/json?address=&sensor=false&bounds=&region=&language=&components=
Filter by:
*********************************************
Demiurge Technologies AG - Analyst
https://jobs.lever.co/demiurgetechnologies/ef26902e-aaa9-42c9-aa9d-c96a8ea109e6
Worldwide
marketing
*********************************************
Demiurge Technologies AG - Senior Secretary-Beijing
https://jobs.lever.co/demiurgetechnologies/a4d21572-79a6-4788-a03d-16a5c7e75686
Worldwide
*********************************************
8
*********************************************
Desktop Genetics - Engineering Intern (Rolling Applications)
https://jobs.lever.co/desktopgenetics/aa95c81b-a3b9-42d5-9d89-1f52d4b7a307
London, UK
*********************************************
Desktop Genetics - Engineering Intern (Rolling Applications)
https://jobs.lever.co/desktopgenetics/aa95c81b-a3b9-42d5-9d89-1f52d4b7a307/apply
London, UK
____________________________________________________________
*********************************************
Desktop Genetics - JavaScript Intern (rolling applications)
https://jobs.lever.co/desktopgenetics/224bd985-9f5c-4cad-bf0f-9661e48918c6
London, UK
*********************************************
HTTP Error 404: Not Found
Desktop Genetics
https://jobs.lever.co/desktopgenetics

## slept ##
Error INVALID_REQUEST
Query: https://maps.google.com/maps/api/geocode/json?address=&sensor=false&bounds=&region=&language=&components=
Filter by:
*********************************************
Desktop Genetics - Lever
https://jobs.lever.co/desktopgenetics?by=location&commitment=Intern

## slept ##
Error INVALID_REQUEST
Query: https://maps.google.com/maps/api/geocode/json?address=&sensor=false&bounds=&region=&language=&components=
Filter by:
*********************************************
2
*********************************************
HTTP Error 404: Not Found
Diagram - Technical Support Specialist
https://jobs.lever.co/diagram/da40c5d6-9cd7-4961-bf95-60ce7a2a88da
Montreal
technical support
equity
*********************************************
Diagram - Specialist / Médecin Spécialiste
https://jobs.lever.co/diagram/7786ef99-d72c-4e51-89e1-abefeab9bbf3
Canada
*********************************************
1
*********************************************
