Code and Theory - Java Developer
https://jobs.lever.co/codeandtheory/7948fe2a-e7d8-4ba4-bd11-9621042fea05
New York Office
marketing
weekly
*********************************************
Code and Theory - Sr. AEM Developer
https://jobs.lever.co/codeandtheory/427fe046-0f85-40cd-a790-206ca7a57e5b
New York Office
marketing
weekly
*********************************************
0
*********************************************
HTTP Error 404: Not Found
0
*********************************************
0
*********************************************
Cody - Front-end Developer
https://jobs.lever.co/codyapp/a8a222ee-3b89-47b2-95c0-5aaf6b73b9cb
Seattle, WA
*********************************************
1
*********************************************
Coffee Meets Bagel - Backend Software Engineer
https://jobs.lever.co/coffeemeetsbagel/fa345fa1-0d43-405d-ac16-ff30fc2f272f
SF or Remote
## slept ##
Error ZERO_RESULTS
Query: https://maps.google.com/maps/api/geocode/json?address=SF+or+Remote&sensor=false&bounds=&region=&language=&components=
*********************************************
Coffee Meets Bagel - Test Engineer (Backend)
https://jobs.lever.co/coffeemeetsbagel/7dcb995c-4fc3-4cea-9339-663a6dcb9b24
SF or Remote
## slept ##
Error ZERO_RESULTS
Query: https://maps.google.com/maps/api/geocode/json?address=SF+or+Remote&sensor=false&bounds=&region=&language=&components=
customer service
*********************************************
Coffee Meets Bagel - Senior Android Engineer
https://jobs.lever.co/coffeemeetsbagel/c0642b2b-5640-4452-a26f-05f4b5f5d619
SF or Remote
## slept ##
Error ZERO_RESULTS
Query: https://maps.google.com/maps/api/geocode/json?address=SF+or+Remote&sensor=false&bounds=&region=&language=&components=
*********************************************
Coffee Meets Bagel - Senior Android Engineer
https://jobs.lever.co/coffeemeetsbagel/c0642b2b-5640-4452-a26f-05f4b5f5d619/apply
SF or Remote
## slept ##
Error ZERO_RESULTS
Query: https://maps.google.com/maps/api/geocode/json?address=SF+or+Remote&sensor=false&bounds=&region=&language=&components=
____________________________________________________________
*********************************************
Coffee Meets Bagel - Test Engineer (Backend)
https://jobs.lever.co/coffeemeetsbagel/7dcb995c-4fc3-4cea-9339-663a6dcb9b24/apply
SF or Remote
## slept ##
Error ZERO_RESULTS
Query: https://maps.google.com/maps/api/geocode/json?address=SF+or+Remote&sensor=false&bounds=&region=&language=&components=
____________________________________________________________
*********************************************
HTTP Error 404: Not Found
Coffee Meets Bagel
https://jobs.lever.co/coffeemeetsbagel

## slept ##
Error INVALID_REQUEST
Query: https://maps.google.com/maps/api/geocode/json?address=&sensor=false&bounds=&region=&language=&components=
Filter by:
*********************************************
Coffee Meets Bagel
https://jobs.lever.co/coffeemeetsbagel?commitment=Full-time

## slept ##
Error INVALID_REQUEST
Query: https://maps.google.com/maps/api/geocode/json?address=&sensor=false&bounds=&region=&language=&components=
Filter by:
*********************************************
Coffee Meets Bagel
https://jobs.lever.co/coffeemeetsbagel?by=team&location=San%20Francisco

## slept ##
Error INVALID_REQUEST
Query: https://maps.google.com/maps/api/geocode/json?address=&sensor=false&bounds=&region=&language=&components=
Filter by:
*********************************************
2
*********************************************
Coho Data - Storage Core Developer
https://jobs.lever.co/cohodata/89d1cbf6-e14f-4306-aa5b-4bae493715c4
Vancouver, BC
*********************************************
Coho Data
https://jobs.lever.co/cohodata

## slept ##
Error INVALID_REQUEST
Query: https://maps.google.com/maps/api/geocode/json?address=&sensor=false&bounds=&region=&language=&components=
Filter by:
*********************************************
Coho Data - Lever
https://jobs.lever.co/cohodata?by=location

## slept ##
Error INVALID_REQUEST
Query: https://maps.google.com/maps/api/geocode/json?address=&sensor=false&bounds=&region=&language=&components=
Filter by:
*********************************************
Coho Data - Software Developer
https://jobs.lever.co/cohodata/56768fe5-4c49-486e-a028-0f661278c6b8
Vancouver, BC
*********************************************
Coho Data - Software Developer
https://jobs.lever.co/cohodata/56768fe5-4c49-486e-a028-0f661278c6b8/apply
Vancouver, BC
____________________________________________________________
*********************************************
Coho Data - Storage Core Developer - Lever
https://jobs.lever.co/cohodata/89d1cbf6-e14f-4306-aa5b-4bae493715c4/apply
Vancouver, BC
____________________________________________________________
*********************************************
2
*********************************************
Common Networks - Software Engineer
https://jobs.lever.co/common-networks/44185ed0-e26d-403d-844b-7e3e9c60077b
San Francisco, CA
*********************************************
HTTP Error 404: Not Found
Common Networks
https://jobs.lever.co/common-networks

## slept ##
Error INVALID_REQUEST
Query: https://maps.google.com/maps/api/geocode/json?address=&sensor=false&bounds=&region=&language=&components=
Filter by:
*********************************************
Common Living Inc. - Lever
https://jobs.lever.co/common?by=commitment&commitment=Full-time

## slept ##
Error INVALID_REQUEST
Query: https://maps.google.com/maps/api/geocode/json?address=&sensor=false&bounds=&region=&language=&components=
Filter by:
*********************************************
Common Living Inc.
https://jobs.lever.co/common?by=location&commitment=Intern%20(full-time)

## slept ##
Error INVALID_REQUEST
Query: https://maps.google.com/maps/api/geocode/json?address=&sensor=false&bounds=&region=&language=&components=
Filter by:
*********************************************
1
*********************************************
Common Networks - Software Engineer
https://jobs.lever.co/common-networks/44185ed0-e26d-403d-844b-7e3e9c60077b
San Francisco, CA
*********************************************
Common Networks - Software Engineer - Lever
https://jobs.lever.co/common-networks/44185ed0-e26d-403d-844b-7e3e9c60077b/apply
San Francisco, CA
____________________________________________________________
*********************************************
Common Networks
https://jobs.lever.co/common-networks

## slept ##
Error INVALID_REQUEST
Query: https://maps.google.com/maps/api/geocode/json?address=&sensor=false&bounds=&region=&language=&components=
Filter by:
*********************************************
1
*********************************************
Comtravo - Senior Frontend Engineer (m/f)
https://jobs.lever.co/comtravo/da004c79-eff0-455a-9d2a-d01f549ab3a5
Berlin
weekly
*********************************************
Comtravo - Data Scientist / Data Engineer (m/f)
https://jobs.lever.co/comtravo/344c3024-4e50-41a8-a1bb-fe32481b6e2b
Berlin
weekly
*********************************************
Comtravo - Junior Frontend Engineer (m/f)
https://jobs.lever.co/comtravo/e18707ed-721b-44ba-8ca0-bf685546aea5/apply
Berlin
____________________________________________________________
*********************************************
Comtravo - Senior Frontend Engineer (m/f)
https://jobs.lever.co/comtravo/da004c79-eff0-455a-9d2a-d01f549ab3a5/apply
Berlin
____________________________________________________________
*********************************************
Comtravo - Senior Backend Engineer (m/f)
https://jobs.lever.co/comtravo/eb95251e-b888-460e-ac0b-59e8943977ea
Berlin
weekly
*********************************************
Comtravo
https://jobs.lever.co/comtravo

## slept ##
Error INVALID_REQUEST
Query: https://maps.google.com/maps/api/geocode/json?address=&sensor=false&bounds=&region=&language=&components=
Filter by:
*********************************************
0
*********************************************
Confluent - Confluent Cloud Engineer
https://jobs.lever.co/confluent/faec32fa-4a76-4c99-bfec-d0b8a7cad6a9
Palo Alto
*********************************************
Confluent - Infrastructure Engineer
https://jobs.lever.co/confluent/028dab2f-4eab-49f4-a893-0919ecec43d5
Palo Alto
*********************************************
Confluent - Developer Productivity Engineer
https://jobs.lever.co/confluent/3f358ffa-7311-41f6-8629-213c145236a3
Palo Alto
*********************************************
Confluent - Sales Engineer
https://jobs.lever.co/confluent/21e8ebf3-f32f-4e29-b72c-1f70decea421
East Coast
*********************************************
Confluent - KSQL Engineer
https://jobs.lever.co/confluent/49e3bdbf-cb28-4c0f-9975-b702a089cdbc
Palo Alto
*********************************************
Confluent - Confluent Cloud Site Reliability Engineer
https://jobs.lever.co/confluent/3bbb16bf-6b6b-4113-835b-d7927111ab37
Palo Alto
*********************************************
Confluent - Customer Operations Engineer - EST
https://jobs.lever.co/confluent/5d5a51e4-379c-48e9-a0c7-4eda867644ed
East Coast
*********************************************
Confluent - KSQL Engineer
https://jobs.lever.co/confluent/49e3bdbf-cb28-4c0f-9975-b702a089cdbc/apply
Palo Alto
____________________________________________________________
*********************************************
Confluent - Confluent Cloud Engineer
https://jobs.lever.co/confluent/faec32fa-4a76-4c99-bfec-d0b8a7cad6a9/apply
Palo Alto
____________________________________________________________
*********************************************
Confluent - Frontend Engineer
https://jobs.lever.co/confluent/35b306e4-520f-4ef3-a401-a8386a85d681/apply
Palo Alto
____________________________________________________________
*********************************************
Confluent - Infrastructure Engineer
https://jobs.lever.co/confluent/028dab2f-4eab-49f4-a893-0919ecec43d5/apply
Palo Alto
____________________________________________________________
*********************************************
Confluent - Developer Productivity Engineer
https://jobs.lever.co/confluent/3f358ffa-7311-41f6-8629-213c145236a3/apply
Palo Alto
____________________________________________________________
*********************************************
HTTP Error 404: Not Found
Confluent - Sales Engineer
https://jobs.lever.co/confluent/21e8ebf3-f32f-4e29-b72c-1f70decea421/apply
East Coast
____________________________________________________________
*********************************************
Confluent - Sales Engineer
https://jobs.lever.co/confluent/19df02a4-2079-43ed-9d77-1dced698dabe/apply
London, UK
____________________________________________________________
*********************************************
Confluent - Sales Engineer
https://jobs.lever.co/confluent/a322bca0-9112-45b3-982c-cc4b054ca141/apply
Palo Alto
____________________________________________________________
*********************************************
Confluent - Customer Operations Engineer - EMEA
https://jobs.lever.co/confluent/ac932c07-e165-4a18-82a8-a14967aeba0f/apply
London, UK
____________________________________________________________
*********************************************
Confluent - Customer Operations Engineer - EST
https://jobs.lever.co/confluent/5d5a51e4-379c-48e9-a0c7-4eda867644ed/apply
East Coast
____________________________________________________________
*********************************************
HTTP Error 404: Not Found
Confluent
https://jobs.lever.co/confluent

## slept ##
Error INVALID_REQUEST
Query: https://maps.google.com/maps/api/geocode/json?address=&sensor=false&bounds=&region=&language=&components=
Filter by:
*********************************************
Confluent
https://jobs.lever.co/confluent?location=Palo%20Alto

## slept ##
Error INVALID_REQUEST
Query: https://maps.google.com/maps/api/geocode/json?address=&sensor=false&bounds=&region=&language=&components=
Filter by:
*********************************************
Confluent - Technical Account Manager
https://jobs.lever.co/confluent/376c6546-4332-4034-ba10-eaa1c6a46c37
London, UK
*********************************************
Confluent - Lead Sales Recruiter
https://jobs.lever.co/confluent/8966a8f0-9b79-4e9e-a3f0-3f6f494e963b
Palo Alto
sales rep
partner 
*********************************************
Confluent - Developer Evangelist
https://jobs.lever.co/confluent/e67c8c16-5d8d-4480-98f5-e02abca96c06
United States
*********************************************
Confluent - Product Manager
https://jobs.lever.co/confluent/70455208-fa9b-422f-afc1-33f109b2821c
Palo Alto
marketing
*********************************************
Confluent - Solutions Architect
https://jobs.lever.co/confluent/437b5b1f-28a5-4e3c-a86d-d9c5f4678151
London, UK
*********************************************
Confluent - Internship Summer 2018
https://jobs.lever.co/confluent/6c665555-a929-4184-a1fd-dc4b0f50b751
Palo Alto
*********************************************
Confluent - Director of Technical Training
https://jobs.lever.co/confluent/2b8d30bb-d249-46e0-8736-b3eb1f97e627
United States
instructor
*********************************************
Confluent - Product Marketing Director
https://jobs.lever.co/confluent/53e62f33-b0aa-424b-be59-b288a4fa68a7
Palo Alto
marketing
*********************************************
Confluent - Confluent Cloud Product Marketing Director
https://jobs.lever.co/confluent/a1d1acd5-463e-4c40-98cc-242a675e5f29
Palo Alto
marketing
*********************************************
11
*********************************************
Connery Consulting - Lever
https://jobs.lever.co/conneryconsulting?by=commitment

## slept ##
Error INVALID_REQUEST
Query: https://maps.google.com/maps/api/geocode/json?address=&sensor=false&bounds=&region=&language=&components=
Filter by:
*********************************************
0
*********************************************
0
*********************************************
HTTP Error 404: Not Found
HTTP Error 404: Not Found
HTTP Error 404: Not Found
HTTP Error 404: Not Found
HTTP Error 404: Not Found
0
*********************************************
Contrast Security - Full Stack Python Engineer
https://jobs.lever.co/contrastsecurity/bc82d775-3d47-4d06-813b-105df078360e
Baltimore, MD
*********************************************
Contrast Security - Site Reliability Engineer
https://jobs.lever.co/contrastsecurity/9c1ebbd1-15f2-484e-bba8-568aef3fa7f4
Baltimore, MD
*********************************************
HTTP Error 404: Not Found
Contrast Security - Systems Engineer - Texas/Atlanta/SoCal/Phoenix
https://jobs.lever.co/contrastsecurity/df84c60d-77e8-4320-8338-50ef686793a2
United States
sales rep
*********************************************
HTTP Error 404: Not Found
HTTP Error 404: Not Found
Contrast Security - Systems Engineer - United Kingdom
https://jobs.lever.co/contrastsecurity/b5b8b547-9796-4e31-956a-a37b59a1e39b/apply
United Kingdom
____________________________________________________________
*********************************************
Contrast Security
https://jobs.lever.co/contrastsecurity?by=location

## slept ##
Error INVALID_REQUEST
Query: https://maps.google.com/maps/api/geocode/json?address=&sensor=false&bounds=&region=&language=&components=
Filter by:
*********************************************
Contrast Security
https://jobs.lever.co/contrastsecurity?location=Baltimore%2C%20MD

## slept ##
Error INVALID_REQUEST
Query: https://maps.google.com/maps/api/geocode/json?address=&sensor=false&bounds=&region=&language=&components=
Filter by:
*********************************************
Contrast Security
https://jobs.lever.co/contrastsecurity?team=Sales

## slept ##
Error INVALID_REQUEST
Query: https://maps.google.com/maps/api/geocode/json?address=&sensor=false&bounds=&region=&language=&components=
Filter by:
*********************************************
Contrast Security - Product Management Intern - Paid
https://jobs.lever.co/contrastsecurity/c85666a1-cafc-48e5-a164-9ddfb940ad02
Los Altos, CA
marketing
*********************************************
Contrast Security
https://jobs.lever.co/contrastsecurity?location=Los%20Altos%2C%20CA

## slept ##
Error INVALID_REQUEST
Query: https://maps.google.com/maps/api/geocode/json?address=&sensor=false&bounds=&region=&language=&components=
Filter by:
*********************************************
Contrast Security - Customer Success Manager
https://jobs.lever.co/contrastsecurity/745f7d6a-a71e-4b05-8deb-d275e8808c50
Los Altos, CA
*********************************************
Contrast Security - Product Marketing Intern - Paid
https://jobs.lever.co/contrastsecurity/4f4f182d-8e9c-48ab-b748-8662d3f24b27
Los Altos, CA
marketing
*********************************************
Contrast Security - Professional Services / Solutions Architect
https://jobs.lever.co/contrastsecurity/09dbe967-db54-41f7-823d-3451ac030bac
Los Altos, CA
*********************************************
4
*********************************************
HTTP Error 404: Not Found
HTTP Error 404: Not Found
Center For Open Science - Developer Intern
https://jobs.lever.co/cos/b50ccb99-e5b8-40cf-abc2-b0aecf440789/apply
Charlottesville, VA
____________________________________________________________
*********************************************
Center For Open Science - Developer Intern
https://jobs.lever.co/cos/b50ccb99-e5b8-40cf-abc2-b0aecf440789
Charlottesville, VA
*********************************************
1
*********************************************
CoverHound - UX Engineer, UI Framework
https://jobs.lever.co/coverhound/0c4094df-a961-49e9-ad3a-9cd13846e37c
San Francisco
customer service
equity
*********************************************
CoverHound
https://jobs.lever.co/coverhound

## slept ##
Error INVALID_REQUEST
Query: https://maps.google.com/maps/api/geocode/json?address=&sensor=false&bounds=&region=&language=&components=
Filter by:
*********************************************
CoverHound - Full-stack Engineer
https://jobs.lever.co/coverhound/eb0b8d86-ccc3-4432-9022-a3dea19b2514/apply
San Francisco
____________________________________________________________
*********************************************
CoverHound - UX Engineer, UI Framework
https://jobs.lever.co/coverhound/0c4094df-a961-49e9-ad3a-9cd13846e37c/apply
San Francisco
____________________________________________________________
*********************************************
CoverHound
https://jobs.lever.co/coverhound?by=location

## slept ##
Error INVALID_REQUEST
Query: https://maps.google.com/maps/api/geocode/json?address=&sensor=false&bounds=&region=&language=&components=
Filter by:
*********************************************
CoverHound
https://jobs.lever.co/coverhound?commitment=Full-time

## slept ##
Error INVALID_REQUEST
Query: https://maps.google.com/maps/api/geocode/json?address=&sensor=false&bounds=&region=&language=&components=
Filter by:
*********************************************
CoverHound - Information Technology (IT) Support Intern (Paid, Part ...
https://jobs.lever.co/coverhound/a8571f1d-fb34-4cde-a8ef-c675153790bc
Westlake Village
customer service
in person
*********************************************
HTTP Error 404: Not Found
CoverHound - Product Manager
https://jobs.lever.co/coverhound/496c5942-38f1-4b3f-a6c0-18f9d357c370
San Francisco
customer service
equity
*********************************************
0
*********************************************
Cratejoy - Software Engineer
https://jobs.lever.co/cratejoy/00414e2d-f52a-462c-98a8-de5ae13f6b30
Austin, TX
marketing
equity
*********************************************
Cratejoy - Software Engineer
https://jobs.lever.co/cratejoy/00414e2d-f52a-462c-98a8-de5ae13f6b30/apply
Austin, TX
____________________________________________________________
*********************************************
Cratejoy - Senior Front-End Engineer
https://jobs.lever.co/cratejoy/b7cb30ae-2dce-46a2-b297-d539b117a6ba/apply
Austin, TX
____________________________________________________________
*********************************************
HTTP Error 404: Not Found
HTTP Error 404: Not Found
Cratejoy
https://jobs.lever.co/cratejoy

## slept ##
Error INVALID_REQUEST
Query: https://maps.google.com/maps/api/geocode/json?address=&sensor=false&bounds=&region=&language=&components=
Filter by:
*********************************************
Cratejoy
https://jobs.lever.co/cratejoy?by=commitment

## slept ##
Error INVALID_REQUEST
Query: https://maps.google.com/maps/api/geocode/json?address=&sensor=false&bounds=&region=&language=&components=
Filter by:
*********************************************
0
*********************************************
Creative Market - Front-end Engineer, Product Team
https://jobs.lever.co/creativemarket/415d4bc8-7eb4-4598-8c54-8a3e0e3d3684
San Francisco, CA
*********************************************
Creative Market - Site Reliability Engineer
https://jobs.lever.co/creativemarket/739ec8dd-5d50-4c38-949e-b7485653ec86
San Francisco, CA
*********************************************
Creative Market - Front-end Engineer, Product Team
https://jobs.lever.co/creativemarket/415d4bc8-7eb4-4598-8c54-8a3e0e3d3684/apply
San Francisco, CA
____________________________________________________________
*********************************************
Creative Market - Site Reliability Engineer
https://jobs.lever.co/creativemarket/739ec8dd-5d50-4c38-949e-b7485653ec86/apply
San Francisco, CA
____________________________________________________________
*********************************************
Creative Market
https://jobs.lever.co/creativemarket?commitment=Full-time

## slept ##
Error INVALID_REQUEST
Query: https://maps.google.com/maps/api/geocode/json?address=&sensor=false&bounds=&region=&language=&components=
Filter by:
*********************************************
Creative Market
https://jobs.lever.co/creativemarket

## slept ##
Error INVALID_REQUEST
Query: https://maps.google.com/maps/api/geocode/json?address=&sensor=false&bounds=&region=&language=&components=
Filter by:
*********************************************
Creative Market - Product Manager, Growth
https://jobs.lever.co/creativemarket/f431222d-ced7-4d9a-810c-80970b45cbed
San Francisco, CA
*********************************************
Creative Market - Senior Product Manager
https://jobs.lever.co/creativemarket/4bead234-c7c4-4921-818d-4ed2888fb652
San Francisco, CA
equity
*********************************************
Creative Market - SEO Manager
https://jobs.lever.co/creativemarket/45c5d6c1-d22a-47fd-8889-0e45b6c1e035
San Francisco, CA
marketing
*********************************************
Creative Market - Senior Product Designer, Platform
https://jobs.lever.co/creativemarket/9537280e-5f19-4c96-b9e5-810b8defabf0
San Francisco, CA
*********************************************
4
*********************************************
Crew - Senior Android Engineer
https://jobs.lever.co/crewapp/64d7ad0a-245f-4cd5-a008-390a59a47c8e
San Francisco
equity
*********************************************
Crew - iOS Engineer
https://jobs.lever.co/crewapp/52892317-4a57-43f4-bca4-26a05ede5598/apply
San Francisco
survey
____________________________________________________________
*********************************************
Crew
https://jobs.lever.co/crewapp

## slept ##
Error INVALID_REQUEST
Query: https://maps.google.com/maps/api/geocode/json?address=&sensor=false&bounds=&region=&language=&components=
Filter by:
*********************************************
Crew - Lever
https://jobs.lever.co/crewapp?by=commitment&team=Engineering

## slept ##
Error INVALID_REQUEST
Query: https://maps.google.com/maps/api/geocode/json?address=&sensor=false&bounds=&region=&language=&components=
Filter by:
*********************************************
Crew - Lever
https://jobs.lever.co/crewapp?by=commitment

## slept ##
Error INVALID_REQUEST
Query: https://maps.google.com/maps/api/geocode/json?address=&sensor=false&bounds=&region=&language=&components=
Filter by:
*********************************************
Crew - Lever
https://jobs.lever.co/crewapp?by=location

## slept ##
Error INVALID_REQUEST
Query: https://maps.google.com/maps/api/geocode/json?address=&sensor=false&bounds=&region=&language=&components=
Filter by:
*********************************************
Crew - Front-end Developer
https://jobs.lever.co/crewapp/124776d6-a4f6-4d56-b88b-f1f4ab9d66c0
San Francisco
equity
*********************************************
Crew - Lever
https://jobs.lever.co/crewapp?commitment=Full%20time

## slept ##
Error INVALID_REQUEST
Query: https://maps.google.com/maps/api/geocode/json?address=&sensor=false&bounds=&region=&language=&components=
Filter by:
*********************************************
Crew - Lever
https://jobs.lever.co/crewapp?by=team&commitment=Full-time

## slept ##
Error INVALID_REQUEST
Query: https://maps.google.com/maps/api/geocode/json?address=&sensor=false&bounds=&region=&language=&components=
Filter by:
*********************************************
Crew - Lever
https://jobs.lever.co/crewapp?by=commitment&commitment=Full%20time

## slept ##
Error INVALID_REQUEST
Query: https://maps.google.com/maps/api/geocode/json?address=&sensor=false&bounds=&region=&language=&components=
Filter by:
*********************************************
Crew - Lever
https://jobs.lever.co/crewapp?by=commitment&commitment=Full%20time

## slept ##
Error INVALID_REQUEST
Query: https://maps.google.com/maps/api/geocode/json?address=&sensor=false&bounds=&region=&language=&components=
Filter by:
*********************************************
Crew - Product Designer
https://jobs.lever.co/crewapp/2c2d31b8-8d88-4cec-880b-aad8978cbce2
San Francisco
marketing
equity
co-founder
*********************************************
0
*********************************************
HTTP Error 404: Not Found
Crowdfire - Lead Software Engineer - Backend
https://jobs.lever.co/crowdfireapp/34f592a8-aaf2-4e36-bc8c-2b5411e4fd7d
Mumbai
marketing
*********************************************
Crowdfire - Senior Software Engineer - Backend
https://jobs.lever.co/crowdfireapp/bbdda1e3-d554-4036-9f7b-ebe1a066d3f6
Mumbai
marketing
*********************************************
Crowdfire - Senior Software Engineer - Backend
https://jobs.lever.co/crowdfireapp/bbdda1e3-d554-4036-9f7b-ebe1a066d3f6/apply
Mumbai
____________________________________________________________
*********************************************
HTTP Error 404: Not Found
Crowdfire - VP of Engineering
https://jobs.lever.co/crowdfireapp/760a6f04-9286-4a5a-8c3a-b9d9f40b433e
Mumbai
marketing
*********************************************
Crowdfire - Director of Engineering
https://jobs.lever.co/crowdfireapp/bf33db73-c1a0-4bd8-a9ed-0bb22f2deb8c
Mumbai
marketing
*********************************************
Crowdfire
https://jobs.lever.co/crowdfireapp

## slept ##
Error INVALID_REQUEST
Query: https://maps.google.com/maps/api/geocode/json?address=&sensor=false&bounds=&region=&language=&components=
Filter by:
*********************************************
Crowdfire
https://jobs.lever.co/crowdfireapp?by=location&commitment=Full-time

## slept ##
Error INVALID_REQUEST
Query: https://maps.google.com/maps/api/geocode/json?address=&sensor=false&bounds=&region=&language=&components=
Filter by:
*********************************************
HTTP Error 404: Not Found
Crowdfire
https://jobs.lever.co/crowdfireapp?by=location&location=San%20Francisco

## slept ##
Error INVALID_REQUEST
Query: https://maps.google.com/maps/api/geocode/json?address=&sensor=false&bounds=&region=&language=&components=
Filter by:
*********************************************
Crowdfire
https://jobs.lever.co/crowdfireapp?by=location&team=Product%20Management

## slept ##
Error INVALID_REQUEST
Query: https://maps.google.com/maps/api/geocode/json?address=&sensor=false&bounds=&region=&language=&components=
Filter by:
*********************************************
Crowdfire
https://jobs.lever.co/crowdfireapp?by=location&team=Community%20Support

## slept ##
Error INVALID_REQUEST
Query: https://maps.google.com/maps/api/geocode/json?address=&sensor=false&bounds=&region=&language=&components=
Filter by:
*********************************************
0
*********************************************
CrowdRiff
https://jobs.lever.co/crowdriff?team=Engineering

## slept ##
Error INVALID_REQUEST
Query: https://maps.google.com/maps/api/geocode/json?address=&sensor=false&bounds=&region=&language=&components=
Filter by:
*********************************************
CrowdRiff - Backend Developer
https://jobs.lever.co/crowdriff/cc050fd9-5638-47da-91cc-7efcbaade6e0/apply
Toronto
____________________________________________________________
*********************************************
CrowdRiff
https://jobs.lever.co/crowdriff/?by=team&location=Toronto

## slept ##
Error INVALID_REQUEST
Query: https://maps.google.com/maps/api/geocode/json?address=&sensor=false&bounds=&region=&language=&components=
Filter by:
*********************************************
CrowdRiff - Lever
https://jobs.lever.co/crowdriff?location=Toronto

## slept ##
Error INVALID_REQUEST
Query: https://maps.google.com/maps/api/geocode/json?address=&sensor=false&bounds=&region=&language=&components=
Filter by:
*********************************************
CrowdRiff - Talent Acquisition Manager
https://jobs.lever.co/crowdriff/62e1fd97-5d03-4d0a-b293-575389842e5c
Toronto
weekly
*********************************************
CrowdRiff - Back-End Developer
https://jobs.lever.co/crowdriff/cc050fd9-5638-47da-91cc-7efcbaade6e0
Toronto
marketing
weekly
*********************************************
CrowdRiff - Lever
https://jobs.lever.co/crowdriff?by=location

## slept ##
Error INVALID_REQUEST
Query: https://maps.google.com/maps/api/geocode/json?address=&sensor=false&bounds=&region=&language=&components=
Filter by:
*********************************************
CrowdRiff - Lever
https://jobs.lever.co/crowdriff?by=commitment

## slept ##
Error INVALID_REQUEST
Query: https://maps.google.com/maps/api/geocode/json?address=&sensor=false&bounds=&region=&language=&components=
Filter by:
*********************************************
0
*********************************************
0
*********************************************
