HTTP Error 404: Not Found
HTTP Error 404: Not Found
0
*********************************************
GitLab - Production Engineer
https://jobs.lever.co/gitlab/a9ec2996-b7b6-4d87-aed0-1fc2ce3f8faa
Remote
*********************************************
GitLab - Senior Frontend Engineer
https://jobs.lever.co/gitlab/bd64f94a-777a-42e0-8f7a-175231dcd7b3
Remote
*********************************************
HTTP Error 404: Not Found
GitLab - Support Engineer - EMEA
https://jobs.lever.co/gitlab/bf6b8d93-e87e-4ba2-a05e-ab36bac0226f
EMEA Timezones
## slept ##
Error ZERO_RESULTS
Query: https://maps.google.com/maps/api/geocode/json?address=EMEA+Timezones&sensor=false&bounds=&region=&language=&components=
*********************************************
HTTP Error 404: Not Found
HTTP Error 404: Not Found
HTTP Error 404: Not Found
GitLab - Production Engineer
https://jobs.lever.co/gitlab/a9ec2996-b7b6-4d87-aed0-1fc2ce3f8faa/apply
Remote
survey
____________________________________________________________
*********************************************
HTTP Error 404: Not Found
GitLab - Backend Engineer, Security Specialist
https://jobs.lever.co/gitlab/fac5198e-20e7-47a4-8b53-e8df48491c8b/apply
Remote
survey
____________________________________________________________
*********************************************
HTTP Error 404: Not Found
GitLab - Backend Developer, CI/CD
https://jobs.lever.co/gitlab/7b0bf6a2-c657-4881-a6de-8bc611e25e35
Remote
*********************************************
GitLab - Senior Developer, CI/CD
https://jobs.lever.co/gitlab/d7927971-f091-419f-92fc-7c912ba47ed9
Remote
*********************************************
HTTP Error 404: Not Found
GitLab - Backend Lead, Geo
https://jobs.lever.co/gitlab/dfb7d7a9-3609-42a8-9c40-456b0848b238?ref=NODESK
Remote
*********************************************
GitLab - Solutions Architect - Implementation Specialist
https://jobs.lever.co/gitlab/b1b478c5-446c-4d9c-a920-9c1466f88e36
Remote
*********************************************
GitLab - Database Specialist
https://jobs.lever.co/gitlab/8b711f1c-d378-4383-a027-bac550aeee6d/apply
Remote
survey
____________________________________________________________
*********************************************
GitLab - Product Marketing Manager
https://jobs.lever.co/gitlab/219014ac-196e-47d7-90fd-7f3e4033ce46?ref=NODESK
Remote
marketing
*********************************************
HTTP Error 404: Not Found
GitLab - Federal Strategic Account Executive - DOD
https://jobs.lever.co/gitlab/2e077d5e-3ad2-4be8-956e-9ff28c09bba1
Washington DC Area
technical support
customer service
marketing
local
*********************************************
GitLab - Director of Product Marketing
https://jobs.lever.co/gitlab/d36f3b7c-6754-4624-8835-55b6b5ff8cf7
Remote
marketing
*********************************************
GitLab - Web/UX Designer
https://jobs.lever.co/gitlab/2f13eace-2bde-477d-bb58-2eb53997111c
Americas Timezone
marketing
*********************************************
7
*********************************************
Glint - Senior Web Application Engineer
https://jobs.lever.co/glintinc.com/13be7879-8c7c-4a65-8c18-c59904866ea5
Redwood City
local
*********************************************
Glint - Senior Machine Learning Engineer
https://jobs.lever.co/glintinc.com/c211ab03-d612-4754-875d-f6d87cff1cae
Redwood City
*********************************************
Glint - Back End Engineer
https://jobs.lever.co/glintinc.com/f1ecebe5-d71f-4676-931c-60af5bc2118d
Redwood City
local
*********************************************
Glint - Back End Engineer
https://jobs.lever.co/glintinc.com/f1ecebe5-d71f-4676-931c-60af5bc2118d/apply
Redwood City
survey
____________________________________________________________
*********************************************
Glint
https://jobs.lever.co/glintinc.com

## slept ##
Error INVALID_REQUEST
Query: https://maps.google.com/maps/api/geocode/json?address=&sensor=false&bounds=&region=&language=&components=
Filter by:
*********************************************
Glint
https://jobs.lever.co/glintinc.com?by=commitment&location=Lincoln%2C%20NE%20and%20Redwood%20City%2C%20CA

## slept ##
Error INVALID_REQUEST
Query: https://maps.google.com/maps/api/geocode/json?address=&sensor=false&bounds=&region=&language=&components=
Filter by:
*********************************************
Glint - Sales Development Representative - London, UK
https://jobs.lever.co/glintinc.com/b0d9adaf-d627-441a-9a22-6decbeeb535e
London, UK
marketing
equity
weekly
*********************************************
1
*********************************************
Globality - Test Automation Engineer
https://jobs.lever.co/globality/c0f99b73-dd9e-4366-bb07-b5a7aabea9b9
Menlo Park
*********************************************
Globality - Senior Frontend Engineer
https://jobs.lever.co/globality/921478da-d45b-4872-8feb-1e42f278c271
Menlo Park
*********************************************
Globality - DevOps Engineer
https://jobs.lever.co/globality/b75dbe1d-1755-4384-973f-04074d7d4679
Menlo Park
*********************************************
Globality - Senior Machine Learning Engineer
https://jobs.lever.co/globality/e5e6a3fc-474b-41dd-93f5-73fd2c246901
Menlo Park
*********************************************
Globality - Senior Frontend Engineer
https://jobs.lever.co/globality/921478da-d45b-4872-8feb-1e42f278c271/apply
Menlo Park
____________________________________________________________
*********************************************
Globality - DevOps Engineer
https://jobs.lever.co/globality/b75dbe1d-1755-4384-973f-04074d7d4679/apply
Menlo Park
____________________________________________________________
*********************************************
Globality - Senior Backend Engineer
https://jobs.lever.co/globality/2c354e18-a9b0-44e9-9a58-93c858385e0c/apply
Menlo Park
____________________________________________________________
*********************************************
Globality - Test Automation Engineer
https://jobs.lever.co/globality/c0f99b73-dd9e-4366-bb07-b5a7aabea9b9/apply
Menlo Park
____________________________________________________________
*********************************************
Globality
https://jobs.lever.co/globality

## slept ##
Error INVALID_REQUEST
Query: https://maps.google.com/maps/api/geocode/json?address=&sensor=false&bounds=&region=&language=&components=
Filter by:
*********************************************
Globality - Natural Language Processing (NLP) Expert
https://jobs.lever.co/globality/309408bb-89b1-4ae3-8e0f-f0c94542ec8d/apply
Menlo Park
____________________________________________________________
*********************************************
Globality - Natural Language Processing (NLP) Expert
https://jobs.lever.co/globality/309408bb-89b1-4ae3-8e0f-f0c94542ec8d
Menlo Park
*********************************************
HTTP Error 404: Not Found
5
*********************************************
Glowforge - Lead DevOps Engineer
https://jobs.lever.co/glowforge/e4c39fb5-0cad-4905-be52-3b8640424768
Seattle, WA
*********************************************
HTTP Error 404: Not Found
Glowforge - Senior Mechanical Engineer
https://jobs.lever.co/glowforge/5ded382e-92a4-491b-8995-2bdc03ad4c5f
Seattle, WA
*********************************************
Glowforge - Embedded Software Engineer
https://jobs.lever.co/glowforge/ebb3c7af-02ac-400b-8a81-9b69867f70bc/apply
Seattle, WA
____________________________________________________________
*********************************************
Glowforge - Embedded Software Engineer
https://jobs.lever.co/glowforge/ebb3c7af-02ac-400b-8a81-9b69867f70bc
Seattle, WA
*********************************************
HTTP Error 404: Not Found
HTTP Error 404: Not Found
Glowforge - Mechanical Engineering Manager
https://jobs.lever.co/glowforge/020a3de1-e8e7-4ba0-9ce4-59338d0136b6
Seattle, WA
*********************************************
Glowforge
https://jobs.lever.co/glowforge

## slept ##
Error INVALID_REQUEST
Query: https://maps.google.com/maps/api/geocode/json?address=&sensor=false&bounds=&region=&language=&components=
Filter by:
*********************************************
4
*********************************************
0
*********************************************
Forward - Software Engineer
https://jobs.lever.co/goforward/5d00954d-a953-4b10-b9ec-0254e1636f0a/apply
San Francisco
____________________________________________________________
*********************************************
Forward
https://jobs.lever.co/goforward

## slept ##
Error INVALID_REQUEST
Query: https://maps.google.com/maps/api/geocode/json?address=&sensor=false&bounds=&region=&language=&components=
Filter by:
*********************************************
Forward
https://jobs.lever.co/goforward?commitment=Full-time

## slept ##
Error INVALID_REQUEST
Query: https://maps.google.com/maps/api/geocode/json?address=&sensor=false&bounds=&region=&language=&components=
Filter by:
*********************************************
Forward - Membership Advisor
https://jobs.lever.co/goforward/0f7de85e-d8ac-417c-80a2-41243c856681
Los Angeles
*********************************************
Forward - Medical Assistant
https://jobs.lever.co/goforward/65092f29-3e3c-48c4-86f0-a907bd1b21a9
Los Angeles
*********************************************
Forward - Product Designer
https://jobs.lever.co/goforward/ee451bd6-bea0-4c06-b057-c7c7e42018d2
San Francisco
*********************************************
Forward
https://jobs.lever.co/goforward?by=location&commitment=Full-time

## slept ##
Error INVALID_REQUEST
Query: https://maps.google.com/maps/api/geocode/json?address=&sensor=false&bounds=&region=&language=&components=
Filter by:
*********************************************
Forward - Primary Care Physician
https://jobs.lever.co/goforward/835eaa98-d9a5-48ab-9249-61fbed7e802c
San Francisco
*********************************************
Forward - Medical Scribe
https://jobs.lever.co/goforward/fbb5de1e-c001-4cd6-8e6a-e85b08bacb42
San Francisco
*********************************************
Forward - Marketing Designer
https://jobs.lever.co/goforward/293ebda4-ef05-4fc1-b5f8-f77474367e43
San Francisco
*********************************************
Forward - Care Coordinator (Remote)
https://jobs.lever.co/goforward/54f09fda-68a0-40d1-a664-199387b11654
San Francisco
customer service
weekly
*********************************************
Forward - Nurse Practitioner
https://jobs.lever.co/goforward/bffc2ed2-36ff-452e-b5d1-2c3843760b67
San Francisco
*********************************************
Forward - LA Site Lead
https://jobs.lever.co/goforward/f71b07a9-c35b-4888-b908-5c47f8ba64a0
Los Angeles
marketing
*********************************************
Forward
https://jobs.lever.co/goforward?team=Operations

## slept ##
Error INVALID_REQUEST
Query: https://maps.google.com/maps/api/geocode/json?address=&sensor=false&bounds=&region=&language=&components=
Filter by:
*********************************************
7
*********************************************
GoGuardian - Senior Data Infrastructure Engineer
https://jobs.lever.co/goguardian/a2e616b2-0dbc-42f8-b769-721be55b77fa
Los Angeles, CA
*********************************************
GoGuardian - Senior Frontend Engineer
https://jobs.lever.co/goguardian/3681d221-6804-453c-98d3-e602a8c77b77
Los Angeles, CA
*********************************************
GoGuardian - Senior Data Infrastructure Engineer
https://jobs.lever.co/goguardian/a2e616b2-0dbc-42f8-b769-721be55b77fa/apply
Los Angeles, CA
survey
____________________________________________________________
*********************************************
GoGuardian - Senior Software Engineering Manager
https://jobs.lever.co/goguardian/04e922ac-ee0e-43a9-bb54-f38cd7f4c8ac
El Segundo, CA
*********************************************
GoGuardian - Data Scientist
https://jobs.lever.co/goguardian/1e9199a3-4d90-4999-82a5-f25a1214fac4
El Segundo, CA
*********************************************
GoGuardian
https://jobs.lever.co/goguardian

## slept ##
Error INVALID_REQUEST
Query: https://maps.google.com/maps/api/geocode/json?address=&sensor=false&bounds=&region=&language=&components=
Filter by:
*********************************************
GoGuardian
https://jobs.lever.co/goguardian?by=location

## slept ##
Error INVALID_REQUEST
Query: https://maps.google.com/maps/api/geocode/json?address=&sensor=false&bounds=&region=&language=&components=
Filter by:
*********************************************
GoGuardian - Technical Project Manager, Scrum Master
https://jobs.lever.co/goguardian/0cbc0869-1230-4cc7-9c20-21bc594c5d72
El Segundo, CA
*********************************************
GoGuardian - Product Manager
https://jobs.lever.co/goguardian/c7643fb4-d13f-49e6-b901-b26193ebf851
El Segundo, CA
marketing
*********************************************
GoGuardian - Account Executive - Inside Sales
https://jobs.lever.co/goguardian/5e634d6d-59d8-45b3-9ca0-f81a940b9cea
El Segundo, CA
marketing
weekly
*********************************************
GoGuardian - Product Marketing Manager
https://jobs.lever.co/goguardian/e0a3bda9-c3ed-4705-b9a5-e42a97f93a49
El Segundo, CA
marketing
partner 
*********************************************
HTTP Error 404: Not Found
5
*********************************************
Lucid Software Inc. - Senior Software Engineer
https://jobs.lever.co/golucid/001cf6fb-094f-4444-be3a-3d2725c8b055
Greater Salt Lake City, Utah
*********************************************
Lucid Software Inc. - Software Engineer
https://jobs.lever.co/golucid/de74ac61-7870-4e69-a5b6-242f6d348a2f/apply
Greater Salt Lake City, Utah
survey
____________________________________________________________
*********************************************
Lucid Software Inc. - Software Engineer
https://jobs.lever.co/golucid/de74ac61-7870-4e69-a5b6-242f6d348a2f
Greater Salt Lake City, Utah
*********************************************
Lucid Software Inc. - Software Engineer Intern
https://jobs.lever.co/golucid/90f63861-6418-4e94-9074-de89eaca47be
Greater Salt Lake City, Utah
*********************************************
Lucid Software Inc.
https://jobs.lever.co/golucid

## slept ##
Error INVALID_REQUEST
Query: https://maps.google.com/maps/api/geocode/json?address=&sensor=false&bounds=&region=&language=&components=
Filter by:
*********************************************
Lucid Software Inc. - Associate Product Manager
https://jobs.lever.co/golucid/b5ddf5b7-0b43-4c02-9b35-8614a2453997
Greater Salt Lake City, Utah
*********************************************
Lucid Software Inc. - Senior Product Marketing Manager
https://jobs.lever.co/golucid/605c09e0-c2a7-4b6f-b643-c83fe7b16400
Greater Salt Lake City, Utah
marketing
*********************************************
Lucid Software Inc. - QA Specialist
https://jobs.lever.co/golucid/0d178428-a6a1-4f6a-b964-46735aa5c8df/apply
Greater Salt Lake City, Utah
survey
____________________________________________________________
*********************************************
Lucid Software Inc. - User Experience Designer
https://jobs.lever.co/golucid/e303283e-daac-43af-9565-cc8d2ddd2a1c
Greater Salt Lake City, Utah
marketing
*********************************************
Lucid Software Inc. - Customer Operations Intern
https://jobs.lever.co/golucid/d9a3bf67-1c80-4d3a-bcec-e3f2c3808fe3
Greater Salt Lake City, Utah
*********************************************
Lucid Software Inc. - Graphic Design Intern
https://jobs.lever.co/golucid/4eb5bcc3-d9d1-4c59-91d4-fb8740d1a48d
Greater Salt Lake City, Utah
marketing
*********************************************
Lucid Software Inc. - Part-time Intern - Template Creation and Design
https://jobs.lever.co/golucid/a342ac3f-0198-4d1c-9c65-c9a348e6267f
Greater Salt Lake City, Utah
*********************************************
Lucid Software Inc. - Sr. User Experience Designer
https://jobs.lever.co/golucid/771c0fdd-06e8-4e4d-b5fc-f7e196c9e831
Greater Salt Lake City, Utah
marketing
*********************************************
Lucid Software Inc. - UX Design Intern
https://jobs.lever.co/golucid/58850c6c-3204-43cb-8f42-44a517b89f47
Greater Salt Lake City, Utah
*********************************************
Lucid Software Inc. - User Researcher
https://jobs.lever.co/golucid/6391793c-0825-4294-92e2-e3e76098602d
Greater Salt Lake City, Utah
administrative
*********************************************
Lucid Software Inc. - Content & User Education Specialist
https://jobs.lever.co/golucid/afcb1cd1-d23c-41d6-870a-aba3351a6139
Greater Salt Lake City, Utah
*********************************************
Lucid Software Inc. - QA Specialist
https://jobs.lever.co/golucid/0d178428-a6a1-4f6a-b964-46735aa5c8df
Greater Salt Lake City, Utah
weekly
*********************************************
Lucid Software Inc. - Enterprise Customer Success Manager
https://jobs.lever.co/golucid/6b344c5e-4627-45a9-921a-cb216ef932ac
Greater Salt Lake City, Utah
*********************************************
Lucid Software Inc. - Product Support Specialist
https://jobs.lever.co/golucid/fd30de33-bdad-4e62-a4ba-f6a0638d0f7d
Greater Salt Lake City, Utah
*********************************************
10
*********************************************
Go Nimbly - Fullstack Engineer
https://jobs.lever.co/gonimbly/9b77789d-66e6-4f59-b18d-f8d3382da051
San Francisco
*********************************************
Go Nimbly - Fullstack Engineer - Lever
https://jobs.lever.co/gonimbly/9b77789d-66e6-4f59-b18d-f8d3382da051/apply
San Francisco
survey
____________________________________________________________
*********************************************
Go Nimbly
https://jobs.lever.co/gonimbly?by=location&team=Engineering

## slept ##
Error INVALID_REQUEST
Query: https://maps.google.com/maps/api/geocode/json?address=&sensor=false&bounds=&region=&language=&components=
Filter by:
*********************************************
Go Nimbly
https://jobs.lever.co/gonimbly

## slept ##
Error INVALID_REQUEST
Query: https://maps.google.com/maps/api/geocode/json?address=&sensor=false&bounds=&region=&language=&components=
Filter by:
*********************************************
Go Nimbly - Salesforce Developer - Independent Contractor
https://jobs.lever.co/gonimbly/8e763a4e-d49e-4b00-97ae-23746550feea
Remote - Prefer Pittsburgh, PA / Salt Lake City, UT / Los Angeles, CA / San Francisco, CA
## slept ##
Error ZERO_RESULTS
Query: https://maps.google.com/maps/api/geocode/json?address=Remote+-+Prefer+Pittsburgh%2C+PA+%2F+Salt+Lake+City%2C+UT+%2F+Los+Angeles%2C+CA+%2F+San+Francisco%2C+CA&sensor=false&bounds=&region=&language=&components=
*********************************************
Go Nimbly - Lever
https://jobs.lever.co/gonimbly?by=commitment

## slept ##
Error INVALID_REQUEST
Query: https://maps.google.com/maps/api/geocode/json?address=&sensor=false&bounds=&region=&language=&components=
Filter by:
*********************************************
Go Nimbly
https://jobs.lever.co/gonimbly?by=location&commitment=Full-time

## slept ##
Error INVALID_REQUEST
Query: https://maps.google.com/maps/api/geocode/json?address=&sensor=false&bounds=&region=&language=&components=
Filter by:
*********************************************
2
*********************************************
Goodgame Studios - Data Warehouse Engineer (m/f)
https://jobs.lever.co/goodgamestudios/486abcb2-a429-4a55-b439-4b08b65466b7
Hamburg EN
*********************************************
Goodgame Studios - DevOps Engineer - Live Games (m/f)
https://jobs.lever.co/goodgamestudios/0f3d46cf-3516-4b10-9c08-b33464392e0e
Hamburg EN
*********************************************
HTTP Error 404: Not Found
Goodgame Studios - Data Warehouse Engineer (m/w)
https://jobs.lever.co/goodgamestudios/52f6c894-20ad-41f9-9a9b-b986ee45ce66/apply
Hamburg DE
____________________________________________________________
*********************************************
2
*********************************************
GoSpotCheck - Software Engineer - Platform Team
https://jobs.lever.co/gospotcheck/9a1f1ddc-34e0-48dc-8701-9c9f568c33bf
Denver
survey
*********************************************
GoSpotCheck - Software Engineer - iOS
https://jobs.lever.co/gospotcheck/5f5376fe-54b7-4ad7-a331-21eb38ee40ac
Denver
survey
*********************************************
GoSpotCheck - Full Stack Software Engineer
https://jobs.lever.co/gospotcheck/59414d83-9e23-4a5e-94a1-8573e23073c7
Denver
survey
*********************************************
HTTP Error 404: Not Found
GoSpotCheck - QA Engineer
https://jobs.lever.co/gospotcheck/cc260c8f-2a7d-4289-92e2-ca147fa6cb8f/apply
Denver
____________________________________________________________
*********************************************
GoSpotCheck - Software Engineer - iOS
https://jobs.lever.co/gospotcheck/5f5376fe-54b7-4ad7-a331-21eb38ee40ac/apply
Denver
____________________________________________________________
*********************************************
GoSpotCheck - Software Engineer - Platform Team
https://jobs.lever.co/gospotcheck/9a1f1ddc-34e0-48dc-8701-9c9f568c33bf/apply
Denver
____________________________________________________________
*********************************************
GoSpotCheck
https://jobs.lever.co/gospotcheck

## slept ##
Error INVALID_REQUEST
Query: https://maps.google.com/maps/api/geocode/json?address=&sensor=false&bounds=&region=&language=&components=
Filter by:
*********************************************
GoSpotCheck - Technical Recruiter
https://jobs.lever.co/gospotcheck/9ae60b56-858a-4679-abe3-7e187d99254e
Denver
survey
partner 
*********************************************
GoSpotCheck - Product Manager
https://jobs.lever.co/gospotcheck/9e558c79-216e-4c5f-b603-8bd0a57648ad
Denver
survey
*********************************************
GoSpotCheck - Senior Product Designer
https://jobs.lever.co/gospotcheck/5b808548-2c46-4421-82d6-8e847447235a
Denver
survey
*********************************************
GoSpotCheck - Customer Success Manager
https://jobs.lever.co/gospotcheck/fdf4ab2f-2c15-4f15-88e4-11eb9191a2dd
Denver
survey
*********************************************
0
*********************************************
Got It, Inc. - Backend Engineer
https://jobs.lever.co/gotit/e248ad85-b89d-49c2-933a-6410a5e62a18
Hanoi, VN
*********************************************
Got It, Inc. - iOS Engineer
https://jobs.lever.co/gotit/381f4602-9ae1-43fa-b741-1f036c44cb0a
Hanoi, VN
*********************************************
Got It, Inc. - Software Engineering Intern
https://jobs.lever.co/gotit/e5666894-5c9d-4f81-be78-6b74fe63d913
Hanoi, VN
*********************************************
Got It, Inc. - Backend Engineer
https://jobs.lever.co/gotit/e248ad85-b89d-49c2-933a-6410a5e62a18/apply
Hanoi, VN
____________________________________________________________
*********************************************
Got It, Inc.
https://jobs.lever.co/gotit

## slept ##
Error INVALID_REQUEST
Query: https://maps.google.com/maps/api/geocode/json?address=&sensor=false&bounds=&region=&language=&components=
Filter by:
*********************************************
Got It, Inc.
https://jobs.lever.co/gotit?location=Hanoi,%20VN

## slept ##
Error INVALID_REQUEST
Query: https://maps.google.com/maps/api/geocode/json?address=&sensor=false&bounds=&region=&language=&components=
Filter by:
*********************************************
Got It, Inc. - Design Intern
https://jobs.lever.co/gotit/1675b6aa-3d34-41f1-bb44-8988a4209ad1
Hanoi, VN
*********************************************
Got It, Inc. - Product Management Associate
https://jobs.lever.co/gotit/c5592b59-4034-430f-855b-37ba3683f003
Hanoi, VN
*********************************************
Got It, Inc. - Product Lead
https://jobs.lever.co/gotit/2e0c90ea-606a-49ef-89f7-d949abd2d6ac
Burlingame, CA
marketing
*********************************************
Got It, Inc. - Growth Lead
https://jobs.lever.co/gotit/b4188f0b-0c72-4da2-bf3d-94408ba2a167
Burlingame, CA
marketing
*********************************************
Got It, Inc. - Senior Supply Operations Lead - Got It Pro
https://jobs.lever.co/gotit/8a56107a-41d2-475f-bb5a-b873c5508c4a
San Francisco, CA
*********************************************
Got It, Inc.
https://jobs.lever.co/gotit?location=Burlingame%2C%20CA

## slept ##
Error INVALID_REQUEST
Query: https://maps.google.com/maps/api/geocode/json?address=&sensor=false&bounds=&region=&language=&components=
Filter by:
*********************************************
GotIt!
https://jobs.lever.co/gotit?location=Burlingame%2C%20CA&team=Growth

## slept ##
Error INVALID_REQUEST
Query: https://maps.google.com/maps/api/geocode/json?address=&sensor=false&bounds=&region=&language=&components=
Filter by:
*********************************************
6
*********************************************
Grab - Regional IT Systems Engineer - Jira/Confluence
https://jobs.lever.co/grab/72145d74-50f7-4a5e-8efe-c87a19bd501f/apply
Singapore
____________________________________________________________
*********************************************
Grab - Partner Integration Engineer
https://jobs.lever.co/grab/561bd8b5-2c69-41db-95d1-bc3962ec4077/apply
Singapore
____________________________________________________________
*********************************************
Grab - Software Engineer - Backend (Scheduling)
https://jobs.lever.co/grab/171b141e-eb02-4d1b-b436-255fbe941e3d/apply
Seattle
____________________________________________________________
*********************************************
Grab - Software Engineer, Backend - Growth
https://jobs.lever.co/grab/f651b938-e974-46dd-b7f5-9f4e6baae577
Singapore
*********************************************
HTTP Error 404: Not Found
Grab - Mobile Engineer (Android)
https://jobs.lever.co/grab/21eef24d-cf21-4af8-817f-3ab26f6d7488/apply
Singapore
____________________________________________________________
*********************************************
Grab - SysOps Engineer
https://jobs.lever.co/grab/8e73a329-9e65-4376-8aa1-594a8a4f6c5f/apply
Seattle
____________________________________________________________
*********************************************
HTTP Error 404: Not Found
Grab - Software Engineer
https://jobs.lever.co/grab/0fad8fc2-b374-4302-ba8a-ea46db619b06/thanks
Seattle
*********************************************
Grab - Regional IAM Engineer
https://jobs.lever.co/grab/cf825a8c-9cb4-4005-b686-51cfd4127318/apply
Singapore
____________________________________________________________
*********************************************
HTTP Error 404: Not Found
Grab - Backend API Engineer
https://jobs.lever.co/grab/4c7c9a1e-e32f-456f-b7f4-123c7396e720/apply
Vietnam
____________________________________________________________
*********************************************
Grab - QA Engineer
https://jobs.lever.co/grab/893f8b8b-f350-49d7-966e-af740feafd36/apply
Seattle
____________________________________________________________
*********************************************
Grab - Software Engineer - Backend (Fraud)
https://jobs.lever.co/grab/400c94bb-a51d-41fc-a630-34d1cf87e53b/apply
Seattle
____________________________________________________________
*********************************************
Grab - Maps Ops Associate/Engineer/Lead
https://jobs.lever.co/grab/efa2e182-95ba-4e1d-8f2f-9154874597af/apply
Philippines
____________________________________________________________
*********************************************
Grab
https://jobs.lever.co/grab

## slept ##
Error INVALID_REQUEST
Query: https://maps.google.com/maps/api/geocode/json?address=&sensor=false&bounds=&region=&language=&components=
Filter by:
*********************************************
Go back to all job postings
https://jobs.lever.co/grab?by=location

## slept ##
Error INVALID_REQUEST
Query: https://maps.google.com/maps/api/geocode/json?address=&sensor=false&bounds=&region=&language=&components=
Filter by:
*********************************************
HTTP Error 404: Not Found
HTTP Error 404: Not Found
2
*********************************************
HTTP Error 404: Not Found
GRANA - Lever
https://jobs.lever.co/grana?by=commitment

## slept ##
Error INVALID_REQUEST
Query: https://maps.google.com/maps/api/geocode/json?address=&sensor=false&bounds=&region=&language=&components=
Filter by:
*********************************************
GRANA - eCommerce Analyst
https://jobs.lever.co/grana/55f81dab-0511-4bde-812a-292f2b4f1f96
Hong Kong
marketing
*********************************************
0
*********************************************
HTTP Error 404: Not Found
0
*********************************************
HTTP Error 404: Not Found
Green Chef - Front End Engineer
https://jobs.lever.co/greenchef/031f48e0-3b61-403e-8784-fa9cd22da034/apply
Boulder, CO
____________________________________________________________
*********************************************
Green Chef
https://jobs.lever.co/greenchef

## slept ##
Error INVALID_REQUEST
Query: https://maps.google.com/maps/api/geocode/json?address=&sensor=false&bounds=&region=&language=&components=
Filter by:
*********************************************
Green Chef
https://jobs.lever.co/greenchef?location=Mountain%20View%2C%20CA

## slept ##
Error INVALID_REQUEST
Query: https://maps.google.com/maps/api/geocode/json?address=&sensor=false&bounds=&region=&language=&components=
Filter by:
*********************************************
0
*********************************************
GTI - Supply Chain Manager
https://jobs.lever.co/gtigrows/e55c4218-b25b-4355-9052-1af635c7f736
Chicago, IL (HQ)
*********************************************
GTI - General Manager, Cultivation
https://jobs.lever.co/gtigrows/bd19dbb1-d717-47ea-a453-94a06e5f939c
Danville, PA
data entry
local
weekly
*********************************************
1
*********************************************
0
*********************************************
HTTP Error 404: Not Found
Hampton Creek
https://jobs.lever.co/hamptoncreek?commitment=Full-time

## slept ##
Error INVALID_REQUEST
Query: https://maps.google.com/maps/api/geocode/json?address=&sensor=false&bounds=&region=&language=&components=
Filter by:
*********************************************
Hampton Creek
https://jobs.lever.co/hamptoncreek?team=R%26D

## slept ##
Error INVALID_REQUEST
Query: https://maps.google.com/maps/api/geocode/json?address=&sensor=false&bounds=&region=&language=&components=
Filter by:
*********************************************
Hampton Creek - Scientific Director, Cellular Agriculture
https://jobs.lever.co/hamptoncreek/c29a510f-24ad-4642-94fb-6e08af719882
San Francisco
*********************************************
Hampton Creek - Cellular Agriculture Research Scientist
https://jobs.lever.co/hamptoncreek/60692888-e05e-4b1f-b1de-5b2cd381e009
San Francisco
*********************************************
Hampton Creek - Senior Food Scientist, Product Research
https://jobs.lever.co/hamptoncreek/6a8c376b-b23f-4aa3-b140-7dd35305f196
San Francisco
*********************************************
HTTP Error 404: Not Found
Hampton Creek
https://jobs.lever.co/hamptoncreek?team=Marketing

## slept ##
Error INVALID_REQUEST
Query: https://maps.google.com/maps/api/geocode/json?address=&sensor=false&bounds=&region=&language=&components=
Filter by:
*********************************************
Hampton Creek
https://jobs.lever.co/hamptoncreek?location=East%20Coast

## slept ##
Error INVALID_REQUEST
Query: https://maps.google.com/maps/api/geocode/json?address=&sensor=false&bounds=&region=&language=&components=
Filter by:
*********************************************
Hampton Creek
https://jobs.lever.co/hamptoncreek?team=partnerships

## slept ##
Error INVALID_REQUEST
Query: https://maps.google.com/maps/api/geocode/json?address=&sensor=false&bounds=&region=&language=&components=
Filter by:
*********************************************
Hampton Creek
https://jobs.lever.co/hamptoncreek/

## slept ##
Error INVALID_REQUEST
Query: https://maps.google.com/maps/api/geocode/json?address=&sensor=false&bounds=&region=&language=&components=
Filter by:
*********************************************
3
*********************************************
0
*********************************************
Headspace, Inc. - Software Engineer, Platform (Payments)
https://jobs.lever.co/headspace/e848920a-1d8e-4f9c-8dd2-13688c3baaa7
San Francisco
*********************************************
Headspace - Data Engineer
https://jobs.lever.co/headspace/d367adc4-e43f-4d58-86a5-21a909043b8f
Santa Monica
*********************************************
Headspace - Software Engineer, Platform (Growth)
https://jobs.lever.co/headspace/cee191de-91de-4420-857d-ea0bbecd332d
Santa Monica
*********************************************
Headspace - DevOps Engineer
https://jobs.lever.co/headspace/afe17e3c-8be5-4080-8a45-4b0c4bd74da7
Santa Monica
*********************************************
Headspace - Software Engineer, Platform (B2B)
https://jobs.lever.co/headspace/266ecc4a-401f-4ed9-adff-3fb420311abd
San Francisco
*********************************************
Headspace - Software Engineer, Platform (Core Product)
https://jobs.lever.co/headspace/781a90bd-73a2-477f-b324-225b65a9638c
Santa Monica
*********************************************
Headspace - Software Engineer, Android (Growth)
https://jobs.lever.co/headspace/0999bf8e-44bb-47c6-82a0-5250a2e67148
Santa Monica
*********************************************
Headspace - Software Engineer, Web (B2B)
https://jobs.lever.co/headspace/a9f04e9f-4d80-44a1-8c9f-3f14c5c0ed39
San Francisco
*********************************************
Headspace - Data Engineer
https://jobs.lever.co/headspace/d367adc4-e43f-4d58-86a5-21a909043b8f/apply
Santa Monica
____________________________________________________________
*********************************************
Headspace - Software Engineer, Platform (B2B)
https://jobs.lever.co/headspace/266ecc4a-401f-4ed9-adff-3fb420311abd/apply
San Francisco
____________________________________________________________
*********************************************
Headspace - Software Engineer, Platform (Core Product)
https://jobs.lever.co/headspace/781a90bd-73a2-477f-b324-225b65a9638c/apply
Santa Monica
____________________________________________________________
*********************************************
Headspace
https://jobs.lever.co/headspace

## slept ##
Error INVALID_REQUEST
Query: https://maps.google.com/maps/api/geocode/json?address=&sensor=false&bounds=&region=&language=&components=
Filter by:
*********************************************
Headspace - Director, Engineering (Core Experience)
https://jobs.lever.co/headspace/be2ae72c-302f-4347-9a38-fcfb40fe977a
Santa Monica
marketing
*********************************************
HTTP Error 404: Not Found
HTTP Error 404: Not Found
Headspace - Product Lead, Payments & Billing
https://jobs.lever.co/headspace/83fa184d-99c0-42d7-9c55-d56d12ab2531
Santa Monica
*********************************************
HTTP Error 404: Not Found
Headspace - VP, Enterprise Sales
https://jobs.lever.co/headspace/0aa58ada-4bfb-4490-b894-53f8cb9db9bf
Santa Monica
partner 
*********************************************
Headspace - Director, International
https://jobs.lever.co/headspace/126b50ff-0824-4efc-aa58-3acdc896b00d
Santa Monica OR San Francisco
marketing
local
*********************************************
Headspace - User Acquisition Manager, SEO
https://jobs.lever.co/headspace/055aaf3f-702f-411d-9f27-fe59c11922ef
Santa Monica
marketing
*********************************************
Headspace - Recruiting Coordinator
https://jobs.lever.co/headspace/a62c9390-b3a5-4ecf-9f6c-689553973527
Santa Monica
customer service
partner 
*********************************************
9
*********************************************
HeadSpin - Senior Sales Engineer
https://jobs.lever.co/headspin/ec96e0b1-9754-4772-b217-e51d957fb4e0
Melbourne, Australia
technical support
*********************************************
HeadSpin - Software Engineer, Infrastructure
https://jobs.lever.co/headspin/e0959342-d178-4362-afec-f346fe63ab62
Mountain View, CA (United States)
*********************************************
HeadSpin - Senior Software Engineer, Machine Learning and ...
https://jobs.lever.co/headspin/bb4214c4-1ba0-4f24-b60d-24d61e2b1675
Mountain View, CA (United States)
*********************************************
HeadSpin - Senior Software Engineer
https://jobs.lever.co/headspin/6d95a788-ebc6-4a9d-83f0-b713055bb0bc
Mountain View, CA (United States)
*********************************************
HeadSpin - Senior Software Engineer
https://jobs.lever.co/headspin/6d95a788-ebc6-4a9d-83f0-b713055bb0bc/apply
Mountain View, CA (United States)
____________________________________________________________
*********************************************
HeadSpin - Software Engineer, Infrastructure
https://jobs.lever.co/headspin/e0959342-d178-4362-afec-f346fe63ab62/apply
Mountain View, CA (United States)
____________________________________________________________
*********************************************
HeadSpin - Technical Infrastructure Engineer (Multiple Positions)
https://jobs.lever.co/headspin/fca0ad92-bdbf-4ede-8f3b-04ed09e6656e
Mountain View, CA (United States)
local
*********************************************
HeadSpin - Full-Stack Engineer, UI Focus
https://jobs.lever.co/headspin/32282a79-c8db-4de4-b976-9a7d880aee0f
Mountain View, CA (United States)
*********************************************
HeadSpin - Senior Sales Engineer
https://jobs.lever.co/headspin/ec96e0b1-9754-4772-b217-e51d957fb4e0/apply
Melbourne, Australia
____________________________________________________________
*********************************************
HeadSpin - Senior Sales Engineer (Multiple Positions)
https://jobs.lever.co/headspin/00b8dba9-cdc3-415f-b14d-8404715ef7ad/apply
Mountain View, CA (United States)
____________________________________________________________
*********************************************
HeadSpin
https://jobs.lever.co/headspin?team=Engineering

## slept ##
Error INVALID_REQUEST
Query: https://maps.google.com/maps/api/geocode/json?address=&sensor=false&bounds=&region=&language=&components=
Filter by:
*********************************************
HeadSpin
https://jobs.lever.co/headspin

## slept ##
Error INVALID_REQUEST
Query: https://maps.google.com/maps/api/geocode/json?address=&sensor=false&bounds=&region=&language=&components=
Filter by:
*********************************************
HeadSpin
https://jobs.lever.co/headspin?by=location

## slept ##
Error INVALID_REQUEST
Query: https://maps.google.com/maps/api/geocode/json?address=&sensor=false&bounds=&region=&language=&components=
Filter by:
*********************************************
HeadSpin - Data Scientist (Multiple Positions)
https://jobs.lever.co/headspin/2cfe6e24-a45e-4a85-93d6-c1868d39e067
Mountain View, CA (United States)
*********************************************
HeadSpin - Data Scientist (Multiple Positions)
https://jobs.lever.co/headspin/2cfe6e24-a45e-4a85-93d6-c1868d39e067/apply
Mountain View, CA (United States)
____________________________________________________________
*********************************************
HeadSpin - Customer Success Manager
https://jobs.lever.co/headspin/14ed2e8e-0ad1-4337-b2f5-1080d203ec26
London, United Kingdom
customer service
*********************************************
5
*********************************************
HealthEngine - Senior Full Stack Engineer
https://jobs.lever.co/healthengine/0fbd2f3b-118f-4c36-a8d5-55258435b65a
Sydney
*********************************************
HTTP Error 404: Not Found
HTTP Error 404: Not Found
HealthEngine - Senior Full Stack Engineer
https://jobs.lever.co/healthengine/0fbd2f3b-118f-4c36-a8d5-55258435b65a/apply
Sydney
____________________________________________________________
*********************************************
HTTP Error 404: Not Found
HealthEngine
https://jobs.lever.co/healthengine?commitment=Full-time

## slept ##
Error INVALID_REQUEST
Query: https://maps.google.com/maps/api/geocode/json?address=&sensor=false&bounds=&region=&language=&components=
Filter by:
*********************************************
HealthEngine
https://jobs.lever.co/healthengine?by=location

## slept ##
Error INVALID_REQUEST
Query: https://maps.google.com/maps/api/geocode/json?address=&sensor=false&bounds=&region=&language=&components=
Filter by:
*********************************************
HealthEngine
https://jobs.lever.co/healthengine

## slept ##
Error INVALID_REQUEST
Query: https://maps.google.com/maps/api/geocode/json?address=&sensor=false&bounds=&region=&language=&components=
Filter by:
*********************************************
HealthEngine - Register Your Interest
https://jobs.lever.co/healthengine/be384a2d-d329-4013-a0ab-e40fa0815962
Australia
*********************************************
HealthEngine - Customer Acquisition Manager
https://jobs.lever.co/healthengine/5a19ef10-5bce-42a8-88d6-17287986ba86
Perth
marketing
*********************************************
HealthEngine - Growth Marketer
https://jobs.lever.co/healthengine/827e96e2-96da-4583-9dfc-c7f1ba45cabf
Perth
marketing
*********************************************
HealthEngine - UI Designer
https://jobs.lever.co/healthengine/4bb200e9-040c-404a-a4ad-b84d4b9c7777
Perth
*********************************************
HTTP Error 404: Not Found
3
*********************************************
Health I.Q. - Full Stack Engineer
https://jobs.lever.co/healthiq/8de37783-eecc-4885-83e4-987874fa87d5
Mountain View
*********************************************
Health I.Q.
https://jobs.lever.co/healthiq

## slept ##
Error INVALID_REQUEST
Query: https://maps.google.com/maps/api/geocode/json?address=&sensor=false&bounds=&region=&language=&components=
Filter by:
*********************************************
Health I.Q.
https://jobs.lever.co/healthiq?commitment=Full-time

## slept ##
Error INVALID_REQUEST
Query: https://maps.google.com/maps/api/geocode/json?address=&sensor=false&bounds=&region=&language=&components=
Filter by:
*********************************************
Health I.Q.
https://jobs.lever.co/healthiq?by=commitment&location=Mountain%20View

## slept ##
Error INVALID_REQUEST
Query: https://maps.google.com/maps/api/geocode/json?address=&sensor=false&bounds=&region=&language=&components=
Filter by:
*********************************************
Health I.Q.
https://jobs.lever.co/healthiq?commitment=Contractor

## slept ##
Error INVALID_REQUEST
Query: https://maps.google.com/maps/api/geocode/json?address=&sensor=false&bounds=&region=&language=&components=
Filter by:
*********************************************
Health I.Q. - Director of IT
https://jobs.lever.co/healthiq/07185423-de05-4059-b4fd-4f44c8ff5315
Mountain View On-Site
tech support
local
*********************************************
Health I.Q.
https://jobs.lever.co/healthiq?location=San%20Diego

## slept ##
Error INVALID_REQUEST
Query: https://maps.google.com/maps/api/geocode/json?address=&sensor=false&bounds=&region=&language=&components=
Filter by:
*********************************************
Health I.Q.
https://jobs.lever.co/healthiq?by=commitment&team=Business%20Ops

## slept ##
Error INVALID_REQUEST
Query: https://maps.google.com/maps/api/geocode/json?address=&sensor=false&bounds=&region=&language=&components=
Filter by:
*********************************************
1
*********************************************
