Honor - Growth Engineer
https://jobs.lever.co/joinhonor.com/3f4d513a-2ec7-47cd-92b3-51aed1e24b50
San Francisco, CA
*********************************************
Honor - Frontend Engineer
https://jobs.lever.co/joinhonor.com/83abc426-a874-4ed1-a5e0-08428ced9ed6
San Francisco, CA
*********************************************
Honor - Backend Engineer
https://jobs.lever.co/joinhonor.com/bed7af35-f2b4-4d8c-b68e-5b97f0401e92/apply
San Francisco, CA
____________________________________________________________
*********************************************
Honor - Growth Engineer
https://jobs.lever.co/joinhonor.com/a4bda721-e1db-4f4a-81cf-c791a3ad59ad/apply
San Francisco, CA
____________________________________________________________
*********************************************
Honor - Frontend Engineer
https://jobs.lever.co/joinhonor.com/904cee01-928f-4fba-aa1e-5ffa04bb2e06/apply
San Francisco, CA
____________________________________________________________
*********************************************
Honor - Data Analyst
https://jobs.lever.co/joinhonor.com/a3d17436-bd50-462f-92e3-a5cdab04121f
San Francisco, CA
*********************************************
Honor
https://jobs.lever.co/joinhonor.com?commitment=Full-time

## slept ##
Error INVALID_REQUEST
Query: https://maps.google.com/maps/api/geocode/json?address=&sensor=false&bounds=&region=&language=&components=
Filter by:
*********************************************
HTTP Error 404: Not Found
HTTP Error 404: Not Found
Honor - Senior Product Designer
https://jobs.lever.co/joinhonor.com/d2bb1733-4003-4ea3-88fe-5d4363b24575
San Francisco, CA
*********************************************
Honor - Trainer
https://jobs.lever.co/joinhonor.com/17d91168-e051-4915-899b-1fd1268432d8
Concord, CA
*********************************************
HTTP Error 404: Not Found
Honor - Manager - Care Pro Success
https://jobs.lever.co/joinhonor.com/2729aff2-5d34-4ac4-8868-cb5597164fe1
Concord, CA
*********************************************
6
*********************************************
Root - Senior Software Engineer
https://jobs.lever.co/joinroot/80aab240-511a-48fd-93e2-0c0e48611b9a/apply
Columbus, OH
____________________________________________________________
*********************************************
Root - Product Analyst
https://jobs.lever.co/joinroot/0cf7f3c0-2b61-4a97-9f6a-1df4b6068b39
Columbus, OH
marketing
*********************************************
Root - Product Manager
https://jobs.lever.co/joinroot/86ef443a-c6aa-4729-9db6-e2eddf2972e2
Columbus, OH
weekly
*********************************************
Root
https://jobs.lever.co/joinroot

## slept ##
Error INVALID_REQUEST
Query: https://maps.google.com/maps/api/geocode/json?address=&sensor=false&bounds=&region=&language=&components=
Filter by:
*********************************************
0
*********************************************
0
*********************************************
Joybird - Process Engineer / Project Manager
https://jobs.lever.co/joybird/d534583b-4423-4288-9dd0-8da1bca1b97c
Tijuana, MX
*********************************************
Joybird - Process Engineer / Project Manager
https://jobs.lever.co/joybird/d534583b-4423-4288-9dd0-8da1bca1b97c/apply
Tijuana, MX
____________________________________________________________
*********************************************
Joybird - Sr. Analytics Manager, Business Intelligence
https://jobs.lever.co/joybird/3dad74cc-05a7-4dc4-9f7c-1e161ac9771b
Commerce, CA
marketing
*********************************************
Joybird - Lever
https://jobs.lever.co/joybird?by=location

## slept ##
Error INVALID_REQUEST
Query: https://maps.google.com/maps/api/geocode/json?address=&sensor=false&bounds=&region=&language=&components=
Filter by:
*********************************************
Joybird - Data/Reporting Project Manager
https://jobs.lever.co/joybird/bff825c9-4281-436c-a6a6-6cc1d53db14f
San Diego, CA
marketing
*********************************************
1
*********************************************
Juhll Agency - Ruby on Rails Developer
https://jobs.lever.co/juhll/90ef474d-38fc-4016-8f58-6d88eca67240
El Segundo, California
local
*********************************************
0
*********************************************
HTTP Error 404: Not Found
HTTP Error 404: Not Found
HTTP Error 404: Not Found
HTTP Error 404: Not Found
HTTP Error 404: Not Found
Juicero - Lever
https://jobs.lever.co/juicero?commitment=Full-time

## slept ##
Error INVALID_REQUEST
Query: https://maps.google.com/maps/api/geocode/json?address=&sensor=false&bounds=&region=&language=&components=
*********************************************
Juicero - Lever
https://jobs.lever.co/juicero?by=commitment&location=San%20Francisco%2C%20California

## slept ##
Error INVALID_REQUEST
Query: https://maps.google.com/maps/api/geocode/json?address=&sensor=false&bounds=&region=&language=&components=
*********************************************
Juicero - Lever
https://jobs.lever.co/juicero?team=Hardware

## slept ##
Error INVALID_REQUEST
Query: https://maps.google.com/maps/api/geocode/json?address=&sensor=false&bounds=&region=&language=&components=
*********************************************
Juicero
https://jobs.lever.co/juicero?by=commitment

## slept ##
Error INVALID_REQUEST
Query: https://maps.google.com/maps/api/geocode/json?address=&sensor=false&bounds=&region=&language=&components=
*********************************************
Juicero
https://jobs.lever.co/juicero?location=San%20Francisco%2C%20California

## slept ##
Error INVALID_REQUEST
Query: https://maps.google.com/maps/api/geocode/json?address=&sensor=false&bounds=&region=&language=&components=
*********************************************
Juicero
https://jobs.lever.co/juicero?team=Hardware&commitment=Full-time&location=San%20Francisco%2C%20California

## slept ##
Error INVALID_REQUEST
Query: https://maps.google.com/maps/api/geocode/json?address=&sensor=false&bounds=&region=&language=&components=
*********************************************
Juicero - Lever
https://jobs.lever.co/juicero?by=commitment&team=Food%20Manufacturing%20%26%20Food%20Safety%2FQuality

## slept ##
Error INVALID_REQUEST
Query: https://maps.google.com/maps/api/geocode/json?address=&sensor=false&bounds=&region=&language=&components=
*********************************************
Juicero - Lever
https://jobs.lever.co/juicero?location=Los%20Angeles%2C%20CA

## slept ##
Error INVALID_REQUEST
Query: https://maps.google.com/maps/api/geocode/json?address=&sensor=false&bounds=&region=&language=&components=
*********************************************
8
*********************************************
HTTP Error 404: Not Found
Jumpcut - Lever
https://jobs.lever.co/jumpcut?by=location

## slept ##
Error INVALID_REQUEST
Query: https://maps.google.com/maps/api/geocode/json?address=&sensor=false&bounds=&region=&language=&components=
Filter by:
*********************************************
Jumpcut - Direct Response Copywriter
https://jobs.lever.co/jumpcut/a2416d7b-5b1b-466b-9a07-ebf73616b74b
Los Angeles
marketing
*********************************************
HTTP Error 404: Not Found
Jumpcut - Executive Sales Funnel Builder
https://jobs.lever.co/jumpcut/8c6718c9-fe88-4043-bbd6-43c2c686818f
Los Angeles
marketing
instructor
*********************************************
0
*********************************************
PT. Jurnal Consulting Indonesia - DevOps Engineer
https://jobs.lever.co/jurnal/d4c6bf91-ee30-4204-a734-30741c42d58b
Jakarta
*********************************************
PT. Jurnal Consulting Indonesia - DevOps Engineer
https://jobs.lever.co/jurnal/d4c6bf91-ee30-4204-a734-30741c42d58b/apply
Jakarta
____________________________________________________________
*********************************************
PT. Jurnal Consulting Indonesia - Junior Software Engineer
https://jobs.lever.co/jurnal/01e96661-6789-4dfa-b5a5-5e28dd324095
Jakarta
*********************************************
PT. Jurnal Consulting Indonesia - VP of Engineering
https://jobs.lever.co/jurnal/4653b6d4-8885-4873-9bb3-59036d490e9f
Jakarta
*********************************************
PT. Jurnal Consulting Indonesia
https://jobs.lever.co/jurnal

## slept ##
Error INVALID_REQUEST
Query: https://maps.google.com/maps/api/geocode/json?address=&sensor=false&bounds=&region=&language=&components=
Filter by:
*********************************************
PT. Jurnal Consulting Indonesia
https://jobs.lever.co/jurnal?by=commitment

## slept ##
Error INVALID_REQUEST
Query: https://maps.google.com/maps/api/geocode/json?address=&sensor=false&bounds=&region=&language=&components=
Filter by:
*********************************************
PT. Jurnal Consulting Indonesia - Software Tester and Quality ...
https://jobs.lever.co/jurnal/a303bf32-8b66-4154-bec9-093539cd2524

## slept ##
Error INVALID_REQUEST
Query: https://maps.google.com/maps/api/geocode/json?address=&sensor=false&bounds=&region=&language=&components=
*********************************************
PT. Jurnal Consulting Indonesia - Frontend Developer
https://jobs.lever.co/jurnal/5626c936-37d0-4bcc-a519-73280fd5fcf2
Jakarta
*********************************************
PT. Jurnal Consulting Indonesia - Android Developer
https://jobs.lever.co/jurnal/c8490d31-b775-4bf5-b992-42fdbd22fef0
Jakarta
*********************************************
6
*********************************************
K4Connect - Senior Mobile Engineer
https://jobs.lever.co/k4connect/521ce14b-957b-46e5-a551-1617d75a603f
Raleigh, NC
local
equity
*********************************************
HTTP Error 404: Not Found
K4Connect
https://jobs.lever.co/k4connect

## slept ##
Error INVALID_REQUEST
Query: https://maps.google.com/maps/api/geocode/json?address=&sensor=false&bounds=&region=&language=&components=
Filter by:
*********************************************
K4Connect - Lever
https://jobs.lever.co/k4connect?location=Raleigh%2C%20NC

## slept ##
Error INVALID_REQUEST
Query: https://maps.google.com/maps/api/geocode/json?address=&sensor=false&bounds=&region=&language=&components=
Filter by:
*********************************************
HTTP Error 404: Not Found
K4Connect - Lever
https://jobs.lever.co/k4connect?by=commitment&location=Raleigh%2C%20NC

## slept ##
Error INVALID_REQUEST
Query: https://maps.google.com/maps/api/geocode/json?address=&sensor=false&bounds=&region=&language=&components=
Filter by:
*********************************************
K4Connect - Lever
https://jobs.lever.co/k4connect?by=location

## slept ##
Error INVALID_REQUEST
Query: https://maps.google.com/maps/api/geocode/json?address=&sensor=false&bounds=&region=&language=&components=
Filter by:
*********************************************
K4Connect - Lever
https://jobs.lever.co/k4connect?by=commitment

## slept ##
Error INVALID_REQUEST
Query: https://maps.google.com/maps/api/geocode/json?address=&sensor=false&bounds=&region=&language=&components=
Filter by:
*********************************************
HTTP Error 404: Not Found
0
*********************************************
HTTP Error 404: Not Found
HTTP Error 404: Not Found
HTTP Error 404: Not Found
0
*********************************************
Kairos Aerospace - Software Engineer
https://jobs.lever.co/kairosaerospace/be32ccc2-2153-4f7a-8af4-2f2f84336ab1/apply
Mountain View, CA
____________________________________________________________
*********************************************
Kairos Aerospace - Operations Engineer
https://jobs.lever.co/kairosaerospace/86699d2c-544a-4273-8001-61f73eed0bb4/apply
Mountain View, CA
____________________________________________________________
*********************************************
Kairos Aerospace
https://jobs.lever.co/kairosaerospace

## slept ##
Error INVALID_REQUEST
Query: https://maps.google.com/maps/api/geocode/json?address=&sensor=false&bounds=&region=&language=&components=
Filter by:
*********************************************
Kairos Aerospace - Project Manager
https://jobs.lever.co/kairosaerospace/8b1e9c25-9e8a-4101-aa1e-961e9d39802b
Mountain View, CA
*********************************************
1
*********************************************
Kaizen Platform, Inc. - Corporate Engineer コーポレートエンジニア
https://jobs.lever.co/kaizenplatform/ea42a8b1-811a-4cd1-8c09-452649a34902/apply
Tokyo/東京都
survey
____________________________________________________________
*********************************************
Kaizen Platform, Inc. - Site Reliability Engineer
https://jobs.lever.co/kaizenplatform/d1034e88-95d3-4694-94e9-663b583a907f/apply
Tokyo/東京都
survey
____________________________________________________________
*********************************************
Kaizen Platform, Inc. - Frontend Engineer/ フロントエンドエンジニア
https://jobs.lever.co/kaizenplatform/8a4371bd-8a4f-465c-81b1-8a28b9851a48
Tokyo/東京都
*********************************************
Kaizen Platform, Inc. - Site Reliability Engineer
https://jobs.lever.co/kaizenplatform/d1034e88-95d3-4694-94e9-663b583a907f
Tokyo/東京都
*********************************************
Kaizen Platform, Inc. - Application Engineer / アプリケーションエンジニア
https://jobs.lever.co/kaizenplatform/d7a8d7de-21e0-4493-ac80-006961259f01
Tokyo/東京都
*********************************************
Kaizen Platform, Inc.
https://jobs.lever.co/kaizenplatform?by=location

## slept ##
Error INVALID_REQUEST
Query: https://maps.google.com/maps/api/geocode/json?address=&sensor=false&bounds=&region=&language=&components=
Filter by:
*********************************************
Kaizen Platform, Inc.
https://jobs.lever.co/kaizenplatform/

## slept ##
Error INVALID_REQUEST
Query: https://maps.google.com/maps/api/geocode/json?address=&sensor=false&bounds=&region=&language=&components=
Filter by:
*********************************************
Kaizen Platform, Inc. - アートディレクター / Art Director
https://jobs.lever.co/kaizenplatform/8da600b6-0171-46b4-af72-3c1364186c89
Tokyo/東京都
*********************************************
Kaizen Platform, Inc.
https://jobs.lever.co/kaizenplatform?by=location&team=Customer%20Success

## slept ##
Error INVALID_REQUEST
Query: https://maps.google.com/maps/api/geocode/json?address=&sensor=false&bounds=&region=&language=&components=
Filter by:
*********************************************
Kaizen Platform, Inc.
https://jobs.lever.co/kaizenplatform?by=location&team=Production

## slept ##
Error INVALID_REQUEST
Query: https://maps.google.com/maps/api/geocode/json?address=&sensor=false&bounds=&region=&language=&components=
Filter by:
*********************************************
Kaizen Platform, Inc. - Product Manager / プロダクトマネージャー
https://jobs.lever.co/kaizenplatform/ee0ec4af-4c45-4d01-9c39-1fd0a1bcda2f
Tokyo/東京都
*********************************************
Kaizen Platform, Inc.
https://jobs.lever.co/kaizenplatform?by=location&team=Sales

## slept ##
Error INVALID_REQUEST
Query: https://maps.google.com/maps/api/geocode/json?address=&sensor=false&bounds=&region=&language=&components=
Filter by:
*********************************************
5
*********************************************
Kalo - DevOps Engineer
https://jobs.lever.co/kalo/a34064fc-1b29-46fb-8d54-676713222f1d
London
*********************************************
Kalo - Senior Front End Engineer
https://jobs.lever.co/kalo/2e065e03-6bd7-4ae4-97a9-9bbcb3d1de72
London
*********************************************
Kalo - Python Engineer
https://jobs.lever.co/kalo/09531b25-af09-4887-b3af-994cfad62f20
San Francisco
*********************************************
Kalo - Contract Python Engineer
https://jobs.lever.co/kalo/15c56f2f-7301-4b98-8786-258da6e3b2ea
London
*********************************************
Kalo - Python Engineer
https://jobs.lever.co/kalo/f7a6e638-e814-4124-b90a-b5d6a1d4ebf2/apply
London
survey
____________________________________________________________
*********************************************
Kalo - Product Manager - London
https://jobs.lever.co/kalo/fbb59dfb-2453-4e0b-9e7c-05a2cae0bbb6
London
marketing
*********************************************
Kalo - Product Designer
https://jobs.lever.co/kalo/6f26ba81-aaea-4d4a-bbb4-fa3aced21c1e
London
*********************************************
5
*********************************************
Kamcord - Android App Engineer
https://jobs.lever.co/kamcord/054e810f-fc88-46ea-9b50-65e9c996d11d
San Francisco, CA
*********************************************
Kamcord - Backend Engineer
https://jobs.lever.co/kamcord/dabf2f18-26bc-402b-adc5-cb178bcaf9e3
San Francisco, CA
*********************************************
Kamcord - iOS Graphics & App Engineer
https://jobs.lever.co/kamcord/8480c014-d88c-4d2a-8286-2b99c9923905
San Francisco, CA
*********************************************
Kamcord - Backend Engineer
https://jobs.lever.co/kamcord/dabf2f18-26bc-402b-adc5-cb178bcaf9e3/apply
San Francisco, CA
____________________________________________________________
*********************************************
Kamcord - Android App Engineer
https://jobs.lever.co/kamcord/054e810f-fc88-46ea-9b50-65e9c996d11d/apply
San Francisco, CA
____________________________________________________________
*********************************************
Kamcord
https://jobs.lever.co/kamcord

## slept ##
Error INVALID_REQUEST
Query: https://maps.google.com/maps/api/geocode/json?address=&sensor=false&bounds=&region=&language=&components=
Filter by:
*********************************************
Kamcord
https://jobs.lever.co/kamcord?by=commitment&location=San%20Francisco%2C%20CA

## slept ##
Error INVALID_REQUEST
Query: https://maps.google.com/maps/api/geocode/json?address=&sensor=false&bounds=&region=&language=&components=
Filter by:
*********************************************
Kamcord - Product Designer
https://jobs.lever.co/kamcord/de45920f-abf4-42a3-ab3e-14573f766300
San Francisco, CA
*********************************************
HTTP Error 404: Not Found
4
*********************************************
Kano - Embedded Systems (IoT) Engineer
https://jobs.lever.co/kano/a2c1dd69-5af1-4a64-b218-86a4a0554262
Kano HQ
*********************************************
HTTP Error 404: Not Found
Kano
https://jobs.lever.co/kano?location=Kano%20HQ&commitment=Full-time&team=Engineering

## slept ##
Error INVALID_REQUEST
Query: https://maps.google.com/maps/api/geocode/json?address=&sensor=false&bounds=&region=&language=&components=
Filter by:
*********************************************
Kano
https://jobs.lever.co/kano

## slept ##
Error INVALID_REQUEST
Query: https://maps.google.com/maps/api/geocode/json?address=&sensor=false&bounds=&region=&language=&components=
Filter by:
*********************************************
Kano
https://jobs.lever.co/kano?commitment=Full-time

## slept ##
Error INVALID_REQUEST
Query: https://maps.google.com/maps/api/geocode/json?address=&sensor=false&bounds=&region=&language=&components=
Filter by:
*********************************************
Kano
https://jobs.lever.co/kano?by=commitment

## slept ##
Error INVALID_REQUEST
Query: https://maps.google.com/maps/api/geocode/json?address=&sensor=false&bounds=&region=&language=&components=
Filter by:
*********************************************
Kano - Desktop Apps Developer
https://jobs.lever.co/kano/c2a62efd-a560-40ff-8e89-3c89e910b81b
Kano HQ, London
*********************************************
HTTP Error 404: Not Found
Kano - Front-End Developer
https://jobs.lever.co/kano/bf91d8a9-2aaa-482f-b530-5e5c5e0f4191
Kano HQ
*********************************************
Kano - Full Stack Developer (Web/API/Node.js)
https://jobs.lever.co/kano/9b13e587-a72d-478e-b042-02d2927c5965
Kano HQ
*********************************************
Kano
https://jobs.lever.co/kano?by=commitment&location=London

## slept ##
Error INVALID_REQUEST
Query: https://maps.google.com/maps/api/geocode/json?address=&sensor=false&bounds=&region=&language=&components=
Filter by:
*********************************************
4
*********************************************
Karat - Software Engineer
https://jobs.lever.co/karat/586c77ea-5c3a-40e6-a940-f74ffeba7262
Seattle
*********************************************
Karat - Software Engineer
https://jobs.lever.co/karat/586c77ea-5c3a-40e6-a940-f74ffeba7262/apply
Seattle
survey
____________________________________________________________
*********************************************
Karat - Interview Engineer
https://jobs.lever.co/karat/e6a9049c-5b70-4ecb-b237-f371ae56c528
Remote
*********************************************
HTTP Error 404: Not Found
Karat - Freelance Expert Interviewer
https://jobs.lever.co/karat/d44ab283-c7c0-4bbd-b8c3-4dc0ced64c86
Remote
*********************************************
Karat
https://jobs.lever.co/karat

## slept ##
Error INVALID_REQUEST
Query: https://maps.google.com/maps/api/geocode/json?address=&sensor=false&bounds=&region=&language=&components=
Filter by:
*********************************************
Karat - Sales Account Executive
https://jobs.lever.co/karat/fef19875-90bc-418b-b499-3f894d2e0645
Seattle
*********************************************
Karat - Product Manager
https://jobs.lever.co/karat/f97df2b1-fc3e-4566-8764-8eb7f9eac5f8
Seattle
*********************************************
Karat - Customer Success Manager
https://jobs.lever.co/karat/ea6f246e-421f-42d8-a213-ea72476436ce
Seattle/San Francisco
marketing
*********************************************
Karat
https://jobs.lever.co/karat?by=location&location=Seattle

## slept ##
Error INVALID_REQUEST
Query: https://maps.google.com/maps/api/geocode/json?address=&sensor=false&bounds=&region=&language=&components=
Filter by:
*********************************************
HTTP Error 404: Not Found
5
*********************************************
Karius - Senior Software Engineer
https://jobs.lever.co/kariusdx/ab965e61-2628-434d-934e-5cc0f1ba18ce
Redwood Shores
*********************************************
HTTP Error 404: Not Found
HTTP Error 404: Not Found
HTTP Error 404: Not Found
HTTP Error 404: Not Found
Karius - Head of Engineering
https://jobs.lever.co/kariusdx/9a80ac29-a0f4-4f36-9a5b-d0e3b20712cb
Redwood Shores
partner 
*********************************************
Karius
https://jobs.lever.co/kariusdx

## slept ##
Error INVALID_REQUEST
Query: https://maps.google.com/maps/api/geocode/json?address=&sensor=false&bounds=&region=&language=&components=
Filter by:
*********************************************
Karius - Lead Visual Designer
https://jobs.lever.co/kariusdx/e06cec88-f2f4-475b-b17f-ebc570ec229e
Redwood Shores
*********************************************
Karius - Lead Project Manager
https://jobs.lever.co/kariusdx/08492413-edde-4e3c-9b88-a842259c82c4
Redwood Shores
*********************************************
Karius - Investigative Computational Biologist
https://jobs.lever.co/kariusdx/c423ffcb-fdc3-4c2c-adc8-776022cd7108
Redwood Shores
*********************************************
Karius
https://jobs.lever.co/kariusdx?location=Menlo%20Park

## slept ##
Error INVALID_REQUEST
Query: https://maps.google.com/maps/api/geocode/json?address=&sensor=false&bounds=&region=&language=&components=
Filter by:
*********************************************
Karius
https://jobs.lever.co/kariusdx?team=Marketing

## slept ##
Error INVALID_REQUEST
Query: https://maps.google.com/maps/api/geocode/json?address=&sensor=false&bounds=&region=&language=&components=
Filter by:
*********************************************
Karius
https://jobs.lever.co/kariusdx?team=Lab

## slept ##
Error INVALID_REQUEST
Query: https://maps.google.com/maps/api/geocode/json?address=&sensor=false&bounds=&region=&language=&components=
Filter by:
*********************************************
4
*********************************************
