Chartio - Software Engineer
https://jobs.lever.co/chartio/e7e8f2ac-f141-4bdd-ad6d-4740df9a9f01
San Francisco
equity
*********************************************
Chartio - Software Engineer
https://jobs.lever.co/chartio/e7e8f2ac-f141-4bdd-ad6d-4740df9a9f01/apply
San Francisco
## slept ##
____________________________________________________________
*********************************************
Chartio - Senior/Lead Software Engineer
https://jobs.lever.co/chartio/4418831e-38cc-4965-9296-f118da9bd085/apply
San Francisco
____________________________________________________________
*********************************************
Chartio - Software Engineer
https://jobs.lever.co/chartio/5cfa5804-660e-44be-9f08-ee80c9604710/apply
Blacksburg, VA
## slept ##
Error OVER_QUERY_LIMIT
Query: https://maps.google.com/maps/api/geocode/json?address=Blacksburg%2C+VA&sensor=false&bounds=&region=&language=&components=
____________________________________________________________
*********************************************
Chartio
https://jobs.lever.co/chartio

## slept ##
Error INVALID_REQUEST
Query: https://maps.google.com/maps/api/geocode/json?address=&sensor=false&bounds=&region=&language=&components=
Filter by:
*********************************************
Chartio
https://jobs.lever.co/chartio?commitment=Full-Time

## slept ##
Error INVALID_REQUEST
Query: https://maps.google.com/maps/api/geocode/json?address=&sensor=false&bounds=&region=&language=&components=
Filter by:
*********************************************
Chartio
https://jobs.lever.co/chartio?location=San%20Francisco

## slept ##
Error INVALID_REQUEST
Query: https://maps.google.com/maps/api/geocode/json?address=&sensor=false&bounds=&region=&language=&components=
Filter by:
*********************************************
Chartio
https://jobs.lever.co/chartio?team=Engineering

## slept ##
Error INVALID_REQUEST
Query: https://maps.google.com/maps/api/geocode/json?address=&sensor=false&bounds=&region=&language=&components=
Filter by:
*********************************************
Chartio - Senior Customer Success Engineer
https://jobs.lever.co/chartio/4f0a716d-f97e-4971-a48e-8f7e3f1653bc
San Francisco
## slept ##
technical support
marketing
*********************************************
0
*********************************************
BCG Digital Ventures - Software Engineer (m/f)
https://jobs.lever.co/bcg/f20d173c-f7fd-41c5-89e9-a54f62253389/apply
Berlin
## slept ##
____________________________________________________________
*********************************************
BCG Digital Ventures - Graduate Software Engineer
https://jobs.lever.co/bcg/3230f254-3a9e-40fa-939b-a37aa1df6bbb/apply?lever-source=themuse
Sydney
____________________________________________________________
*********************************************
BCG Digital Ventures - Lead Full Stack Engineer
https://jobs.lever.co/bcg/f18dc9e0-ba49-4268-8711-97c883918b10
California
*********************************************
BCG Digital Ventures - Sr. Software Development Engineer in Test
https://jobs.lever.co/bcg/48128bb7-ad41-42b4-8090-464d1d2ab6c3
Manhattan Beach
local
*********************************************
BCG Digital Ventures - Lead Full-Stack Engineer
https://jobs.lever.co/bcg/583d3557-93cf-4f0f-bdc9-ff7fe48cca15
Manhattan Beach
*********************************************
BCG Digital Ventures - Senior Front End Engineer
https://jobs.lever.co/bcg/6f235d9f-83dd-4baf-ba92-54611f98faee
Seattle
*********************************************
BCG Digital Ventures - Senior Data Engineer
https://jobs.lever.co/bcg/43dc710c-2451-4b73-8654-869a8430e678
Manhattan Beach
## slept ##
Error OVER_QUERY_LIMIT
Query: https://maps.google.com/maps/api/geocode/json?address=Manhattan+Beach&sensor=false&bounds=&region=&language=&components=
*********************************************
BCG Digital Ventures - Senior Engineer (m/f)
https://jobs.lever.co/bcg/8e432698-898c-44f5-9446-a3b32c723deb
Berlin
*********************************************
BCG Digital Ventures - Associate Platform Engineer
https://jobs.lever.co/bcg/c805e775-0bfc-4be5-91b7-d702fa90b98b
Sydney
## slept ##
Error OVER_QUERY_LIMIT
Query: https://maps.google.com/maps/api/geocode/json?address=Sydney&sensor=false&bounds=&region=&language=&components=
*********************************************
BCG Digital Ventures - Lead Full Stack Engineer - Stealth ...
https://jobs.lever.co/bcg/07e89ea3-8d0e-4fb1-ad1e-2a9e3f137c8d
Mountain View
## slept ##
*********************************************
BCG Digital Ventures - Lead Mobile Engineer - Mobility Start-up
https://jobs.lever.co/bcg/8504c5cd-b0e7-4a99-8903-dd195c13e236
London
## slept ##
*********************************************
BCG Digital Ventures - Contract Senior Front End Engineer
https://jobs.lever.co/bcg/b805c367-c03b-4aa5-8913-902cc0dbaf6b
London
local
*********************************************
BCG Digital Ventures - Blockchain Engineering Director
https://jobs.lever.co/bcg/71778948-8150-4f31-9b19-b4741c618235
Mountain View
## slept ##
*********************************************
BCG Digital Ventures - Lead Solution Architect
https://jobs.lever.co/bcg/d161f59a-7651-42b0-be6a-a3f12630a2ec
Manhattan Beach
*********************************************
BCG Digital Ventures
https://jobs.lever.co/bcg?by=commitment

## slept ##
Error INVALID_REQUEST
Query: https://maps.google.com/maps/api/geocode/json?address=&sensor=false&bounds=&region=&language=&components=
Filter by:
*********************************************
BCG Digital Ventures - Lead Blockchain Platform Engineer
https://jobs.lever.co/bcg/dc8e9a54-1f23-4c1d-ade5-3859278b0855
Mountain View
## slept ##
Error OVER_QUERY_LIMIT
Query: https://maps.google.com/maps/api/geocode/json?address=Mountain+View&sensor=false&bounds=&region=&language=&components=
*********************************************
BCG Digital Ventures - Senior Data Scientist
https://jobs.lever.co/bcg/b53e41e5-dc96-49be-8cf6-67beb71eaaa9
Manhattan Beach
local
*********************************************
BCG Digital Ventures
https://jobs.lever.co/bcg?by=location

## slept ##
Error INVALID_REQUEST
Query: https://maps.google.com/maps/api/geocode/json?address=&sensor=false&bounds=&region=&language=&components=
Filter by:
*********************************************
BCG Digital Ventures
https://jobs.lever.co/bcg?commitment=Full-time

## slept ##
Error INVALID_REQUEST
Query: https://maps.google.com/maps/api/geocode/json?address=&sensor=false&bounds=&region=&language=&components=
Filter by:
*********************************************
BCG Digital Ventures - Senior Back End Engineer
https://jobs.lever.co/bcg/33300fb2-9469-45c0-8885-9ac608e3cc15
London
local
*********************************************
BCG Digital Ventures - Front End Engineer (iOS/Android)
https://jobs.lever.co/bcg/7614b81f-38b8-40f3-b7fb-ebdd8ca99a66
Sydney
*********************************************
BCG Digital Ventures - Venture CTO (m/f)
https://jobs.lever.co/bcg/6c017f43-e6f5-4da6-8005-b03a7a6e984a
Berlin
local
*********************************************
BCG Digital Ventures - Senior iOS Engineer
https://jobs.lever.co/bcg/e361b46c-022c-4a24-8ea7-52dff400e752
Sydney
## slept ##
*********************************************
BCG Digital Ventures - Senior Engineer, (Front End/Web)
https://jobs.lever.co/bcg/118f7445-fcf5-4bf0-8d92-8c5560f8b942
Sydney
## slept ##
Error OVER_QUERY_LIMIT
Query: https://maps.google.com/maps/api/geocode/json?address=Sydney&sensor=false&bounds=&region=&language=&components=
*********************************************
BCG Digital Ventures - Sr. Site Reliability Engineer (SRE ...
https://jobs.lever.co/bcg/4a060d64-fce5-4742-b2e0-320ad4cda76c
Mountain View
## slept ##
*********************************************
BCG Digital Ventures - Lead Data Scientist
https://jobs.lever.co/bcg/d006605f-3617-45cf-be8e-81bb3e4227f3
Manhattan Beach
*********************************************
BCG Digital Ventures - Sr. Front-End Web Developer, eCommerce ...
https://jobs.lever.co/bcg/644bfee4-953d-4cc1-bf19-4f2638411692
Manhattan Beach
## slept ##
*********************************************
BCG Digital Ventures - Head of Product - Stealth Healthcare Startup
https://jobs.lever.co/bcg/63dff06a-638d-43a1-af47-a99a9dec9e92
Mountain View
## slept ##
Error OVER_QUERY_LIMIT
Query: https://maps.google.com/maps/api/geocode/json?address=Mountain+View&sensor=false&bounds=&region=&language=&components=
partner 
*********************************************
BCG Digital Ventures - Global Finance Director
https://jobs.lever.co/bcg/3e5a3847-14b3-4a79-a905-1a89956026ff
Manhattan Beach
## slept ##
local
tutor
partner 
weekly
*********************************************
17
*********************************************
Looker - Back End Software Engineer
https://jobs.lever.co/looker/0bec8774-4891-4744-beea-6f9e3534c83b
San Francisco Bay Area
## slept ##
*********************************************
Looker - Front End Software Engineer
https://jobs.lever.co/looker/f8d6629f-8df9-4f66-9f22-dc53d780dfdb
Santa Cruz
*********************************************
Looker - Senior Full Stack Software Engineer
https://jobs.lever.co/looker/aa4f2ee6-fc83-4e7c-97d9-83c2dc2723b3
Santa Cruz
motivated individuals
*********************************************
Looker - Back End Software Engineer
https://jobs.lever.co/looker/0bec8774-4891-4744-beea-6f9e3534c83b/apply
San Francisco Bay Area
____________________________________________________________
*********************************************
Looker - Front End Software Engineer - SF
https://jobs.lever.co/looker/57219503-ea2f-428c-8b2f-716ec4efca5e/apply
San Francisco
## slept ##
____________________________________________________________
*********************************************
Looker
https://jobs.lever.co/looker

## slept ##
Error INVALID_REQUEST
Query: https://maps.google.com/maps/api/geocode/json?address=&sensor=false&bounds=&region=&language=&components=
Filter by:
*********************************************
Looker
https://jobs.lever.co/looker?team=All%20Engineering

## slept ##
Error INVALID_REQUEST
Query: https://maps.google.com/maps/api/geocode/json?address=&sensor=false&bounds=&region=&language=&components=
Filter by:
*********************************************
Looker
https://jobs.lever.co/looker?lever-via=9ZB4PuMBT1

## slept ##
Error INVALID_REQUEST
Query: https://maps.google.com/maps/api/geocode/json?address=&sensor=false&bounds=&region=&language=&components=
Filter by:
*********************************************
Looker
https://jobs.lever.co/looker?by=location

## slept ##
Error INVALID_REQUEST
Query: https://maps.google.com/maps/api/geocode/json?address=&sensor=false&bounds=&region=&language=&components=
Filter by:
*********************************************
Looker - Partnership Sales Engineer - Dublin
https://jobs.lever.co/looker/4eb5122f-eb6d-4e8c-918e-5f5e23cd5614
Dublin
partner 
*********************************************
Looker - Enterprise Customer Success Engineer - Dublin
https://jobs.lever.co/looker/5cfda058-6536-4d4f-8083-de2289970589
Dublin
## slept ##
Error OVER_QUERY_LIMIT
Query: https://maps.google.com/maps/api/geocode/json?address=Dublin&sensor=false&bounds=&region=&language=&components=
*********************************************
Looker - Pre-Sales Solutions Consultant, Data Analytics
https://jobs.lever.co/looker/82af595b-1d49-4904-83f8-3679d5d42a1c
Santa Cruz
## slept ##
marketing
*********************************************
3
*********************************************
MailChannels - Senior Software Engineer
https://jobs.lever.co/mailchannels/7473371c-4668-4b78-95b4-e7793eedae53
Vancouver
## slept ##
Error OVER_QUERY_LIMIT
Query: https://maps.google.com/maps/api/geocode/json?address=Vancouver&sensor=false&bounds=&region=&language=&components=
*********************************************
MailChannels - Senior Software Engineer - Lever
https://jobs.lever.co/mailchannels/7473371c-4668-4b78-95b4-e7793eedae53/apply
Vancouver
## slept ##
Error OVER_QUERY_LIMIT
Query: https://maps.google.com/maps/api/geocode/json?address=Vancouver&sensor=false&bounds=&region=&language=&components=
____________________________________________________________
*********************************************
MailChannels
https://jobs.lever.co/mailchannels?team=Engineering

## slept ##
Error INVALID_REQUEST
Query: https://maps.google.com/maps/api/geocode/json?address=&sensor=false&bounds=&region=&language=&components=
Filter by:
*********************************************
MailChannels - Lever
https://jobs.lever.co/mailchannels?commitment=Full-time

## slept ##
Error INVALID_REQUEST
Query: https://maps.google.com/maps/api/geocode/json?address=&sensor=false&bounds=&region=&language=&components=
Filter by:
*********************************************
1
*********************************************
Nylas - Software Engineer
https://jobs.lever.co/nylas/2acf52e8-54b1-4593-b269-3e7f64a43900
San Francisco
*********************************************
Nylas - Software Engineer
https://jobs.lever.co/nylas/2acf52e8-54b1-4593-b269-3e7f64a43900/apply
San Francisco
## slept ##
Error OVER_QUERY_LIMIT
Query: https://maps.google.com/maps/api/geocode/json?address=San+Francisco&sensor=false&bounds=&region=&language=&components=
____________________________________________________________
*********************************************
Nylas - Lever
https://jobs.lever.co/nylas?team=Engineering

## slept ##
Error INVALID_REQUEST
Query: https://maps.google.com/maps/api/geocode/json?address=&sensor=false&bounds=&region=&language=&components=
Filter by:
*********************************************
Nylas
https://jobs.lever.co/nylas

## slept ##
Error INVALID_REQUEST
Query: https://maps.google.com/maps/api/geocode/json?address=&sensor=false&bounds=&region=&language=&components=
Filter by:
*********************************************
Nylas
https://jobs.lever.co/nylas?location=San%20Francisco

## slept ##
Error INVALID_REQUEST
Query: https://maps.google.com/maps/api/geocode/json?address=&sensor=false&bounds=&region=&language=&components=
Filter by:
*********************************************
Nylas - Lever
https://jobs.lever.co/nylas?commitment=Full%20time

## slept ##
Error INVALID_REQUEST
Query: https://maps.google.com/maps/api/geocode/json?address=&sensor=false&bounds=&region=&language=&components=
Filter by:
*********************************************
Nylas - Lever
https://jobs.lever.co/nylas?by=commitment

## slept ##
Error INVALID_REQUEST
Query: https://maps.google.com/maps/api/geocode/json?address=&sensor=false&bounds=&region=&language=&components=
Filter by:
*********************************************
Nylas - Sales Account Executive
https://jobs.lever.co/nylas/6742d0b3-8257-4add-8f0d-fe4425401f15
San Francisco
## slept ##
*********************************************
2
*********************************************
Animoto - Software Engineer - Platform
https://jobs.lever.co/animoto/e499e8a0-fe27-49f5-8c11-96472c3824c7
New York, New York
## slept ##
Error OVER_QUERY_LIMIT
Query: https://maps.google.com/maps/api/geocode/json?address=New+York%2C+New+York&sensor=false&bounds=&region=&language=&components=
marketing
equity
weekly
*********************************************
Animoto - Software Engineer - Platform
https://jobs.lever.co/animoto/e499e8a0-fe27-49f5-8c11-96472c3824c7/apply
New York, New York
____________________________________________________________
*********************************************
Animoto
https://jobs.lever.co/animoto

## slept ##
Error INVALID_REQUEST
Query: https://maps.google.com/maps/api/geocode/json?address=&sensor=false&bounds=&region=&language=&components=
Filter by:
*********************************************
Animoto - Lever
https://jobs.lever.co/animoto?team=Engineering

## slept ##
Error INVALID_REQUEST
Query: https://maps.google.com/maps/api/geocode/json?address=&sensor=false&bounds=&region=&language=&components=
Filter by:
*********************************************
Animoto - Lever
https://jobs.lever.co/animoto?by=commitment

## slept ##
Error INVALID_REQUEST
Query: https://maps.google.com/maps/api/geocode/json?address=&sensor=false&bounds=&region=&language=&components=
Filter by:
*********************************************
Animoto - Lever
https://jobs.lever.co/animoto?location=New%20York%2C%20New%20York

## slept ##
Error INVALID_REQUEST
Query: https://maps.google.com/maps/api/geocode/json?address=&sensor=false&bounds=&region=&language=&components=
Filter by:
*********************************************
Animoto - Platform Engineering Manager
https://jobs.lever.co/animoto/915d1392-b770-427e-bad2-ed754f8277f3
New York, New York
## slept ##
marketing
equity
weekly
*********************************************
0
*********************************************
VTS - Staff Software Engineer
https://jobs.lever.co/vts/78250f87-6439-41a1-b1bc-82a25bcfbd16
New York
## slept ##
equity
*********************************************
VTS - Senior Software Engineer
https://jobs.lever.co/vts/78e5a75b-a567-4733-8f77-a78db1e31703
New York
## slept ##
Error OVER_QUERY_LIMIT
Query: https://maps.google.com/maps/api/geocode/json?address=New+York&sensor=false&bounds=&region=&language=&components=
equity
weekly
*********************************************
VTS - Senior Software Engineer
https://jobs.lever.co/vts/78e5a75b-a567-4733-8f77-a78db1e31703/apply
New York
## slept ##
survey
____________________________________________________________
*********************************************
VTS
https://jobs.lever.co/vts

## slept ##
Error INVALID_REQUEST
Query: https://maps.google.com/maps/api/geocode/json?address=&sensor=false&bounds=&region=&language=&components=
Filter by:
*********************************************
VTS - Solutions Engineer
https://jobs.lever.co/vts/947fc339-a5b1-4bfd-91cc-063bd1058c47
New York
## slept ##
Error OVER_QUERY_LIMIT
Query: https://maps.google.com/maps/api/geocode/json?address=New+York&sensor=false&bounds=&region=&language=&components=
partner 
equity
*********************************************
0
*********************************************
MZ - Software Engineer Java
https://jobs.lever.co/machinezone/e2add82d-c82d-465b-a1c1-eefc56d7de1d
Palo Alto, CA
marketing
*********************************************
MZ - Software Engineer, Monetization
https://jobs.lever.co/machinezone/764d5a68-b672-45c7-b3de-e12dba5b1ed6
Palo Alto, CA
## slept ##
Error OVER_QUERY_LIMIT
Query: https://maps.google.com/maps/api/geocode/json?address=Palo+Alto%2C+CA&sensor=false&bounds=&region=&language=&components=
*********************************************
MZ - Principal Software Engineer, Infrastructure
https://jobs.lever.co/machinezone/6a8befd5-6a82-4c2d-a601-4895444fe8d0
Palo Alto & San Francisco, CA
## slept ##
Error OVER_QUERY_LIMIT
Query: https://maps.google.com/maps/api/geocode/json?address=Palo+Alto+%26+San+Francisco%2C+CA&sensor=false&bounds=&region=&language=&components=
*********************************************
HTTP Error 404: Not Found
MZ - Software Engineer, Game Features
https://jobs.lever.co/machinezone/ea4b5df6-f7ab-43fe-a52a-ecb9915b4fe6
Palo Alto, CA or San Francisco
*********************************************
MZ - Senior Software Engineer, Java
https://jobs.lever.co/machinezone/6426b81e-52ac-4bd1-9a24-363a6fcea853
Palo Alto, CA
## slept ##
*********************************************
MZ - Principal Software Engineer, C++
https://jobs.lever.co/machinezone/eb099cef-3c71-4502-afde-321e2f5390d8
Palo Alto, CA
## slept ##
Error OVER_QUERY_LIMIT
Query: https://maps.google.com/maps/api/geocode/json?address=Palo+Alto%2C+CA&sensor=false&bounds=&region=&language=&components=
*********************************************
MZ - Senior Software Engineer, Big Data
https://jobs.lever.co/machinezone/a23ea17c-7831-4baa-bc10-34b264e3b4ca
Palo Alto, CA
## slept ##
*********************************************
MZ - Staff Software Engineer, Machine Learning
https://jobs.lever.co/machinezone/ca4308de-dbcb-47f0-8b33-a9a42be22fb6
Palo Alto, CA
*********************************************
MZ - Software Engineer, Framework Infrastructure Tech
https://jobs.lever.co/machinezone/2158a4ef-3faf-435a-8453-a0b3eda7dac5
Palo Alto, CA
*********************************************
MZ - Senior Software Engineer, Full Stack
https://jobs.lever.co/machinezone/bacecedd-153c-4233-9358-446798ac8869
Palo Alto, CA
## slept ##
Error OVER_QUERY_LIMIT
Query: https://maps.google.com/maps/api/geocode/json?address=Palo+Alto%2C+CA&sensor=false&bounds=&region=&language=&components=
partner 
*********************************************
MZ - Senior Software Engineer, Tech Foundation
https://jobs.lever.co/machinezone/53e9017b-454d-4c9a-afcb-2b93aaf5e944
Palo Alto, CA
## slept ##
Error OVER_QUERY_LIMIT
Query: https://maps.google.com/maps/api/geocode/json?address=Palo+Alto%2C+CA&sensor=false&bounds=&region=&language=&components=
*********************************************
MZ - Senior Software Engineer (JAVA) Platform Engineering
https://jobs.lever.co/machinezone/a524e3a5-c99c-4bf1-98d6-df665ccbeed9
Palo Alto & San Francisco, CA
*********************************************
HTTP Error 404: Not Found
MZ - Principal Software Engineer, Framework Infrastructure Tech
https://jobs.lever.co/machinezone/aa30891b-b9ad-44c8-93f2-59c552da94a9
Palo Alto, CA
## slept ##
*********************************************
MZ - Software Engineer, Monetization
https://jobs.lever.co/machinezone/764d5a68-b672-45c7-b3de-e12dba5b1ed6/apply
Palo Alto, CA
## slept ##
survey
____________________________________________________________
*********************************************
MZ - Senior Full Stack Engineer
https://jobs.lever.co/machinezone/65b3c68d-7d1a-4a96-9483-216ed2fcdca4
Palo Alto, CA
## slept ##
*********************************************
MZ - Staff Front End Engineer
https://jobs.lever.co/machinezone/2db91379-05ec-4773-a5e9-71c004a3b25f
Palo Alto, CA
*********************************************
MZ - Senior DevOps Engineer
https://jobs.lever.co/machinezone/bdb8e406-88a3-4c26-b69b-d92cc8dd3765
Palo Alto, CA
## slept ##
Error OVER_QUERY_LIMIT
Query: https://maps.google.com/maps/api/geocode/json?address=Palo+Alto%2C+CA&sensor=false&bounds=&region=&language=&components=
customer service
*********************************************
MZ - Senior Build Engineer
https://jobs.lever.co/machinezone/f217d218-cb89-4718-8656-a929623687cd
Palo Alto, CA
## slept ##
Error OVER_QUERY_LIMIT
Query: https://maps.google.com/maps/api/geocode/json?address=Palo+Alto%2C+CA&sensor=false&bounds=&region=&language=&components=
*********************************************
MZ - Senior Quality Engineer
https://jobs.lever.co/machinezone/14f0caf2-4288-4dde-b96f-e9682e1d8110
Palo Alto, CA
*********************************************
MZ - Staff Backend Engineer
https://jobs.lever.co/machinezone/346fbdf3-8a5b-455b-9f20-119adcf5503b
Palo Alto, CA
## slept ##
marketing
*********************************************
MZ - Senior Backend Engineer
https://jobs.lever.co/machinezone/035e07f4-9035-42e7-abf3-bce79419244a
Palo Alto, CA
marketing
*********************************************
MZ - Incident Response Engineer
https://jobs.lever.co/machinezone/0552cea8-38ed-4ea1-9d61-faa0891d91d5
Palo Alto, CA
## slept ##
Error OVER_QUERY_LIMIT
Query: https://maps.google.com/maps/api/geocode/json?address=Palo+Alto%2C+CA&sensor=false&bounds=&region=&language=&components=
*********************************************
MZ
https://jobs.lever.co/machinezone

## slept ##
Error INVALID_REQUEST
Query: https://maps.google.com/maps/api/geocode/json?address=&sensor=false&bounds=&region=&language=&components=
Filter by:
*********************************************
MZ
https://jobs.lever.co/machinezone/?by=location

## slept ##
Error INVALID_REQUEST
Query: https://maps.google.com/maps/api/geocode/json?address=&sensor=false&bounds=&region=&language=&components=
Filter by:
*********************************************
MZ - Senior Machine Learning & NLP Engineer
https://jobs.lever.co/machinezone/d68261f4-9a8a-430d-9091-6f6b4d1b4873
Palo Alto, CA
## slept ##
Error OVER_QUERY_LIMIT
Query: https://maps.google.com/maps/api/geocode/json?address=Palo+Alto%2C+CA&sensor=false&bounds=&region=&language=&components=
*********************************************
HTTP Error 404: Not Found
MZ
https://jobs.lever.co/machinezone?by=commitment&team=Marketing

## slept ##
Error INVALID_REQUEST
Query: https://maps.google.com/maps/api/geocode/json?address=&sensor=false&bounds=&region=&language=&components=
Filter by:
*********************************************
HTTP Error 404: Not Found
MZ
https://jobs.lever.co/machinezone?by=commitment&location=Palo%20Alto%2C%20CA

## slept ##
Error INVALID_REQUEST
Query: https://maps.google.com/maps/api/geocode/json?address=&sensor=false&bounds=&region=&language=&components=
Filter by:
*********************************************
MZ - Senior Engineering Manager
https://jobs.lever.co/machinezone/71978659-0dff-4558-ba24-3fa329f9b72c
Palo Alto, CA
## slept ##
Error OVER_QUERY_LIMIT
Query: https://maps.google.com/maps/api/geocode/json?address=Palo+Alto%2C+CA&sensor=false&bounds=&region=&language=&components=
*********************************************
MZ - Senior Front End Engineer
https://jobs.lever.co/machinezone/101feb16-a40e-4fd3-bee1-a656cfbe90c0
Palo Alto, CA
## slept ##
Error OVER_QUERY_LIMIT
Query: https://maps.google.com/maps/api/geocode/json?address=Palo+Alto%2C+CA&sensor=false&bounds=&region=&language=&components=
customer service
*********************************************
MZ
https://jobs.lever.co/machinezone?by=commitment

## slept ##
Error INVALID_REQUEST
Query: https://maps.google.com/maps/api/geocode/json?address=&sensor=false&bounds=&region=&language=&components=
Filter by:
*********************************************
MZ - Quality Assurance Engineer
https://jobs.lever.co/machinezone/478ff32f-3f67-4605-afda-c10d1d6f241a
Palo Alto, CA
## slept ##
Error OVER_QUERY_LIMIT
Query: https://maps.google.com/maps/api/geocode/json?address=Palo+Alto%2C+CA&sensor=false&bounds=&region=&language=&components=
*********************************************
MZ - iOS Software Developer
https://jobs.lever.co/machinezone/bf7d9eb5-0c0c-4062-aee3-09171f378077
Palo Alto, CA
## slept ##
Error OVER_QUERY_LIMIT
Query: https://maps.google.com/maps/api/geocode/json?address=Palo+Alto%2C+CA&sensor=false&bounds=&region=&language=&components=
marketing
*********************************************
MZ - Senior Tools Engineer
https://jobs.lever.co/machinezone/6b1681a7-c070-454c-9395-1dc0ab17df94
Palo Alto, CA
*********************************************
MZ - Senior Front End Engineer
https://jobs.lever.co/machinezone/5af57777-b757-490c-af5b-353728e3205f
Palo Alto, CA
## slept ##
*********************************************
MZ - Staff Network Security Engineer
https://jobs.lever.co/machinezone/7647df58-8dac-4875-9ef3-9982b4bdc14e
Palo Alto, CA
## slept ##
*********************************************
MZ - Senior Corporate Security Engineer
https://jobs.lever.co/machinezone/77e22b0e-25ed-4969-a163-c46eb7d58e88
Palo Alto, CA
*********************************************
MZ - Senior Corporate Security Engineer
https://jobs.lever.co/machinezone/77e22b0e-25ed-4969-a163-c46eb7d58e88
Palo Alto, CA
## slept ##
Error OVER_QUERY_LIMIT
Query: https://maps.google.com/maps/api/geocode/json?address=Palo+Alto%2C+CA&sensor=false&bounds=&region=&language=&components=
*********************************************
MZ - Site Reliability Engineer, Engineering Operations
https://jobs.lever.co/machinezone/38ed2df4-fda3-4395-9076-9c37386b7bf8
Palo Alto, CA
## slept ##
Error OVER_QUERY_LIMIT
Query: https://maps.google.com/maps/api/geocode/json?address=Palo+Alto%2C+CA&sensor=false&bounds=&region=&language=&components=
*********************************************
MZ - Engineering Manager, Monetization
https://jobs.lever.co/machinezone/33d3f95e-746c-4369-84d9-a77b47f6fd03
Palo Alto, CA
*********************************************
MZ
https://jobs.lever.co/machinezone?by=commitment&location=Palo%20Alto%2C%20CA%20or%20San%20Francisco

## slept ##
Error INVALID_REQUEST
Query: https://maps.google.com/maps/api/geocode/json?address=&sensor=false&bounds=&region=&language=&components=
Filter by:
*********************************************
HTTP Error 404: Not Found
26
*********************************************
Shift - Software Engineer, Full-stack
https://jobs.lever.co/shift/58c1ed09-e461-445b-8083-6fc9bd5bf7b4
Washington, DC
customer service
local
*********************************************
Shift - Software Engineer, iOS
https://jobs.lever.co/shift/bb1002b9-30fc-46e4-87d6-fa71ea129599
San Francisco
## slept ##
Error OVER_QUERY_LIMIT
Query: https://maps.google.com/maps/api/geocode/json?address=San+Francisco&sensor=false&bounds=&region=&language=&components=
customer service
local
*********************************************
Shift - Software Engineer, iOS
https://jobs.lever.co/shift/cf4a6258-8487-43d8-97ac-3fc431d1696d/apply
Washington, DC
## slept ##
Error OVER_QUERY_LIMIT
Query: https://maps.google.com/maps/api/geocode/json?address=Washington%2C+DC&sensor=false&bounds=&region=&language=&components=
____________________________________________________________
*********************************************
Shift - Software Engineer, Back-end
https://jobs.lever.co/shift/2ac80cf6-05ab-4814-ae19-2f29695263ff
San Francisco
## slept ##
Error OVER_QUERY_LIMIT
Query: https://maps.google.com/maps/api/geocode/json?address=San+Francisco&sensor=false&bounds=&region=&language=&components=
customer service
local
*********************************************
Shift
https://jobs.lever.co/shift?by=location

## slept ##
Error INVALID_REQUEST
Query: https://maps.google.com/maps/api/geocode/json?address=&sensor=false&bounds=&region=&language=&components=
Filter by:
*********************************************
Shift
https://jobs.lever.co/shift?by=commitment&location=Washington%2C%20DC

## slept ##
Error INVALID_REQUEST
Query: https://maps.google.com/maps/api/geocode/json?address=&sensor=false&bounds=&region=&language=&components=
Filter by:
*********************************************
0
*********************************************
Tubular Labs - Software Engineer - Summer 2018 Intern
https://jobs.lever.co/tubularlabs/169bdf2b-54a0-46f8-8a24-c22d5116930e
Mountain View, CA
marketing
partner 
*********************************************
Tubular Labs - Senior Backend Software Engineer
https://jobs.lever.co/tubularlabs/ef0057f0-3384-41b0-9690-d7e1f24b70cf
Mountain View, CA
equity
*********************************************
Tubular Labs - Full Stack Software Engineer
https://jobs.lever.co/tubularlabs/ce498d0a-5bff-421a-85ec-ec3384426f03
Mountain View, CA
## slept ##
Error OVER_QUERY_LIMIT
Query: https://maps.google.com/maps/api/geocode/json?address=Mountain+View%2C+CA&sensor=false&bounds=&region=&language=&components=
weekly
*********************************************
Tubular Labs - Software Engineer - New Grad
https://jobs.lever.co/tubularlabs/d07d9ab2-2f1b-43e4-a050-b3b17312b83d/apply
Mountain View, CA
____________________________________________________________
*********************************************
Tubular Labs - Software Engineer - Summer 2018 Intern
https://jobs.lever.co/tubularlabs/169bdf2b-54a0-46f8-8a24-c22d5116930e/apply
Mountain View, CA
## slept ##
____________________________________________________________
*********************************************
Tubular Labs
https://jobs.lever.co/tubularlabs?team=Engineering

## slept ##
Error INVALID_REQUEST
Query: https://maps.google.com/maps/api/geocode/json?address=&sensor=false&bounds=&region=&language=&components=
Filter by:
*********************************************
Tubular Labs
https://jobs.lever.co/tubularlabs

## slept ##
Error INVALID_REQUEST
Query: https://maps.google.com/maps/api/geocode/json?address=&sensor=false&bounds=&region=&language=&components=
Filter by:
*********************************************
Tubular Labs
https://jobs.lever.co/tubularlabs?by=commitment

## slept ##
Error INVALID_REQUEST
Query: https://maps.google.com/maps/api/geocode/json?address=&sensor=false&bounds=&region=&language=&components=
Filter by:
*********************************************
0
*********************************************
Medallia - Application Solutions Software Engineer
https://jobs.lever.co/medallia/0f46da4c-c5eb-4871-b563-ef5c6b9fe65c
San Mateo, CA, USA
## slept ##
Error OVER_QUERY_LIMIT
Query: https://maps.google.com/maps/api/geocode/json?address=San+Mateo%2C+CA%2C+USA&sensor=false&bounds=&region=&language=&components=
survey
*********************************************
Medallia - Sr. Backend Software Engineer, Distributed Systems
https://jobs.lever.co/medallia/2adf5fa8-ac40-422c-9edd-15148de3a272
San Mateo, CA, USA
## slept ##
Error OVER_QUERY_LIMIT
Query: https://maps.google.com/maps/api/geocode/json?address=San+Mateo%2C+CA%2C+USA&sensor=false&bounds=&region=&language=&components=
*********************************************
Medallia - Staff Software Engineer, Core APIs
https://jobs.lever.co/medallia/8392eade-1b29-4a98-859e-6f28a8abdd28
San Mateo, CA, USA
## slept ##
*********************************************
Medallia - Software Engineer, Backend
https://jobs.lever.co/medallia/43ab84f6-bdbf-4557-b939-59c0b77f456c
Buenos Aires, Argentina
*********************************************
Medallia - Security Software Engineer
https://jobs.lever.co/medallia/900f7268-de72-47ff-9c40-0fabe428f6ef/apply
Buenos Aires, Argentina
____________________________________________________________
*********************************************
Medallia - Staff Software Engineer, Core APIs
https://jobs.lever.co/medallia/8392eade-1b29-4a98-859e-6f28a8abdd28/apply
San Mateo, CA, USA
survey
____________________________________________________________
*********************************************
Medallia - Sr. Software Engineer - Core Infrastructure
https://jobs.lever.co/medallia/da63ed05-cbe9-4750-b731-df943f4a4fdf
San Mateo, CA, USA
## slept ##
Error OVER_QUERY_LIMIT
Query: https://maps.google.com/maps/api/geocode/json?address=San+Mateo%2C+CA%2C+USA&sensor=false&bounds=&region=&language=&components=
*********************************************
Medallia - Software Engineer, Intern (Summer 2018)
https://jobs.lever.co/medallia/410136e1-1af9-4256-9203-07bdc1537a41/apply
San Mateo, CA, USA
## slept ##
Error OVER_QUERY_LIMIT
Query: https://maps.google.com/maps/api/geocode/json?address=San+Mateo%2C+CA%2C+USA&sensor=false&bounds=&region=&language=&components=
survey
____________________________________________________________
*********************************************
Medallia - Senior Back-End Software Engineer, Data Pipeline
https://jobs.lever.co/medallia/05f8c66e-f86a-4d64-a030-10155cf80d08
San Mateo, CA, USA
## slept ##
Error OVER_QUERY_LIMIT
Query: https://maps.google.com/maps/api/geocode/json?address=San+Mateo%2C+CA%2C+USA&sensor=false&bounds=&region=&language=&components=
customer service
marketing
*********************************************
Medallia - Staff Software Engineer, Cloud Installer
https://jobs.lever.co/medallia/d78d6928-494b-4482-8c34-ebd26b32185b
San Mateo, CA, USA
## slept ##
*********************************************
Medallia - Staff Software Engineer, Front End
https://jobs.lever.co/medallia/56f5836d-12f2-40a1-b00f-6116323bab22
San Mateo, CA, USA
*********************************************
Medallia - Software Engineer - Core Infrastructure
https://jobs.lever.co/medallia/17da08d5-3c41-4802-8fb9-7ccef51ee2e2/apply
Buenos Aires, Argentina
## slept ##
Error OVER_QUERY_LIMIT
Query: https://maps.google.com/maps/api/geocode/json?address=Buenos+Aires%2C+Argentina&sensor=false&bounds=&region=&language=&components=
____________________________________________________________
*********************************************
Medallia - Staff Back-End Software Engineer, Data Pipeline
https://jobs.lever.co/medallia/cd207e7a-bb94-4a71-8067-104a9f86c1db
San Mateo, CA, USA
*********************************************
Medallia - Security Software Engineer
https://jobs.lever.co/medallia/900f7268-de72-47ff-9c40-0fabe428f6ef
Buenos Aires, Argentina
*********************************************
Medallia - Sr. Cloud Software Engineer, Cloud Fabric
https://jobs.lever.co/medallia/a4d31d0d-07c5-42fd-a7af-36ad27eeff31
Buenos Aires, Argentina
## slept ##
Error OVER_QUERY_LIMIT
Query: https://maps.google.com/maps/api/geocode/json?address=Buenos+Aires%2C+Argentina&sensor=false&bounds=&region=&language=&components=
*********************************************
Medallia - Sr. Software Engineer, Front End (Fullstack)
https://jobs.lever.co/medallia/e35d1d84-f6c8-4f62-8d40-35d9faceb9dd
Tysons Corner, Virginia, USA
## slept ##
local
*********************************************
Medallia - Software Engineer - Network Services
https://jobs.lever.co/medallia/1c7153b4-5f3f-46dd-b5f7-827c72928422
Buenos Aires, Argentina
## slept ##
*********************************************
Medallia - Software Engineer, Intern (Summer 2018)
https://jobs.lever.co/medallia/410136e1-1af9-4256-9203-07bdc1537a41
San Mateo, CA, USA
## slept ##
*********************************************
Medallia - Staff Back-End Software Engineer, Data Pipeline
https://jobs.lever.co/medallia/cd207e7a-bb94-4a71-8067-104a9f86c1db/apply?lever-source=themuse
San Mateo, CA, USA
survey
____________________________________________________________
*********************************************
Medallia - Sr. Software Engineer, Enterprise APIs
https://jobs.lever.co/medallia/74de3c73-29dd-4bc0-b8a9-d01378c047a5
San Mateo, CA, USA
*********************************************
Medallia - Senior Software Engineer, Platform
https://jobs.lever.co/medallia/83c69940-6ddb-49ff-b4da-4292aac6027e
San Mateo, CA, USA
## slept ##
Error OVER_QUERY_LIMIT
Query: https://maps.google.com/maps/api/geocode/json?address=San+Mateo%2C+CA%2C+USA&sensor=false&bounds=&region=&language=&components=
*********************************************
Medallia - Senior Software Engineer, Cloud Engineering
https://jobs.lever.co/medallia/9b05abaa-a8cb-49b1-a026-447da79536be
San Mateo, CA, USA
## slept ##
Error OVER_QUERY_LIMIT
Query: https://maps.google.com/maps/api/geocode/json?address=San+Mateo%2C+CA%2C+USA&sensor=false&bounds=&region=&language=&components=
*********************************************
Medallia - Software Engineer, New College Graduate (December ...
https://jobs.lever.co/medallia/28bde8a0-2f69-460f-96fe-9758f8e31899
San Mateo, CA, USA
*********************************************
Medallia - Sr. Software Engineer - Front End
https://jobs.lever.co/medallia/b3849e92-1122-40db-a49b-6a620dd27290
Tel Aviv, Israel
*********************************************
Medallia - Sr. Software Engineer - Backend
https://jobs.lever.co/medallia/fd9dfad4-2fdb-42c9-b84b-a6b72bbda415
Tel Aviv, Israel
## slept ##
Error OVER_QUERY_LIMIT
Query: https://maps.google.com/maps/api/geocode/json?address=Tel+Aviv%2C+Israel&sensor=false&bounds=&region=&language=&components=
*********************************************
Medallia - Sr Security Operations Engineer
https://jobs.lever.co/medallia/d0fcfcae-fd8d-4313-9a57-ea0d7cfdf1f4
San Mateo, CA, USA
## slept ##
Error OVER_QUERY_LIMIT
Query: https://maps.google.com/maps/api/geocode/json?address=San+Mateo%2C+CA%2C+USA&sensor=false&bounds=&region=&language=&components=
*********************************************
Medallia - DevOps Engineer
https://jobs.lever.co/medallia/890e0749-7195-4bd2-9190-f8399bb11fdd
Tel Aviv, Israel
*********************************************
Medallia - Database Engineer
https://jobs.lever.co/medallia/2faff71f-b8a3-4cb9-8442-5ef536876a5e
Buenos Aires, Argentina
*********************************************
Medallia - Sr. Web Developer
https://jobs.lever.co/medallia/937d1848-bd55-4d52-8345-9acf42f28e7e
Tysons Corner, Virginia, USA
local
*********************************************
Medallia - DevOps Engineer
https://jobs.lever.co/medallia/890e0749-7195-4bd2-9190-f8399bb11fdd/apply
Tel Aviv, Israel
## slept ##
Error OVER_QUERY_LIMIT
Query: https://maps.google.com/maps/api/geocode/json?address=Tel+Aviv%2C+Israel&sensor=false&bounds=&region=&language=&components=
____________________________________________________________
*********************************************
Medallia
https://jobs.lever.co/medallia

## slept ##
Error INVALID_REQUEST
Query: https://maps.google.com/maps/api/geocode/json?address=&sensor=false&bounds=&region=&language=&components=
Filter by:
*********************************************
Medallia - Database Engineer
https://jobs.lever.co/medallia/2faff71f-b8a3-4cb9-8442-5ef536876a5e/apply
Buenos Aires, Argentina
## slept ##
____________________________________________________________
*********************************************
Medallia - Sr Security Operations Engineer
https://jobs.lever.co/medallia/d0fcfcae-fd8d-4313-9a57-ea0d7cfdf1f4/apply
San Mateo, CA, USA
## slept ##
survey
____________________________________________________________
*********************************************
HTTP Error 404: Not Found
HTTP Error 404: Not Found
Medallia - Sr Product Security Engineer - Application Security
https://jobs.lever.co/medallia/538ccbd6-e4da-48da-9189-48c993bafd37/apply?lever-source=themuse
San Mateo, CA, USA
survey
____________________________________________________________
*********************************************
HTTP Error 404: Not Found
Medallia - Sr. Manager, Engineering
https://jobs.lever.co/medallia/8fabc094-5ad5-4c8f-b0d4-388119a4b0e8
San Mateo, CA, USA
## slept ##
Error OVER_QUERY_LIMIT
Query: https://maps.google.com/maps/api/geocode/json?address=San+Mateo%2C+CA%2C+USA&sensor=false&bounds=&region=&language=&components=
*********************************************
Medallia - Sr Product Security Engineer - Application Security
https://jobs.lever.co/medallia/538ccbd6-e4da-48da-9189-48c993bafd37
San Mateo, CA, USA
## slept ##
Error OVER_QUERY_LIMIT
Query: https://maps.google.com/maps/api/geocode/json?address=San+Mateo%2C+CA%2C+USA&sensor=false&bounds=&region=&language=&components=
partner 
*********************************************
HTTP Error 404: Not Found
Medallia - Sr. Manager, Engineering - Core API
https://jobs.lever.co/medallia/033914b1-2c5a-4b5a-8b54-88722333c6c4
San Mateo, CA, USA
## slept ##
Error OVER_QUERY_LIMIT
Query: https://maps.google.com/maps/api/geocode/json?address=San+Mateo%2C+CA%2C+USA&sensor=false&bounds=&region=&language=&components=
*********************************************
Medallia - Engineering Manager
https://jobs.lever.co/medallia/8a5154f4-a912-4589-99ea-118ff446e4c0
Buenos Aires, Argentina
## slept ##
Error OVER_QUERY_LIMIT
Query: https://maps.google.com/maps/api/geocode/json?address=Buenos+Aires%2C+Argentina&sensor=false&bounds=&region=&language=&components=
*********************************************
Medallia - Sr. Manager, Engineering - Data Pipeline
https://jobs.lever.co/medallia/0a8e63bb-1679-4ebb-b895-a4ce040b3286
San Mateo, CA, USA
*********************************************
Medallia - Senior Product Manager, Advanced Analytics
https://jobs.lever.co/medallia/b91b3f03-62d3-49b3-86e1-72bbcf3bed9b
San Mateo, CA, USA
## slept ##
Error OVER_QUERY_LIMIT
Query: https://maps.google.com/maps/api/geocode/json?address=San+Mateo%2C+CA%2C+USA&sensor=false&bounds=&region=&language=&components=
marketing
survey
*********************************************
Medallia - Senior Visual Designer
https://jobs.lever.co/medallia/6453c2bb-7d88-4c76-93ba-9f3346ac08f5
San Mateo, CA, USA
*********************************************
Medallia - Senior Product Designer
https://jobs.lever.co/medallia/b3b0378b-0531-42bb-b3cb-0a4cd230299b
San Mateo, CA, USA
*********************************************
26
*********************************************
BrandVerity - Experienced Software Engineer
https://jobs.lever.co/brandverity/109c8815-d11e-4081-954a-fb63a3269b30
Seattle, WA
## slept ##
marketing
weekly
*********************************************
BrandVerity - Experienced Software Engineer
https://jobs.lever.co/brandverity/109c8815-d11e-4081-954a-fb63a3269b30/apply
Seattle, WA
## slept ##
Error OVER_QUERY_LIMIT
Query: https://maps.google.com/maps/api/geocode/json?address=Seattle%2C+WA&sensor=false&bounds=&region=&language=&components=
survey
____________________________________________________________
*********************************************
BrandVerity
https://jobs.lever.co/brandverity

## slept ##
Error INVALID_REQUEST
Query: https://maps.google.com/maps/api/geocode/json?address=&sensor=false&bounds=&region=&language=&components=
Filter by:
*********************************************
BrandVerity - Customer Support Representative
https://jobs.lever.co/brandverity/94dfd534-82e2-4d8a-9bf5-25b8a499e37d
Seattle, WA
marketing
weekly
*********************************************
0
*********************************************
Sonatype - Senior Full-Stack Java Software Engineer - 100% Remote
https://jobs.lever.co/sonatype/b6caaae6-2924-48d3-866c-507aeed7f92c
Remote
## slept ##
Error OVER_QUERY_LIMIT
Query: https://maps.google.com/maps/api/geocode/json?address=Remote&sensor=false&bounds=&region=&language=&components=
*********************************************
Sonatype - Senior Full-Stack Java Software Engineer - 100% Remote
https://jobs.lever.co/sonatype/b6caaae6-2924-48d3-866c-507aeed7f92c/apply
Remote
survey
____________________________________________________________
*********************************************
Sonatype
https://jobs.lever.co/sonatype

## slept ##
Error INVALID_REQUEST
Query: https://maps.google.com/maps/api/geocode/json?address=&sensor=false&bounds=&region=&language=&components=
Filter by:
*********************************************
Sonatype - Solutions Engineer (Pre-Sales) - US - Tyson's Corner, VA
https://jobs.lever.co/sonatype/62ca96db-7f18-458c-9172-826652292565
McLean, VA
## slept ##
*********************************************
2
*********************************************
Aurora Solar - Full-Stack Software Engineer
https://jobs.lever.co/aurorasolar/ba88efde-3fec-4d79-8ca8-6d7f30a5eeb5
Palo Alto, CA
*********************************************
Aurora Solar - Full-Stack Software Engineer
https://jobs.lever.co/aurorasolar/ba88efde-3fec-4d79-8ca8-6d7f30a5eeb5/apply
Palo Alto, CA
survey
____________________________________________________________
*********************************************
Aurora Solar - Senior Backend Engineer
https://jobs.lever.co/aurorasolar/ff71e5d9-8b5b-4c59-8f5e-62952fe06a92
Palo Alto, CA
## slept ##
Error OVER_QUERY_LIMIT
Query: https://maps.google.com/maps/api/geocode/json?address=Palo+Alto%2C+CA&sensor=false&bounds=&region=&language=&components=
*********************************************
Aurora Solar - Senior Frontend Engineer
https://jobs.lever.co/aurorasolar/4b4f476a-f520-4935-97cc-4e7856f564f1
Palo Alto, CA
## slept ##
Error OVER_QUERY_LIMIT
Query: https://maps.google.com/maps/api/geocode/json?address=Palo+Alto%2C+CA&sensor=false&bounds=&region=&language=&components=
*********************************************
Aurora Solar - Graphics Engineer
https://jobs.lever.co/aurorasolar/5b916600-348e-4321-889b-5be88b56488e
Palo Alto, CA
*********************************************
Aurora Solar - Computer Vision / Machine Learning Engineer
https://jobs.lever.co/aurorasolar/8c1227d3-5a82-4288-97b8-8669dbba476f
Palo Alto, CA
*********************************************
5
*********************************************
JMA Wireless - LTE BBU Software Engineer
https://jobs.lever.co/jmawireless/477185ca-8f39-4153-a099-4696f98381bc
Chicago, IL
## slept ##
Error OVER_QUERY_LIMIT
Query: https://maps.google.com/maps/api/geocode/json?address=Chicago%2C+IL&sensor=false&bounds=&region=&language=&components=
*********************************************
JMA Wireless - L1/L2 LTE BBU Senior Software Engineer
https://jobs.lever.co/jmawireless/5355d5c0-5d53-4ceb-8d13-ad1e1b26f748
Bologna, Italy
## slept ##
Error OVER_QUERY_LIMIT
Query: https://maps.google.com/maps/api/geocode/json?address=Bologna%2C+Italy&sensor=false&bounds=&region=&language=&components=
*********************************************
JMA Wireless - L1/L2 LTE BBU Junior Software Engineer
https://jobs.lever.co/jmawireless/469cc833-1bb2-48e7-8152-c7f90fbf7b7d
Bologna, Italy
## slept ##
Error OVER_QUERY_LIMIT
Query: https://maps.google.com/maps/api/geocode/json?address=Bologna%2C+Italy&sensor=false&bounds=&region=&language=&components=
*********************************************
HTTP Error 404: Not Found
HTTP Error 404: Not Found
JMA Wireless - LTE BBU Software Engineer (Entry Level)
https://jobs.lever.co/jmawireless/4532aa7e-cf54-43cc-a9a9-d9bfc777c26a/apply
Richmond, VA
____________________________________________________________
*********************************************
JMA Wireless - L1/L2 LTE BBU Junior Software Engineer
https://jobs.lever.co/jmawireless/469cc833-1bb2-48e7-8152-c7f90fbf7b7d/apply
Bologna, Italy
____________________________________________________________
*********************************************
JMA Wireless
https://jobs.lever.co/jmawireless/

## slept ##
Error INVALID_REQUEST
Query: https://maps.google.com/maps/api/geocode/json?address=&sensor=false&bounds=&region=&language=&components=
Filter by:
*********************************************
3
*********************************************
Retention Science - Senior Software Engineer
https://jobs.lever.co/retentionscience/48bfcedb-3c64-48ee-8fb0-08f966b3ad1b
Santa Monica
## slept ##
Error OVER_QUERY_LIMIT
Query: https://maps.google.com/maps/api/geocode/json?address=Santa+Monica&sensor=false&bounds=&region=&language=&components=
marketing
*********************************************
Retention Science - Senior Software Engineer
https://jobs.lever.co/retentionscience/48bfcedb-3c64-48ee-8fb0-08f966b3ad1b/apply
Santa Monica
____________________________________________________________
*********************************************
Retention Science - Data Engineer
https://jobs.lever.co/retentionscience/a156a51f-75c7-4a49-9727-6e9ff63a55fd
Santa Monica
marketing
*********************************************
Retention Science - Senior Data Engineer
https://jobs.lever.co/retentionscience/8fefda00-1f47-4c33-a873-fa75afdb6d86
Santa Monica
## slept ##
Error OVER_QUERY_LIMIT
Query: https://maps.google.com/maps/api/geocode/json?address=Santa+Monica&sensor=false&bounds=&region=&language=&components=
*********************************************
Retention Science
https://jobs.lever.co/retentionscience

## slept ##
Error INVALID_REQUEST
Query: https://maps.google.com/maps/api/geocode/json?address=&sensor=false&bounds=&region=&language=&components=
Filter by:
*********************************************
Retention Science - Lever
https://jobs.lever.co/retentionscience?commitment=Full-time

## slept ##
Error INVALID_REQUEST
Query: https://maps.google.com/maps/api/geocode/json?address=&sensor=false&bounds=&region=&language=&components=
Filter by:
*********************************************
Retention Science
https://jobs.lever.co/retentionscience?location=Santa%20Monica

## slept ##
Error INVALID_REQUEST
Query: https://maps.google.com/maps/api/geocode/json?address=&sensor=false&bounds=&region=&language=&components=
Filter by:
*********************************************
Retention Science - Senior Platform Engineer (Scala)
https://jobs.lever.co/retentionscience/5004d43d-92b3-49f5-81d3-393e738b1f79
Santa Monica
## slept ##
marketing
*********************************************
1
*********************************************
Carbon - Software Engineer in Test
https://jobs.lever.co/carbon/d5bbc5e7-d18a-4dee-9438-482796450b7c
Redwood City
## slept ##
Error OVER_QUERY_LIMIT
Query: https://maps.google.com/maps/api/geocode/json?address=Redwood+City&sensor=false&bounds=&region=&language=&components=
*********************************************
Carbon - Software Engineer - Generalist
https://jobs.lever.co/carbon/74914f3b-4f54-48be-8eac-3056f0620d8b
Redwood City
*********************************************
Carbon - Software Engineer - Front End
https://jobs.lever.co/carbon/eee9c0a5-1d4a-41eb-b2be-2597becc6cba
Redwood City
*********************************************
Carbon - Software Engineer - Developer Tools
https://jobs.lever.co/carbon/55afba4e-dd32-4d9c-ab59-f1822682a33c
Redwood City
*********************************************
Carbon - Software Engineer in Test
https://jobs.lever.co/carbon/d5bbc5e7-d18a-4dee-9438-482796450b7c/apply
Redwood City
## slept ##
survey
____________________________________________________________
*********************************************
Carbon - Software QA Engineer
https://jobs.lever.co/carbon/e575bf5c-3311-4e72-b363-59fff23daff4
Redwood City
*********************************************
Carbon
https://jobs.lever.co/carbon/

## slept ##
Error INVALID_REQUEST
Query: https://maps.google.com/maps/api/geocode/json?address=&sensor=false&bounds=&region=&language=&components=
Filter by:
*********************************************
Carbon - Systems Integration Engineer
https://jobs.lever.co/carbon/9e3ac72d-f39c-4a0b-8487-d278f4aebf31
Redwood City
*********************************************
Carbon - Mechanical Engineer
https://jobs.lever.co/carbon/8dccd5a2-8e83-4692-840e-f9e330705360
Redwood City
## slept ##
*********************************************
Carbon
https://jobs.lever.co/carbon?by=location

## slept ##
Error INVALID_REQUEST
Query: https://maps.google.com/maps/api/geocode/json?address=&sensor=false&bounds=&region=&language=&components=
Filter by:
*********************************************
Carbon - Production Engineer
https://jobs.lever.co/carbon/7bbf0e71-9245-4994-be6c-5a4e69b2e7d6
Redwood City
## slept ##
*********************************************
Carbon - Technical Recruiter
https://jobs.lever.co/carbon/09b879ea-3158-4e9e-8b1f-d67ab4134a4e
Redwood City
*********************************************
Carbon - Electrical Engineer
https://jobs.lever.co/carbon/5eca12d0-1543-4ce9-b279-4fd583de07f8
Redwood City
## slept ##
*********************************************
Carbon - Sales Director, Dental
https://jobs.lever.co/carbon/31ff9e76-e0d5-4dbf-8134-46521031e0dd
Remote
## slept ##
administrative
*********************************************
Carbon - Director, High Tech and Consumer Products
https://jobs.lever.co/carbon/0412cce2-9442-4040-8d4f-4b1e04dd7ea1
Redwood City
## slept ##
Error OVER_QUERY_LIMIT
Query: https://maps.google.com/maps/api/geocode/json?address=Redwood+City&sensor=false&bounds=&region=&language=&components=
*********************************************
Carbon - Manufacturing Technician
https://jobs.lever.co/carbon/e8268b09-e31a-455a-8a01-669745ef8025
Redwood City
## slept ##
Error OVER_QUERY_LIMIT
Query: https://maps.google.com/maps/api/geocode/json?address=Redwood+City&sensor=false&bounds=&region=&language=&components=
*********************************************
Carbon - Product Manager
https://jobs.lever.co/carbon/22f0af53-1e2d-4970-8b9e-03aff80f6dc1
Redwood City
## slept ##
Error OVER_QUERY_LIMIT
Query: https://maps.google.com/maps/api/geocode/json?address=Redwood+City&sensor=false&bounds=&region=&language=&components=
marketing
*********************************************
12
*********************************************
AltspaceVR - Software Engineer Generalist
https://jobs.lever.co/altspace/97d9e559-54ec-4ef8-a8a8-994c115beda1
Redwood City
*********************************************
AltspaceVR - Software Engineer Generalist
https://jobs.lever.co/altspace/97d9e559-54ec-4ef8-a8a8-994c115beda1/apply
Redwood City
## slept ##
____________________________________________________________
*********************************************
AltspaceVR - Quality Engineer
https://jobs.lever.co/altspace/f9029fbb-1bf9-4d28-98a2-6da66d12442c
Redwood City
## slept ##
Error OVER_QUERY_LIMIT
Query: https://maps.google.com/maps/api/geocode/json?address=Redwood+City&sensor=false&bounds=&region=&language=&components=
*********************************************
AltspaceVR - Web Backend Engineer
https://jobs.lever.co/altspace/9d675ef8-eb8f-4788-92a2-e93a35906a6a
Redwood City
## slept ##
Error OVER_QUERY_LIMIT
Query: https://maps.google.com/maps/api/geocode/json?address=Redwood+City&sensor=false&bounds=&region=&language=&components=
*********************************************
AltspaceVR
https://jobs.lever.co/altspace/?by=location&team=Engineering

## slept ##
Error INVALID_REQUEST
Query: https://maps.google.com/maps/api/geocode/json?address=&sensor=false&bounds=&region=&language=&components=
Filter by:
*********************************************
AltspaceVR
https://jobs.lever.co/altspace?commitment=Full-time

## slept ##
Error INVALID_REQUEST
Query: https://maps.google.com/maps/api/geocode/json?address=&sensor=false&bounds=&region=&language=&components=
Filter by:
*********************************************
AltspaceVR - Operations Engineer / Dev Ops
https://jobs.lever.co/altspace/bc912d46-bbce-45e1-bfd9-ac15b4f1485b
Redwood City
*********************************************
AltspaceVR - VR Application Engineer
https://jobs.lever.co/altspace/92477605-c285-4467-9ac3-d5f52bf4797e
Redwood City
*********************************************
AltspaceVR - Javascript Platform Engineer
https://jobs.lever.co/altspace/59b1b5c1-42f6-4d19-b412-d8e2fcb19c7d
Redwood City
*********************************************
AltspaceVR - Real-time Networking Engineer
https://jobs.lever.co/altspace/2dfe09ff-ea9c-4d4d-a3a1-b56df5f088e8
Redwood City
*********************************************
AltspaceVR - Front End UI Developer
https://jobs.lever.co/altspace/9761fb55-6bf5-4d49-852d-6ad9b09154eb
Redwood City
*********************************************
AltspaceVR - Technical Artist
https://jobs.lever.co/altspace/36f5a850-266d-4e91-99c6-766603b1a8b6
Redwood City
## slept ##
*********************************************
9
*********************************************
HTTP Error 404: Not Found
HTTP Error 404: Not Found
Laurel & Wolf
https://jobs.lever.co/laurelandwolf/?by=commitment

## slept ##
Error INVALID_REQUEST
Query: https://maps.google.com/maps/api/geocode/json?address=&sensor=false&bounds=&region=&language=&components=
Filter by:
*********************************************
Laurel & Wolf - UI/UX Designer
https://jobs.lever.co/laurelandwolf/2000b44f-7b83-498a-8e56-fee682212b1f
West Hollywood, CA
marketing
focus group
*********************************************
Laurel & Wolf - Web Product Manager
https://jobs.lever.co/laurelandwolf/7ed2b2a5-0407-4cde-838b-cfe0f8e1fee8
West Hollywood, CA
## slept ##
focus group
survey
*********************************************
Laurel & Wolf - Senior Data Analyst
https://jobs.lever.co/laurelandwolf/69490f65-9392-42a7-b447-f62b22fb49c5
West Hollywood, CA
marketing
*********************************************
0
*********************************************
Zipline - Software Engineer  Flight Systems
https://jobs.lever.co/flyzipline/f28ded9e-d411-4cd3-af01-b890608489f6
Half Moon Bay, CA
*********************************************
Zipline - Software Engineer  Perception & Planning
https://jobs.lever.co/flyzipline/24d2ce15-0c61-481e-8f6b-e2f77f92b6ac
Half Moon Bay, CA
*********************************************
Zipline - Software Engineer  Full-Stack & Product Design
https://jobs.lever.co/flyzipline/bb9c4fc4-115e-4ff7-b151-ad905ed16d41
Half Moon Bay, CA
## slept ##
Error OVER_QUERY_LIMIT
Query: https://maps.google.com/maps/api/geocode/json?address=Half+Moon+Bay%2C+CA&sensor=false&bounds=&region=&language=&components=
*********************************************
Zipline - Software Engineer  Generalist
https://jobs.lever.co/flyzipline/f7d86a67-a3ba-45b4-b0c5-c5ed678a8ea4
Half Moon Bay, CA
## slept ##
Error OVER_QUERY_LIMIT
Query: https://maps.google.com/maps/api/geocode/json?address=Half+Moon+Bay%2C+CA&sensor=false&bounds=&region=&language=&components=
*********************************************
Zipline - Software Engineer  Perception & Planning
https://jobs.lever.co/flyzipline/24d2ce15-0c61-481e-8f6b-e2f77f92b6ac/apply
Half Moon Bay, CA
## slept ##
Error OVER_QUERY_LIMIT
Query: https://maps.google.com/maps/api/geocode/json?address=Half+Moon+Bay%2C+CA&sensor=false&bounds=&region=&language=&components=
____________________________________________________________
*********************************************
Zipline - Flight Simulation Engineer
https://jobs.lever.co/flyzipline/29a7bb31-eea2-4210-8d78-43f47f108970
Half Moon Bay, CA
## slept ##
*********************************************
Zipline - Flight Data Engineer
https://jobs.lever.co/flyzipline/ad477b2e-cfa9-4df7-b163-0b8015b14e22
Half Moon Bay, CA
*********************************************
Zipline
https://jobs.lever.co/flyzipline?by=commitment

## slept ##
Error INVALID_REQUEST
Query: https://maps.google.com/maps/api/geocode/json?address=&sensor=false&bounds=&region=&language=&components=
Filter by:
*********************************************
Zipline
https://jobs.lever.co/flyzipline/

## slept ##
Error INVALID_REQUEST
Query: https://maps.google.com/maps/api/geocode/json?address=&sensor=false&bounds=&region=&language=&components=
Filter by:
*********************************************
Zipline
https://jobs.lever.co/flyzipline?by=location

## slept ##
Error INVALID_REQUEST
Query: https://maps.google.com/maps/api/geocode/json?address=&sensor=false&bounds=&region=&language=&components=
Filter by:
*********************************************
Zipline - Aerospace Engineer
https://jobs.lever.co/flyzipline/ffbab308-ac1f-444d-abe1-d27201b54e52
Half Moon Bay, CA
*********************************************
Zipline - Electrical Engineer  Test
https://jobs.lever.co/flyzipline/0394ddf6-f16c-4c81-a513-30c28b350861
Half Moon Bay, CA
*********************************************
8
*********************************************
