EducationSuperHighway - District Network Engineer/Consultant
https://jobs.lever.co/educationsuperhighway/d126fadf-2ab3-43bf-852e-8a34aafd81ce
San Francisco, CA
*********************************************
EducationSuperHighway - District Network Engineer/Consultant
https://jobs.lever.co/educationsuperhighway/d126fadf-2ab3-43bf-852e-8a34aafd81ce/apply
San Francisco, CA
____________________________________________________________
*********************************************
EducationSuperHighway
https://jobs.lever.co/educationsuperhighway

## slept ##
Error INVALID_REQUEST
Query: https://maps.google.com/maps/api/geocode/json?address=&sensor=false&bounds=&region=&language=&components=
Filter by:
*********************************************
EducationSuperHighway - Lever
https://jobs.lever.co/educationsuperhighway?by=commitment

## slept ##
Error INVALID_REQUEST
Query: https://maps.google.com/maps/api/geocode/json?address=&sensor=false&bounds=&region=&language=&components=
Filter by:
*********************************************
1
*********************************************
eFront - QA – Test Automation Engineer - Paris
https://jobs.lever.co/efront/c095a255-3e47-466b-b614-3db9528635fd?lever-source=Website
Paris
real estate investment
equity
*********************************************
eFront - DevOps Engineer - Belgrade
https://jobs.lever.co/efront/65ecf340-ec2a-4b8c-9747-5c70610b534f
Belgrade
real estate investment
equity
*********************************************
eFront - Continuous Integration/Delivery Engineer - Belgrade
https://jobs.lever.co/efront/65ecf340-ec2a-4b8c-9747-5c70610b534f?lever-source=Infostud
Belgrade
real estate investment
equity
*********************************************
eFront - Intern R&D Software Engineer - Microsoft Outlook Add-In
https://jobs.lever.co/efront/62e9792a-9fc2-40ae-8f6c-64ded08080c2?lever-source=Website
Paris
real estate investment
equity
*********************************************
eFront - Product Software Engineer - Paris
https://jobs.lever.co/efront/930a0031-0f60-4566-94c6-c0908e4e43b7
Paris
real estate investment
marketing
equity
*********************************************
eFront - Intern R&D Software Engineer - Code Quality Enforcement
https://jobs.lever.co/efront/e2192758-b3f2-48f9-b2d6-68d1733633ff
Paris
real estate investment
equity
*********************************************
eFront - DevOps Engineer - Belgrade
https://jobs.lever.co/efront/65ecf340-ec2a-4b8c-9747-5c70610b534f/apply
Belgrade
____________________________________________________________
*********************************************
eFront - Intern R&D Software Engineer - Microsoft Outlook Add-In
https://jobs.lever.co/efront/62e9792a-9fc2-40ae-8f6c-64ded08080c2/apply
Paris
____________________________________________________________
*********************************************
eFront - Product Business Intelligence (BI) Developer - Belgrade
https://jobs.lever.co/efront/1a0bad55-ec4c-4413-b008-8a2242b1ca1c
Belgrade
real estate investment
local
equity
*********************************************
eFront - Implementation Developer - Paris
https://jobs.lever.co/efront/ad479a92-c114-48fb-aaeb-bd700189ff33?lever-source=careerWebsite
Paris
technical support
real estate investment
equity
*********************************************
eFront - Implementation Consultant - Paris
https://jobs.lever.co/efront/fba79216-f082-488b-beb9-d4ba977f703b?lever-source=Website
Paris
real estate investment
equity
*********************************************
eFront - Business Intelligence (BI) Developer-Belgrade
https://jobs.lever.co/efront/3748a529-8fbe-4e9a-8a42-44d5fba5dfd0?lever-source=careerwebsite
Belgrade
real estate investment
local
equity
*********************************************
eFront - Full-Stack Web Developer - Paris
https://jobs.lever.co/efront/1f634edd-e15f-4dac-afb6-4d5cadd5ad31?lever-source=Website
Paris
real estate investment
equity
*********************************************
eFront - Internship Financial Software Consultant - Paris
https://jobs.lever.co/efront/c153d07b-427d-4c6d-bbcb-80829a108169?lever-source=Website
Paris
real estate investment
equity
*********************************************
eFront - Full Stack Developer-Belgrade
https://jobs.lever.co/efront/ee64d56c-5ee3-49eb-94a6-b80f00a69307
Belgrade
real estate investment
equity
*********************************************
eFront - .Net C# Developer (Test Automation)-Belgrade
https://jobs.lever.co/efront/b7e93677-6a24-4958-a894-f0a125814d45
Belgrade
real estate investment
equity
*********************************************
eFront - Implementation Developer-Belgrade
https://jobs.lever.co/efront/e06405cb-c273-42c2-b0ef-dd574b386818
Belgrade
real estate investment
equity
*********************************************
eFront - .Net (VB) Developer/Consultant
https://jobs.lever.co/efront/19554c5f-8574-4aac-b748-9237c233942c
Belgrade
real estate investment
equity
*********************************************
eFront - BI Consultant
https://jobs.lever.co/efront/941b84d2-6a65-4bb2-9b67-70fd93e72629
Paris
equity
*********************************************
eFront - Project Manager - ERM Insurance - Paris
https://jobs.lever.co/efront/c1e98ac8-2207-4297-98d9-831fd3bf3a9c?lever-source=Website
Paris
real estate investment
equity
*********************************************
eFront - Program / Release Manager
https://jobs.lever.co/efront/67446bd6-2118-4eec-bb24-673e26dfe003?lever-source=careerWebsite
Paris
real estate investment
equity
*********************************************
0
*********************************************
0
*********************************************
HTTP Error 404: Not Found
HTTP Error 404: Not Found
0
*********************************************
Eleven James - Director of Brand Partnerships and Events
https://jobs.lever.co/elevenjames/81709878-3a4a-4121-97c8-0de91364bd79
New York City
marketing
partner 
*********************************************
0
*********************************************
HTTP Error 404: Not Found
HTTP Error 404: Not Found
HTTP Error 404: Not Found
HTTP Error 404: Not Found
HTTP Error 404: Not Found
0
*********************************************
Elucd - Software Engineer
https://jobs.lever.co/elucd/bb8550c3-b399-4199-b11b-605cfa086f26
New York, NY
partner 
*********************************************
Elucd - Software Engineer
https://jobs.lever.co/elucd/bb8550c3-b399-4199-b11b-605cfa086f26/apply
New York, NY
survey
____________________________________________________________
*********************************************
Elucd
https://jobs.lever.co/elucd

## slept ##
Error INVALID_REQUEST
Query: https://maps.google.com/maps/api/geocode/json?address=&sensor=false&bounds=&region=&language=&components=
Filter by:
*********************************************
0
*********************************************
Ematic Solutions - DevOps Engineer
https://jobs.lever.co/ematicsolutions/0c898258-6950-4034-9f3e-4bda4c39948d
Jakarta, Indonesia
marketing
*********************************************
Ematic Solutions - Customer Success Engineer - Junior
https://jobs.lever.co/ematicsolutions/e6ddef6b-f465-44b8-8334-7a395db972da
Jakarta, Indonesia
marketing
local
*********************************************
Ematic Solutions - SQA Automation Engineer
https://jobs.lever.co/ematicsolutions/70e2467a-9006-4a28-ad0f-df03148a5afb
Kuala Lumpur, Malaysia
marketing
*********************************************
Ematic Solutions - SQA Automation Engineer
https://jobs.lever.co/ematicsolutions/70e2467a-9006-4a28-ad0f-df03148a5afb/apply
Kuala Lumpur, Malaysia
local
____________________________________________________________
*********************************************
Ematic Solutions - DevOps Engineer
https://jobs.lever.co/ematicsolutions/0c898258-6950-4034-9f3e-4bda4c39948d/apply
Jakarta, Indonesia
local
____________________________________________________________
*********************************************
Ematic Solutions - DevOps Engineer
https://jobs.lever.co/ematicsolutions/d5e58604-91b9-4caa-9576-09ccfff193e4/apply
Makati, Manila, Philippines
local
____________________________________________________________
*********************************************
Ematic Solutions
https://jobs.lever.co/ematicsolutions

## slept ##
Error INVALID_REQUEST
Query: https://maps.google.com/maps/api/geocode/json?address=&sensor=false&bounds=&region=&language=&components=
Filter by:
*********************************************
Ematic Solutions
https://jobs.lever.co/ematicsolutions?team=Engineering

## slept ##
Error INVALID_REQUEST
Query: https://maps.google.com/maps/api/geocode/json?address=&sensor=false&bounds=&region=&language=&components=
Filter by:
*********************************************
Ematic Solutions
https://jobs.lever.co/ematicsolutions?location=San%20Francisco%20Bay%20Area

## slept ##
Error INVALID_REQUEST
Query: https://maps.google.com/maps/api/geocode/json?address=&sensor=false&bounds=&region=&language=&components=
Filter by:
*********************************************
Ematic Solutions
https://jobs.lever.co/ematicsolutions?location=Makati%2C%20Manila%2C%20Philippines

## slept ##
Error INVALID_REQUEST
Query: https://maps.google.com/maps/api/geocode/json?address=&sensor=false&bounds=&region=&language=&components=
Filter by:
*********************************************
Ematic Solutions
https://jobs.lever.co/ematicsolutions?by=location&location=Jakarta%2C%20Indonesia

## slept ##
Error INVALID_REQUEST
Query: https://maps.google.com/maps/api/geocode/json?address=&sensor=false&bounds=&region=&language=&components=
Filter by:
*********************************************
Ematic Solutions
https://jobs.lever.co/ematicsolutions?by=location&location=Makati%2C%20Manila%2C%20Philippines

## slept ##
Error INVALID_REQUEST
Query: https://maps.google.com/maps/api/geocode/json?address=&sensor=false&bounds=&region=&language=&components=
Filter by:
*********************************************
Ematic Solutions
https://jobs.lever.co/ematicsolutions?by=location&location=San%20Francisco%20Bay%20Area

## slept ##
Error INVALID_REQUEST
Query: https://maps.google.com/maps/api/geocode/json?address=&sensor=false&bounds=&region=&language=&components=
Filter by:
*********************************************
Ematic Solutions - Talent Recruiter / Sourcer
https://jobs.lever.co/ematicsolutions/545208dc-44b3-45c0-b7b1-2ec0f8e4e615
Makati, Manila, Philippines
marketing
*********************************************
Ematic Solutions - iOS Developer
https://jobs.lever.co/ematicsolutions/7f4a7d14-8893-4f8a-b881-f25b9467a413
Novi Sad, Serbia
marketing
*********************************************
HTTP Error 404: Not Found
Ematic Solutions
https://jobs.lever.co/ematicsolutions?location=Singapore

## slept ##
Error INVALID_REQUEST
Query: https://maps.google.com/maps/api/geocode/json?address=&sensor=false&bounds=&region=&language=&components=
Filter by:
*********************************************
Ematic Solutions
https://jobs.lever.co/ematicsolutions?by=location&location=Singapore

## slept ##
Error INVALID_REQUEST
Query: https://maps.google.com/maps/api/geocode/json?address=&sensor=false&bounds=&region=&language=&components=
Filter by:
*********************************************
Ematic Solutions
https://jobs.lever.co/ematicsolutions?location=Hong%20Kong

## slept ##
Error INVALID_REQUEST
Query: https://maps.google.com/maps/api/geocode/json?address=&sensor=false&bounds=&region=&language=&components=
Filter by:
*********************************************
Ematic Solutions - Customer Success Manager
https://jobs.lever.co/ematicsolutions/a1b2122b-7740-4004-aa20-f85a94002633
Kuala Lumpur, Malaysia
customer service
marketing
local
*********************************************
Ematic Solutions - UI Designer - Indonesia
https://jobs.lever.co/ematicsolutions/e868d8ce-8145-491e-96ab-5878c62de47f
Jakarta, Indonesia
marketing
in person
*********************************************
Ematic Solutions - iOS Developer - India
https://jobs.lever.co/ematicsolutions/d007a3ff-1eda-484d-9986-ac2fcfef7368/apply
Indore, India
____________________________________________________________
*********************************************
Ematic Solutions
https://jobs.lever.co/ematicsolutions?by=location&location=Kuala%20Lumpur%2C%20Malaysia

## slept ##
Error INVALID_REQUEST
Query: https://maps.google.com/maps/api/geocode/json?address=&sensor=false&bounds=&region=&language=&components=
Filter by:
*********************************************
Ematic Solutions
https://jobs.lever.co/ematicsolutions?location=Banja%20Luka%2C%20Bosnia

## slept ##
Error INVALID_REQUEST
Query: https://maps.google.com/maps/api/geocode/json?address=&sensor=false&bounds=&region=&language=&components=
Filter by:
*********************************************
0
*********************************************
Embark - Perception Engineer
https://jobs.lever.co/embark/94f08639-73ee-4e87-bb91-de07cc87c5f1
San Francisco, CA
local
*********************************************
Embark - Machine Learning Engineer
https://jobs.lever.co/embark/ece948b6-c757-4f6f-bd03-bc8c3ef40d0b
San Francisco, CA
local
*********************************************
Embark - Software Engineer
https://jobs.lever.co/embark/f2a360b3-ada1-4c79-a220-0a8b267ed89d/apply
San Francisco, CA
____________________________________________________________
*********************************************
Embark - Perception Engineer
https://jobs.lever.co/embark/94f08639-73ee-4e87-bb91-de07cc87c5f1/apply
San Francisco, CA
____________________________________________________________
*********************************************
HTTP Error 404: Not Found
Embark - Machine Learning Engineer
https://jobs.lever.co/embark/ece948b6-c757-4f6f-bd03-bc8c3ef40d0b/apply
San Francisco, CA
____________________________________________________________
*********************************************
Embark
https://jobs.lever.co/embark

## slept ##
Error INVALID_REQUEST
Query: https://maps.google.com/maps/api/geocode/json?address=&sensor=false&bounds=&region=&language=&components=
Filter by:
*********************************************
Embark - Mechatronics Engineering
https://jobs.lever.co/embark/e872e649-2b07-4614-aca1-959fc156bbb6
Belmont, CA
equity
*********************************************
Embark - Planning and Controls Engineering
https://jobs.lever.co/embark/8ee2193c-3b30-47fb-8437-3aa9458b2343/apply
Belmont, CA
____________________________________________________________
*********************************************
Embark - Mechatronics Engineering
https://jobs.lever.co/embark/e872e649-2b07-4614-aca1-959fc156bbb6/apply
Belmont, CA
____________________________________________________________
*********************************************
0
*********************************************
0
*********************************************
Emerald Cloud Lab - Infrastructure Engineer
https://jobs.lever.co/emeraldtherapeutics/468c350c-124c-4639-8e0d-14565e9378c6
South San Francisco, CA
*********************************************
Emerald Cloud Lab - Application Software Engineer
https://jobs.lever.co/emeraldtherapeutics/8a1e068e-7ba7-452a-afb3-75351dbdc17f
South San Francisco, CA
*********************************************
Emerald Cloud Lab - Scientific Computing Engineer
https://jobs.lever.co/emeraldtherapeutics/35efda5a-41af-4c1f-a948-29db335497ea
South San Francisco, CA
*********************************************
Emerald Cloud Lab - Scientific Computing Engineer
https://jobs.lever.co/emeraldtherapeutics/35efda5a-41af-4c1f-a948-29db335497ea/apply
South San Francisco, CA
____________________________________________________________
*********************************************
Emerald Cloud Lab - QA Engineer
https://jobs.lever.co/emeraldtherapeutics/70f24c0a-d4e1-43de-a894-809adf2fefae
South San Francisco, CA
*********************************************
Emerald Cloud Lab - QA Engineer
https://jobs.lever.co/emeraldtherapeutics/70f24c0a-d4e1-43de-a894-809adf2fefae/apply
South San Francisco, CA
____________________________________________________________
*********************************************
Emerald Cloud Lab
https://jobs.lever.co/emeraldtherapeutics

## slept ##
Error INVALID_REQUEST
Query: https://maps.google.com/maps/api/geocode/json?address=&sensor=false&bounds=&region=&language=&components=
Filter by:
*********************************************
Emerald Cloud Lab
https://jobs.lever.co/emeraldtherapeutics?team=Engineering

## slept ##
Error INVALID_REQUEST
Query: https://maps.google.com/maps/api/geocode/json?address=&sensor=false&bounds=&region=&language=&components=
Filter by:
*********************************************
Emerald Cloud Lab - Scientific Developer
https://jobs.lever.co/emeraldtherapeutics/70e2f187-eb96-47a9-a8b8-0e51c6f9037c
South San Francisco, CA
*********************************************
Emerald Cloud Lab - Senior Recruiter
https://jobs.lever.co/emeraldtherapeutics/9aa13f4a-4773-4fa1-a262-58e177cfee58
South San Francisco, CA
*********************************************
Emerald Cloud Lab - Senior Designer
https://jobs.lever.co/emeraldtherapeutics/1a2a5673-c7ab-473b-b966-33a9a1c100ae
South San Francisco, CA
*********************************************
7
*********************************************
Endless - QA Engineer
https://jobs.lever.co/endless/86fe35b5-7ddc-4ac6-808c-8131ab27cda6
San Francisco
*********************************************
Endless - OEM Kernel Engineer
https://jobs.lever.co/endless/78d2b979-e4fa-4823-b341-664c161997d7
Taipei, Taiwan
*********************************************
Endless - DevOps Engineer
https://jobs.lever.co/endless/7612b43c-5569-44ff-bd3c-6b9fe9e1f60a
San Francisco
*********************************************
Endless - Tools Engineer
https://jobs.lever.co/endless/1e8a6d72-a74f-4969-a8c3-7e40914bb631
San Francisco (or remote)
*********************************************
Endless - QA Engineer
https://jobs.lever.co/endless/86fe35b5-7ddc-4ac6-808c-8131ab27cda6/apply
San Francisco
survey
____________________________________________________________
*********************************************
HTTP Error 404: Not Found
Endless - Cloud / Distributed Systems Lead
https://jobs.lever.co/endless/cbfb48d1-9f5e-472c-a024-192fbc204f0b
San Francisco
*********************************************
Endless
https://jobs.lever.co/endless

## slept ##
Error INVALID_REQUEST
Query: https://maps.google.com/maps/api/geocode/json?address=&sensor=false&bounds=&region=&language=&components=
Filter by:
*********************************************
Endless
https://jobs.lever.co/endless?team=Engineering

## slept ##
Error INVALID_REQUEST
Query: https://maps.google.com/maps/api/geocode/json?address=&sensor=false&bounds=&region=&language=&components=
Filter by:
*********************************************
Endless
https://jobs.lever.co/endless?location=San%20Francisco

## slept ##
Error INVALID_REQUEST
Query: https://maps.google.com/maps/api/geocode/json?address=&sensor=false&bounds=&region=&language=&components=
Filter by:
*********************************************
Endless - Project Manager
https://jobs.lever.co/endless/ced99a94-108c-4104-9bda-cf6ab88b3ecc
Taipei, Taiwan
*********************************************
Endless - Chief Operations Officer
https://jobs.lever.co/endless/3d836ea7-b4c8-49c6-9088-dfcf12a04f91
San Francisco
partner 
*********************************************
6
*********************************************
Engagio - Success Engineer
https://jobs.lever.co/engagio/75674510-cd20-43d8-8e4d-d9aa8a273ae1
San Mateo
marketing
co-founder
*********************************************
Engagio - Full Stack Engineer
https://jobs.lever.co/engagio/27599c9f-3d8b-4095-af0c-d3a9d8a76d37/apply
San Mateo
____________________________________________________________
*********************************************
Engagio - Front End Engineer
https://jobs.lever.co/engagio/132c961d-44d5-4db5-8ed8-a9470ceec03d/apply
San Mateo
____________________________________________________________
*********************************************
Engagio - Back End Engineer
https://jobs.lever.co/engagio/8ce1454a-d0f8-417f-9230-faec20ed1410
San Mateo
marketing
*********************************************
HTTP Error 404: Not Found
Engagio - Front End Engineer
https://jobs.lever.co/engagio/132c961d-44d5-4db5-8ed8-a9470ceec03d
San Mateo
marketing
*********************************************
HTTP Error 404: Not Found
Engagio - Senior Software Engineer - Back End
https://jobs.lever.co/engagio/8ce1454a-d0f8-417f-9230-faec20ed1410/apply
San Mateo
____________________________________________________________
*********************************************
Engagio - Sr. DevOps Engineer
https://jobs.lever.co/engagio/067f0d6b-985f-4fa9-a2b7-9897df6155d3/apply
San Mateo
____________________________________________________________
*********************************************
Engagio
https://jobs.lever.co/engagio

## slept ##
Error INVALID_REQUEST
Query: https://maps.google.com/maps/api/geocode/json?address=&sensor=false&bounds=&region=&language=&components=
Filter by:
*********************************************
Engagio - Recruiter
https://jobs.lever.co/engagio/dbbf258b-48ac-4fdb-88ed-02d605acd302
San Mateo
marketing
*********************************************
Engagio - Product Consultant
https://jobs.lever.co/engagio/4def6211-481b-4b96-81f2-4c8214fea042
San Mateo
marketing
in person
*********************************************
0
*********************************************
Enginium Group - Senior Planning Engineer
https://jobs.lever.co/enginiumgroup/06989fa7-370a-481e-83b4-7bc8d5b24c8a
Brussels
weekly
*********************************************
Enginium Group - Senior Project Engineer
https://jobs.lever.co/enginiumgroup/b0bbcaa8-b781-4b48-a087-f8eab6a1bd28
International
*********************************************
HTTP Error 404: Not Found
Enginium Group - Project Engineer HVAC
https://jobs.lever.co/enginiumgroup/c7cfcf8e-82c6-41ba-a4eb-c20897ca33d5/apply
Brussels
____________________________________________________________
*********************************************
Enginium Group - MEP Tender Engineer
https://jobs.lever.co/enginiumgroup/2336fb14-c25e-4abf-a0f4-0199d7a26d12
Brussels
*********************************************
Enginium Group - Technical Sales Engineer
https://jobs.lever.co/enginiumgroup/9a305ec7-3159-4168-96d0-5e41f6dba497
Belgium
*********************************************
Enginium Group - Project Engineer HVAC
https://jobs.lever.co/enginiumgroup/8df12d9b-04ec-4ef3-a07f-5a6f0cbe0997
Brussels
*********************************************
Enginium Group
https://jobs.lever.co/enginiumgroup

## slept ##
Error INVALID_REQUEST
Query: https://maps.google.com/maps/api/geocode/json?address=&sensor=false&bounds=&region=&language=&components=
Filter by:
*********************************************
Enginium Group - Tender Manager
https://jobs.lever.co/enginiumgroup/f4bbb739-18cb-4bdb-8b4f-337ed757084a
Antwerpen
commission
*********************************************
Enginium Group - Project Manager Design & Construction Floating ...
https://jobs.lever.co/enginiumgroup/4c897981-a809-41ca-9267-4e4a78b7f01a
International
*********************************************
Enginium Group - Senior Estimator Construction
https://jobs.lever.co/enginiumgroup/9d88004e-3c45-41a8-b5b0-02de05b45109
Belgium
*********************************************
Enginium Group - Civil 3D Designer
https://jobs.lever.co/enginiumgroup/0ae786a3-d47b-4def-b82e-d4ddb82cf910
Antwerp
survey
*********************************************
Enginium Group - Vessel Manager
https://jobs.lever.co/enginiumgroup/ca62b723-806d-445e-94c0-aa18bc2c706d
International
technical support
*********************************************
Enginium Group - Spontaneous Application
https://jobs.lever.co/enginiumgroup/2b905351-c489-4fab-97ac-32eb8dca9193
Belgium
*********************************************
7
*********************************************
Envoy - Backend Engineer (Ruby on Rails/Elixir Phoenix)
https://jobs.lever.co/envoy/34d9a082-f5a0-4695-92c3-e7657b0b3164
San Francisco
front desk
*********************************************
Envoy - React Native Mobile Product Engineer
https://jobs.lever.co/envoy/189b6b93-94e0-4144-933f-4355085f2fde
San Francisco
front desk
*********************************************
Envoy - Front-End Engineer
https://jobs.lever.co/envoy/42f7c541-7617-4f36-a1ce-f5734727a34c
San Francisco
front desk
*********************************************
Envoy - Application Security Engineer
https://jobs.lever.co/envoy/f4177de1-2cb2-496b-a7a3-a32dea5ddf78/apply
San Francisco
____________________________________________________________
*********************************************
Envoy - Backend Engineer (Ruby on Rails/Elixir Phoenix)
https://jobs.lever.co/envoy/34d9a082-f5a0-4695-92c3-e7657b0b3164/apply
San Francisco
____________________________________________________________
*********************************************
Envoy
https://jobs.lever.co/envoy

## slept ##
Error INVALID_REQUEST
Query: https://maps.google.com/maps/api/geocode/json?address=&sensor=false&bounds=&region=&language=&components=
Filter by:
*********************************************
Envoy - Technical Ambassador
https://jobs.lever.co/envoy/5a74d181-1750-455a-b4d4-3ac68e6a6c3d
San Francisco
front desk
*********************************************
0
*********************************************
0
*********************************************
0
*********************************************
EquityZen - Front-End | Software Engineer
https://jobs.lever.co/equityzen/3435d45a-3426-48d7-ba8f-5dbd4e4c489b
Manhattan, New York City
marketing
local
equity
*********************************************
EquityZen - Front-End | Software Engineer
https://jobs.lever.co/equityzen/3435d45a-3426-48d7-ba8f-5dbd4e4c489b/apply?lever-source=equityzen.com
Manhattan, New York City
survey
equity
____________________________________________________________
*********************************************
EquityZen - Engineering Lead
https://jobs.lever.co/equityzen/6ea83b46-97f3-4ae6-a63a-98edaf30c131
Manhattan, New York City
local
equity
*********************************************
EquityZen - Engineering Lead
https://jobs.lever.co/equityzen/6ea83b46-97f3-4ae6-a63a-98edaf30c131/apply?lever-source=equityzen.com
Manhattan, New York City
survey
____________________________________________________________
*********************************************
EquityZen - Lever
https://jobs.lever.co/equityzen/?lever-source=equityzen.com&location=Manhattan%2C%20New%20York%20City

## slept ##
Error INVALID_REQUEST
Query: https://maps.google.com/maps/api/geocode/json?address=&sensor=false&bounds=&region=&language=&components=
Filter by:
*********************************************
EquityZen - Consultant | Design
https://jobs.lever.co/equityzen/6d511da1-c6b8-4e3e-85a9-1ca5176dd0fc
Manhattan, New York City
marketing
local
equity
*********************************************
EquityZen - General Application
https://jobs.lever.co/equityzen/2468e0b3-4bad-4168-9df5-6bce13923540
Manhattan, New York City
local
equity
get paid
*********************************************
HTTP Error 404: Not Found
0
*********************************************
eShares - DevOps/Site Reliability Engineer
https://jobs.lever.co/esharesinc/599cee51-bca0-46f7-8aa4-6992c9b8a1d4
Palo Alto or San Francisco, Bay Area, CA, USA
*********************************************
eShares - iOS Engineer
https://jobs.lever.co/esharesinc/3a1245e4-07c2-4e0a-b415-0b98549e42d2
Rio de Janeiro, Brazil
*********************************************
eShares - Android Engineer
https://jobs.lever.co/esharesinc/72b60e06-6834-46f2-a35d-8ea3d9d4b38f/apply
Rio de Janeiro, Brazil
survey
____________________________________________________________
*********************************************
eShares
https://jobs.lever.co/esharesinc

## slept ##
Error INVALID_REQUEST
Query: https://maps.google.com/maps/api/geocode/json?address=&sensor=false&bounds=&region=&language=&components=
Filter by:
*********************************************
eShares - Senior Engineering Lead - International (Python/Django ...
https://jobs.lever.co/esharesinc/bcf1e5f5-307e-4a1e-ba50-a69ee10e01a5
London, UK
*********************************************
eShares
https://jobs.lever.co/esharesinc?by=location

## slept ##
Error INVALID_REQUEST
Query: https://maps.google.com/maps/api/geocode/json?address=&sensor=false&bounds=&region=&language=&components=
Filter by:
*********************************************
eShares - Senior Product Manager
https://jobs.lever.co/esharesinc/e28f6710-b106-4b7c-befe-c7836ce3c1b6
San Francisco, CA, USA
equity
weekly
*********************************************
eShares - Senior Python/Django Full Stack Developer
https://jobs.lever.co/esharesinc/13312294-ac36-46b0-bb79-81fb27cbb9fd
Seattle, WA, USA
*********************************************
eShares - Python/Django Full Stack Developer
https://jobs.lever.co/esharesinc/1666f6ee-28df-4879-8dfc-7c2c6c741b97
Seattle, WA, USA
*********************************************
eShares - Python/Django Full Stack Developer
https://jobs.lever.co/esharesinc/d3779cae-4760-4a6f-b593-3474cfe696f6
Rio de Janeiro, Brazil
*********************************************
eShares - Product Designer
https://jobs.lever.co/esharesinc/2d7607dc-93db-4072-a3cf-54a544596b0f
Seattle, WA, USA
equity
*********************************************
eShares - Sr. Sales Executive
https://jobs.lever.co/esharesinc/3de8bbf6-def9-4196-965d-625e03dc001b
Salt Lake City, UT, USA
equity
*********************************************
HTTP Error 404: Not Found
eShares - Recruiting Analyst
https://jobs.lever.co/esharesinc/69c465c7-51cb-4d06-a554-1e1650947a31
Rio de Janeiro, Brazil
partner 
*********************************************
HTTP Error 404: Not Found
eShares - Cap Table Analyst
https://jobs.lever.co/esharesinc/47242ace-98a2-4901-a9ec-c7267f771576
Chicago, IL, USA
equity
*********************************************
eShares - Evangelist (Account Executive)
https://jobs.lever.co/esharesinc/110c22de-4c53-4f82-8c86-077f804a3e57
San Francisco, CA, USA
equity
*********************************************
eShares - Customer Success Analyst
https://jobs.lever.co/esharesinc/7ec6915d-388f-4442-b137-c3b825a0f040
Palo Alto or San Francisco, Bay Area, CA, USA
equity
*********************************************
eShares - Evangelist Trainee
https://jobs.lever.co/esharesinc/6b4edcba-e950-4ac6-a021-54573e967adb
San Francisco, CA, USA
equity
*********************************************
HTTP Error 404: Not Found
HTTP Error 404: Not Found
HTTP Error 404: Not Found
eShares - Sales Systems Lead
https://jobs.lever.co/esharesinc/89e4bfae-6f73-49eb-a45f-7e4c6aea093b
San Francisco, CA, USA
*********************************************
eShares
https://jobs.lever.co/esharesinc?team=Internships

## slept ##
Error INVALID_REQUEST
Query: https://maps.google.com/maps/api/geocode/json?address=&sensor=false&bounds=&region=&language=&components=
Filter by:
*********************************************
7
*********************************************
Essential Products - Software Engineer, Home
https://jobs.lever.co/essential/1fe8241f-3430-4a5c-a3f6-004ad9a3b7b3
Palo Alto, CA
co-founder
*********************************************
Essential Products - Software Engineer, Systems
https://jobs.lever.co/essential/87d77696-e67a-41d8-99b3-e0ad12befa24
Palo Alto, CA
partner 
co-founder
*********************************************
Essential Products - Software Engineer, Applications
https://jobs.lever.co/essential/1d2e278a-9935-4a60-b61e-28cb91f60b41
Palo Alto, CA
co-founder
*********************************************
Essential Products - Software Engineer, Data & Privacy
https://jobs.lever.co/essential/bc3b7518-abd6-47e2-9e12-ca42dce7ef88
Palo Alto, CA
co-founder
*********************************************
Essential Products - Front End Software Engineer
https://jobs.lever.co/essential/bb6c7bce-8460-4751-bd63-ae784d0cd6f8
Palo Alto, CA
co-founder
*********************************************
Essential Products - Software Engineer, Applications
https://jobs.lever.co/essential/1d2e278a-9935-4a60-b61e-28cb91f60b41/apply
Palo Alto, CA
survey
____________________________________________________________
*********************************************
Essential Products - Back End Software Engineer
https://jobs.lever.co/essential/dc669387-3857-489e-a413-67e84c5eecbd
Palo Alto, CA
co-founder
*********************************************
Essential Products - Quality Assurance Engineer (Tier 3 Customer ...
https://jobs.lever.co/essential/2e2a50b6-a6d6-4d6a-b9b0-789ccd0a7247
Palo Alto, CA
co-founder
*********************************************
Essential Products
https://jobs.lever.co/essential

## slept ##
Error INVALID_REQUEST
Query: https://maps.google.com/maps/api/geocode/json?address=&sensor=false&bounds=&region=&language=&components=
Filter by:
*********************************************
Essential Products - Engineering Program Manager
https://jobs.lever.co/essential/4da7d161-5339-48f0-a39b-0c8e416b2a3e
Palo Alto, CA
co-founder
*********************************************
Essential Products - Senior Product Designer
https://jobs.lever.co/essential/ef465ebf-ee4f-4621-af33-78473ea011f2
Palo Alto, CA
co-founder
*********************************************
Essential Products - Product Manager
https://jobs.lever.co/essential/212e6548-d5ae-40c2-94c8-e2250ebdab99
Palo Alto, CA
marketing
co-founder
*********************************************
Essential Products - Industrial Designer (Senior)
https://jobs.lever.co/essential/5e3131cb-f114-476d-bf7d-436efe510345
Palo Alto, CA
marketing
co-founder
*********************************************
Essential Products - Supply Chain Operations Manager (Supply ...
https://jobs.lever.co/essential/729884b4-df82-43fe-a050-c835ca2bf77e
Palo Alto, CA
marketing
co-founder
*********************************************
Essential Products - Senior Counsel
https://jobs.lever.co/essential/13a3b9ab-2c22-4b94-ab26-8776e99e57d1
Palo Alto, CA
marketing
co-founder
*********************************************
Essential Products - Head of Content
https://jobs.lever.co/essential/1319dce1-0bcb-4661-8cf4-30179478f4b5
Palo Alto, CA
marketing
partner 
co-founder
*********************************************
0
*********************************************
0
*********************************************
