Temp Alert - Data Engineer
https://jobs.lever.co/tempalert/9657228e-2655-4f7b-9353-e8505160f457
BOSTON
*********************************************
Temp Alert - Electrical Engineer
https://jobs.lever.co/tempalert/c18a5837-66c2-4d35-b2e2-ef446b85e0fa
BOSTON
*********************************************
Temp Alert - Front-End Software Engineer
https://jobs.lever.co/tempalert/e5cfbc88-c8e7-4796-a8a9-7779a4f9fcc4
BOSTON
*********************************************
Temp Alert - Firmware Engineer
https://jobs.lever.co/tempalert/9d292dff-ec42-4561-9b35-aba9042674c3
BOSTON
*********************************************
Temp Alert - Senior Software Engineer
https://jobs.lever.co/tempalert/97564ff9-9dbb-4a98-b218-c7d80cdb68a1/apply?lever-source=BuiltInBoston
BOSTON
*********************************************
Temp Alert - Electrical Engineer
https://jobs.lever.co/tempalert/c18a5837-66c2-4d35-b2e2-ef446b85e0fa/apply
BOSTON
*********************************************
Temp Alert
https://jobs.lever.co/tempalert

## slept ##
Error INVALID_REQUEST
Query: https://maps.google.com/maps/api/geocode/json?address=&sensor=false&bounds=&region=&language=&components=
*********************************************
Temp Alert
https://jobs.lever.co/tempalert?by=location&team=ENGINEERING

## slept ##
Error INVALID_REQUEST
Query: https://maps.google.com/maps/api/geocode/json?address=&sensor=false&bounds=&region=&language=&components=
*********************************************
Temp Alert
https://jobs.lever.co/tempalert?by=location&location=BOSTON

## slept ##
Error INVALID_REQUEST
Query: https://maps.google.com/maps/api/geocode/json?address=&sensor=false&bounds=&region=&language=&components=
*********************************************
Temp Alert
https://jobs.lever.co/tempalert?by=commitment

## slept ##
Error INVALID_REQUEST
Query: https://maps.google.com/maps/api/geocode/json?address=&sensor=false&bounds=&region=&language=&components=
*********************************************
Temp Alert - VP Quality
https://jobs.lever.co/tempalert/c9c6ff79-5492-4e52-9e1e-df296229fe37
BOSTON
*********************************************
Temp Alert
https://jobs.lever.co/tempalert?by=location&commitment=Full-time

## slept ##
Error INVALID_REQUEST
Query: https://maps.google.com/maps/api/geocode/json?address=&sensor=false&bounds=&region=&language=&components=
*********************************************
HTTP Error 404: Not Found
Temp Alert
https://jobs.lever.co/tempalert?by=location&team=ANALYTICS

## slept ##
Error INVALID_REQUEST
Query: https://maps.google.com/maps/api/geocode/json?address=&sensor=false&bounds=&region=&language=&components=
*********************************************
13
*********************************************
0
*********************************************
Tesorio - Senior Full-Stack Engineer
https://jobs.lever.co/tesorio/4c2bc7e5-7065-4bc9-b2e4-3b9d28c9b0ba
Bay Area
*********************************************
Tesorio - Senior Full-Stack Engineer
https://jobs.lever.co/tesorio/4c2bc7e5-7065-4bc9-b2e4-3b9d28c9b0ba/apply
Bay Area
*********************************************
Tesorio - Lever
https://jobs.lever.co/tesorio?team=Engineering%20%26%20Product

## slept ##
Error INVALID_REQUEST
Query: https://maps.google.com/maps/api/geocode/json?address=&sensor=false&bounds=&region=&language=&components=
*********************************************
Tesorio - Lever
https://jobs.lever.co/tesorio?commitment=Full-time

## slept ##
Error INVALID_REQUEST
Query: https://maps.google.com/maps/api/geocode/json?address=&sensor=false&bounds=&region=&language=&components=
*********************************************
Tesorio - Lever
https://jobs.lever.co/tesorio?by=location

## slept ##
Error INVALID_REQUEST
Query: https://maps.google.com/maps/api/geocode/json?address=&sensor=false&bounds=&region=&language=&components=
*********************************************
Tesorio - Lever
https://jobs.lever.co/tesorio?by=commitment

## slept ##
Error INVALID_REQUEST
Query: https://maps.google.com/maps/api/geocode/json?address=&sensor=false&bounds=&region=&language=&components=
*********************************************
Tesorio - Senior Data Scientist
https://jobs.lever.co/tesorio/aee7043f-69b5-4f82-8cce-21ec37fdf4b4/apply
Bay Area
*********************************************
Tesorio - Lead Product Designer
https://jobs.lever.co/tesorio/fce0604f-829f-432e-9365-781fda8a14a0/apply
Bay Area
*********************************************
Tesorio
https://jobs.lever.co/tesorio?team=Operations

## slept ##
Error INVALID_REQUEST
Query: https://maps.google.com/maps/api/geocode/json?address=&sensor=false&bounds=&region=&language=&components=
*********************************************
9
*********************************************
Tetra - React Engineer
https://jobs.lever.co/tetra/06e2b1ca-b88a-4874-8201-ff0f151fa8da
San Francisco
*********************************************
Tetra - Software Engineer
https://jobs.lever.co/tetra/4d85b51a-0804-4a7e-97d9-43b66f93cc64
San Francisco
*********************************************
Tetra - Software Engineer
https://jobs.lever.co/tetra/4d85b51a-0804-4a7e-97d9-43b66f93cc64/apply
San Francisco
*********************************************
Tetra - Mobile Engineer
https://jobs.lever.co/tetra/06e2b1ca-b88a-4874-8201-ff0f151fa8da/apply
San Francisco
*********************************************
Tetra - Full Stack Engineer
https://jobs.lever.co/tetra/3645b988-ebff-469a-b492-3590a58600b4/apply
San Francisco
*********************************************
Tetra
https://jobs.lever.co/tetra

## slept ##
Error INVALID_REQUEST
Query: https://maps.google.com/maps/api/geocode/json?address=&sensor=false&bounds=&region=&language=&components=
*********************************************
6
*********************************************
TFG Co - Data Platform Engineer
https://jobs.lever.co/tfgco/6995db74-4006-43a8-9eb3-1338af0edf8b
São Paulo, Brazil
*********************************************
TFG Co - QA Automation Engineer
https://jobs.lever.co/tfgco/1e42014c-efe3-47f2-b008-75fdd6d20454
São Paulo, Brazil
*********************************************
TFG Co - DevOps Engineer
https://jobs.lever.co/tfgco/404cc824-d8b8-4c92-b5df-db40a9266dd1
São Paulo, Brazil
*********************************************
TFG Co - Tools Engineer - iOS
https://jobs.lever.co/tfgco/47c8a00c-58c9-4178-8568-b67000aa4160
São Paulo, Brazil
*********************************************
TFG Co
https://jobs.lever.co/tfgco/

## slept ##
Error INVALID_REQUEST
Query: https://maps.google.com/maps/api/geocode/json?address=&sensor=false&bounds=&region=&language=&components=
*********************************************
TFG Co
https://jobs.lever.co/tfgco?team=Engineering

## slept ##
Error INVALID_REQUEST
Query: https://maps.google.com/maps/api/geocode/json?address=&sensor=false&bounds=&region=&language=&components=
*********************************************
TFG Co - Internship - TFG
https://jobs.lever.co/tfgco/15d66605-4cb0-4e2c-bd9b-e874d6b322c2
São Paulo, Brazil
*********************************************
TFG Co - Back End Developer
https://jobs.lever.co/tfgco/05838287-1f07-4743-a120-14f56c9896d0
São Paulo, Brazil
*********************************************
TFG Co - QA / Game Tester
https://jobs.lever.co/tfgco/f0129066-e82a-49e7-83c6-52f009815370
São Paulo, Brazil
*********************************************
TFG Co - Mobile Developer - Unity
https://jobs.lever.co/tfgco/baf6b71d-ce09-4c9b-9dd6-29a928d0c519
São Paulo, Brazil
*********************************************
TFG Co - Growth Hacker
https://jobs.lever.co/tfgco/cd1c20bd-85d6-4213-a923-84d2fc4939e7
São Paulo, Brazil
*********************************************
TFG Co - Data Scientist
https://jobs.lever.co/tfgco/f2c31013-ad15-41d6-8b5c-26b9ac55a627
São Paulo, Brazil
*********************************************
TFG Co - Senior Mobile Developer - Android
https://jobs.lever.co/tfgco/36c841c7-f7d0-435e-b4d7-77b433043e17
São Paulo, Brazil
*********************************************
13
*********************************************
0
*********************************************
HTTP Error 404: Not Found
The Baby Box Co. - Sr. Engineer
https://jobs.lever.co/thebabyboxco/4c211d09-1297-44e3-be20-6581ca8d7ed4
Los Angeles, CA
*********************************************
The Baby Box Co. - Sr. Data Engineer
https://jobs.lever.co/thebabyboxco/01d52a80-87a4-4577-8e99-e158ada233b6
Los Angeles, CA
*********************************************
The Baby Box Co. - Lead Engineer, Platform
https://jobs.lever.co/thebabyboxco/193a28a7-bdb2-4f33-83c9-17591d0c34fa
Los Angeles, CA
*********************************************
The Baby Box Co. - Sr. Help Desk Engineer
https://jobs.lever.co/thebabyboxco/9a4962b8-547b-4b18-aef7-b490c6f3dda6
Los Angeles, CA
*********************************************
The Baby Box Co. - Sr. QA Engineer
https://jobs.lever.co/thebabyboxco/b335355f-cac1-448e-b7a2-98b4b7e8968c
Los Angeles, CA
*********************************************
HTTP Error 404: Not Found
The Baby Box Co. - Sr. QA Engineer
https://jobs.lever.co/thebabyboxco/b335355f-cac1-448e-b7a2-98b4b7e8968c/apply
Los Angeles, CA
*********************************************
The Baby Box Co. - Sr. Product Manager
https://jobs.lever.co/thebabyboxco/1161c3d9-9e70-4902-bc09-e15b33fef32a
Los Angeles, CA
*********************************************
The Baby Box Co. - Website Operations Manager
https://jobs.lever.co/thebabyboxco/dbf96ab2-7747-43c1-b7cc-2686b19c1886
Los Angeles, CA
*********************************************
The Baby Box Co. - Director, Distribution Operations
https://jobs.lever.co/thebabyboxco/51145abb-6676-4a90-ad4c-9368d7182998
Los Angeles, CA
*********************************************
9
*********************************************
The Black Tux - Senior Software Engineer (Python)
https://jobs.lever.co/theblacktux/3d9be859-ebba-49da-8704-f88e28836242
Santa Monica, CA
*********************************************
The Black Tux - Senior Software Engineer (Python)
https://jobs.lever.co/theblacktux/3d9be859-ebba-49da-8704-f88e28836242/apply
Santa Monica, CA
*********************************************
The Black Tux - Junior Help Desk Engineer (Jenkins Township, PA)
https://jobs.lever.co/theblacktux/cbb1f9c0-e71a-421b-a515-4b9f4021cb2d
Jenkins Township, PA
*********************************************
HTTP Error 404: Not Found
The Black Tux - Junior Help Desk Engineer
https://jobs.lever.co/theblacktux/cbb1f9c0-e71a-421b-a515-4b9f4021cb2d/apply
Jenkins Township, PA
*********************************************
The Black Tux
https://jobs.lever.co/theblacktux?by=location

## slept ##
Error INVALID_REQUEST
Query: https://maps.google.com/maps/api/geocode/json?address=&sensor=false&bounds=&region=&language=&components=
*********************************************
The Black Tux
https://jobs.lever.co/theblacktux?by=commitment

## slept ##
Error INVALID_REQUEST
Query: https://maps.google.com/maps/api/geocode/json?address=&sensor=false&bounds=&region=&language=&components=
*********************************************
The Black Tux
https://jobs.lever.co/theblacktux

## slept ##
Error INVALID_REQUEST
Query: https://maps.google.com/maps/api/geocode/json?address=&sensor=false&bounds=&region=&language=&components=
*********************************************
The Black Tux - Lever
https://jobs.lever.co/theblacktux?commitment=Full-time

## slept ##
Error INVALID_REQUEST
Query: https://maps.google.com/maps/api/geocode/json?address=&sensor=false&bounds=&region=&language=&components=
*********************************************
8
*********************************************
HTTP Error 404: Not Found
The Bouqs Company - Senior AWS DevOps Engineer
https://jobs.lever.co/thebouqs.com/cd5daf4e-0845-45c5-8c81-f457fb0ece97
HQ - Marina Del Rey, CA
*********************************************
The Bouqs Company - Sr. Ruby On Rails Engineer
https://jobs.lever.co/thebouqs.com/2c9c22f4-5433-4b8a-bf00-6c44d1a8462b
HQ - Marina Del Rey, CA
*********************************************
The Bouqs Company - Senior AWS DevOps Engineer
https://jobs.lever.co/thebouqs.com/cd5daf4e-0845-45c5-8c81-f457fb0ece97/apply
HQ - Marina Del Rey, CA
*********************************************
The Bouqs Company
https://jobs.lever.co/thebouqs.com?location=HQ%20-%20Marina%20Del%20Rey%2C%20CA

## slept ##
Error INVALID_REQUEST
Query: https://maps.google.com/maps/api/geocode/json?address=&sensor=false&bounds=&region=&language=&components=
*********************************************
The Bouqs Company
https://jobs.lever.co/thebouqs.com

## slept ##
Error INVALID_REQUEST
Query: https://maps.google.com/maps/api/geocode/json?address=&sensor=false&bounds=&region=&language=&components=
*********************************************
The Bouqs Company - UX/UI Designer
https://jobs.lever.co/thebouqs.com/98f0c167-0ce8-4ab5-8e00-f2dc91eed21a
HQ - Marina Del Rey, CA
*********************************************
HTTP Error 404: Not Found
The Bouqs Company - VP of Marketing
https://jobs.lever.co/thebouqs.com/9d8fc80c-fa03-4255-992f-23ccc51aae4f
HQ - Marina Del Rey, CA
*********************************************
The Bouqs Company - Product Manager (ERP Focused)
https://jobs.lever.co/thebouqs.com/2037bc5c-ec88-45e4-bde4-ce57c6b12740
HQ - Marina Del Rey, CA
*********************************************
8
*********************************************
0
*********************************************
The Flex Company - Data Engineer
https://jobs.lever.co/theflexcompany/fc83c2f8-1dd3-4ca6-b3a6-3866d3ec4d14
Venice, CA
*********************************************
The Flex Company - Senior Software Engineer
https://jobs.lever.co/theflexcompany/b3965476-be03-4fb7-8f43-4f896049d442
Venice, CA
*********************************************
The Flex Company - Senior Software Engineer
https://jobs.lever.co/theflexcompany/b3965476-be03-4fb7-8f43-4f896049d442/apply
Venice, CA
*********************************************
The Flex Company - Director / Head of Engineering
https://jobs.lever.co/theflexcompany/f4f27de8-47d9-4b4f-bfa4-ae1a68538f61
Venice, CA
*********************************************
The Flex Company
https://jobs.lever.co/theflexcompany

## slept ##
Error INVALID_REQUEST
Query: https://maps.google.com/maps/api/geocode/json?address=&sensor=false&bounds=&region=&language=&components=
*********************************************
HTTP Error 404: Not Found
The Flex Company - Director of Growth
https://jobs.lever.co/theflexcompany/8668a794-c62e-4ab5-94cb-dcf80a5f0ffa
Venice, CA
*********************************************
The Flex Company - Your Role Here
https://jobs.lever.co/theflexcompany/15d72795-8994-466e-981f-c9e4a594ba8f
Venice, CA
*********************************************
The Flex Company - Senior Marketing Manager
https://jobs.lever.co/theflexcompany/57da6000-e119-4e73-b61b-ad886c086c11
Venice, CA
*********************************************
8
*********************************************
0
*********************************************
0
*********************************************
The League - Senior Software Engineer (Node.js)
https://jobs.lever.co/theleague/2aa10fcd-1526-44f3-8381-c2def4b6b0ff
San Francisco, CA
*********************************************
The League - Senior Software Engineer (Node.js)
https://jobs.lever.co/theleague/2aa10fcd-1526-44f3-8381-c2def4b6b0ff/apply
San Francisco, CA
*********************************************
The League - QA Manager
https://jobs.lever.co/theleague/abbcd321-ea34-4a03-8894-e5ceb20efae1
San Francisco, CA
*********************************************
The League
https://jobs.lever.co/theleague

## slept ##
Error INVALID_REQUEST
Query: https://maps.google.com/maps/api/geocode/json?address=&sensor=false&bounds=&region=&language=&components=
*********************************************
The League - Product Manager
https://jobs.lever.co/theleague/753be0eb-c874-4d15-856e-e26fbd863ce5
San Francisco, CA
*********************************************
The League - Senior Product Manager
https://jobs.lever.co/theleague/529258f2-19cb-42d4-b725-8af9f4cf8675
San Francisco, CA
*********************************************
The League - Customer Success Agent
https://jobs.lever.co/theleague/ec94834c-8550-4697-b48d-7acdc60518c1
Remote
*********************************************
The League - Head of Digital Marketing
https://jobs.lever.co/theleague/e3cc3756-78ec-4d41-89d6-028aa7f00a86
San Francisco, CA
*********************************************
8
*********************************************
LevelUp - Integration Test Engineer
https://jobs.lever.co/thelevelup.com/18e767fb-1c97-4718-9bd0-8036c4197db6
Boston, MA
*********************************************
LevelUp - Integration Test Engineer
https://jobs.lever.co/thelevelup.com/18e767fb-1c97-4718-9bd0-8036c4197db6/apply?lever-source=BuiltInBoston
Boston, MA
*********************************************
LevelUp - Android Developer
https://jobs.lever.co/thelevelup.com/5a4ca52a-a9f4-4207-80a3-28e40dad39a4
Boston, MA
*********************************************
LevelUp
https://jobs.lever.co/thelevelup.com

## slept ##
Error INVALID_REQUEST
Query: https://maps.google.com/maps/api/geocode/json?address=&sensor=false&bounds=&region=&language=&components=
*********************************************
LevelUp - Full Stack Developer (Rails + Ember)
https://jobs.lever.co/thelevelup.com/cc27be3c-db8c-404f-89dc-0062667100eb
Washington, DC
*********************************************
LevelUp - Ruby on Rails Developer
https://jobs.lever.co/thelevelup.com/a8084f46-cad9-4db7-aeba-66d5ebd25dfc
Boston, MA
*********************************************
LevelUp - Product Manager
https://jobs.lever.co/thelevelup.com/7ca817d5-581c-4c4c-84d8-56ab72eab433
Boston, MA
*********************************************
LevelUp - Senior Full Stack Developer (Ruby on Rails)
https://jobs.lever.co/thelevelup.com/bb70adeb-0b68-4b84-a2fc-41080e23be72
Boston, MA
*********************************************
LevelUp
https://jobs.lever.co/thelevelup.com?by=commitment

## slept ##
Error INVALID_REQUEST
Query: https://maps.google.com/maps/api/geocode/json?address=&sensor=false&bounds=&region=&language=&components=
*********************************************
LevelUp - Technical Recruiter
https://jobs.lever.co/thelevelup.com/2a574a6a-0d2d-45e4-bb07-90e766913490
Boston, MA
*********************************************
LevelUp - Talent Network
https://jobs.lever.co/thelevelup.com/69b6e53f-ef3c-4581-a161-b7cfe4821eee/apply
Boston, MA
*********************************************
11
*********************************************
0
*********************************************
Theorem - Senior Software Engineer
https://jobs.lever.co/theoremlp/beb8d34f-3d34-4743-833f-2fd9bd628221
San Francisco
*********************************************
Theorem
https://jobs.lever.co/theoremlp

## slept ##
Error INVALID_REQUEST
Query: https://maps.google.com/maps/api/geocode/json?address=&sensor=false&bounds=&region=&language=&components=
*********************************************
Theorem - Senior Software Engineer
https://jobs.lever.co/theoremlp/beb8d34f-3d34-4743-833f-2fd9bd628221/apply
San Francisco
*********************************************
Theorem - Researcher
https://jobs.lever.co/theoremlp/439314da-2ce0-4fbd-90a7-6ff1b4c8350a
San Francisco
*********************************************
Theorem
https://jobs.lever.co/theoremlp?by=location

## slept ##
Error INVALID_REQUEST
Query: https://maps.google.com/maps/api/geocode/json?address=&sensor=false&bounds=&region=&language=&components=
*********************************************
Theorem - Researcher
https://jobs.lever.co/theoremlp/439314da-2ce0-4fbd-90a7-6ff1b4c8350a/apply
San Francisco
*********************************************
6
*********************************************
OutCast - Vice President, Business Strategy
https://jobs.lever.co/theoutcastagency/b6283d19-97e8-4e8a-8d13-19c07380c87a
San Francisco
*********************************************
1
*********************************************
The Pill Club - Fullstack Engineer
https://jobs.lever.co/thepillclub/f03440ab-7d26-456d-8576-b3cabf29143a
Redwood City
*********************************************
The Pill Club - Fullstack Engineer
https://jobs.lever.co/thepillclub/f03440ab-7d26-456d-8576-b3cabf29143a/apply
Redwood City
*********************************************
The Pill Club
https://jobs.lever.co/thepillclub

## slept ##
Error INVALID_REQUEST
Query: https://maps.google.com/maps/api/geocode/json?address=&sensor=false&bounds=&region=&language=&components=
*********************************************
The Pill Club
https://jobs.lever.co/thepillclub?by=commitment&commitment=Full-time

## slept ##
Error INVALID_REQUEST
Query: https://maps.google.com/maps/api/geocode/json?address=&sensor=false&bounds=&region=&language=&components=
*********************************************
The Pill Club
https://jobs.lever.co/thepillclub?by=location&location=Redwood%20City

## slept ##
Error INVALID_REQUEST
Query: https://maps.google.com/maps/api/geocode/json?address=&sensor=false&bounds=&region=&language=&components=
*********************************************
The Pill Club
https://jobs.lever.co/thepillclub?by=commitment

## slept ##
Error INVALID_REQUEST
Query: https://maps.google.com/maps/api/geocode/json?address=&sensor=false&bounds=&region=&language=&components=
*********************************************
The Pill Club - Pharmacy Clerk
https://jobs.lever.co/thepillclub/9114b7db-1a81-4c94-9ae8-16e3ac303903
Redwood City
*********************************************
The Pill Club - Logistics Coordinator
https://jobs.lever.co/thepillclub/567c4de0-a7ec-405f-a9ea-588d059dc244
Redwood City
*********************************************
The Pill Club - Operations Manager
https://jobs.lever.co/thepillclub/2bcc27fa-d380-4e81-823a-e1bd1767e9a1
Redwood City
*********************************************
The Pill Club - Patient Care Coordinator
https://jobs.lever.co/thepillclub/692a298a-51fa-40bd-984b-434ba6b11cba
Redwood City
*********************************************
The Pill Club - Pharmacy Technician
https://jobs.lever.co/thepillclub/6ae15bf4-112d-4cc6-9aa3-f8727055cbf5
Redwood City
*********************************************
The Pill Club - Pharmacist
https://jobs.lever.co/thepillclub/f905cdbb-f64a-4af6-861c-8a5773d17fb3
Redwood City
*********************************************
12
*********************************************
Trainline - Clojure Data Engineer
https://jobs.lever.co/thetrainline/26ba37fa-5bc0-40f4-9891-576562a282d3
London
*********************************************
Trainline - Software Development Engineer in Test (SDET)
https://jobs.lever.co/thetrainline/6ab1ed78-430f-4e9c-8887-fee398045038
London
*********************************************
Trainline - Senior Software Engineer C#
https://jobs.lever.co/thetrainline/993b761e-d666-4280-8038-300b878197ae
London
*********************************************
Trainline - Senior Data Engineer
https://jobs.lever.co/thetrainline/26ba37fa-5bc0-40f4-9891-576562a282d3/apply
London
*********************************************
Trainline - Backend Services Engineer (Mobile Team)
https://jobs.lever.co/thetrainline/fa5864b5-f094-4a60-94c3-6bce174eb0c3
London
*********************************************
Trainline - Ruby Engineer
https://jobs.lever.co/thetrainline/ee7d2dcb-7d1e-4877-bdcb-c42b3c23bcea
London
*********************************************
Trainline - Ruby Engineer
https://jobs.lever.co/thetrainline/ee7d2dcb-7d1e-4877-bdcb-c42b3c23bcea/apply
London
*********************************************
Trainline - Senior Software Engineer C#
https://jobs.lever.co/thetrainline/993b761e-d666-4280-8038-300b878197ae/apply
London
*********************************************
Trainline - Backend Services Engineer (Mobile Team)
https://jobs.lever.co/thetrainline/fa5864b5-f094-4a60-94c3-6bce174eb0c3/apply
London
*********************************************
Trainline - Ingénieur Backend H/F
https://jobs.lever.co/thetrainline/9743f1ec-253f-46ec-a144-189158af3639
Paris
*********************************************
Trainline - Engineering Team Lead C#
https://jobs.lever.co/thetrainline/3085eb53-e03c-491d-97c7-de68ff552fbb
London
*********************************************
Trainline - Engineering Lead, Platform Operations
https://jobs.lever.co/thetrainline/6535d662-60ff-4955-99bd-37d249797d35
London
*********************************************
Trainline - Engineering Lead, Platform Operations
https://jobs.lever.co/thetrainline/6535d662-60ff-4955-99bd-37d249797d35/apply
London
*********************************************
Trainline
https://jobs.lever.co/thetrainline

## slept ##
Error INVALID_REQUEST
Query: https://maps.google.com/maps/api/geocode/json?address=&sensor=false&bounds=&region=&language=&components=
*********************************************
Trainline - Talent Acquisition Manager
https://jobs.lever.co/thetrainline/10699425-d6b9-416c-8613-b36c5ade615f
London
*********************************************
Trainline - Senior Interaction Designer - 'Customer Love Team'
https://jobs.lever.co/thetrainline/60c19e57-6859-420e-9a9d-ead945de72bc
London
*********************************************
Trainline - Senior iOS Developer
https://jobs.lever.co/thetrainline/de32c1d1-f5d5-4e85-b8c3-d73e5b2f0e9d
London
*********************************************
Trainline - Business Analyst
https://jobs.lever.co/thetrainline/30366649-152a-4374-ae7e-698efde35d0b
London
*********************************************
Trainline - Senior Product Owner, White Label Solutions
https://jobs.lever.co/thetrainline/5011ed2c-de2d-4710-87e0-699522e715cc
London
*********************************************
Trainline - Product Owner - Payments
https://jobs.lever.co/thetrainline/9b882af4-408b-49fc-af6c-1cdbf68a3bd7
London
*********************************************
HTTP Error 404: Not Found
20
*********************************************
0
*********************************************
The Zebra - Senior Software Engineer (Web)
https://jobs.lever.co/thezebra/db19d245-7de0-45f5-86dc-9fb75f73950f
Austin, TX 78701
*********************************************
The Zebra - Senior Software Engineer (Full Stack)
https://jobs.lever.co/thezebra/1091aba9-2627-4426-a8b0-7998bfa734d7
Austin, TX 78701
*********************************************
The Zebra - Software Engineer II
https://jobs.lever.co/thezebra/a0540859-4cd7-4340-82d1-5f4db12d66c0
Austin, TX 78701
*********************************************
The Zebra - DevOps Engineer II
https://jobs.lever.co/thezebra/49396a8d-8d99-4c6d-8b21-bc49749d7992
Austin, TX 78701
*********************************************
The Zebra - Software Engineer II
https://jobs.lever.co/thezebra/a0540859-4cd7-4340-82d1-5f4db12d66c0/apply
Austin, TX 78701
*********************************************
The Zebra - Platform Software Engineer II
https://jobs.lever.co/thezebra/c2b072c8-09b8-4730-be51-aed2cb5374dd/apply
Austin, TX 78701
*********************************************
The Zebra
https://jobs.lever.co/thezebra

## slept ##
Error INVALID_REQUEST
Query: https://maps.google.com/maps/api/geocode/json?address=&sensor=false&bounds=&region=&language=&components=
*********************************************
The Zebra - Senior Frontend Developer
https://jobs.lever.co/thezebra/604501e4-cae2-4657-aaa7-7f9ec22ffc30
Austin, TX 78701
*********************************************
The Zebra - Manual QA Specialist
https://jobs.lever.co/thezebra/9919fff1-0d2f-4862-b60a-4c1ef55bf4a6
Austin, TX 78701
*********************************************
9
*********************************************
