ReviewTrackers - Software Engineer
https://jobs.lever.co/reviewtrackers/54c15304-6e39-41d9-a2ab-a0dc95a37ff4
Chicago
*********************************************
ReviewTrackers - Senior Backend Engineer
https://jobs.lever.co/reviewtrackers/61697aaf-2e6d-4fc6-b0d0-a9bb308b9955
Chicago
*********************************************
ReviewTrackers - Test Engineer (Mid, Sr, Lead)
https://jobs.lever.co/reviewtrackers/bf389c82-2948-474c-a331-38206f6fc2fe
Chicago
*********************************************
ReviewTrackers - Senior Software Engineer
https://jobs.lever.co/reviewtrackers/f8c78835-32a7-41b8-ab52-1acf756d24c5
Chicago
*********************************************
HTTP Error 404: Not Found
ReviewTrackers - Software Engineer
https://jobs.lever.co/reviewtrackers/54c15304-6e39-41d9-a2ab-a0dc95a37ff4/apply
Chicago
*********************************************
HTTP Error 404: Not Found
HTTP Error 404: Not Found
ReviewTrackers - Software Engineer
https://jobs.lever.co/reviewtrackers/54c15304-6e39-41d9-a2ab-a0dc95a37ff4/apply?lever-source=BuiltInChicago
Chicago
*********************************************
ReviewTrackers - Senior Frontend Engineer
https://jobs.lever.co/reviewtrackers/f8c78835-32a7-41b8-ab52-1acf756d24c5/apply
Chicago
*********************************************
ReviewTrackers - Senior Backend Engineer
https://jobs.lever.co/reviewtrackers/61697aaf-2e6d-4fc6-b0d0-a9bb308b9955/apply
Chicago
*********************************************
ReviewTrackers - Test Engineer (Mid, Sr, Lead)
https://jobs.lever.co/reviewtrackers/bf389c82-2948-474c-a331-38206f6fc2fe/apply
Chicago
*********************************************
ReviewTrackers
https://jobs.lever.co/reviewtrackers

## slept ##
Error INVALID_REQUEST
Query: https://maps.google.com/maps/api/geocode/json?address=&sensor=false&bounds=&region=&language=&components=
*********************************************
ReviewTrackers
https://jobs.lever.co/reviewtrackers/?by=commitment

## slept ##
Error INVALID_REQUEST
Query: https://maps.google.com/maps/api/geocode/json?address=&sensor=false&bounds=&region=&language=&components=
*********************************************
11
*********************************************
RevZilla - Cloud Operations Engineer
https://jobs.lever.co/revzilla/30152014-c6f5-4d64-8936-62f30b3e571e
Philadelphia
*********************************************
RevZilla - Lead Test Engineer
https://jobs.lever.co/revzilla/dab7757c-6c06-440a-9acd-f9836f47269b
Philadelphia
*********************************************
RevZilla - Cloud Operations Engineer
https://jobs.lever.co/revzilla/30152014-c6f5-4d64-8936-62f30b3e571e/apply
Philadelphia
*********************************************
RevZilla - Full Stack Developer
https://jobs.lever.co/revzilla/346442ef-0c55-4b66-b92c-a2510302da69
Philadelphia
*********************************************
RevZilla
https://jobs.lever.co/revzilla

## slept ##
Error INVALID_REQUEST
Query: https://maps.google.com/maps/api/geocode/json?address=&sensor=false&bounds=&region=&language=&components=
*********************************************
RevZilla
https://jobs.lever.co/revzilla?by=location&team=Technology

## slept ##
Error INVALID_REQUEST
Query: https://maps.google.com/maps/api/geocode/json?address=&sensor=false&bounds=&region=&language=&components=
*********************************************
RevZilla - Lever
https://jobs.lever.co/revzilla?by=location&location=Philadelphia

## slept ##
Error INVALID_REQUEST
Query: https://maps.google.com/maps/api/geocode/json?address=&sensor=false&bounds=&region=&language=&components=
*********************************************
7
*********************************************
REX Computing - Compiler Engineer
https://jobs.lever.co/rexcomputing/c41b5401-d751-4378-848b-f7864c308c8e
San Francisco Bay Area
*********************************************
REX Computing - RTL Design Engineer
https://jobs.lever.co/rexcomputing/d5dd6571-7d44-415f-9e24-6174c9c68313
San Francisco Bay Area
*********************************************
REX Computing - Compiler Engineer
https://jobs.lever.co/rexcomputing/c41b5401-d751-4378-848b-f7864c308c8e/apply
San Francisco Bay Area
*********************************************
REX Computing - RTL Design Engineer
https://jobs.lever.co/rexcomputing/d5dd6571-7d44-415f-9e24-6174c9c68313/apply
San Francisco Bay Area
*********************************************
REX Computing
https://jobs.lever.co/rexcomputing

## slept ##
Error INVALID_REQUEST
Query: https://maps.google.com/maps/api/geocode/json?address=&sensor=false&bounds=&region=&language=&components=
*********************************************
REX Computing - Lever
https://jobs.lever.co/rexcomputing?commitment=Full-time

## slept ##
Error INVALID_REQUEST
Query: https://maps.google.com/maps/api/geocode/json?address=&sensor=false&bounds=&region=&language=&components=
*********************************************
REX Computing
https://jobs.lever.co/rexcomputing?by=location

## slept ##
Error INVALID_REQUEST
Query: https://maps.google.com/maps/api/geocode/json?address=&sensor=false&bounds=&region=&language=&components=
*********************************************
7
*********************************************
Future Motion - Sr Firmware Engineer
https://jobs.lever.co/rideonewheel/b3057bf4-20d3-4cf1-981c-db416ef1749e
Santa Cruz, California
*********************************************
Future Motion - EE Manufacturing Engineer
https://jobs.lever.co/rideonewheel/7bcced83-f701-41d0-89d0-3a1c1e61a029
Santa Cruz, California
*********************************************
Future Motion - Electrical Test Engineer
https://jobs.lever.co/rideonewheel/0fec3652-e5da-4cf5-a877-f2ef767ad455
Santa Cruz, California
*********************************************
HTTP Error 404: Not Found
Future Motion - EE Manufacturing Engineer
https://jobs.lever.co/rideonewheel/7bcced83-f701-41d0-89d0-3a1c1e61a029/apply
Santa Cruz, California
*********************************************
Future Motion - Supply Chain Specialist
https://jobs.lever.co/rideonewheel/1b6ba006-6017-454d-b93e-c3d333c6a0fd
Santa Cruz, California
*********************************************
5
*********************************************
Ript Labs - Sr. Embedded Engineer
https://jobs.lever.co/riptlabs/82dc10f4-59b4-4a80-b896-6ffb3a049946
San Francisco
*********************************************
Ript Labs - Backend Software Engineer
https://jobs.lever.co/riptlabs/4d8cbf7c-b344-4b75-be45-5b4c04d72ce1
San Francisco
*********************************************
Ript Labs - Backend Software Engineer
https://jobs.lever.co/riptlabs/4d8cbf7c-b344-4b75-be45-5b4c04d72ce1/apply
San Francisco
*********************************************
Ript Labs - Sr. Embedded Engineer - Lever
https://jobs.lever.co/riptlabs/82dc10f4-59b4-4a80-b896-6ffb3a049946/apply
San Francisco
*********************************************
Ript Labs
https://jobs.lever.co/riptlabs/?commitment=Full-time

## slept ##
Error INVALID_REQUEST
Query: https://maps.google.com/maps/api/geocode/json?address=&sensor=false&bounds=&region=&language=&components=
*********************************************
Ript Labs
https://jobs.lever.co/riptlabs/

## slept ##
Error INVALID_REQUEST
Query: https://maps.google.com/maps/api/geocode/json?address=&sensor=false&bounds=&region=&language=&components=
*********************************************
Ript Labs - Lever
https://jobs.lever.co/riptlabs/?team=Product

## slept ##
Error INVALID_REQUEST
Query: https://maps.google.com/maps/api/geocode/json?address=&sensor=false&bounds=&region=&language=&components=
*********************************************
HTTP Error 404: Not Found
Ript Labs - Sr. Android Developer
https://jobs.lever.co/riptlabs/8605662c-a415-4ab1-9525-24ce1fae5e8d
San Francisco
*********************************************
8
*********************************************
Roam - NLP Engineer
https://jobs.lever.co/roam/ad8914f2-0d4d-40b7-8063-c8b8096937f0
San Mateo, CA
*********************************************
Roam - ML Engineer
https://jobs.lever.co/roam/2563bef3-7b70-4e46-827a-829307714719
San Mateo, CA
*********************************************
Roam - UI Engineer
https://jobs.lever.co/roam/17181435-b7c7-437a-96ff-f6ae0e5ac3ba
San Mateo, CA
*********************************************
Roam - ML Platform Engineer
https://jobs.lever.co/roam/ca9b536d-592b-4755-b03a-14df06274743
San Mateo, CA
*********************************************
Roam - Senior Backend / API Engineer
https://jobs.lever.co/roam/5b6480c4-1c8e-46ce-b00b-f6ca2c53e640
San Mateo, CA
*********************************************
Roam - ML Engineer
https://jobs.lever.co/roam/2563bef3-7b70-4e46-827a-829307714719/apply
San Mateo, CA
*********************************************
Roam - Application Infrastructure Engineer
https://jobs.lever.co/roam/5b6480c4-1c8e-46ce-b00b-f6ca2c53e640/apply
San Mateo, CA
*********************************************
Roam - UI Engineer
https://jobs.lever.co/roam/17181435-b7c7-437a-96ff-f6ae0e5ac3ba/apply
San Mateo, CA
*********************************************
Roam - Senior Product Manager
https://jobs.lever.co/roam/5ac7482e-557c-4f40-8129-74858d389b45
San Mateo, CA
*********************************************
Roam - Clinical Data Scientist
https://jobs.lever.co/roam/87e5d082-d3e0-441d-b648-a36056fe16a1
San Mateo, CA
*********************************************
10
*********************************************
Robby Technologies - Robotics Engineer
https://jobs.lever.co/robbytechnologies/8fccd1fb-0033-4dc2-b62f-1bdbff3170a9
Palo Alto, CA
*********************************************
Robby Technologies - Computer Vision Engineer
https://jobs.lever.co/robbytechnologies/3c119aaf-ab59-4bde-aa7f-20874c4998b7
Palo Alto, CA
*********************************************
Robby Technologies - System Integration Engineer
https://jobs.lever.co/robbytechnologies/65e2809c-40e1-4164-b589-05eb170c8d4b
Palo Alto, CA
*********************************************
Robby Technologies - Machine Learning Engineer
https://jobs.lever.co/robbytechnologies/608400a0-9e23-4298-9450-5e13a75a44f4
Palo Alto, CA
*********************************************
Robby Technologies - Computer Vision Engineer
https://jobs.lever.co/robbytechnologies/3c119aaf-ab59-4bde-aa7f-20874c4998b7/apply
Palo Alto, CA
*********************************************
Robby Technologies - Robotics Engineer
https://jobs.lever.co/robbytechnologies/8fccd1fb-0033-4dc2-b62f-1bdbff3170a9/apply
Palo Alto, CA
*********************************************
Robby Technologies
https://jobs.lever.co/robbytechnologies

## slept ##
Error INVALID_REQUEST
Query: https://maps.google.com/maps/api/geocode/json?address=&sensor=false&bounds=&region=&language=&components=
*********************************************
7
*********************************************
0
*********************************************
0
*********************************************
0
*********************************************
Rooster Teeth - Audio Engineer
https://jobs.lever.co/roosterteeth/3903b247-6df1-4aa9-a1b4-cc44574e11c4
Austin, TX
*********************************************
HTTP Error 404: Not Found
Rooster Teeth
https://jobs.lever.co/roosterteeth

## slept ##
Error INVALID_REQUEST
Query: https://maps.google.com/maps/api/geocode/json?address=&sensor=false&bounds=&region=&language=&components=
*********************************************
2
*********************************************
ROSS Intelligence - Fullstack Engineer
https://jobs.lever.co/rossintelligence/96dbd4cb-da1e-40ce-81f9-eb5beec575bb
Toronto
*********************************************
ROSS Intelligence - Senior Software Engineer (NLP)
https://jobs.lever.co/rossintelligence/f5d1fb49-dfa2-4292-967c-5af6d209bea5/apply
Toronto
*********************************************
ROSS Intelligence - Senior Product Designer
https://jobs.lever.co/rossintelligence/1a182eb0-deea-4bb3-8df2-e2b273097fe8
Toronto
*********************************************
3
*********************************************
HTTP Error 404: Not Found
Rubicon Global - Solution Architect
https://jobs.lever.co/rubiconglobal/c1975422-ed8e-455a-87d9-1a53ef9ec6b8
San Francisco, CA
*********************************************
Rubicon Global - Lever
https://jobs.lever.co/rubiconglobal?by=commitment

## slept ##
Error INVALID_REQUEST
Query: https://maps.google.com/maps/api/geocode/json?address=&sensor=false&bounds=&region=&language=&components=
*********************************************
2
*********************************************
