Ahalogy - Full Stack Engineer - Lever
https://jobs.lever.co/ahalogy/248a90de-8fa4-44d4-b470-dfc21e89fc06/apply
Cincinnati
____________________________________________________________
*********************************************
Ahalogy - Full Stack Engineer (Co-op) - Lever
https://jobs.lever.co/ahalogy/5ffcad67-bcd6-4ee1-8587-c0624e327aca/apply
Cincinnati
____________________________________________________________
*********************************************
Ahalogy
https://jobs.lever.co/ahalogy

## slept ##
Error INVALID_REQUEST
Query: https://maps.google.com/maps/api/geocode/json?address=&sensor=false&bounds=&region=&language=&components=
Filter by:
*********************************************
Ahalogy - Solutions Architect
https://jobs.lever.co/ahalogy/e3012d72-a0d7-4159-a77d-7387a3f8e297
Cincinnati
equity
*********************************************
Ahalogy - Solutions Architect
https://jobs.lever.co/ahalogy/e3012d72-a0d7-4159-a77d-7387a3f8e297/apply
Cincinnati
## slept ##
____________________________________________________________
*********************************************
Ahalogy
https://jobs.lever.co/ahalogy/?by=location

## slept ##
Error INVALID_REQUEST
Query: https://maps.google.com/maps/api/geocode/json?address=&sensor=false&bounds=&region=&language=&components=
Filter by:
*********************************************
0
*********************************************
Aira - Full Stack Software Engineer
https://jobs.lever.co/aira/4a4d7985-cec8-46e3-ba23-0d065be4cea1
San Diego, CA
*********************************************
Aira
https://jobs.lever.co/aira?by=commitment

## slept ##
Error INVALID_REQUEST
Query: https://maps.google.com/maps/api/geocode/json?address=&sensor=false&bounds=&region=&language=&components=
Filter by:
*********************************************
Aira
https://jobs.lever.co/aira?by=location

## slept ##
Error INVALID_REQUEST
Query: https://maps.google.com/maps/api/geocode/json?address=&sensor=false&bounds=&region=&language=&components=
Filter by:
*********************************************
Aira - Sr. Drupal Developer - $45-50/hr
https://jobs.lever.co/aira/9849f3e2-6fc6-407a-8d56-e57efbf9d780
San Diego, CA
## slept ##
*********************************************
Aira - Sr. Android Developer
https://jobs.lever.co/aira/781f64f9-13ea-4e19-b28d-fa938b87d6cd
San Diego, CA
*********************************************
Aira - Analytics and Data Science Lead
https://jobs.lever.co/aira/29d06aad-38c5-4b8b-a0c3-15e0c3da74d5
San Diego, CA
marketing
equity
*********************************************
Aira - Web Development, Full Stack
https://jobs.lever.co/aira/17307849-b1aa-4389-84e2-ddd831c25a5d/apply
San Diego, CA
## slept ##
____________________________________________________________
*********************************************
Aira - Sr. Drupal Developer - $45-50/hr
https://jobs.lever.co/aira/9849f3e2-6fc6-407a-8d56-e57efbf9d780/apply
San Diego, CA
____________________________________________________________
*********************************************
Aira - Copywriter
https://jobs.lever.co/aira/e395210f-4ede-41a2-b0c8-e1db424845fe
San Diego, CA
marketing
*********************************************
Aira - Analytics and Data Science Lead
https://jobs.lever.co/aira/29d06aad-38c5-4b8b-a0c3-15e0c3da74d5/apply
San Diego, CA
____________________________________________________________
*********************************************
3
*********************************************
Airtasker - iOS Engineer
https://jobs.lever.co/airtasker/d484dc5a-8e0e-41fe-9491-b6352d1e13f8
Sydney, Australia
## slept ##
local
*********************************************
Airtasker - Ruby Backend Engineer
https://jobs.lever.co/airtasker/39f621f7-2dc9-486a-bd48-46453e450f4d
Sydney, Australia
local
*********************************************
Airtasker - Frontend Engineer (React)
https://jobs.lever.co/airtasker/48f18891-3707-44a3-9de7-c959c74014f5
Sydney, Australia
## slept ##
Error OVER_QUERY_LIMIT
Query: https://maps.google.com/maps/api/geocode/json?address=Sydney%2C+Australia&sensor=false&bounds=&region=&language=&components=
local
*********************************************
Airtasker - Android Engineer
https://jobs.lever.co/airtasker/f552970f-11bc-4efb-98f0-99cdd35f325e
Sydney, Australia
local
*********************************************
Airtasker - Quality Assurance Engineer
https://jobs.lever.co/airtasker/446139c6-f011-45ce-a579-a7900e72e56f
Sydney, Australia
local
*********************************************
Airtasker - iOS Engineer
https://jobs.lever.co/airtasker/d484dc5a-8e0e-41fe-9491-b6352d1e13f8/apply
Sydney, Australia
____________________________________________________________
*********************************************
Airtasker
https://jobs.lever.co/airtasker/

## slept ##
Error INVALID_REQUEST
Query: https://maps.google.com/maps/api/geocode/json?address=&sensor=false&bounds=&region=&language=&components=
Filter by:
*********************************************
Airtasker - Data Scientist & Business Intelligence Lead
https://jobs.lever.co/airtasker/58fc0c63-4682-4da0-bdce-138e0c981835
Sydney, Australia
local
*********************************************
Airtasker - Internal Strategy Consultant - Insurance Incubator
https://jobs.lever.co/airtasker/5b17923c-4848-4ee0-b0b1-e63cb15daceb
Sydney, Australia
marketing
local
*********************************************
0
*********************************************
Algolia - Software Engineer - Salesforce
https://jobs.lever.co/algolia/2edbd023-810e-4de6-990b-820fe1c98706
Paris | San Francisco
*********************************************
Algolia - Software Engineer - Analytics
https://jobs.lever.co/algolia/7c39c029-2dd7-47cd-8fe2-2b39fe08ddfa
Paris
*********************************************
Algolia - Software Engineer - Integrations
https://jobs.lever.co/algolia/c9ba31c0-68c7-4f9b-b8fe-9f888908fa19
Paris
*********************************************
Algolia - Site Reliability Engineer
https://jobs.lever.co/algolia/62829df3-4767-4f8d-8a0d-5f7b417f2f05
Paris
*********************************************
Algolia - Software Engineer - Core API
https://jobs.lever.co/algolia/ec30390e-6cb6-45a3-a743-390c9f6734c4
Paris
*********************************************
Algolia - Software Engineer - Web
https://jobs.lever.co/algolia/c7657de2-674f-4092-9eff-4f9e090eea63
Paris
*********************************************
Algolia - Solutions Engineer
https://jobs.lever.co/algolia/cdca64be-6ae0-40e7-95da-89f5d6f97940
Paris | San Francisco | New York
marketing
tutor
*********************************************
Algolia - Front-End Engineer - Website Design
https://jobs.lever.co/algolia/766eb4c1-e404-40b5-9bb2-b0e395ef0377
Paris
*********************************************
Algolia - Full-Stack Engineer (Growth team)
https://jobs.lever.co/algolia/d0c33e54-ec49-423e-8a73-4e7d8c41ccf2
Paris
marketing
*********************************************
Algolia - Infrastructure Operations Engineer
https://jobs.lever.co/algolia/b88959b2-e56e-4c25-b2c1-cfa0eeb2da97
Paris
*********************************************
Algolia - Software Engineer - Magento
https://jobs.lever.co/algolia/eed58660-f684-436d-a2ff-e9947d2b65a2
Paris
## slept ##
*********************************************
Algolia - Software Engineer - Crawler
https://jobs.lever.co/algolia/8b0c6e0c-f7e8-4d76-805d-65e4ed54431f
Paris
*********************************************
Algolia - Data Engineer
https://jobs.lever.co/algolia/d99db5a0-8174-4bfd-9516-000633d54237
Paris
weekly
*********************************************
Algolia - Software Engineer - Intern
https://jobs.lever.co/algolia/82f7a215-20e3-42f0-b7c1-a5f113d5eef1
Paris
*********************************************
Algolia - Data Engineer
https://jobs.lever.co/algolia/d99db5a0-8174-4bfd-9516-000633d54237/apply
Paris
____________________________________________________________
*********************************************
Algolia - Software Engineer - Intern
https://jobs.lever.co/algolia/82f7a215-20e3-42f0-b7c1-a5f113d5eef1/apply
Paris
____________________________________________________________
*********************************************
Algolia - Infrastructure Operations Engineer
https://jobs.lever.co/algolia/b88959b2-e56e-4c25-b2c1-cfa0eeb2da97/apply
Paris
## slept ##
____________________________________________________________
*********************************************
Algolia - PHP Full-Stack Engineer
https://jobs.lever.co/algolia/164e4ee8-9b75-4bf5-8851-89710bfcbd52/apply
Paris
____________________________________________________________
*********************************************
Algolia - Full-Stack Salesforce Engineer
https://jobs.lever.co/algolia/2edbd023-810e-4de6-990b-820fe1c98706/apply
Paris | San Francisco
____________________________________________________________
*********************************************
Algolia
https://jobs.lever.co/algolia

## slept ##
Error INVALID_REQUEST
Query: https://maps.google.com/maps/api/geocode/json?address=&sensor=false&bounds=&region=&language=&components=
Filter by:
*********************************************
Algolia
https://jobs.lever.co/algolia?commitment=Full-time

## slept ##
Error INVALID_REQUEST
Query: https://maps.google.com/maps/api/geocode/json?address=&sensor=false&bounds=&region=&language=&components=
Filter by:
*********************************************
Algolia
https://jobs.lever.co/algolia?by=location&commitment=Full-time

## slept ##
Error INVALID_REQUEST
Query: https://maps.google.com/maps/api/geocode/json?address=&sensor=false&bounds=&region=&language=&components=
Filter by:
*********************************************
Algolia - Technical Product Manager
https://jobs.lever.co/algolia/903798db-a743-42b6-9940-9eafb26a42f5
Paris
tutor
*********************************************
Algolia - Search Relevance Consultant
https://jobs.lever.co/algolia/a4687bc4-a263-4578-9519-cf2e0e3dfc91
Paris
*********************************************
Algolia
https://jobs.lever.co/algolia?location=Paris%20or%20San%20Francisco

## slept ##
Error INVALID_REQUEST
Query: https://maps.google.com/maps/api/geocode/json?address=&sensor=false&bounds=&region=&language=&components=
Filter by:
*********************************************
Algolia - Customer Success Manager
https://jobs.lever.co/algolia/54e76593-3316-4f74-92c3-76265becb171
San Francisco
*********************************************
Algolia - Technology Compliance Lead
https://jobs.lever.co/algolia/2e7fd72f-bbe1-4df7-b742-e8b19b50226d
San Francisco | Paris
*********************************************
Algolia - Program Manager, Sales Enablement
https://jobs.lever.co/algolia/e9d8288e-56ef-4fde-912c-b873186e1c36
San Francisco
partner 
*********************************************
Algolia - Customer Success Associate
https://jobs.lever.co/algolia/c243649a-7ec5-44de-ba08-39aa211c0ac6
San Francisco
customer service
*********************************************
Algolia - HR Manager France
https://jobs.lever.co/algolia/d3ed0be6-d420-4984-8a4e-e492101d91fc
Paris
administrative
marketing
*********************************************
Algolia - Recruiter (San Francisco)
https://jobs.lever.co/algolia/6ad0dcba-4060-48bb-b10e-39bf8920cb6c
San Francisco
*********************************************
Algolia - Developer Advocate
https://jobs.lever.co/algolia/323dd17e-0937-4c1c-a1ee-4d79bd5ea0f4
Paris | San Francisco
*********************************************
16
*********************************************
Alluxio - Software Engineer
https://jobs.lever.co/alluxio/26eb3281-883f-4803-a37d-2b30dbbb224d
San Mateo, CA
*********************************************
Alluxio - Solutions Engineer - Bay Area
https://jobs.lever.co/alluxio/0e0515e4-4b76-4c78-9556-5bd15849e4e9
Bay Area, CA
*********************************************
Alluxio - Software Engineer - Distributed Systems
https://jobs.lever.co/alluxio/aa7721dd-b68a-4d44-863a-3cfe6eb4f221
San Mateo, CA
*********************************************
Alluxio - Software Engineer - Backend
https://jobs.lever.co/alluxio/66543002-f437-45fe-96c1-885d9cdcbb2f
San Mateo, CA
## slept ##
*********************************************
Alluxio - Software Engineer - Backend
https://jobs.lever.co/alluxio/66543002-f437-45fe-96c1-885d9cdcbb2f/apply
San Mateo, CA
____________________________________________________________
*********************************************
HTTP Error 404: Not Found
Alluxio - Software Engineer - Security
https://jobs.lever.co/alluxio/672855ed-3ef4-43ab-9c78-896d80de2da5/apply
San Mateo, CA
____________________________________________________________
*********************************************
HTTP Error 404: Not Found
Alluxio - Open Source Community Manager
https://jobs.lever.co/alluxio/e0815589-ba5b-4efd-9b17-44590c1179a5
San Mateo, CA
*********************************************
Alluxio - Open Source Community Manager
https://jobs.lever.co/alluxio/e0815589-ba5b-4efd-9b17-44590c1179a5/apply
San Mateo, CA
____________________________________________________________
*********************************************
Alluxio - Technical Recruiter
https://jobs.lever.co/alluxio/e21fee00-f7a0-4e04-84a5-8724ba7d298d
San Mateo, CA
## slept ##
*********************************************
6
*********************************************
AMARO - BI Analyst (Data Engineer)
https://jobs.lever.co/amaro/a8b5c050-8505-4a5e-8a6f-aa7d34641aab
São Paulo, Brazil
*********************************************
AMARO - BI Analyst (Data Engineer)
https://jobs.lever.co/amaro/a8b5c050-8505-4a5e-8a6f-aa7d34641aab/apply
São Paulo, Brazil
____________________________________________________________
*********************************************
AMARO - Engineering Product Manager
https://jobs.lever.co/amaro/e82cd7b4-54cf-480d-9192-6e1f11045cf1
São Paulo, Brazil
*********************************************
AMARO - Engineering Product Manager
https://jobs.lever.co/amaro/e82cd7b4-54cf-480d-9192-6e1f11045cf1/apply
São Paulo, Brazil
____________________________________________________________
*********************************************
AMARO - UX/UI / Product Designer
https://jobs.lever.co/amaro/f83a7798-3741-4d8f-88c9-391ae8ad3bbd
São Paulo, Brazil
*********************************************
AMARO - Requirement Analyst
https://jobs.lever.co/amaro/6c48492d-8f63-4fcf-92c4-7c413392a169
São Paulo, Brazil
*********************************************
HTTP Error 404: Not Found
AMARO - Agile Project Manager
https://jobs.lever.co/amaro/3712ee59-9fdb-4fa2-8f5e-1a44827a1167
São Paulo, Brazil
*********************************************
AMARO
https://jobs.lever.co/amaro/

## slept ##
Error INVALID_REQUEST
Query: https://maps.google.com/maps/api/geocode/json?address=&sensor=false&bounds=&region=&language=&components=
Filter by:
*********************************************
AMARO
https://jobs.lever.co/amaro/?team=Engineering%20%26%20Systems

## slept ##
Error INVALID_REQUEST
Query: https://maps.google.com/maps/api/geocode/json?address=&sensor=false&bounds=&region=&language=&components=
Filter by:
*********************************************
AMARO - Android Mobile Developer
https://jobs.lever.co/amaro/a9688600-6d74-40bc-84e1-5274eb7078e2
São Paulo, Brazil
*********************************************
AMARO - Mobile Lead Developer
https://jobs.lever.co/amaro/35eb3d24-f4e3-44a3-94e1-5933903a5716/apply
São Paulo, Brazil
## slept ##
____________________________________________________________
*********************************************
AMARO - Requirement Analyst
https://jobs.lever.co/amaro/6c48492d-8f63-4fcf-92c4-7c413392a169/apply
São Paulo, Brazil
____________________________________________________________
*********************************************
AMARO - UX/UI / Product Designer
https://jobs.lever.co/amaro/f83a7798-3741-4d8f-88c9-391ae8ad3bbd/apply
São Paulo, Brazil
____________________________________________________________
*********************************************
AMARO
https://jobs.lever.co/amaro?by=location

## slept ##
Error INVALID_REQUEST
Query: https://maps.google.com/maps/api/geocode/json?address=&sensor=false&bounds=&region=&language=&components=
Filter by:
*********************************************
AMARO - Data Science Analyst
https://jobs.lever.co/amaro/3c339ecb-0ba4-46b4-92f7-0d8737741172
São Paulo, Brazil
*********************************************
AMARO
https://jobs.lever.co/amaro/?by=commitment&commitment=Internship

## slept ##
Error INVALID_REQUEST
Query: https://maps.google.com/maps/api/geocode/json?address=&sensor=false&bounds=&region=&language=&components=
Filter by:
*********************************************
AMARO - Business Development Internship Program
https://jobs.lever.co/amaro/68318546-e74f-498b-ac6d-1c760b815cc8
São Paulo, Brazil
marketing
*********************************************
7
*********************************************
Ambassador - Front-end Web Engineer
https://jobs.lever.co/ambassador/ed0e5a14-1bbd-40bb-94b0-8f278b6e4a8c
Royal Oak, Michigan
*********************************************
Ambassador - Back-end Web Engineer
https://jobs.lever.co/ambassador/990df5b5-c18a-4bf0-bd9f-892ca9e8a9db
Royal Oak, Michigan
*********************************************
Ambassador - Full Stack Engineer
https://jobs.lever.co/ambassador/7394cdb8-6a34-4e18-ac88-fb18814e5205
Royal Oak, Michigan
## slept ##
*********************************************
Ambassador - Full Stack Engineer
https://jobs.lever.co/ambassador/7394cdb8-6a34-4e18-ac88-fb18814e5205/apply
Royal Oak, Michigan
____________________________________________________________
*********************************************
Ambassador - iOS Engineer
https://jobs.lever.co/ambassador/e7213225-ca42-4361-a654-22fac58b4499/apply
Royal Oak, Michigan
____________________________________________________________
*********************************************
Ambassador
https://jobs.lever.co/ambassador

## slept ##
Error INVALID_REQUEST
Query: https://maps.google.com/maps/api/geocode/json?address=&sensor=false&bounds=&region=&language=&components=
Filter by:
*********************************************
Ambassador
https://jobs.lever.co/ambassador?by=commitment

## slept ##
Error INVALID_REQUEST
Query: https://maps.google.com/maps/api/geocode/json?address=&sensor=false&bounds=&region=&language=&components=
Filter by:
*********************************************
Ambassador - Software Trainer
https://jobs.lever.co/ambassador/87bf90e3-b7ba-4d8b-87ae-ecca235bb8b6
Royal Oak, Michigan
weekly
*********************************************
Ambassador - UI/UX Designer
https://jobs.lever.co/ambassador/82266018-e982-46d8-a0ce-7f4bd5bd9e99
Royal Oak, Michigan
*********************************************
4
*********************************************
Anchore - Senior Software Engineer
https://jobs.lever.co/anchore/d6361ef1-13a7-493d-a43d-7b9f477c3e65
Santa Barbara, CA
*********************************************
Anchore - Core Software Engineer
https://jobs.lever.co/anchore/eb404900-148c-4eab-894c-d752b1cbd084
Santa Barbara, CA
*********************************************
Anchore - GO Software Engineer
https://jobs.lever.co/anchore/b297a832-2ba8-4436-b638-5bb36d0a5201
Santa Barbara, CA
*********************************************
Anchore - Senior Software Engineer
https://jobs.lever.co/anchore/d6361ef1-13a7-493d-a43d-7b9f477c3e65/apply
Santa Barbara, CA
____________________________________________________________
*********************************************
Anchore - Core Software Engineer
https://jobs.lever.co/anchore/eb404900-148c-4eab-894c-d752b1cbd084/apply
Santa Barbara, CA
____________________________________________________________
*********************************************
Anchore - GO Software Engineer
https://jobs.lever.co/anchore/b297a832-2ba8-4436-b638-5bb36d0a5201/apply
Santa Barbara, CA
## slept ##
Error OVER_QUERY_LIMIT
Query: https://maps.google.com/maps/api/geocode/json?address=Santa+Barbara%2C+CA&sensor=false&bounds=&region=&language=&components=
____________________________________________________________
*********************************************
Anchore
https://jobs.lever.co/anchore

## slept ##
Error INVALID_REQUEST
Query: https://maps.google.com/maps/api/geocode/json?address=&sensor=false&bounds=&region=&language=&components=
Filter by:
*********************************************
Anchore - Lever
https://jobs.lever.co/anchore?team=Engineering

## slept ##
Error INVALID_REQUEST
Query: https://maps.google.com/maps/api/geocode/json?address=&sensor=false&bounds=&region=&language=&components=
Filter by:
*********************************************
Anchore - Lever
https://jobs.lever.co/anchore?by=commitment&team=Engineering

## slept ##
Error INVALID_REQUEST
Query: https://maps.google.com/maps/api/geocode/json?address=&sensor=false&bounds=&region=&language=&components=
Filter by:
*********************************************
Anchore - Lever
https://jobs.lever.co/anchore?location=Santa%20Barbara%2C%20CA

## slept ##
Error INVALID_REQUEST
Query: https://maps.google.com/maps/api/geocode/json?address=&sensor=false&bounds=&region=&language=&components=
Filter by:
*********************************************
Anchore - Lever
https://jobs.lever.co/anchore?commitment=Full-time

## slept ##
Error INVALID_REQUEST
Query: https://maps.google.com/maps/api/geocode/json?address=&sensor=false&bounds=&region=&language=&components=
Filter by:
*********************************************
Anchore
https://jobs.lever.co/anchore?by=location

## slept ##
Error INVALID_REQUEST
Query: https://maps.google.com/maps/api/geocode/json?address=&sensor=false&bounds=&region=&language=&components=
Filter by:
*********************************************
3
*********************************************
Anduin Transactions, Inc. - Software Engineer
https://jobs.lever.co/anduintransact/d051a720-2e18-4b9c-b27d-98de146b948c
Ho Chi Minh City, Vietnam
equity
co-founder
*********************************************
Anduin Transactions, Inc. - Software Engineer
https://jobs.lever.co/anduintransact/d051a720-2e18-4b9c-b27d-98de146b948c/apply
Ho Chi Minh City, Vietnam
____________________________________________________________
*********************************************
Anduin Transactions, Inc.
https://jobs.lever.co/anduintransact

## slept ##
Error INVALID_REQUEST
Query: https://maps.google.com/maps/api/geocode/json?address=&sensor=false&bounds=&region=&language=&components=
Filter by:
*********************************************
HTTP Error 404: Not Found
Anduin Transactions, Inc. - Product Expert
https://jobs.lever.co/anduintransact/97c7558a-4b1d-4c2a-b042-4cbe6fdac08c
Ho Chi Minh City, Vietnam
marketing
*********************************************
Anduin Transactions, Inc. - Product Operations
https://jobs.lever.co/anduintransact/f385a21d-f05d-47f0-8489-ae4ce5a127d2
Ho Chi Minh City, Vietnam
*********************************************
Anduin Transactions, Inc. - Product Analyst
https://jobs.lever.co/anduintransact/955498b2-150d-4798-a20b-33e9062dd050
Ho Chi Minh City, Vietnam
*********************************************
Anduin Transactions, Inc. - Legal Lead
https://jobs.lever.co/anduintransact/0c18a1cc-8530-4b7b-a7c4-faa2a4066ed8
Ho Chi Minh City, Vietnam
*********************************************
Anduin Transactions, Inc. - HR Recruiter
https://jobs.lever.co/anduintransact/3571e1a1-2926-41da-85c9-fe5c7eb075e9
Ho Chi Minh City, Vietnam
*********************************************
HTTP Error 404: Not Found
HTTP Error 404: Not Found
HTTP Error 404: Not Found
Anduin Transactions, Inc. - Operations Administrative Assistant
https://jobs.lever.co/anduintransact/e75d4262-123d-477c-8572-6b238762ea66
San Francisco, CA
administrative
local
*********************************************
4
*********************************************
0
*********************************************
Anomali - Senior Software Engineer (3)
https://jobs.lever.co/anomali/dd1b9a00-8cf8-404a-b4ef-9e404e304377
Belfast, United Kingdom
partner 
*********************************************
HTTP Error 404: Not Found
Anomali - Principal Software Engineer
https://jobs.lever.co/anomali/fc6c7317-e986-44f5-9c18-f85acaf0f962
Belfast, United Kingdom
*********************************************
Anomali - Graduate Software Engineer (12)
https://jobs.lever.co/anomali/ce4e97ed-267a-4fd5-8c3b-4c28b0d8535b
Belfast, United Kingdom
*********************************************
Anomali - Senior Sales Engineer
https://jobs.lever.co/anomali/f9b4addf-3dbb-4b82-a93d-26c80a74d3e7
Canada
*********************************************
Anomali - Senior QA Engineer (1)
https://jobs.lever.co/anomali/f3b3b0ab-b1b4-45e7-8ed7-0161ec3cf414/apply
Belfast, United Kingdom
survey
____________________________________________________________
*********************************************
HTTP Error 404: Not Found
Anomali
https://jobs.lever.co/anomali

## slept ##
Error INVALID_REQUEST
Query: https://maps.google.com/maps/api/geocode/json?address=&sensor=false&bounds=&region=&language=&components=
Filter by:
*********************************************
Anomali
https://jobs.lever.co/anomali?by=commitment&team=Engineering

## slept ##
Error INVALID_REQUEST
Query: https://maps.google.com/maps/api/geocode/json?address=&sensor=false&bounds=&region=&language=&components=
Filter by:
*********************************************
Anomali
https://jobs.lever.co/anomali?by=commitment&commitment=Full-time

## slept ##
Error INVALID_REQUEST
Query: https://maps.google.com/maps/api/geocode/json?address=&sensor=false&bounds=&region=&language=&components=
Filter by:
*********************************************
Anomali
https://jobs.lever.co/anomali?location=Belfast%2C%20United%20Kingdom

## slept ##
Error INVALID_REQUEST
Query: https://maps.google.com/maps/api/geocode/json?address=&sensor=false&bounds=&region=&language=&components=
Filter by:
*********************************************
HTTP Error 404: Not Found
HTTP Error 404: Not Found
Anomali - Technical Account Manager
https://jobs.lever.co/anomali/1dd82c6d-6943-4a05-b0f1-8d4509dbdb1c
United States
## slept ##
Error OVER_QUERY_LIMIT
Query: https://maps.google.com/maps/api/geocode/json?address=United+States&sensor=false&bounds=&region=&language=&components=
local
*********************************************
Anomali - Technical Writer
https://jobs.lever.co/anomali/e5d10484-0b9a-4134-a54b-a4832128ffad
Belfast, United Kingdom
*********************************************
Anomali - Threat Intelligence Analyst
https://jobs.lever.co/anomali/e423df27-65b6-44c4-8253-3ee8419f586a
Boston, MA
local
*********************************************
Anomali - Threat Intelligence Analyst
https://jobs.lever.co/anomali/034db18d-83b3-4ab0-97f0-7f63e3ed07a5
United States
local
*********************************************
Anomali
https://jobs.lever.co/anomali?by=commitment&location=Boston%2C%20MA

## slept ##
Error INVALID_REQUEST
Query: https://maps.google.com/maps/api/geocode/json?address=&sensor=false&bounds=&region=&language=&components=
Filter by:
*********************************************
Anomali
https://jobs.lever.co/anomali?team=Finance

## slept ##
Error INVALID_REQUEST
Query: https://maps.google.com/maps/api/geocode/json?address=&sensor=false&bounds=&region=&language=&components=
Filter by:
*********************************************
Anomali
https://jobs.lever.co/anomali?team=Human%20Resources

## slept ##
Error INVALID_REQUEST
Query: https://maps.google.com/maps/api/geocode/json?address=&sensor=false&bounds=&region=&language=&components=
Filter by:
*********************************************
Anomali
https://jobs.lever.co/anomali?by=team&location=Boston%2C%20MA

## slept ##
Error INVALID_REQUEST
Query: https://maps.google.com/maps/api/geocode/json?address=&sensor=false&bounds=&region=&language=&components=
Filter by:
*********************************************
Anomali
https://jobs.lever.co/anomali?location=Chicago%2C%20IL

## slept ##
Error INVALID_REQUEST
Query: https://maps.google.com/maps/api/geocode/json?address=&sensor=false&bounds=&region=&language=&components=
Filter by:
*********************************************
Anomali
https://jobs.lever.co/anomali?location=Chicago%2C%20IL&team=Finance&commitment=Full-time

## slept ##
Error INVALID_REQUEST
Query: https://maps.google.com/maps/api/geocode/json?address=&sensor=false&bounds=&region=&language=&components=
Filter by:
*********************************************
Anomali
https://jobs.lever.co/anomali?commitment=Full-time%20Remote&location=Washington%20D.C.&team=Customer%20Success

## slept ##
Error INVALID_REQUEST
Query: https://maps.google.com/maps/api/geocode/json?address=&sensor=false&bounds=&region=&language=&components=
Filter by:
*********************************************
Anomali
https://jobs.lever.co/anomali?by=team&team=Human%20Resources

## slept ##
Error INVALID_REQUEST
Query: https://maps.google.com/maps/api/geocode/json?address=&sensor=false&bounds=&region=&language=&components=
Filter by:
*********************************************
4
*********************************************
0
*********************************************
Anova Culinary - Full Stack Engineer
https://jobs.lever.co/anovaculinary/bc999d37-49be-4f37-a131-0d583c3f1343
San Francisco, CA
*********************************************
Anova Culinary - Full Stack Engineer
https://jobs.lever.co/anovaculinary/bc999d37-49be-4f37-a131-0d583c3f1343/apply
San Francisco, CA
## slept ##
____________________________________________________________
*********************************************
Anova Culinary - Lead Android Developer
https://jobs.lever.co/anovaculinary/f9611058-e60f-4403-8197-724274b21d9d
San Francisco, CA
*********************************************
Anova Culinary - VP of Product
https://jobs.lever.co/anovaculinary/160b2e69-56d7-40ec-8930-111766c9c90f
San Francisco, CA
marketing
*********************************************
2
*********************************************
Ansatz Capital - Trade Support Engineer
https://jobs.lever.co/ansatzcapital/f1ac7f72-8d2b-45a4-b833-58f76c7bc115
New York
*********************************************
Ansatz Capital - Quantitative Software Engineer
https://jobs.lever.co/ansatzcapital/59532141-6340-49a7-a7b2-87283758463f/apply
New York
____________________________________________________________
*********************************************
Ansatz Capital - Quantitative Software Engineer
https://jobs.lever.co/ansatzcapital/59532141-6340-49a7-a7b2-87283758463f
New York
*********************************************
Ansatz Capital - Software Engineer
https://jobs.lever.co/ansatzcapital/39609b59-4c21-44b8-bcaa-7209db6125cb
New York
## slept ##
Error OVER_QUERY_LIMIT
Query: https://maps.google.com/maps/api/geocode/json?address=New+York&sensor=false&bounds=&region=&language=&components=
*********************************************
Ansatz Capital - Trade Support Engineer
https://jobs.lever.co/ansatzcapital/f1ac7f72-8d2b-45a4-b833-58f76c7bc115/apply
New York
## slept ##
____________________________________________________________
*********************************************
Ansatz Capital
https://jobs.lever.co/ansatzcapital

## slept ##
Error INVALID_REQUEST
Query: https://maps.google.com/maps/api/geocode/json?address=&sensor=false&bounds=&region=&language=&components=
Filter by:
*********************************************
Ansatz Capital
https://jobs.lever.co/ansatzcapital?by=location

## slept ##
Error INVALID_REQUEST
Query: https://maps.google.com/maps/api/geocode/json?address=&sensor=false&bounds=&region=&language=&components=
Filter by:
*********************************************
Ansatz Capital - Lever
https://jobs.lever.co/ansatzcapital?location=New%20York

## slept ##
Error INVALID_REQUEST
Query: https://maps.google.com/maps/api/geocode/json?address=&sensor=false&bounds=&region=&language=&components=
Filter by:
*********************************************
Ansatz Capital - Lever
https://jobs.lever.co/ansatzcapital?team=R%26D

## slept ##
Error INVALID_REQUEST
Query: https://maps.google.com/maps/api/geocode/json?address=&sensor=false&bounds=&region=&language=&components=
Filter by:
*********************************************
3
*********************************************
App Academy - Product Manager, Strategic Initiatives
https://jobs.lever.co/appacademy/91fd5b78-5cc5-46d9-9671-7bcaaafabfd9
San Francisco, California
marketing
*********************************************
App Academy - Career Coach (SF)
https://jobs.lever.co/appacademy/5fab4bdb-bb14-4357-b76a-5db8776377c7
San Francisco, California
*********************************************
App Academy - Career Coach
https://jobs.lever.co/appacademy/c0898a10-bb90-4956-8bcc-d1f61a32b851
San Francisco, California
*********************************************
App Academy - Career Coach (SF)
https://jobs.lever.co/appacademy/5fab4bdb-bb14-4357-b76a-5db8776377c7/apply
San Francisco, California
## slept ##
survey
____________________________________________________________
*********************************************
HTTP Error 404: Not Found
App Academy - Career Coach
https://jobs.lever.co/appacademy/c0898a10-bb90-4956-8bcc-d1f61a32b851/apply
San Francisco, California
survey
____________________________________________________________
*********************************************
2
*********************************************
Appuri - Lever
https://jobs.lever.co/appuri?team=Engineering

## slept ##
Error INVALID_REQUEST
Query: https://maps.google.com/maps/api/geocode/json?address=&sensor=false&bounds=&region=&language=&components=
*********************************************
Appuri
https://jobs.lever.co/appuri?by=location&team=Engineering

## slept ##
Error INVALID_REQUEST
Query: https://maps.google.com/maps/api/geocode/json?address=&sensor=false&bounds=&region=&language=&components=
*********************************************
HTTP Error 404: Not Found
Appuri - Lever
https://jobs.lever.co/appuri?by=location

## slept ##
Error INVALID_REQUEST
Query: https://maps.google.com/maps/api/geocode/json?address=&sensor=false&bounds=&region=&language=&components=
*********************************************
3
*********************************************
Appway - Solution Engineer
https://jobs.lever.co/appway/7ea64898-0d09-4d7e-8004-aae45f6a9a42
New York
*********************************************
Appway - Support Engineer
https://jobs.lever.co/appway/31a9c7d6-0f35-4f21-958b-6e8fe2187581
Chiasso
technical support
*********************************************
Appway - Solution Engineer
https://jobs.lever.co/appway/57d3ad85-6b39-44c1-a21e-d79c01dec79d/apply
Zurich
____________________________________________________________
*********************************************
Appway - Support Engineer
https://jobs.lever.co/appway/8ff74384-4234-4cfe-b0e3-066242d23953/apply
New York
survey
____________________________________________________________
*********************************************
HTTP Error 404: Not Found
HTTP Error 404: Not Found
Appway
https://jobs.lever.co/appway

## slept ##
Error INVALID_REQUEST
Query: https://maps.google.com/maps/api/geocode/json?address=&sensor=false&bounds=&region=&language=&components=
Filter by:
*********************************************
Appway - Account Executive FSI
https://jobs.lever.co/appway/2ca89c21-82de-49d3-ad8a-5124b78ecd44
New York
## slept ##
local
*********************************************
Appway - Technical Consultant
https://jobs.lever.co/appway/202d6d39-2cdb-48bb-bf10-9ad32b9d5922
Zurich
*********************************************
Appway - Pre-Sales Consultant
https://jobs.lever.co/appway/9cc16ced-3583-4305-94bf-dc31c68d0d31
Singapore
partner 
*********************************************
2
*********************************************
APROPLAN - Product Manager
https://jobs.lever.co/aproplan/ba1fd94c-2f31-4f10-a157-5904112033a8
La Hulpe
marketing
*********************************************
APROPLAN - Growth Hacker
https://jobs.lever.co/aproplan/19933cd2-5560-4228-9bae-671bd061abee
Genval, Belgium
## slept ##
Error OVER_QUERY_LIMIT
Query: https://maps.google.com/maps/api/geocode/json?address=Genval%2C+Belgium&sensor=false&bounds=&region=&language=&components=
marketing
*********************************************
APROPLAN - 2-5 years experienced Backend developer
https://jobs.lever.co/aproplan/881b23bc-2ef3-47ef-9e01-3dccc81137c1
La Hulpe
*********************************************
APROPLAN - Medior/Senior Webdesigner, UI/UX
https://jobs.lever.co/aproplan/0b76b5fe-c45d-4628-a0e1-d04fc948d50d
La Hulpe
marketing
*********************************************
APROPLAN - Account Executive Belgium
https://jobs.lever.co/aproplan/6bfd72ec-b693-4fd3-980f-297000e88764
La Hulpe
*********************************************
APROPLAN - Customer Support (Native German)
https://jobs.lever.co/aproplan/bd5c3765-036c-4517-8502-470a8584ed38
Genval, Belgium
customer service
in person
*********************************************
APROPLAN - Web Developer
https://jobs.lever.co/aproplan/a40c8904-fb4c-4e81-835f-c890f83ec40b
Genval, Belgium
*********************************************
APROPLAN - Customer Success Manager Netherlands
https://jobs.lever.co/aproplan/caf518ea-2930-415a-8481-a69f4606493d
Amsterdam, Netherlands
customer service
in person
*********************************************
APROPLAN - iOS Developer
https://jobs.lever.co/aproplan/0f451e00-6c93-4522-8bcc-4a0e057e996e
Genval, Belgium
## slept ##
*********************************************
APROPLAN - Customer Support
https://jobs.lever.co/aproplan/74ae7905-fd05-4767-a55d-5a1559da9ee5
Genval, Belgium
customer service
in person
*********************************************
APROPLAN - Android Developer
https://jobs.lever.co/aproplan/5e597c14-cd24-497e-b136-a1ff06b483ba
La Hulpe
*********************************************
APROPLAN - Quality Assurance Guru
https://jobs.lever.co/aproplan/c047df74-57dc-449f-9ef4-88a0b99e2337
La Hulpe
*********************************************
APROPLAN - Sales Development Representative (Benelux)
https://jobs.lever.co/aproplan/e3fc5718-5894-48f1-b6e0-0fdbb20fd6e9
Genval, Belgium
*********************************************
APROPLAN - Special Project Manager
https://jobs.lever.co/aproplan/e0a4c6af-73d3-4771-8f49-d914c30f7d57
La Hulpe
*********************************************
8
*********************************************
Aptible - Senior Site Reliability Engineer
https://jobs.lever.co/aptible/cdc31a4d-e488-439d-96ff-898386bcdbdb
Remote
equity
weekly
make money
*********************************************
Aptible - Senior Site Reliability Engineer
https://jobs.lever.co/aptible/cdc31a4d-e488-439d-96ff-898386bcdbdb/apply
Remote
____________________________________________________________
*********************************************
Aptible - Senior Ember.js Engineer
https://jobs.lever.co/aptible/6a8e05c1-cd3e-45cf-b70b-5a9ae2e697ae/apply
Remote
____________________________________________________________
*********************************************
Aptible
https://jobs.lever.co/aptible

## slept ##
Error INVALID_REQUEST
Query: https://maps.google.com/maps/api/geocode/json?address=&sensor=false&bounds=&region=&language=&components=
Filter by:
*********************************************
Aptible - Web Security Evangelist
https://jobs.lever.co/aptible/79273b7a-995a-4021-a92d-8c8509fed1a3
Remote
marketing
*********************************************
Aptible - Lever
https://jobs.lever.co/aptible?by=commitment

## slept ##
Error INVALID_REQUEST
Query: https://maps.google.com/maps/api/geocode/json?address=&sensor=false&bounds=&region=&language=&components=
Filter by:
*********************************************
Aptible
https://jobs.lever.co/aptible?by=location

## slept ##
Error INVALID_REQUEST
Query: https://maps.google.com/maps/api/geocode/json?address=&sensor=false&bounds=&region=&language=&components=
Filter by:
*********************************************
0
*********************************************
Aquicore - Embedded Development Engineer
https://jobs.lever.co/aquicore/64555aab-ba04-47da-a83d-55f4749c6183
Washington, DC
partner 
*********************************************
Aquicore - Technical Support Engineer
https://jobs.lever.co/aquicore/706130fb-72ea-451f-b5ff-4c811654e3b3
Washington, DC
partner 
*********************************************
Aquicore - Full Stack Software Engineer
https://jobs.lever.co/aquicore/0e687042-7c40-4b1f-be0f-848dcc0587b3
Washington, DC
partner 
*********************************************
Aquicore - Junior Project Engineer
https://jobs.lever.co/aquicore/309fc7f8-6d60-4b5a-aea9-abd859c9e2c7/apply
Washington, DC
____________________________________________________________
*********************************************
Aquicore - Success Engineer
https://jobs.lever.co/aquicore/8cc2e3d1-5f6b-489f-9942-494f5f86c6cd/apply
Washington, DC
____________________________________________________________
*********************************************
Aquicore - Full Stack Software Engineer
https://jobs.lever.co/aquicore/0e687042-7c40-4b1f-be0f-848dcc0587b3/apply
Washington, DC
____________________________________________________________
*********************************************
Aquicore
https://jobs.lever.co/aquicore?by=commitment

## slept ##
Error INVALID_REQUEST
Query: https://maps.google.com/maps/api/geocode/json?address=&sensor=false&bounds=&region=&language=&components=
Filter by:
*********************************************
Aquicore
https://jobs.lever.co/aquicore

## slept ##
Error INVALID_REQUEST
Query: https://maps.google.com/maps/api/geocode/json?address=&sensor=false&bounds=&region=&language=&components=
Filter by:
*********************************************
0
*********************************************
