Chan Zuckerberg Initiative - Software Engineer
https://jobs.lever.co/chanzuckerberg/02e1d904-51ef-4a95-93e9-b54fd176a2ca/apply
Palo Alto, CA
## slept ##
Error OVER_QUERY_LIMIT
Query: https://maps.google.com/maps/api/geocode/json?address=Palo+Alto%2C+CA&sensor=false&bounds=&region=&language=&components=
survey
____________________________________________________________
*********************************************
Chan Zuckerberg Initiative
https://jobs.lever.co/chanzuckerberg?location=Palo%20Alto%2C%20CA

## slept ##
Error INVALID_REQUEST
Query: https://maps.google.com/maps/api/geocode/json?address=&sensor=false&bounds=&region=&language=&components=
*********************************************
Chan Zuckerberg Initiative
https://jobs.lever.co/chanzuckerberg?by=team&team=Technology

## slept ##
Error INVALID_REQUEST
Query: https://maps.google.com/maps/api/geocode/json?address=&sensor=false&bounds=&region=&language=&components=
*********************************************
Chan Zuckerberg Initiative
https://jobs.lever.co/chanzuckerberg?commitment=Full-time

## slept ##
Error INVALID_REQUEST
Query: https://maps.google.com/maps/api/geocode/json?address=&sensor=false&bounds=&region=&language=&components=
*********************************************
3
*********************************************
Everlaw - Software Engineer
https://jobs.lever.co/everlaw/72e5bdd8-0373-4714-a90e-7aebbb61b181
Berkeley, CA
## slept ##
Error OVER_QUERY_LIMIT
Query: https://maps.google.com/maps/api/geocode/json?address=Berkeley%2C+CA&sensor=false&bounds=&region=&language=&components=
local
equity
*********************************************
Everlaw - Software Engineer
https://jobs.lever.co/everlaw/72e5bdd8-0373-4714-a90e-7aebbb61b181/apply
Berkeley, CA
## slept ##
survey
____________________________________________________________
*********************************************
Everlaw - Lever
https://jobs.lever.co/everlaw?team=Engineering

## slept ##
Error INVALID_REQUEST
Query: https://maps.google.com/maps/api/geocode/json?address=&sensor=false&bounds=&region=&language=&components=
Filter by:
*********************************************
Everlaw
https://jobs.lever.co/everlaw/

## slept ##
Error INVALID_REQUEST
Query: https://maps.google.com/maps/api/geocode/json?address=&sensor=false&bounds=&region=&language=&components=
Filter by:
*********************************************
Everlaw - Lever
https://jobs.lever.co/everlaw?by=location&commitment=Full-time

## slept ##
Error INVALID_REQUEST
Query: https://maps.google.com/maps/api/geocode/json?address=&sensor=false&bounds=&region=&language=&components=
Filter by:
*********************************************
Everlaw
https://jobs.lever.co/everlaw?by=team&location=Berkeley%2C%20CA&commitment=Full-time

## slept ##
Error INVALID_REQUEST
Query: https://maps.google.com/maps/api/geocode/json?address=&sensor=false&bounds=&region=&language=&components=
Filter by:
*********************************************
Everlaw
https://jobs.lever.co/everlaw?commitment=Intern

## slept ##
Error INVALID_REQUEST
Query: https://maps.google.com/maps/api/geocode/json?address=&sensor=false&bounds=&region=&language=&components=
Filter by:
*********************************************
Everlaw
https://jobs.lever.co/everlaw?location=Berkeley%2C%20CA

## slept ##
Error INVALID_REQUEST
Query: https://maps.google.com/maps/api/geocode/json?address=&sensor=false&bounds=&region=&language=&components=
Filter by:
*********************************************
0
*********************************************
Button - Software Engineer: Platform
https://jobs.lever.co/button/bb8f751e-09aa-49c6-9913-cc4d8094f667
New York
## slept ##
Error OVER_QUERY_LIMIT
Query: https://maps.google.com/maps/api/geocode/json?address=New+York&sensor=false&bounds=&region=&language=&components=
*********************************************
Button - Senior Software Engineer in Test
https://jobs.lever.co/button/65d33190-a65b-4505-9084-679397652b8b
New York
partner 
*********************************************
Button - Software Engineer: Data
https://jobs.lever.co/button/73317c41-9450-4a6f-bf2b-4d8d25673087
New York, San Francisco
## slept ##
Error OVER_QUERY_LIMIT
Query: https://maps.google.com/maps/api/geocode/json?address=New+York%2C+San+Francisco&sensor=false&bounds=&region=&language=&components=
*********************************************
Button - Software Engineer: Android
https://jobs.lever.co/button/845916b0-3a41-4d66-a9f4-63decf6c1f1d
New York
## slept ##
*********************************************
Button - Software Engineer: Data
https://jobs.lever.co/button/73317c41-9450-4a6f-bf2b-4d8d25673087/apply
New York, San Francisco
survey
____________________________________________________________
*********************************************
Button - Integrations Engineer: Partner Engineering
https://jobs.lever.co/button/7ad7ff80-0e2a-4ed3-b1a5-39f5bab83c8f
New York
## slept ##
Error OVER_QUERY_LIMIT
Query: https://maps.google.com/maps/api/geocode/json?address=New+York&sensor=false&bounds=&region=&language=&components=
partner 
volunteer
*********************************************
Button - DevOps / Site Reliability Engineer
https://jobs.lever.co/button/871c44a5-5aa9-4ff4-91b1-e7fd3bf65d24
New York
## slept ##
*********************************************
Button
https://jobs.lever.co/button

## slept ##
Error INVALID_REQUEST
Query: https://maps.google.com/maps/api/geocode/json?address=&sensor=false&bounds=&region=&language=&components=
Filter by:
*********************************************
Button
https://jobs.lever.co/button?by=location

## slept ##
Error INVALID_REQUEST
Query: https://maps.google.com/maps/api/geocode/json?address=&sensor=false&bounds=&region=&language=&components=
Filter by:
*********************************************
Button - Partner Success Manager
https://jobs.lever.co/button/79bdba62-0eb7-4db0-b940-3cc620d33b2b
New York
## slept ##
Error OVER_QUERY_LIMIT
Query: https://maps.google.com/maps/api/geocode/json?address=New+York&sensor=false&bounds=&region=&language=&components=
marketing
partner 
*********************************************
4
*********************************************
Drawbridge - Software Engineer
https://jobs.lever.co/drawbridge/8576e056-74f8-4f55-9d8b-3bd100202345
San Mateo, CA
*********************************************
Drawbridge - Senior Software Engineer
https://jobs.lever.co/drawbridge/408a8d17-4404-432a-9b1b-af1da5c49791
San Mateo, CA
## slept ##
*********************************************
Drawbridge - Software Engineer
https://jobs.lever.co/drawbridge/8576e056-74f8-4f55-9d8b-3bd100202345/apply
San Mateo, CA
## slept ##
survey
____________________________________________________________
*********************************************
Drawbridge
https://jobs.lever.co/drawbridge

## slept ##
Error INVALID_REQUEST
Query: https://maps.google.com/maps/api/geocode/json?address=&sensor=false&bounds=&region=&language=&components=
Filter by:
*********************************************
Drawbridge - Hadoop SPARK Engineer
https://jobs.lever.co/drawbridge/2dfa5dd6-9175-4d80-8983-c68b2caf61ec
San Mateo, CA
## slept ##
*********************************************
Drawbridge
https://jobs.lever.co/drawbridge?by=commitment

## slept ##
Error INVALID_REQUEST
Query: https://maps.google.com/maps/api/geocode/json?address=&sensor=false&bounds=&region=&language=&components=
Filter by:
*********************************************
3
*********************************************
Duolingo - Software Engineer, iOS
https://jobs.lever.co/duolingo/6e58fe72-0669-476d-bbe2-11f2264c8f92
Pittsburgh, PA
co-founder
*********************************************
Duolingo - Software Engineer (Berlin)
https://jobs.lever.co/duolingo/a5efda89-94ab-430e-b10b-52f72e0fdd1c
Berlin, Germany
*********************************************
Duolingo - Software Engineer, Android
https://jobs.lever.co/duolingo/fb09b40b-3dc2-473d-ae24-bd7398b2354a
Pittsburgh, PA
co-founder
*********************************************
Duolingo - Software Engineer Intern
https://jobs.lever.co/duolingo/252144e5-c805-4143-a337-465c3bd5df42
Pittsburgh, PA
## slept ##
Error OVER_QUERY_LIMIT
Query: https://maps.google.com/maps/api/geocode/json?address=Pittsburgh%2C+PA&sensor=false&bounds=&region=&language=&components=
*********************************************
Duolingo - Software Engineer, New Graduate
https://jobs.lever.co/duolingo/fac1f3d4-0407-4933-9e2e-d76eddb2b2bc
Pittsburgh, PA
## slept ##
*********************************************
HTTP Error 404: Not Found
HTTP Error 404: Not Found
Duolingo - Software Engineer (Berlin)
https://jobs.lever.co/duolingo/a5efda89-94ab-430e-b10b-52f72e0fdd1c/apply
Berlin, Germany
____________________________________________________________
*********************************************
Duolingo - Software Engineer Intern
https://jobs.lever.co/duolingo/252144e5-c805-4143-a337-465c3bd5df42/apply
Pittsburgh, PA
____________________________________________________________
*********************************************
HTTP Error 404: Not Found
Duolingo
https://jobs.lever.co/duolingo

## slept ##
Error INVALID_REQUEST
Query: https://maps.google.com/maps/api/geocode/json?address=&sensor=false&bounds=&region=&language=&components=
Filter by:
*********************************************
Duolingo
https://jobs.lever.co/duolingo?by=location

## slept ##
Error INVALID_REQUEST
Query: https://maps.google.com/maps/api/geocode/json?address=&sensor=false&bounds=&region=&language=&components=
Filter by:
*********************************************
Duolingo - Engineering Manager
https://jobs.lever.co/duolingo/7aa2d8d9-1692-4b65-9ce8-c1654dd2b2c1
Pittsburgh, PA
co-founder
*********************************************
Duolingo
https://jobs.lever.co/duolingo?team=Engineering

## slept ##
Error INVALID_REQUEST
Query: https://maps.google.com/maps/api/geocode/json?address=&sensor=false&bounds=&region=&language=&components=
Filter by:
*********************************************
Duolingo
https://jobs.lever.co/duolingo?location=Pittsburgh%2C%20PA

## slept ##
Error INVALID_REQUEST
Query: https://maps.google.com/maps/api/geocode/json?address=&sensor=false&bounds=&region=&language=&components=
Filter by:
*********************************************
Duolingo - Senior Operations Engineer (DevOps)
https://jobs.lever.co/duolingo/6c08bbbb-0e3c-443b-b67a-b4525a0886cb
Pittsburgh, PA
weekly
*********************************************
3
*********************************************
Emma Inc. - Software Engineer
https://jobs.lever.co/myemma/958c0baf-40e2-451b-81d8-d2445e69c8c6
Nashville, TN
*********************************************
Emma Inc. - Software Engineer
https://jobs.lever.co/myemma/b2814431-d4dc-4a69-9472-622b0238ae83/apply
Portland, OR
## slept ##
____________________________________________________________
*********************************************
Emma Inc.
https://jobs.lever.co/myemma

## slept ##
Error INVALID_REQUEST
Query: https://maps.google.com/maps/api/geocode/json?address=&sensor=false&bounds=&region=&language=&components=
Filter by:
*********************************************
Emma Inc.
https://jobs.lever.co/myemma?commitment=Full-time

## slept ##
Error INVALID_REQUEST
Query: https://maps.google.com/maps/api/geocode/json?address=&sensor=false&bounds=&region=&language=&components=
Filter by:
*********************************************
Emma Inc. - Lever
https://jobs.lever.co/myemma?by=commitment

## slept ##
Error INVALID_REQUEST
Query: https://maps.google.com/maps/api/geocode/json?address=&sensor=false&bounds=&region=&language=&components=
Filter by:
*********************************************
Emma Inc.
https://jobs.lever.co/myemma?location=Portland%2C%20OR

## slept ##
Error INVALID_REQUEST
Query: https://maps.google.com/maps/api/geocode/json?address=&sensor=false&bounds=&region=&language=&components=
Filter by:
*********************************************
Emma Inc.
https://jobs.lever.co/myemma?team=Engineering

## slept ##
Error INVALID_REQUEST
Query: https://maps.google.com/maps/api/geocode/json?address=&sensor=false&bounds=&region=&language=&components=
Filter by:
*********************************************
1
*********************************************
HTTP Error 404: Not Found
HTTP Error 404: Not Found
HTTP Error 404: Not Found
Upserve - Lever
https://jobs.lever.co/upserve?by=location

## slept ##
Error INVALID_REQUEST
Query: https://maps.google.com/maps/api/geocode/json?address=&sensor=false&bounds=&region=&language=&components=
Filter by:
*********************************************
Upserve - Lever
https://jobs.lever.co/upserve?by=location&location=Providence%2C%20RI

## slept ##
Error INVALID_REQUEST
Query: https://maps.google.com/maps/api/geocode/json?address=&sensor=false&bounds=&region=&language=&components=
Filter by:
*********************************************
Upserve
https://jobs.lever.co/upserve?by=location&team=Engineering

## slept ##
Error INVALID_REQUEST
Query: https://maps.google.com/maps/api/geocode/json?address=&sensor=false&bounds=&region=&language=&components=
Filter by:
*********************************************
Upserve
https://jobs.lever.co/upserve

## slept ##
Error INVALID_REQUEST
Query: https://maps.google.com/maps/api/geocode/json?address=&sensor=false&bounds=&region=&language=&components=
Filter by:
*********************************************
Upserve
https://jobs.lever.co/upserve?by=location&commitment=Full-time

## slept ##
Error INVALID_REQUEST
Query: https://maps.google.com/maps/api/geocode/json?address=&sensor=false&bounds=&region=&language=&components=
Filter by:
*********************************************
Upserve
https://jobs.lever.co/upserve?by=location&location=San%20Francisco%2C%20CA

## slept ##
Error INVALID_REQUEST
Query: https://maps.google.com/maps/api/geocode/json?address=&sensor=false&bounds=&region=&language=&components=
Filter by:
*********************************************
Upserve - Javascript Engineer
https://jobs.lever.co/upserve/3784e28b-73b7-4e4f-9077-3ed6dbfa2a1f
Providence, RI
## slept ##
local
partner 
weekly
*********************************************
0
*********************************************
Abacus - Software Engineer: Full Stack
https://jobs.lever.co/abacus/e35c834e-1be7-4920-83b6-05dfed512afd
New York City
## slept ##
*********************************************
Abacus - Software Engineer: Full Stack
https://jobs.lever.co/abacus/e35c834e-1be7-4920-83b6-05dfed512afd/apply
New York City
## slept ##
Error OVER_QUERY_LIMIT
Query: https://maps.google.com/maps/api/geocode/json?address=New+York+City&sensor=false&bounds=&region=&language=&components=
____________________________________________________________
*********************************************
Abacus
https://jobs.lever.co/abacus?by=location

## slept ##
Error INVALID_REQUEST
Query: https://maps.google.com/maps/api/geocode/json?address=&sensor=false&bounds=&region=&language=&components=
Filter by:
*********************************************
Abacus
https://jobs.lever.co/abacus

## slept ##
Error INVALID_REQUEST
Query: https://maps.google.com/maps/api/geocode/json?address=&sensor=false&bounds=&region=&language=&components=
Filter by:
*********************************************
1
*********************************************
