Luminar - Embedded Software Engineer
https://jobs.lever.co/luminartech/0142f507-e920-4f79-bdb6-de963293f147
Orlando, Florida
*********************************************
Luminar - Software Engineer, LIDAR
https://jobs.lever.co/luminartech/ea31e395-2f18-47f7-aaaa-aab66e492949
Orlando, Florida
*********************************************
Luminar - Software Engineer, Tooling and Visualization
https://jobs.lever.co/luminartech/2a00445e-15c6-427b-958f-6ba576908ff8
Orlando, Florida
*********************************************
Luminar - Rendering Software Engineer
https://jobs.lever.co/luminartech/3ce8b6d1-84fa-4be4-b8b8-d8d880e99bc0
Orlando, Florida
## slept ##
Error OVER_QUERY_LIMIT
Query: https://maps.google.com/maps/api/geocode/json?address=Orlando%2C+Florida&sensor=false&bounds=&region=&language=&components=
*********************************************
Luminar - Simulation Software Engineer
https://jobs.lever.co/luminartech/f6e8fe7e-4eb7-4f19-abef-840eaa92eedf/apply
Palo Alto, California
## slept ##
____________________________________________________________
*********************************************
Luminar - Sr. Software Engineer, Tooling and Visualization
https://jobs.lever.co/luminartech/0d218d2e-2c17-4c05-8078-7cd4918ea760/apply
Palo Alto, California
## slept ##
____________________________________________________________
*********************************************
Luminar
https://jobs.lever.co/luminartech

## slept ##
Error INVALID_REQUEST
Query: https://maps.google.com/maps/api/geocode/json?address=&sensor=false&bounds=&region=&language=&components=
Filter by:
*********************************************
Luminar - Automation Test Engineer
https://jobs.lever.co/luminartech/01024fd0-943d-40f3-8d5c-a9747ee6d4b0
Orlando, Florida
## slept ##
Error OVER_QUERY_LIMIT
Query: https://maps.google.com/maps/api/geocode/json?address=Orlando%2C+Florida&sensor=false&bounds=&region=&language=&components=
*********************************************
5
*********************************************
Ginkgo Bioworks - Software Engineer
https://jobs.lever.co/ginkgobioworks/44c46f23-d10e-4b67-a82d-5d0afe2735c7
Boston, MA
*********************************************
Ginkgo Bioworks - Software Engineer
https://jobs.lever.co/ginkgobioworks/44c46f23-d10e-4b67-a82d-5d0afe2735c7/apply
Boston, MA
## slept ##
survey
____________________________________________________________
*********************************************
Ginkgo Bioworks - Senior Software Engineer
https://jobs.lever.co/ginkgobioworks/8bf18af2-e1d6-4227-8106-b73f64a17025/apply
Boston, MA
## slept ##
survey
____________________________________________________________
*********************************************
Ginkgo Bioworks - Site Reliability Engineer
https://jobs.lever.co/ginkgobioworks/a24cdf3d-0faa-4fc2-852c-b790b508d7cb
Boston, MA
## slept ##
local
*********************************************
Ginkgo Bioworks - Test Engineer / Analytical Chemist
https://jobs.lever.co/ginkgobioworks/18fdc303-6747-42f3-baa5-e2cc3fbe2d66
Boston, MA
*********************************************
Ginkgo Bioworks
https://jobs.lever.co/ginkgobioworks

## slept ##
Error INVALID_REQUEST
Query: https://maps.google.com/maps/api/geocode/json?address=&sensor=false&bounds=&region=&language=&components=
Filter by:
*********************************************
Ginkgo Bioworks
https://jobs.lever.co/ginkgobioworks/?by=location

## slept ##
Error INVALID_REQUEST
Query: https://maps.google.com/maps/api/geocode/json?address=&sensor=false&bounds=&region=&language=&components=
Filter by:
*********************************************
Ginkgo Bioworks
https://jobs.lever.co/ginkgobioworks?commitment=Full-time

## slept ##
Error INVALID_REQUEST
Query: https://maps.google.com/maps/api/geocode/json?address=&sensor=false&bounds=&region=&language=&components=
Filter by:
*********************************************
Ginkgo Bioworks - Scientist - Assay Development
https://jobs.lever.co/ginkgobioworks/24f8e749-861d-423f-ac5e-a87c4e5dc113
Boston, MA
## slept ##
*********************************************
Ginkgo Bioworks - Automation Engineer
https://jobs.lever.co/ginkgobioworks/ce992b09-c1e7-4686-9566-ac67a9992369
Boston, MA
*********************************************
Ginkgo Bioworks - Software Product Manager
https://jobs.lever.co/ginkgobioworks/ea0710da-ecaf-4e8f-a13c-f813f2ad3d52
Boston, MA
## slept ##
Error OVER_QUERY_LIMIT
Query: https://maps.google.com/maps/api/geocode/json?address=Boston%2C+MA&sensor=false&bounds=&region=&language=&components=
*********************************************
Ginkgo Bioworks - Senior System Administrator
https://jobs.lever.co/ginkgobioworks/5ed3b110-a3ea-43f3-8edc-5456e46504dc
Boston, MA
*********************************************
Ginkgo Bioworks - Foundry Operations Paid Co-op
https://jobs.lever.co/ginkgobioworks/5e9105cb-21c8-4811-b918-32739e827fc2
Boston, MA
*********************************************
Ginkgo Bioworks - Research Associate / Strain Engineer
https://jobs.lever.co/ginkgobioworks/ad43f346-02b8-4054-827a-86c9c1d5262d
Boston, MA
*********************************************
Ginkgo Bioworks - Automation Padawan (1 year paid internship)
https://jobs.lever.co/ginkgobioworks/fe2ab4b5-eaeb-4e1f-a834-1c645a7fb3ef
Boston, MA
## slept ##
*********************************************
Ginkgo Bioworks - Synthetic Biologist / Geneticist
https://jobs.lever.co/ginkgobioworks/6a65d50a-8c0e-4ca1-b83b-cbde693d2f16
Boston, MA
*********************************************
Ginkgo Bioworks - Organism Engineer
https://jobs.lever.co/ginkgobioworks/8057a870-e971-4c35-8441-42e781e23123
Boston, MA
## slept ##
*********************************************
Ginkgo Bioworks - Test Team Padawan (1 year paid internship)
https://jobs.lever.co/ginkgobioworks/f68f5f7e-d1b9-4625-8ad8-ff6369dee236
Boston, MA
*********************************************
Ginkgo Bioworks - Inventory Coordinator
https://jobs.lever.co/ginkgobioworks/4d1464be-69a2-41b1-9402-5e09d870dafe
Boston, MA
customer service
*********************************************
12
*********************************************
Opendoor - Software Engineer
https://jobs.lever.co/opendoor/cf102953-5e15-4329-bb22-95f53a5fed43
San Francisco, CA
*********************************************
Opendoor - Senior Software Engineer
https://jobs.lever.co/opendoor/f1bace9e-8d29-4d45-a72b-98e2c06bf2c1
San Francisco, CA
*********************************************
Opendoor - Software Engineer
https://jobs.lever.co/opendoor/cf102953-5e15-4329-bb22-95f53a5fed43/apply
San Francisco, CA
## slept ##
survey
____________________________________________________________
*********************************************
Opendoor - Machine Learning Engineer
https://jobs.lever.co/opendoor/72503b31-7183-4c31-b3b2-31f158e86aeb
San Francisco, CA
## slept ##
Error OVER_QUERY_LIMIT
Query: https://maps.google.com/maps/api/geocode/json?address=San+Francisco%2C+CA&sensor=false&bounds=&region=&language=&components=
*********************************************
Opendoor - Lever
https://jobs.lever.co/opendoor

## slept ##
Error INVALID_REQUEST
Query: https://maps.google.com/maps/api/geocode/json?address=&sensor=false&bounds=&region=&language=&components=
Filter by:
*********************************************
Opendoor - Engineering Manager
https://jobs.lever.co/opendoor/4686d45a-ca1c-4815-b973-c4c22ec29036
San Francisco, CA
## slept ##
Error OVER_QUERY_LIMIT
Query: https://maps.google.com/maps/api/geocode/json?address=San+Francisco%2C+CA&sensor=false&bounds=&region=&language=&components=
*********************************************
Opendoor - Agent Sales Manager
https://jobs.lever.co/opendoor/bbb1609c-4ef8-41ed-973d-badb080ef0cf
Phoenix, AZ
## slept ##
weekly
*********************************************
Opendoor - Head of Customer Success
https://jobs.lever.co/opendoor/602cc524-50de-4f95-a231-f23813c908a7
Phoenix, AZ
## slept ##
Error OVER_QUERY_LIMIT
Query: https://maps.google.com/maps/api/geocode/json?address=Phoenix%2C+AZ&sensor=false&bounds=&region=&language=&components=
weekly
*********************************************
4
*********************************************
Convoy - Software Engineer
https://jobs.lever.co/convoy/94f6e8c3-5803-4f40-82b7-36094f24495a
Seattle, Washington
get paid
*********************************************
Convoy - Software Engineer
https://jobs.lever.co/convoy/94f6e8c3-5803-4f40-82b7-36094f24495a/apply
Seattle, Washington
## slept ##
survey
____________________________________________________________
*********************************************
Convoy
https://jobs.lever.co/convoy

## slept ##
Error INVALID_REQUEST
Query: https://maps.google.com/maps/api/geocode/json?address=&sensor=false&bounds=&region=&language=&components=
Filter by:
*********************************************
0
*********************************************
Neuralink - Software Engineer, Embedded Systems & Firmware
https://jobs.lever.co/neuralink/b02d4f67-53e2-43f0-bb80-ae2d2048ab35
San Francisco
## slept ##
*********************************************
Neuralink - Software Engineer, Backend
https://jobs.lever.co/neuralink/6b01dc79-1e6b-4598-b9f4-5359e72fc0e0
San Francisco
*********************************************
Neuralink - Software Engineer, Infrastructure & Tooling
https://jobs.lever.co/neuralink/6b01dc79-1e6b-4598-b9f4-5359e72fc0e0/apply
San Francisco
survey
____________________________________________________________
*********************************************
Neuralink - Mechatronics Engineer
https://jobs.lever.co/neuralink/cfddef3a-1b20-46bf-b35b-773ddeae1e31
San Francisco
*********************************************
Neuralink - Mechanical Engineer
https://jobs.lever.co/neuralink/dd91768e-8fec-4cec-bc1f-2481ea15ca05
San Francisco
*********************************************
Neuralink
https://jobs.lever.co/neuralink/

## slept ##
Error INVALID_REQUEST
Query: https://maps.google.com/maps/api/geocode/json?address=&sensor=false&bounds=&region=&language=&components=
Filter by:
*********************************************
Neuralink - Systems Engineer/Electrical Engineer
https://jobs.lever.co/neuralink/9de1e6cb-1a1e-41b5-b3d8-2de8e8703105
San Francisco
## slept ##
*********************************************
5
*********************************************
Forward Networks - Software Engineer (Networking)
https://jobs.lever.co/forwardnetworks/35a5b9b4-94ea-4501-8006-2c42ed1461ca
Palo Alto, CA
## slept ##
Error OVER_QUERY_LIMIT
Query: https://maps.google.com/maps/api/geocode/json?address=Palo+Alto%2C+CA&sensor=false&bounds=&region=&language=&components=
*********************************************
Forward Networks - Software Engineer (Java/Features)
https://jobs.lever.co/forwardnetworks/d4c3a1df-2eef-4568-b208-0ff5cf686ce7
Palo Alto, CA
*********************************************
Forward Networks - Sr. Software Engineer, Backend
https://jobs.lever.co/forwardnetworks/fd9abf48-46de-4432-bbcb-d1746fa7a6f8
Palo Alto, CA
*********************************************
Forward Networks - Software Engineer (Networking)
https://jobs.lever.co/forwardnetworks/35a5b9b4-94ea-4501-8006-2c42ed1461ca/apply
Palo Alto, CA
____________________________________________________________
*********************************************
Forward Networks - Sr. Software Engineer, Backend
https://jobs.lever.co/forwardnetworks/fd9abf48-46de-4432-bbcb-d1746fa7a6f8/apply
Palo Alto, CA
____________________________________________________________
*********************************************
Forward Networks - Sales Engineer
https://jobs.lever.co/forwardnetworks/66a24c16-6ca1-48e8-b715-3e5a94f16818
NYC
## slept ##
*********************************************
Forward Networks
https://jobs.lever.co/forwardnetworks/?by=location

## slept ##
Error INVALID_REQUEST
Query: https://maps.google.com/maps/api/geocode/json?address=&sensor=false&bounds=&region=&language=&components=
Filter by:
*********************************************
Forward Networks
https://jobs.lever.co/forwardnetworks

## slept ##
Error INVALID_REQUEST
Query: https://maps.google.com/maps/api/geocode/json?address=&sensor=false&bounds=&region=&language=&components=
Filter by:
*********************************************
Forward Networks
https://jobs.lever.co/forwardnetworks?by=location

## slept ##
Error INVALID_REQUEST
Query: https://maps.google.com/maps/api/geocode/json?address=&sensor=false&bounds=&region=&language=&components=
Filter by:
*********************************************
Forward Networks
https://jobs.lever.co/forwardnetworks/?location=Palo%20Alto%2C%20CA

## slept ##
Error INVALID_REQUEST
Query: https://maps.google.com/maps/api/geocode/json?address=&sensor=false&bounds=&region=&language=&components=
Filter by:
*********************************************
4
*********************************************
Indiegogo - Software Engineer
https://jobs.lever.co/indiegogo.com/59144bbe-1ec5-40dd-b581-fdd1fe65de11
San Francisco
equity
*********************************************
Indiegogo - Software Engineer
https://jobs.lever.co/indiegogo.com/59144bbe-1ec5-40dd-b581-fdd1fe65de11/apply
San Francisco
survey
____________________________________________________________
*********************************************
Indiegogo - DevOps Engineer
https://jobs.lever.co/indiegogo.com/595b546d-b219-44e9-bb2c-6d0e7891fa18
San Francisco
## slept ##
Error OVER_QUERY_LIMIT
Query: https://maps.google.com/maps/api/geocode/json?address=San+Francisco&sensor=false&bounds=&region=&language=&components=
equity
*********************************************
Indiegogo
https://jobs.lever.co/indiegogo.com

## slept ##
Error INVALID_REQUEST
Query: https://maps.google.com/maps/api/geocode/json?address=&sensor=false&bounds=&region=&language=&components=
Filter by:
*********************************************
Indiegogo - Lever
https://jobs.lever.co/indiegogo.com?by=location

## slept ##
Error INVALID_REQUEST
Query: https://maps.google.com/maps/api/geocode/json?address=&sensor=false&bounds=&region=&language=&components=
Filter by:
*********************************************
0
*********************************************
Moxe Health - Software Engineer
https://jobs.lever.co/moxehealth/3c8f7cb0-7f83-48fe-8ac2-ea12f2984eca
Madison, WI
*********************************************
Moxe Health - Software Engineer
https://jobs.lever.co/moxehealth/3c8f7cb0-7f83-48fe-8ac2-ea12f2984eca/apply
Madison, WI
## slept ##
Error OVER_QUERY_LIMIT
Query: https://maps.google.com/maps/api/geocode/json?address=Madison%2C+WI&sensor=false&bounds=&region=&language=&components=
survey
____________________________________________________________
*********************************************
Moxe Health - Integration Engineer
https://jobs.lever.co/moxehealth/07c8e46f-d002-4e8f-8914-bb444aa92d65
Madison, WI
*********************************************
Moxe Health
https://jobs.lever.co/moxehealth/

## slept ##
Error INVALID_REQUEST
Query: https://maps.google.com/maps/api/geocode/json?address=&sensor=false&bounds=&region=&language=&components=
Filter by:
*********************************************
Moxe Health - Lever
https://jobs.lever.co/moxehealth/?by=team

## slept ##
Error INVALID_REQUEST
Query: https://maps.google.com/maps/api/geocode/json?address=&sensor=false&bounds=&region=&language=&components=
Filter by:
*********************************************
Moxe Health - Lever
https://jobs.lever.co/moxehealth/?by=location

## slept ##
Error INVALID_REQUEST
Query: https://maps.google.com/maps/api/geocode/json?address=&sensor=false&bounds=&region=&language=&components=
Filter by:
*********************************************
2
*********************************************
Rover.com - Software Engineer- Level 1 (Future Opportunity)
https://jobs.lever.co/rover/2b2845e0-b9b1-45e6-a147-ba12102effba
Seattle
## slept ##
Error OVER_QUERY_LIMIT
Query: https://maps.google.com/maps/api/geocode/json?address=Seattle&sensor=false&bounds=&region=&language=&components=
*********************************************
Rover.com - Senior Software Engineer - Owner Retention
https://jobs.lever.co/rover/72575c4d-bf77-4a93-b3d0-5151e8c41f8e
Seattle
## slept ##
*********************************************
Rover.com - Senior Software Engineer - Search Algorithm
https://jobs.lever.co/rover/8e3e6307-7106-4c3c-aa77-7992330e523b
Seattle
## slept ##
Error OVER_QUERY_LIMIT
Query: https://maps.google.com/maps/api/geocode/json?address=Seattle&sensor=false&bounds=&region=&language=&components=
*********************************************
Rover.com - Director, Software Engineering
https://jobs.lever.co/rover/5b6a1110-1c26-4f4d-b69b-8deb8c5f34c7
Seattle
*********************************************
Rover.com - Senior Software Engineer - Web - Non-Django
https://jobs.lever.co/rover/56f1ae39-a4c9-493b-8cc8-bd0d96072322/apply
Seattle
## slept ##
survey
____________________________________________________________
*********************************************
Rover.com - Software Engineer- Level 1 (Future Opportunity)
https://jobs.lever.co/rover/2b2845e0-b9b1-45e6-a147-ba12102effba/apply
Seattle
## slept ##
Error OVER_QUERY_LIMIT
Query: https://maps.google.com/maps/api/geocode/json?address=Seattle&sensor=false&bounds=&region=&language=&components=
survey
____________________________________________________________
*********************************************
Rover.com - Senior Software Engineer - Platform Performance and ...
https://jobs.lever.co/rover/73309a52-eb53-4538-b2a0-1873c3faf4a0/apply
Seattle
## slept ##
Error OVER_QUERY_LIMIT
Query: https://maps.google.com/maps/api/geocode/json?address=Seattle&sensor=false&bounds=&region=&language=&components=
survey
____________________________________________________________
*********************************************
Rover.com - Senior Django Software Engineer
https://jobs.lever.co/rover/dffffa7f-3c5e-4ca3-a19e-3333b2e60f37/apply
Seattle
## slept ##
Error OVER_QUERY_LIMIT
Query: https://maps.google.com/maps/api/geocode/json?address=Seattle&sensor=false&bounds=&region=&language=&components=
survey
____________________________________________________________
*********************************************
Rover.com
https://jobs.lever.co/rover

## slept ##
Error INVALID_REQUEST
Query: https://maps.google.com/maps/api/geocode/json?address=&sensor=false&bounds=&region=&language=&components=
Filter by:
*********************************************
4
*********************************************
Radius - Senior Software Engineer
https://jobs.lever.co/radius/722273c5-9ff6-4204-ac46-da404daa0b75
San Francisco, CA
## slept ##
Error OVER_QUERY_LIMIT
Query: https://maps.google.com/maps/api/geocode/json?address=San+Francisco%2C+CA&sensor=false&bounds=&region=&language=&components=
marketing
*********************************************
Radius - Staff Software Engineer
https://jobs.lever.co/radius/9b8cad01-1504-4a2d-bc9f-a1d36ddaa34e
San Francisco, CA
## slept ##
Error OVER_QUERY_LIMIT
Query: https://maps.google.com/maps/api/geocode/json?address=San+Francisco%2C+CA&sensor=false&bounds=&region=&language=&components=
*********************************************
Radius - Senior Software Engineer, Machine Learning
https://jobs.lever.co/radius/63f7b3b5-2e74-4a20-94ef-5ff6b9ccb0be
San Francisco, CA
## slept ##
*********************************************
Radius - Senior Data Software Engineer
https://jobs.lever.co/radius/ec044bb5-8f17-44c1-938d-85150bba3003
San Francisco, CA
*********************************************
Radius - Senior Software Engineer, Platform
https://jobs.lever.co/radius/76780012-b9cd-4b3f-9145-5825f8ab7eae
San Francisco, CA
## slept ##
Error OVER_QUERY_LIMIT
Query: https://maps.google.com/maps/api/geocode/json?address=San+Francisco%2C+CA&sensor=false&bounds=&region=&language=&components=
*********************************************
Radius - Staff Software Engineer
https://jobs.lever.co/radius/9b8cad01-1504-4a2d-bc9f-a1d36ddaa34e/apply
San Francisco, CA
survey
____________________________________________________________
*********************************************
Radius - Senior Data Engineer, Data Warehouse Analytics
https://jobs.lever.co/radius/37d7a903-949e-4b8f-968a-133dcb5f00ef
San Francisco, CA
*********************************************
HTTP Error 404: Not Found
Radius
https://jobs.lever.co/radius/?by=location&team=Engineering

## slept ##
Error INVALID_REQUEST
Query: https://maps.google.com/maps/api/geocode/json?address=&sensor=false&bounds=&region=&language=&components=
Filter by:
*********************************************
Radius - Engineering Manager, Applications
https://jobs.lever.co/radius/61657b12-eca0-45bf-883c-12b2ce80fa69
San Francisco, CA
*********************************************
Radius - Corporate Counsel
https://jobs.lever.co/radius/bef43a8c-017f-4f49-9cf6-6a77c7564c5d
San Francisco, CA
## slept ##
Error OVER_QUERY_LIMIT
Query: https://maps.google.com/maps/api/geocode/json?address=San+Francisco%2C+CA&sensor=false&bounds=&region=&language=&components=
marketing
*********************************************
6
*********************************************
