Stelligent Systems, LLC - Senior DevOps Automation Engineer
https://jobs.lever.co/stelligent/398bdc31-f62a-44e5-90c1-0d7d6d293f8e
Any
*********************************************
HTTP Error 404: Not Found
Stelligent Systems, LLC - Senior DevOps Automation Engineer
https://jobs.lever.co/stelligent/398bdc31-f62a-44e5-90c1-0d7d6d293f8e/apply
Any
*********************************************
Stelligent Systems, LLC
https://jobs.lever.co/stelligent

## slept ##
Error INVALID_REQUEST
Query: https://maps.google.com/maps/api/geocode/json?address=&sensor=false&bounds=&region=&language=&components=
*********************************************
Stelligent Systems, LLC - Lever
https://jobs.lever.co/stelligent?by=location

## slept ##
Error INVALID_REQUEST
Query: https://maps.google.com/maps/api/geocode/json?address=&sensor=false&bounds=&region=&language=&components=
*********************************************
4
*********************************************
0
*********************************************
Stockpile - Frontend Engineer
https://jobs.lever.co/stockpile/1639d480-34f7-4bac-bf5e-6d1a32b638f7
Palo Alto, CA
*********************************************
Stockpile - Growth Hacker / Engineer
https://jobs.lever.co/stockpile/717323d2-746e-4d85-8383-c99142a5a4ad
Palo Alto, CA
*********************************************
Stockpile - Full stack Engineer
https://jobs.lever.co/stockpile/1691d2a1-79c8-4b81-8b63-512b4f78d514
Palo Alto, CA
*********************************************
Stockpile - Backend Engineer
https://jobs.lever.co/stockpile/ac71aaf9-c1ed-4e07-8043-28f67d1b2fdc/apply
Palo Alto, CA
*********************************************
Stockpile
https://jobs.lever.co/stockpile

## slept ##
Error INVALID_REQUEST
Query: https://maps.google.com/maps/api/geocode/json?address=&sensor=false&bounds=&region=&language=&components=
*********************************************
Stockpile
https://jobs.lever.co/stockpile?team=Engineering

## slept ##
Error INVALID_REQUEST
Query: https://maps.google.com/maps/api/geocode/json?address=&sensor=false&bounds=&region=&language=&components=
*********************************************
Stockpile - Director of Risk Operations
https://jobs.lever.co/stockpile/b0257d3d-ff27-421f-aac3-a79be21e6581
Palo Alto, CA
*********************************************
Stockpile - Data Scientist
https://jobs.lever.co/stockpile/78409405-aa75-4e79-a165-b21762e5e4bf
Palo Alto, CA
*********************************************
Stockpile - Visual Designer
https://jobs.lever.co/stockpile/e3bdba6f-2017-4c7c-aab3-1c01b1e3f598
Palo Alto, CA
*********************************************
9
*********************************************
Street Contxt
https://jobs.lever.co/streetcontxt?team=Engineering

## slept ##
Error INVALID_REQUEST
Query: https://maps.google.com/maps/api/geocode/json?address=&sensor=false&bounds=&region=&language=&components=
*********************************************
Street Contxt - Client Services Advisor
https://jobs.lever.co/streetcontxt/1fb45426-a608-4e60-8ac3-21167bde55a6
Toronto
*********************************************
Street Contxt - Sales Executive
https://jobs.lever.co/streetcontxt/b115a56f-a230-4481-b094-dbf5efb5de56
Toronto
*********************************************
3
*********************************************
0
*********************************************
Success Academy Charter Schools - Senior Network Engineer
https://jobs.lever.co/successacademy/c8713dd0-9913-40c6-a7a3-bb3b431419fb
New York, NY
*********************************************
Success Academy Charter Schools - Data Engineer
https://jobs.lever.co/successacademy/25e579bd-a93f-40a7-9092-1b716101cbe2
New York, NY
*********************************************
Success Academy Charter Schools - Senior Network Engineer
https://jobs.lever.co/successacademy/c8713dd0-9913-40c6-a7a3-bb3b431419fb/apply?ga=undefined
New York, NY
*********************************************
Success Academy Charter Schools
https://jobs.lever.co/successacademy?by=commitment&team=Central%20Network%20Office

## slept ##
Error INVALID_REQUEST
Query: https://maps.google.com/maps/api/geocode/json?address=&sensor=false&bounds=&region=&language=&components=
*********************************************
Success Academy Charter Schools
https://jobs.lever.co/successacademy?_ga=1.149923638.1024563419.1474551690&team=Central%20Network%20Office

## slept ##
Error INVALID_REQUEST
Query: https://maps.google.com/maps/api/geocode/json?address=&sensor=false&bounds=&region=&language=&components=
*********************************************
Success Academy Charter Schools
https://jobs.lever.co/successacademy?_ga=1.149923638.1024563419.1474551690

## slept ##
Error INVALID_REQUEST
Query: https://maps.google.com/maps/api/geocode/json?address=&sensor=false&bounds=&region=&language=&components=
*********************************************
Success Academy Charter Schools - Director of Data Management ...
https://jobs.lever.co/successacademy/740936e8-71ba-44e4-b54a-484d6a5608b6
New York, NY
*********************************************
Success Academy Charter Schools - High School Science Teacher
https://jobs.lever.co/successacademy/1ebde045-cb61-476d-948d-697611a2620c
New York, NY
*********************************************
HTTP Error 404: Not Found
HTTP Error 404: Not Found
HTTP Error 404: Not Found
Success Academy Charter Schools - Queens Elementary School ...
https://jobs.lever.co/successacademy/a1e7248a-beae-4b98-8e69-f6ea3b2c6331/apply?ga=undefined
Queens, NY
*********************************************
Success Academy Charter Schools - Education Institute Business ...
https://jobs.lever.co/successacademy/d60b348b-4fb1-458c-8675-db0b6c7703d3/apply?ga=undefined
New York, NY
*********************************************
Success Academy Charter Schools - Director of College Access and ...
https://jobs.lever.co/successacademy/e21e764f-5ad7-4540-a79a-9ca3138b6056/apply?ga=undefined
New York, NY
*********************************************
HTTP Error 404: Not Found
HTTP Error 404: Not Found
Success Academy Charter Schools - Kindergarten Teacher
https://jobs.lever.co/successacademy/37a1a12e-32fc-47dd-840e-52c41c1a21ab/apply?lever-source=themuse
New York, NY
*********************************************
Success Academy Charter Schools - School Management Associate
https://jobs.lever.co/successacademy/b0449cc0-6720-49f1-8aa5-e78c4d48cde9/apply?ga=undefined
New York, NY
*********************************************
Success Academy Charter Schools - Science Curriculum and ...
https://jobs.lever.co/successacademy/94f7ebf5-3435-4656-b823-9bf2234a8ea9/apply?ga=undefined
New York, NY
*********************************************
HTTP Error 404: Not Found
HTTP Error 404: Not Found
HTTP Error 404: Not Found
HTTP Error 404: Not Found
Success Academy Charter Schools - High School Education Manager
https://jobs.lever.co/successacademy/4a9cc5e0-6770-45e5-97dc-b0e73b6e097c/apply?ga=undefined
New York, NY
*********************************************
Success Academy Charter Schools - Sourcing & Logistics Food ...
https://jobs.lever.co/successacademy/c152c520-4d60-4af1-90b1-02dfecd72541/apply?ga=undefined
New York, NY
*********************************************
Success Academy Charter Schools - Elementary School ICT Special ...
https://jobs.lever.co/successacademy/f911a4ea-9a5f-45ee-ac23-e88ab83ac152/apply?ga=undefined
New York, NY
*********************************************
Success Academy Charter Schools - Brooklyn School Psychologist
https://jobs.lever.co/successacademy/55f8977d-b24b-4e7b-9ba5-0439ea2c8916/apply?ga=undefined
New York, NY
*********************************************
Success Academy Charter Schools - High School Spanish Teacher
https://jobs.lever.co/successacademy/6fbfcfc8-16c6-4072-8b25-cffe4e85402d/apply?ga=undefined
New York, NY
*********************************************
Success Academy Charter Schools - Bronx School Psychologist
https://jobs.lever.co/successacademy/f270d464-3da1-4f0d-bfbb-128ab548cee4/apply?ga=undefined
Bronx, NY
*********************************************
Success Academy Charter Schools - High​ ​School​ ​Dean​ ​of ...
https://jobs.lever.co/successacademy/d2cc1f01-18a5-4feb-98b3-d281ebd579e8/apply
New York, NY
*********************************************
Success Academy Charter Schools - Chess Teacher
https://jobs.lever.co/successacademy/0693fb42-9b5e-4cf3-aee5-f282fb585ad1/apply?lever-source=themuse
New York, NY
*********************************************
Success Academy Charter Schools - Queens Chess Teacher
https://jobs.lever.co/successacademy/597a2860-985c-4c61-ad10-d1f3a9aa403b/apply?lever-source=themuse
New York, NY
*********************************************
23
*********************************************
Sudden Coffee
https://jobs.lever.co/suddencoffee

## slept ##
Error INVALID_REQUEST
Query: https://maps.google.com/maps/api/geocode/json?address=&sensor=false&bounds=&region=&language=&components=
*********************************************
Sudden Coffee - Lever
https://jobs.lever.co/suddencoffee?team=Engineering

## slept ##
Error INVALID_REQUEST
Query: https://maps.google.com/maps/api/geocode/json?address=&sensor=false&bounds=&region=&language=&components=
*********************************************
2
*********************************************
Sun Basket - Full Stack Engineer - Java
https://jobs.lever.co/sunbasket/a17156eb-6ae3-4d58-83b9-820dc2586e1a
San Francisco, California
*********************************************
Sun Basket - Full Stack Engineer - Java
https://jobs.lever.co/sunbasket/a17156eb-6ae3-4d58-83b9-820dc2586e1a/apply
San Francisco, California
*********************************************
Sun Basket - Head of Engineering
https://jobs.lever.co/sunbasket/b76675c2-2959-410a-ad84-2f7a5b3de0f9
San Francisco, California
*********************************************
Sun Basket
https://jobs.lever.co/sunbasket

## slept ##
Error INVALID_REQUEST
Query: https://maps.google.com/maps/api/geocode/json?address=&sensor=false&bounds=&region=&language=&components=
*********************************************
Sun Basket - Head of Personalization
https://jobs.lever.co/sunbasket/cd587f03-56c9-43ea-8f73-8d0dafa0089c
San Francisco, California
*********************************************
5
*********************************************
Superfuture Labs - QA Engineer
https://jobs.lever.co/superfuture/7c5ab003-9b31-45fc-892d-6ec058d31e2a
Palo Alto, California
*********************************************
Superfuture Labs - Android Engineer
https://jobs.lever.co/superfuture/b371e6f2-b706-4c07-9fd1-264c95f6a4f7
Palo Alto, California
*********************************************
Superfuture Labs - iOS Engineer - Lever
https://jobs.lever.co/superfuture/35a9b551-df38-42a7-8d83-eaee09ecff6a/apply
Palo Alto, California
*********************************************
Superfuture Labs
https://jobs.lever.co/superfuture

## slept ##
Error INVALID_REQUEST
Query: https://maps.google.com/maps/api/geocode/json?address=&sensor=false&bounds=&region=&language=&components=
*********************************************
Superfuture Labs
https://jobs.lever.co/superfuture?by=location

## slept ##
Error INVALID_REQUEST
Query: https://maps.google.com/maps/api/geocode/json?address=&sensor=false&bounds=&region=&language=&components=
*********************************************
Superfuture Labs - Product Designer
https://jobs.lever.co/superfuture/51714f92-7eef-422a-a81e-f397b1669740
Palo Alto, California
*********************************************
Superfuture Labs - Project Manager
https://jobs.lever.co/superfuture/7119e1bc-7eec-437e-9989-f4c0bbf35da2
Palo Alto, California
*********************************************
7
*********************************************
Swirl - Product Manager
https://jobs.lever.co/swirl/0ba09754-b036-4ce9-88bd-ec712494227b
San Francisco
*********************************************
1
*********************************************
System1 - DevOps Engineer
https://jobs.lever.co/system1/b985d63d-6e61-4b73-b08f-9c5c353aeb5a
Bellevue, WA
*********************************************
System1 - Front End Engineer
https://jobs.lever.co/system1/c358b94c-4c65-4651-9ac6-84254fe1de2e
Venice, CA
*********************************************
System1 - Senior Software Engineer
https://jobs.lever.co/system1/d94c450b-da6f-465e-a6a7-796a03f9dc7b
Bellevue, WA
*********************************************
System1 - Data Engineer
https://jobs.lever.co/system1/874d0de7-b70d-4f3f-9fda-872430cf62db
Venice, CA
*********************************************
System1 - Software Engineer
https://jobs.lever.co/system1/f9420ad3-f5e7-4b92-93d0-0a095fa38276
Bellevue, WA
*********************************************
System1 - Data Engineer
https://jobs.lever.co/system1/874d0de7-b70d-4f3f-9fda-872430cf62db/apply
Venice, CA
*********************************************
System1 - DevOps Engineer
https://jobs.lever.co/system1/98f3de21-d010-4cdf-b4e2-a340996ad4d4
Venice, CA
*********************************************
System1 - Site Reliability Engineer
https://jobs.lever.co/system1/c6e6b4a7-4ab8-4b45-8b9c-e9b0e716f206
Venice, CA
*********************************************
System1 - Front End Engineer (Extensions)
https://jobs.lever.co/system1/60c3607e-d5e3-4acf-b335-b4eb9d736b3f
Venice, CA
*********************************************
System1 - Back End Engineer
https://jobs.lever.co/system1/a2612066-fef4-458c-b216-19b276e81ba6/apply
Venice, CA
*********************************************
System1 - DevOps Engineer
https://jobs.lever.co/system1/98f3de21-d010-4cdf-b4e2-a340996ad4d4/apply
Venice, CA
*********************************************
System1 - DevOps Engineer
https://jobs.lever.co/system1/b985d63d-6e61-4b73-b08f-9c5c353aeb5a/apply
Bellevue, WA
*********************************************
System1 - Senior Software Engineer (Python)
https://jobs.lever.co/system1/bc066b54-3fbe-4353-ae1b-be37f43ced2c/apply
Bellevue, WA
*********************************************
System1 - Senior Data Pipeline Engineer
https://jobs.lever.co/system1/6c0f2955-9742-4302-a4c5-8c40cca75bf2
Venice, CA
*********************************************
System1 - Senior Software Engineer (Python)
https://jobs.lever.co/system1/46b7b99f-18d1-47c5-bd3f-6c4009e073e6
Venice, CA
*********************************************
System1 - Front End Engineer
https://jobs.lever.co/system1/c358b94c-4c65-4651-9ac6-84254fe1de2e/apply
Venice, CA
*********************************************
System1 - Front End Engineer (Extensions)
https://jobs.lever.co/system1/60c3607e-d5e3-4acf-b335-b4eb9d736b3f/apply
Venice, CA
*********************************************
System1 - Senior Data Pipeline Engineer
https://jobs.lever.co/system1/6c0f2955-9742-4302-a4c5-8c40cca75bf2/apply
Venice, CA
*********************************************
System1 - Software Engineer
https://jobs.lever.co/system1/f9420ad3-f5e7-4b92-93d0-0a095fa38276/apply
Bellevue, WA
*********************************************
System1 - Senior Software Engineer (Python)
https://jobs.lever.co/system1/46b7b99f-18d1-47c5-bd3f-6c4009e073e6/apply
Venice, CA
*********************************************
System1 - Site Reliability Engineer
https://jobs.lever.co/system1/c6e6b4a7-4ab8-4b45-8b9c-e9b0e716f206/apply
Venice, CA
*********************************************
System1 - Architect, Data Warehouse
https://jobs.lever.co/system1/eae82bb0-1801-4ca2-ba4c-dd2cd66fc261
Venice, CA
*********************************************
System1 - Principal Data Scientist
https://jobs.lever.co/system1/4061851b-474c-48bb-953e-d54f9a06fd16
Venice, CA
*********************************************
System1 - Director of Product, Consumer Applications
https://jobs.lever.co/system1/00eea757-3ff9-40e7-a624-edb372d265c1
Venice, CA
*********************************************
System1 - Recruiting Manager
https://jobs.lever.co/system1/c61b7868-cc93-4d1c-bf9e-6ea568e7659a
Venice, CA
*********************************************
HTTP Error 404: Not Found
25
*********************************************
Systems Alliance, Inc. - Technical Support Engineer
https://jobs.lever.co/systemsalliance/8db6564c-017c-4f81-be74-b2b6375742e2
Hunt Valley, MD
*********************************************
Systems Alliance, Inc. - Technical Support Engineer
https://jobs.lever.co/systemsalliance/8db6564c-017c-4f81-be74-b2b6375742e2/apply
Hunt Valley, MD
*********************************************
Systems Alliance, Inc.
https://jobs.lever.co/systemsalliance

## slept ##
Error INVALID_REQUEST
Query: https://maps.google.com/maps/api/geocode/json?address=&sensor=false&bounds=&region=&language=&components=
*********************************************
3
*********************************************
Tallwave - Technical Project Manager
https://jobs.lever.co/tallwave.com/1b50e29b-29ad-441c-bd18-afb1d04a5b04
Scottsdale, AZ
*********************************************
Tallwave - Sr. Designer
https://jobs.lever.co/tallwave.com/4261d1eb-d306-4606-b7ba-a1db6e90580e
Scottsdale, AZ
*********************************************
2
*********************************************
Tally - Senior Platform Engineer
https://jobs.lever.co/tally/4f6b044f-9110-4d2e-bbb5-ba7cea2700ac
San Francisco, CA
*********************************************
Tally - Sr. Operations Engineer
https://jobs.lever.co/tally/aa548f94-9e51-4662-a7c2-864775577998
San Francisco, CA
*********************************************
Tally - Platform Engineer
https://jobs.lever.co/tally/dce2f97c-7957-4cd2-b179-09bd3c813ede
San Francisco, CA
*********************************************
Tally - Lead Android Engineer
https://jobs.lever.co/tally/599ebf1b-d316-4979-8e34-0e034a1f4a4f
San Francisco, CA
*********************************************
Tally - Lead iOS Engineer
https://jobs.lever.co/tally/800a3605-1969-4a16-a28a-f5cccaac3b9c
San Francisco, CA
*********************************************
Tally - Sr. Data Engineer
https://jobs.lever.co/tally/c928ed33-7094-4d64-aeec-90be467148ad
San Francisco, CA
*********************************************
Tally - Sr. Operations Engineer
https://jobs.lever.co/tally/aa548f94-9e51-4662-a7c2-864775577998/apply
San Francisco, CA
*********************************************
Tally - Sr. Data Engineer
https://jobs.lever.co/tally/c928ed33-7094-4d64-aeec-90be467148ad/apply
San Francisco, CA
*********************************************
Tally
https://jobs.lever.co/tally?by=location&commitment=Full-time

## slept ##
Error INVALID_REQUEST
Query: https://maps.google.com/maps/api/geocode/json?address=&sensor=false&bounds=&region=&language=&components=
*********************************************
Tally
https://jobs.lever.co/tally?by=location&location=San%20Francisco%2C%20CA

## slept ##
Error INVALID_REQUEST
Query: https://maps.google.com/maps/api/geocode/json?address=&sensor=false&bounds=&region=&language=&components=
*********************************************
Tally - Customer Success Manager
https://jobs.lever.co/tally/3610c45a-4094-410b-a694-10c2373afce7
San Francisco, CA
*********************************************
11
*********************************************
Tamr - Senior Sales Engineer - Pre-sales
https://jobs.lever.co/tamr/22248b8b-5ad9-455d-a465-f8ffb5bc5b19
Boston, MA & San Francisco, CA
*********************************************
Tamr - Analytics Sales Engineer
https://jobs.lever.co/tamr/ff60fd89-7680-4d96-bfe6-cb7849b75d3d
Boston, MA & San Francisco, CA
*********************************************
Tamr - Analytics Sales Engineer
https://jobs.lever.co/tamr/ff60fd89-7680-4d96-bfe6-cb7849b75d3d/apply
Boston, MA & San Francisco, CA
*********************************************
Tamr
https://jobs.lever.co/tamr

## slept ##
Error INVALID_REQUEST
Query: https://maps.google.com/maps/api/geocode/json?address=&sensor=false&bounds=&region=&language=&components=
*********************************************
HTTP Error 404: Not Found
4
*********************************************
Tapfwd - Back-End Engineer
https://jobs.lever.co/tapfwd/473a5eec-fcc9-4d4f-9dc3-4df89717c3c0
San Francisco
*********************************************
Tapfwd - Full-Stack Engineer
https://jobs.lever.co/tapfwd/e752e7b1-4097-421a-b408-72c0fdcffcd1
San Francisco
*********************************************
Tapfwd - Back-End Engineer
https://jobs.lever.co/tapfwd/473a5eec-fcc9-4d4f-9dc3-4df89717c3c0/apply?lever-source=Website
San Francisco
*********************************************
Tapfwd - Lever
https://jobs.lever.co/tapfwd

## slept ##
Error INVALID_REQUEST
Query: https://maps.google.com/maps/api/geocode/json?address=&sensor=false&bounds=&region=&language=&components=
*********************************************
Tapfwd - Lever
https://jobs.lever.co/tapfwd?by=commitment

## slept ##
Error INVALID_REQUEST
Query: https://maps.google.com/maps/api/geocode/json?address=&sensor=false&bounds=&region=&language=&components=
*********************************************
Tapfwd
https://jobs.lever.co/tapfwd?by=location&commitment=Full%20Time

## slept ##
Error INVALID_REQUEST
Query: https://maps.google.com/maps/api/geocode/json?address=&sensor=false&bounds=&region=&language=&components=
*********************************************
Tapfwd - Lever
https://jobs.lever.co/tapfwd?by=location&team=Engineering

## slept ##
Error INVALID_REQUEST
Query: https://maps.google.com/maps/api/geocode/json?address=&sensor=false&bounds=&region=&language=&components=
*********************************************
7
*********************************************
HTTP Error 404: Not Found
Tapingo - Backend Engineer
https://jobs.lever.co/tapingo/5fa6671d-be3f-443c-80c6-8620d16d8b16
Tel Aviv
*********************************************
Tapingo - Site Reliability Engineer
https://jobs.lever.co/tapingo/ecdbc714-a04d-4188-aa36-b90a469d95f3
San Francisco (flexible)
*********************************************
Tapingo - Full Stack Engineer
https://jobs.lever.co/tapingo/c377f438-ea4e-4575-935e-fc66c3013a53
San Francisco
*********************************************
Tapingo - Full Stack Engineer
https://jobs.lever.co/tapingo/66f1184e-9650-48a6-bc8f-e0e737066013
Tel Aviv
*********************************************
Tapingo - Data Science & Algorithms Engineer
https://jobs.lever.co/tapingo/e981e840-1be9-4556-be53-70108131d9c3
Tel Aviv
*********************************************
HTTP Error 404: Not Found
Tapingo - Full Stack Engineer
https://jobs.lever.co/tapingo/c377f438-ea4e-4575-935e-fc66c3013a53/apply
San Francisco
*********************************************
Tapingo - Site Reliability Engineer
https://jobs.lever.co/tapingo/ecdbc714-a04d-4188-aa36-b90a469d95f3/apply
San Francisco (flexible)
*********************************************
Tapingo - Backend Engineer
https://jobs.lever.co/tapingo/283e9f43-29e6-4fb4-9181-3d4a3fb143e0/apply
Tel Aviv
*********************************************
Tapingo - Full Stack Engineer
https://jobs.lever.co/tapingo/66f1184e-9650-48a6-bc8f-e0e737066013/apply
Tel Aviv
*********************************************
HTTP Error 404: Not Found
Tapingo - Team Lead - Engineering Infrastructure
https://jobs.lever.co/tapingo/003ed00c-754f-4324-9b04-fd607ff59c5c
Tel Aviv
*********************************************
Tapingo
https://jobs.lever.co/tapingo

## slept ##
Error INVALID_REQUEST
Query: https://maps.google.com/maps/api/geocode/json?address=&sensor=false&bounds=&region=&language=&components=
*********************************************
Tapingo - BI Developer
https://jobs.lever.co/tapingo/ff81f80a-6526-44fb-b72a-6424219553af
Tel Aviv
*********************************************
Tapingo - Team Lead - Engineering Infrastructure
https://jobs.lever.co/tapingo/003ed00c-754f-4324-9b04-fd607ff59c5c/apply?lever-source=themuse
Tel Aviv
*********************************************
Tapingo - Engineering Team Lead - Data Science & Algorithms
https://jobs.lever.co/tapingo/e981e840-1be9-4556-be53-70108131d9c3/apply
Tel Aviv
*********************************************
Engineering (San Francisco)
https://jobs.lever.co/tapingo?by=team&location=National%20(flexible)&commitment=Full-time&team=Engineering%20(San%20Francisco)

## slept ##
Error INVALID_REQUEST
Query: https://maps.google.com/maps/api/geocode/json?address=&sensor=false&bounds=&region=&language=&components=
*********************************************
Tapingo - Product Manager
https://jobs.lever.co/tapingo/fb3ae85a-964c-4333-b8be-183a7f2fe357
San Francisco
*********************************************
Tapingo - Strategic Partner Manager (San Francisco)
https://jobs.lever.co/tapingo/87cf3a4f-966e-424b-8322-866e2a809f8c
San Francisco
*********************************************
Tapingo - Senior Manager, Retention Marketing
https://jobs.lever.co/tapingo/dc72282b-ffa4-46fa-87db-ee9430838868
San Francisco
*********************************************
Tapingo - BI Developer
https://jobs.lever.co/tapingo/ff81f80a-6526-44fb-b72a-6424219553af/apply
Tel Aviv
*********************************************
Tapingo
https://jobs.lever.co/tapingo?by=team&team=Product

## slept ##
Error INVALID_REQUEST
Query: https://maps.google.com/maps/api/geocode/json?address=&sensor=false&bounds=&region=&language=&components=
*********************************************
Tapingo
https://jobs.lever.co/tapingo?team=Business%20Development

## slept ##
Error INVALID_REQUEST
Query: https://maps.google.com/maps/api/geocode/json?address=&sensor=false&bounds=&region=&language=&components=
*********************************************
Tapingo
https://jobs.lever.co/tapingo?team=Operations

## slept ##
Error INVALID_REQUEST
Query: https://maps.google.com/maps/api/geocode/json?address=&sensor=false&bounds=&region=&language=&components=
*********************************************
22
*********************************************
0
*********************************************
TCS E-COM (Pvt.) Ltd - DevOPS Engineer
https://jobs.lever.co/tcs-e/aac8deb7-976a-4f0f-9e0e-ce586f9c33ff
Karachi
*********************************************
TCS E-COM (Pvt.) Ltd - Software Engineer - Lever
https://jobs.lever.co/tcs-e/cf060134-24f3-4cc0-9714-9928448a8c63
Karachi
*********************************************
TCS E-COM (Pvt.) Ltd - Senior Software Engineer
https://jobs.lever.co/tcs-e/039ca910-db68-4579-b18a-f708deeef30e
Karachi
*********************************************
TCS E-COM (Pvt.) Ltd - DevOPS Engineer
https://jobs.lever.co/tcs-e/aac8deb7-976a-4f0f-9e0e-ce586f9c33ff/apply
Karachi
*********************************************
TCS E-COM (Pvt.) Ltd - Senior Software Engineer - Lever
https://jobs.lever.co/tcs-e/039ca910-db68-4579-b18a-f708deeef30e/apply
Karachi
*********************************************
TCS E-COM (Pvt.) Ltd - Software Engineer
https://jobs.lever.co/tcs-e/cf060134-24f3-4cc0-9714-9928448a8c63/apply
Karachi
*********************************************
TCS E-COM (Pvt.) Ltd
https://jobs.lever.co/tcs-e

## slept ##
Error INVALID_REQUEST
Query: https://maps.google.com/maps/api/geocode/json?address=&sensor=false&bounds=&region=&language=&components=
*********************************************
TCS E-COM (Pvt.) Ltd - Lever
https://jobs.lever.co/tcs-e?commitment=Full-time

## slept ##
Error INVALID_REQUEST
Query: https://maps.google.com/maps/api/geocode/json?address=&sensor=false&bounds=&region=&language=&components=
*********************************************
TCS E-COM (Pvt.) Ltd - Lever
https://jobs.lever.co/tcs-e?by=commitment

## slept ##
Error INVALID_REQUEST
Query: https://maps.google.com/maps/api/geocode/json?address=&sensor=false&bounds=&region=&language=&components=
*********************************************
TCS E-COM (Pvt.) Ltd - Business Analyst
https://jobs.lever.co/tcs-e/faaa865d-96b5-4aea-b6f2-be7ed5a6db96
Karachi
*********************************************
10
*********************************************
Teal - Android Engineer
https://jobs.lever.co/tealdrones/2ba23357-ca06-4e05-a8cf-bba5d633c239
Salt Lake City, UT
*********************************************
Teal - QA Engineer
https://jobs.lever.co/tealdrones/94ea5221-6373-4e2e-8cb3-40f2b0b4fdd5
Salt Lake City, UT
*********************************************
Teal - QA Engineer
https://jobs.lever.co/tealdrones/94ea5221-6373-4e2e-8cb3-40f2b0b4fdd5/apply
Salt Lake City, UT
*********************************************
Teal
https://jobs.lever.co/tealdrones

## slept ##
Error INVALID_REQUEST
Query: https://maps.google.com/maps/api/geocode/json?address=&sensor=false&bounds=&region=&language=&components=
*********************************************
Teal - CUDA Developer
https://jobs.lever.co/tealdrones/6c19a50a-02d0-4312-8137-eb508e388879
Salt Lake City, UT
*********************************************
Teal - Lever
https://jobs.lever.co/tealdrones?location=Salt%20Lake%20City%2C%20UT

## slept ##
Error INVALID_REQUEST
Query: https://maps.google.com/maps/api/geocode/json?address=&sensor=false&bounds=&region=&language=&components=
*********************************************
Teal - Lever
https://jobs.lever.co/tealdrones?by=commitment

## slept ##
Error INVALID_REQUEST
Query: https://maps.google.com/maps/api/geocode/json?address=&sensor=false&bounds=&region=&language=&components=
*********************************************
Teal - Lever
https://jobs.lever.co/tealdrones?commitment=Full-time

## slept ##
Error INVALID_REQUEST
Query: https://maps.google.com/maps/api/geocode/json?address=&sensor=false&bounds=&region=&language=&components=
*********************************************
Teal - Product Manager, Software Applications
https://jobs.lever.co/tealdrones/01de94a6-2632-457a-9c7a-88739eb6a31e
Salt Lake City, UT
*********************************************
HTTP Error 404: Not Found
9
*********************************************
Teamable
https://jobs.lever.co/teamable

## slept ##
Error INVALID_REQUEST
Query: https://maps.google.com/maps/api/geocode/json?address=&sensor=false&bounds=&region=&language=&components=
*********************************************
Teamable - Senior Python/Django developer
https://jobs.lever.co/teamable/b85b9f72-ee4c-46fd-9cad-10affe67196c
Yerevan, Armenia
*********************************************
Teamable - Product Manager TEST TEST
https://jobs.lever.co/teamable/8d5df1ee-4626-47f0-8305-4e08c6914b6f
Yerevan, Armenia
*********************************************
HTTP Error 404: Not Found
Teamable - Lever
https://jobs.lever.co/teamable?by=commitment

## slept ##
Error INVALID_REQUEST
Query: https://maps.google.com/maps/api/geocode/json?address=&sensor=false&bounds=&region=&language=&components=
*********************************************
4
*********************************************
HTTP Error 404: Not Found
KEYPR - Senior Test Engineer
https://jobs.lever.co/techteamlabs/5474701d-fa9d-4c7f-bfd8-fd218acea0f0
Kyiv
*********************************************
HTTP Error 404: Not Found
HTTP Error 404: Not Found
HTTP Error 404: Not Found
HTTP Error 404: Not Found
HTTP Error 404: Not Found
KEYPR - Senior Web Application Engineer
https://jobs.lever.co/techteamlabs/32e3fd22-b364-4ae4-a60b-1e68e8c108e5
Kyiv
*********************************************
HTTP Error 404: Not Found
HTTP Error 404: Not Found
HTTP Error 404: Not Found
KEYPR
https://jobs.lever.co/techteamlabs?by=location&location=Kyiv

## slept ##
Error INVALID_REQUEST
Query: https://maps.google.com/maps/api/geocode/json?address=&sensor=false&bounds=&region=&language=&components=
*********************************************
KEYPR
https://jobs.lever.co/techteamlabs

## slept ##
Error INVALID_REQUEST
Query: https://maps.google.com/maps/api/geocode/json?address=&sensor=false&bounds=&region=&language=&components=
*********************************************
KEYPR
https://jobs.lever.co/techteamlabs?by=location&commitment=Full-time

## slept ##
Error INVALID_REQUEST
Query: https://maps.google.com/maps/api/geocode/json?address=&sensor=false&bounds=&region=&language=&components=
*********************************************
KEYPR
https://jobs.lever.co/techteamlabs?by=location&team=Platform

## slept ##
Error INVALID_REQUEST
Query: https://maps.google.com/maps/api/geocode/json?address=&sensor=false&bounds=&region=&language=&components=
*********************************************
6
*********************************************
Telmate - DevOps Engineer
https://jobs.lever.co/telmate/ee721f1b-c329-49cb-807a-72a3e1878c1e
San Francisco
*********************************************
HTTP Error 404: Not Found
Telmate - Test Automation Engineer
https://jobs.lever.co/telmate/d361e418-e573-4b45-84ad-f54bec96bc8b
San Francisco
*********************************************
Telmate - Senior Mobile Engineer
https://jobs.lever.co/telmate/7356ec04-84ca-4db8-810a-562ac67312da
San Francisco
*********************************************
Telmate - DevOps Engineer
https://jobs.lever.co/telmate/ee721f1b-c329-49cb-807a-72a3e1878c1e/apply
San Francisco
*********************************************
Telmate
https://jobs.lever.co/telmate

## slept ##
Error INVALID_REQUEST
Query: https://maps.google.com/maps/api/geocode/json?address=&sensor=false&bounds=&region=&language=&components=
*********************************************
HTTP Error 404: Not Found
Telmate - Senior Product Manager
https://jobs.lever.co/telmate/5fcbe124-93b1-4074-9ad6-4024f80094d3
San Francisco
*********************************************
Telmate - UX Researcher & Designer
https://jobs.lever.co/telmate/4fb54032-991d-474a-9a00-28a60fa90a84
San Francisco
*********************************************
Telmate - Senior Ruby on Rails Developer
https://jobs.lever.co/telmate/035f99e5-3980-42dc-9aa1-61267c0bce28
San Francisco
*********************************************
8
*********************************************
