Heartland Consulting - Analysts: Appliance Standards and ...
https://jobs.lever.co/heartlandconsulting/12a3399e-e984-4c92-8d01-8f956a830217
Washington, DC
*********************************************
1
*********************************************
Helion Energy - Power Electronics Engineer
https://jobs.lever.co/helionenergy/95214618-25b9-40d9-bc69-0506755d90fb
Redmond
*********************************************
Helion Energy - Fusion Test Engineer
https://jobs.lever.co/helionenergy/64b3c2a6-bffe-4381-ab45-1256b8865d6f
Redmond
*********************************************
Helion Energy - Power Electronics Engineer
https://jobs.lever.co/helionenergy/95214618-25b9-40d9-bc69-0506755d90fb/apply
Redmond
____________________________________________________________
*********************************************
Helion Energy - Fusion Test Engineer
https://jobs.lever.co/helionenergy/64b3c2a6-bffe-4381-ab45-1256b8865d6f/apply
Redmond
____________________________________________________________
*********************************************
Helion Energy - Plasma Diagnostic Scientist
https://jobs.lever.co/helionenergy/7ac752a7-5903-44be-98a4-8349c021dcc0
Redmond
*********************************************
Helion Energy
https://jobs.lever.co/helionenergy

## slept ##
Error INVALID_REQUEST
Query: https://maps.google.com/maps/api/geocode/json?address=&sensor=false&bounds=&region=&language=&components=
Filter by:
*********************************************
Helion Energy - Lever
https://jobs.lever.co/helionenergy?location=Redmond

## slept ##
Error INVALID_REQUEST
Query: https://maps.google.com/maps/api/geocode/json?address=&sensor=false&bounds=&region=&language=&components=
Filter by:
*********************************************
Helion Energy - Lever
https://jobs.lever.co/helionenergy?team=Fusion%20Engine%20Prototype%20Team

## slept ##
Error INVALID_REQUEST
Query: https://maps.google.com/maps/api/geocode/json?address=&sensor=false&bounds=&region=&language=&components=
Filter by:
*********************************************
Helion Energy - Entry-Level Technician
https://jobs.lever.co/helionenergy/a4877231-f30b-4903-977f-52832b74da09
Redmond
*********************************************
4
*********************************************
HTTP Error 404: Not Found
HTTP Error 404: Not Found
HTTP Error 404: Not Found
0
*********************************************
HelloSign - QA Automation Engineer
https://jobs.lever.co/hellosign/951f452a-747d-47aa-9bd4-1055f8aff5a4
San Francisco, CA
*********************************************
HelloSign - Front End Engineer
https://jobs.lever.co/hellosign/f0b9a73a-84ee-409e-808d-c97419dd551e
San Francisco, CA
*********************************************
HelloSign - Data Engineer
https://jobs.lever.co/hellosign/adfbc048-dfc2-4c85-b691-8e3f2ef545fa
San Francisco, CA
*********************************************
HelloSign - Sales Engineer
https://jobs.lever.co/hellosign/c59bfa09-c400-4de8-a969-6c86dcd975d2
San Francisco, CA
*********************************************
HelloSign - Sales Engineer
https://jobs.lever.co/hellosign/31f6a2a9-b2ad-41d8-9d6a-40f923d61b1d
San Francisco, CA
sales rep
*********************************************
HelloSign - Full Stack Engineer
https://jobs.lever.co/hellosign/f978164d-5f5c-4156-aec7-8b49306ee623
San Francisco, CA
*********************************************
HelloSign - Software Engineer, Elixir
https://jobs.lever.co/hellosign/39ea6c41-8ff8-4c93-b0fd-4a6224ef29ec
San Francisco, CA
*********************************************
HelloSign
https://jobs.lever.co/hellosign?location=San%20Francisco%2C%20CA

## slept ##
Error INVALID_REQUEST
Query: https://maps.google.com/maps/api/geocode/json?address=&sensor=false&bounds=&region=&language=&components=
Filter by:
*********************************************
HTTP Error 404: Not Found
HelloSign - Full Stack Engineer
https://jobs.lever.co/hellosign/f978164d-5f5c-4156-aec7-8b49306ee623/apply
San Francisco, CA
____________________________________________________________
*********************************************
HelloSign - Software Engineer, Elixir
https://jobs.lever.co/hellosign/39ea6c41-8ff8-4c93-b0fd-4a6224ef29ec/apply
San Francisco, CA
____________________________________________________________
*********************************************
HelloSign - QA Automation Engineer
https://jobs.lever.co/hellosign/951f452a-747d-47aa-9bd4-1055f8aff5a4/apply
San Francisco, CA
____________________________________________________________
*********************************************
HTTP Error 404: Not Found
HelloSign - Sales Engineer
https://jobs.lever.co/hellosign/31f6a2a9-b2ad-41d8-9d6a-40f923d61b1d/apply
San Francisco, CA
____________________________________________________________
*********************************************
HelloSign
https://jobs.lever.co/hellosign?by=commitment

## slept ##
Error INVALID_REQUEST
Query: https://maps.google.com/maps/api/geocode/json?address=&sensor=false&bounds=&region=&language=&components=
Filter by:
*********************************************
HelloSign
https://jobs.lever.co/hellosign?by=commitment&team=We%20will%20have%20future%20openings%20in%20these%20areas

## slept ##
Error INVALID_REQUEST
Query: https://maps.google.com/maps/api/geocode/json?address=&sensor=false&bounds=&region=&language=&components=
Filter by:
*********************************************
HTTP Error 404: Not Found
HelloSign - Technical Support Representative
https://jobs.lever.co/hellosign/09e236ac-109c-4ac2-9ddc-89dd9e4bfc0c
San Francisco, CA
*********************************************
HelloSign - Sales Development Representative
https://jobs.lever.co/hellosign/239ac851-8430-4f96-892a-eff330394e95
San Francisco, CA
*********************************************
HelloSign - Web Development Manager
https://jobs.lever.co/hellosign/cea2e813-ec8b-45fc-9996-4afd96bb72ff
San Francisco, CA
*********************************************
HelloSign - Future Marketing Role
https://jobs.lever.co/hellosign/35909452-1252-4035-8069-471a2a230ef4
San Francisco, CA
*********************************************
HelloSign - Senior Product Marketing Manager
https://jobs.lever.co/hellosign/3ed7451e-294a-4124-8e5b-0363be646056
San Francisco, CA
marketing
*********************************************
HelloSign - Technical Implementation Manager
https://jobs.lever.co/hellosign/fa3df19c-673a-41c6-83c9-ce2fb6942407
San Francisco, CA
*********************************************
HelloSign - Customer Support Representative
https://jobs.lever.co/hellosign/2b8f1a82-fdff-4aed-a860-bb9395de013d
San Francisco, CA
*********************************************
12
*********************************************
Helpshift - Lever
https://jobs.lever.co/helpshift?commitment=Full-time

## slept ##
Error INVALID_REQUEST
Query: https://maps.google.com/maps/api/geocode/json?address=&sensor=false&bounds=&region=&language=&components=
Filter by:
*********************************************
Helpshift
https://jobs.lever.co/helpshift?by=commitment

## slept ##
Error INVALID_REQUEST
Query: https://maps.google.com/maps/api/geocode/json?address=&sensor=false&bounds=&region=&language=&components=
Filter by:
*********************************************
Helpshift - VP of Marketing
https://jobs.lever.co/helpshift/44c642a4-ba50-49a1-a1d0-c2ff03d4bc00
San Francisco
marketing
*********************************************
0
*********************************************
Heptio - Solutions Engineer
https://jobs.lever.co/heptio/9b6c7578-b696-4468-859b-a39d58fa0eb8
Seattle or Remote
*********************************************
Heptio - Systems Software Engineer
https://jobs.lever.co/heptio/ed6892d1-15d1-4f4e-80f6-8f7d6c66179e
Seattle, SF, NYC or Remote
## slept ##
Error ZERO_RESULTS
Query: https://maps.google.com/maps/api/geocode/json?address=Seattle%2C+SF%2C+NYC+or+Remote&sensor=false&bounds=&region=&language=&components=
*********************************************
Heptio - UX Engineer
https://jobs.lever.co/heptio/f8c145ae-c3fb-44ea-80f3-47ecb54b7ebc
San Francisco
*********************************************
Heptio - Frontend Engineer
https://jobs.lever.co/heptio/f8c145ae-c3fb-44ea-80f3-47ecb54b7ebc/apply
San Francisco
survey
____________________________________________________________
*********************************************
Heptio - Systems Software Engineer
https://jobs.lever.co/heptio/ed6892d1-15d1-4f4e-80f6-8f7d6c66179e/apply
Seattle, SF, NYC or Remote
## slept ##
Error ZERO_RESULTS
Query: https://maps.google.com/maps/api/geocode/json?address=Seattle%2C+SF%2C+NYC+or+Remote&sensor=false&bounds=&region=&language=&components=
survey
____________________________________________________________
*********************************************
Heptio - Solutions Engineer
https://jobs.lever.co/heptio/9b6c7578-b696-4468-859b-a39d58fa0eb8/apply
Seattle or Remote
survey
____________________________________________________________
*********************************************
Heptio - Senior Education Engineer
https://jobs.lever.co/heptio/7cc31e2a-e194-4eec-97a5-9619ec768bfb/apply
Seattle or Remote
survey
____________________________________________________________
*********************************************
Heptio
https://jobs.lever.co/heptio

## slept ##
Error INVALID_REQUEST
Query: https://maps.google.com/maps/api/geocode/json?address=&sensor=false&bounds=&region=&language=&components=
Filter by:
*********************************************
Heptio - Engineering Manager, User Experience
https://jobs.lever.co/heptio/8e8f8be2-4025-44ea-ac07-9f09f4743eac
San Francisco
*********************************************
Heptio
https://jobs.lever.co/heptio?location=Seattle%20or%20Remote

## slept ##
Error INVALID_REQUEST
Query: https://maps.google.com/maps/api/geocode/json?address=&sensor=false&bounds=&region=&language=&components=
Filter by:
*********************************************
Heptio - Product Manager
https://jobs.lever.co/heptio/af14ad33-68b9-4972-858a-7c9013723b66
Seattle
*********************************************
Heptio - Director of Services
https://jobs.lever.co/heptio/8a2b42bf-fd6f-4c81-a2f5-2bf580dee64b
Seattle, SF, NYC or Remote
## slept ##
Error ZERO_RESULTS
Query: https://maps.google.com/maps/api/geocode/json?address=Seattle%2C+SF%2C+NYC+or+Remote&sensor=false&bounds=&region=&language=&components=
*********************************************
Heptio - Technical Writer
https://jobs.lever.co/heptio/f338f048-0f38-4440-92ba-b0d6bf0b6b54
San Francisco
*********************************************
Heptio - Product Designer
https://jobs.lever.co/heptio/ad2e02be-d1aa-4e25-ac70-85acde66d941
San Francisco
*********************************************
8
*********************************************
HERO Digital - Web QA Engineer
https://jobs.lever.co/herodigital/004bda76-a3c6-4cc6-8f3b-9c3fc8e707e1
San Francisco
*********************************************
HERO Digital - Web QA Engineer
https://jobs.lever.co/herodigital/004bda76-a3c6-4cc6-8f3b-9c3fc8e707e1/apply
San Francisco
____________________________________________________________
*********************************************
HERO Digital
https://jobs.lever.co/herodigital

## slept ##
Error INVALID_REQUEST
Query: https://maps.google.com/maps/api/geocode/json?address=&sensor=false&bounds=&region=&language=&components=
Filter by:
*********************************************
HERO Digital - Senior Developer, AEM
https://jobs.lever.co/herodigital/2ab96c9e-2184-4745-9282-1cdc0f035785
San Francisco
*********************************************
HERO Digital - VP/SVP, Client Services
https://jobs.lever.co/herodigital/f67f4168-e230-445f-bf8f-64dc3bed4305
Dallas, TX
*********************************************
HERO Digital - Senior Resource Manager
https://jobs.lever.co/herodigital/aaf1eca9-69ba-4e32-9054-3515a098ec45
San Francisco
local
partner 
*********************************************
HERO Digital - Senior Interactive Project Manager
https://jobs.lever.co/herodigital/13e81582-eca3-459a-bb99-a3cd2191541d
Cupertino, CA
marketing
*********************************************
HERO Digital - Interactive Designer
https://jobs.lever.co/herodigital/0d39bec4-be09-4d4c-9a4b-b5e4cb91a45b
Cupertino, CA
*********************************************
HERO Digital - Senior Drupal Developer / Architect
https://jobs.lever.co/herodigital/ca93f2aa-f60e-41ca-b225-3590528926e6/apply
Los Angeles, CA
____________________________________________________________
*********************************************
HERO Digital - Director of Finance
https://jobs.lever.co/herodigital/138fff5e-4b75-4a0b-a513-7f270df39042
San Francisco
*********************************************
HERO Digital - Human Resource Generalist
https://jobs.lever.co/herodigital/6b5cefd7-c3b5-4dce-a020-031419540a8b
San Francisco
customer service
local
*********************************************
HERO Digital - Senior Digital Project Manager
https://jobs.lever.co/herodigital/25132359-fc4d-4753-819e-19c6b0535f93
San Francisco
partner 
*********************************************
HERO Digital - Director, Content Strategy
https://jobs.lever.co/herodigital/985b2d94-ae03-4d8e-a61a-ccf5c335f1da
San Francisco
marketing
*********************************************
5
*********************************************
HeyJobs - Big Data Software Engineer (m/f)
https://jobs.lever.co/heyjobs/178ac2ba-4ee4-4cbc-ba99-7a212dd585e2
Berlin
*********************************************
HeyJobs - Big Data Software Engineer (m/f)
https://jobs.lever.co/heyjobs/178ac2ba-4ee4-4cbc-ba99-7a212dd585e2/apply
Berlin
____________________________________________________________
*********************************************
HeyJobs - Lever
https://jobs.lever.co/heyjobs?by=commitment&commitment=Full-time

## slept ##
Error INVALID_REQUEST
Query: https://maps.google.com/maps/api/geocode/json?address=&sensor=false&bounds=&region=&language=&components=
Filter by:
*********************************************
HeyJobs - Lever
https://jobs.lever.co/heyjobs?by=commitment&location=Berlin

## slept ##
Error INVALID_REQUEST
Query: https://maps.google.com/maps/api/geocode/json?address=&sensor=false&bounds=&region=&language=&components=
Filter by:
*********************************************
HeyJobs
https://jobs.lever.co/heyjobs

## slept ##
Error INVALID_REQUEST
Query: https://maps.google.com/maps/api/geocode/json?address=&sensor=false&bounds=&region=&language=&components=
Filter by:
*********************************************
HeyJobs - Lever
https://jobs.lever.co/heyjobs?by=location

## slept ##
Error INVALID_REQUEST
Query: https://maps.google.com/maps/api/geocode/json?address=&sensor=false&bounds=&region=&language=&components=
Filter by:
*********************************************
HeyJobs
https://jobs.lever.co/heyjobs?location=Berlin

## slept ##
Error INVALID_REQUEST
Query: https://maps.google.com/maps/api/geocode/json?address=&sensor=false&bounds=&region=&language=&components=
Filter by:
*********************************************
1
*********************************************
High Fidelity - 3D Engine Engineer
https://jobs.lever.co/highfidelity/4ad85d3c-fb86-4e4b-8b3f-c7870f4f56c2
San Francisco, CA
*********************************************
High Fidelity - Blockchain Engineer
https://jobs.lever.co/highfidelity/1048d904-bd98-4b1f-96a7-14bbb2cbc2c0
San Francisco, CA
*********************************************
High Fidelity - Engineer (C++)
https://jobs.lever.co/highfidelity/1b3f13f9-a8a5-4985-8207-22fcfc0271bb
San Francisco, CA
*********************************************
High Fidelity - Real Time Mo-Cap/Animation Core Engineer
https://jobs.lever.co/highfidelity/8dc9c923-6eba-4493-a4f7-62e2eb4680e6
San Francisco, CA
*********************************************
High Fidelity - Blockchain Engineer
https://jobs.lever.co/highfidelity/1048d904-bd98-4b1f-96a7-14bbb2cbc2c0/apply
San Francisco, CA
____________________________________________________________
*********************************************
High Fidelity - Engineer (C++)
https://jobs.lever.co/highfidelity/1b3f13f9-a8a5-4985-8207-22fcfc0271bb/apply
San Francisco, CA
____________________________________________________________
*********************************************
High Fidelity
https://jobs.lever.co/highfidelity

## slept ##
Error INVALID_REQUEST
Query: https://maps.google.com/maps/api/geocode/json?address=&sensor=false&bounds=&region=&language=&components=
Filter by:
*********************************************
High Fidelity - Content Feature Developer
https://jobs.lever.co/highfidelity/1771ffe7-b84e-43d9-b564-bd221fc17bee/apply
San Francisco, CA
____________________________________________________________
*********************************************
4
*********************************************
High Tech High - Elementary Engineering
https://jobs.lever.co/hightechhigh/ea44a8c6-a7b7-4941-b6fe-b0fcfb07fbf6
San Diego, CA
local
equity
____________________________________________________________
*********************************************
High Tech High - Engineering Teacher
https://jobs.lever.co/hightechhigh/ca698c91-aaf0-49db-a08b-d84c59a2ee1b
San Diego, CA
local
equity
____________________________________________________________
*********************************************
High Tech High - Engineering Teacher - Lever
https://jobs.lever.co/hightechhigh/ca698c91-aaf0-49db-a08b-d84c59a2ee1b/apply
San Diego, CA
____________________________________________________________
*********************************************
High Tech High - Lever
https://jobs.lever.co/hightechhigh

## slept ##
Error INVALID_REQUEST
Query: https://maps.google.com/maps/api/geocode/json?address=&sensor=false&bounds=&region=&language=&components=
Filter by:
*********************************************
High Tech High
https://jobs.lever.co/hightechhigh?by=location

## slept ##
Error INVALID_REQUEST
Query: https://maps.google.com/maps/api/geocode/json?address=&sensor=false&bounds=&region=&language=&components=
Filter by:
*********************************************
High Tech High - Lever
https://jobs.lever.co/hightechhigh?by=commitment

## slept ##
Error INVALID_REQUEST
Query: https://maps.google.com/maps/api/geocode/json?address=&sensor=false&bounds=&region=&language=&components=
Filter by:
*********************************************
High Tech High - Science Teacher
https://jobs.lever.co/hightechhigh/1aa5bbbd-3eb7-4927-be6a-3810c72dd005
San Diego, CA
local
equity
*********************************************
High Tech High - 1:1 Teacher Aide (Academic Coach)
https://jobs.lever.co/hightechhigh/b6830bbc-9fa0-440d-92a5-336f9107a583/apply
San Marcos, CA
____________________________________________________________
*********************************************
0
*********************************************
0
*********************************************
HTTP Error 404: Not Found
Hi-Rez Studios - Lever
https://jobs.lever.co/hirezstudios?by=team&location=Alpharetta%2C%20GA

## slept ##
Error INVALID_REQUEST
Query: https://maps.google.com/maps/api/geocode/json?address=&sensor=false&bounds=&region=&language=&components=
Filter by:
*********************************************
Hi-Rez Studios - Mobile Game - UI/UX Designer
https://jobs.lever.co/hirezstudios/c9ae9ed9-6ddc-4374-89ed-76a7f6cfeb40
Alpharetta, GA
*********************************************
Hi-Rez Studios
https://jobs.lever.co/hirezstudios/?by=commitment&location=Alpharetta%2C%20GA

## slept ##
Error INVALID_REQUEST
Query: https://maps.google.com/maps/api/geocode/json?address=&sensor=false&bounds=&region=&language=&components=
Filter by:
*********************************************
Hi-Rez Studios - Lever
https://jobs.lever.co/hirezstudios/?by=commitment&commitment=Full-time

## slept ##
Error INVALID_REQUEST
Query: https://maps.google.com/maps/api/geocode/json?address=&sensor=false&bounds=&region=&language=&components=
Filter by:
*********************************************
HTTP Error 404: Not Found
Hi-Rez Studios
https://jobs.lever.co/hirezstudios?team=Platform

## slept ##
Error INVALID_REQUEST
Query: https://maps.google.com/maps/api/geocode/json?address=&sensor=false&bounds=&region=&language=&components=
Filter by:
*********************************************
1
*********************************************
- Senior iOS QA Engineer
https://jobs.lever.co/hiring/1801aa85-e894-4123-93f0-768800d0afed
London, UK
*********************************************
- Senior Automation QA Engineer
https://jobs.lever.co/hiring/1fe74f78-7dd3-4154-8bc4-c8fb82d65f74
London, UK
*********************************************
- Data Platform Engineer - Full Stack
https://jobs.lever.co/hiring/344cf03e-f361-4352-9e7e-dd828f35175c
London, UK
*********************************************
Badoo - Senior iOS QA Engineer
https://jobs.lever.co/hiring/1801aa85-e894-4123-93f0-768800d0afed/apply
London, UK
____________________________________________________________
*********************************************
Badoo - Data Platform Engineer - Full Stack
https://jobs.lever.co/hiring/344cf03e-f361-4352-9e7e-dd828f35175c/apply
London, UK
____________________________________________________________
*********************************************
Badoo - HR Advisor - Engineering & Product
https://jobs.lever.co/hiring/af62d08d-519b-4b9f-852d-558b60b0b748
London, UK
*********************************************
Filter by: City All London, UK Moscow, RU Uncategorized Team All ...
https://jobs.lever.co/hiring

## slept ##
Error INVALID_REQUEST
Query: https://maps.google.com/maps/api/geocode/json?address=&sensor=false&bounds=&region=&language=&components=
Filter by:
*********************************************
- Web Product Manager
https://jobs.lever.co/hiring/30a24eac-16d8-46a6-bdac-dc733a04a267
London, UK
*********************************************
- iOS Developer
https://jobs.lever.co/hiring/af767757-c3dc-4a94-9780-19f545ba5e7a
London, UK
weekly
*********************************************
- Data Analyst
https://jobs.lever.co/hiring/9a4850e7-c91a-4a8b-83b3-ec33b1dbc229
London, UK
*********************************************
- Android Developer
https://jobs.lever.co/hiring/07e57552-7048-4da5-9045-c4368d394764
London, UK
weekly
*********************************************
- iOS Developer
https://jobs.lever.co/hiring/af767757-c3dc-4a94-9780-19f545ba5e7a/apply
London, UK
____________________________________________________________
*********************************************
Badoo - Senior Data Scientist
https://jobs.lever.co/hiring/dfdc7c5c-af24-4ceb-a8fe-2a7cd5c765e2
London, UK
*********************************************
Badoo - Android Developer
https://jobs.lever.co/hiring/07e57552-7048-4da5-9045-c4368d394764/apply
London, UK
____________________________________________________________
*********************************************
7
*********************************************
0
*********************************************
Honeypot GmbH - RoR Backend Development (Lead Engineer)
https://jobs.lever.co/honeypot/39d5d099-bd8d-4646-a696-141659cf8429
Berlin
marketing
equity
*********************************************
Honeypot GmbH - RoR Backend Development (Lead Engineer)
https://jobs.lever.co/honeypot/39d5d099-bd8d-4646-a696-141659cf8429/apply
Berlin
____________________________________________________________
*********************************************
Honeypot GmbH
https://jobs.lever.co/honeypot

## slept ##
Error INVALID_REQUEST
Query: https://maps.google.com/maps/api/geocode/json?address=&sensor=false&bounds=&region=&language=&components=
Filter by:
*********************************************
Honeypot GmbH - Lever
https://jobs.lever.co/honeypot?commitment=Full-time

## slept ##
Error INVALID_REQUEST
Query: https://maps.google.com/maps/api/geocode/json?address=&sensor=false&bounds=&region=&language=&components=
Filter by:
*********************************************
Honeypot GmbH - Lever
https://jobs.lever.co/honeypot?location=Berlin

## slept ##
Error INVALID_REQUEST
Query: https://maps.google.com/maps/api/geocode/json?address=&sensor=false&bounds=&region=&language=&components=
Filter by:
*********************************************
Honeypot GmbH - Lever
https://jobs.lever.co/honeypot?by=commitment

## slept ##
Error INVALID_REQUEST
Query: https://maps.google.com/maps/api/geocode/json?address=&sensor=false&bounds=&region=&language=&components=
Filter by:
*********************************************
Honeypot GmbH - Junior Ruby Backend Developer
https://jobs.lever.co/honeypot/e638786f-a57a-4ceb-92d6-efdd534d505f
Berlin
marketing
equity
*********************************************
Honeypot GmbH - Market Manager London
https://jobs.lever.co/honeypot/5cda5386-32d5-4360-9a56-d28db21a20d6
London
marketing
local
equity
*********************************************
Honeypot GmbH - COO
https://jobs.lever.co/honeypot/345b806a-0eaf-46e8-a728-7c77d202ce12
Berlin
marketing
equity
*********************************************
Honeypot GmbH - Senior Frontend Developer
https://jobs.lever.co/honeypot/d8bfd607-c8a0-4038-b5ba-cdc61a5aca8e/apply
Berlin
____________________________________________________________
*********************************************
Honeypot GmbH - Co-Founder/Managing Director - Stealth Venture
https://jobs.lever.co/honeypot/3d9ccdfd-c3bd-454f-92d5-0258051fac92
Berlin
marketing
equity
*********************************************
0
*********************************************
0
*********************************************
Horangi - Software Engineer - Singapore
https://jobs.lever.co/horangi/6101cd75-928e-4407-948e-e35887035b3e
Singapore
*********************************************
HTTP Error 404: Not Found
Horangi
https://jobs.lever.co/horangi?commitment=Full-time

## slept ##
Error INVALID_REQUEST
Query: https://maps.google.com/maps/api/geocode/json?address=&sensor=false&bounds=&region=&language=&components=
Filter by:
*********************************************
HTTP Error 404: Not Found
Horangi - CyberOps Consultant - Singapore
https://jobs.lever.co/horangi/b9c2cc9c-8a7d-471b-9b9d-f57b7e9f951a
Singapore
local
*********************************************
Horangi - CyberOps Researcher - Singapore
https://jobs.lever.co/horangi/579f2cb7-4634-4775-ac55-e6249372dd32
Singapore
*********************************************
Horangi - Director of Sales and Marketing - Singapore
https://jobs.lever.co/horangi/f87e331d-c3b5-43bb-a176-908a14b9d713
Singapore
customer service
marketing
weekly
*********************************************
HTTP Error 404: Not Found
2
*********************************************
HotelTonight - iOS Engineer
https://jobs.lever.co/hoteltonight/bc00a4e6-0729-46c5-a1c0-1a9de2b4db03
San Francisco, CA
*********************************************
HotelTonight - Backend Engineer, Search Team
https://jobs.lever.co/hoteltonight/b2b74d8c-4d2b-42e3-a55f-3245d3ab4e4f
Berlin, Germany
in person
weekly
*********************************************
HotelTonight - Mobile QA Engineer
https://jobs.lever.co/hoteltonight/d34f12d4-c3c1-4f17-82ca-037644e79151
San Francisco, CA
*********************************************
HotelTonight - iOS Engineer
https://jobs.lever.co/hoteltonight/bc00a4e6-0729-46c5-a1c0-1a9de2b4db03/apply
San Francisco, CA
survey
____________________________________________________________
*********************************************
HotelTonight - Platform Engineer, HTx
https://jobs.lever.co/hoteltonight/b08d966e-ab3b-4cf2-9d6f-b48c2c924a19
San Francisco, CA
*********************************************
HotelTonight - Backend Engineer, Connectivity Team
https://jobs.lever.co/hoteltonight/be711288-7c59-4694-bf03-b30217e4563f
Berlin, Germany
partner 
weekly
*********************************************
HTTP Error 404: Not Found
HTTP Error 404: Not Found
HTTP Error 404: Not Found
HotelTonight - Mobile QA Engineer
https://jobs.lever.co/hoteltonight/d34f12d4-c3c1-4f17-82ca-037644e79151/apply
San Francisco, CA
survey
____________________________________________________________
*********************************************
HotelTonight - Backend Engineer, Search Team
https://jobs.lever.co/hoteltonight/b2b74d8c-4d2b-42e3-a55f-3245d3ab4e4f/apply
Berlin, Germany
____________________________________________________________
*********************************************
HTTP Error 404: Not Found
HotelTonight
https://jobs.lever.co/hoteltonight

## slept ##
Error INVALID_REQUEST
Query: https://maps.google.com/maps/api/geocode/json?address=&sensor=false&bounds=&region=&language=&components=
Filter by:
*********************************************
HotelTonight
https://jobs.lever.co/hoteltonight?by=commitment

## slept ##
Error INVALID_REQUEST
Query: https://maps.google.com/maps/api/geocode/json?address=&sensor=false&bounds=&region=&language=&components=
Filter by:
*********************************************
HotelTonight
https://jobs.lever.co/hoteltonight?location=Berlin%2C%20Germany

## slept ##
Error INVALID_REQUEST
Query: https://maps.google.com/maps/api/geocode/json?address=&sensor=false&bounds=&region=&language=&components=
Filter by:
*********************************************
HotelTonight - Product Designer - Hotels Marketplace Experiences
https://jobs.lever.co/hoteltonight/0d0c4127-d294-4269-ba7b-cfc1278a6dba
San Francisco, CA
marketing
*********************************************
HotelTonight - Product Manager, Consumer Experience
https://jobs.lever.co/hoteltonight/d56762cb-6333-4100-96a6-c942da296212
San Francisco, CA
partner 
*********************************************
HotelTonight - Product Manager, Connectivity
https://jobs.lever.co/hoteltonight/f0ddeb2a-c3d9-4fcf-9cf5-49a692949685
Berlin, Germany
partner 
weekly
*********************************************
HotelTonight - SEM Analyst
https://jobs.lever.co/hoteltonight/a4b82d71-d8bc-43b9-a8af-331de475cbe5
San Francisco, CA
marketing
*********************************************
HotelTonight - Market Manager, France
https://jobs.lever.co/hoteltonight/88c768ab-7bcc-4591-b300-052bd4a2c87e
Paris, France
marketing
local
partner 
*********************************************
HotelTonight
https://jobs.lever.co/hoteltonight?lever-via=wXuGs_9VpO&location=Texas&team=International%20-%20Business%20Development&commitment=Intern

## slept ##
Error INVALID_REQUEST
Query: https://maps.google.com/maps/api/geocode/json?address=&sensor=false&bounds=&region=&language=&components=
Filter by:
*********************************************
HotelTonight
https://jobs.lever.co/hoteltonight?team=International%20-%20Business%20Development

## slept ##
Error INVALID_REQUEST
Query: https://maps.google.com/maps/api/geocode/json?address=&sensor=false&bounds=&region=&language=&components=
Filter by:
*********************************************
3
*********************************************
Hot Topic & BoxLunch - Lead Development Operations Engineer
https://jobs.lever.co/hottopic/5c5190d7-8efe-49eb-89ee-7dd0a0923d28
Hot Topic HQ - City of Industry, California
*********************************************
Hot Topic & BoxLunch - Lead Development Operations Engineer
https://jobs.lever.co/hottopic/5c5190d7-8efe-49eb-89ee-7dd0a0923d28/apply
Hot Topic HQ - City of Industry, California
survey
____________________________________________________________
*********************************************
Hot Topic & BoxLunch - Business Systems Manager - Order ...
https://jobs.lever.co/hottopic/6da0d4b0-d820-405d-956b-1a85157cc732
Hot Topic HQ - City of Industry, California
*********************************************
Hot Topic & BoxLunch - Business Intelligence (BI) Analyst - Store ...
https://jobs.lever.co/hottopic/f8c913e8-bcf7-4006-9267-201e396e6ef5
Hot Topic HQ - City of Industry, California
customer service
survey
*********************************************
Hot Topic & BoxLunch - Software Development Manager ...
https://jobs.lever.co/hottopic/a7cc6d4e-be48-4a91-9e99-6123be10e6b5
Hot Topic HQ - City of Industry, California
partner 
*********************************************
Hot Topic & BoxLunch - Senior Business Systems Analyst ...
https://jobs.lever.co/hottopic/9911f167-5ba6-42bf-8148-8aa492e3704b
Hot Topic HQ - City of Industry, California
partner 
*********************************************
Hot Topic & BoxLunch
https://jobs.lever.co/hottopic

## slept ##
Error INVALID_REQUEST
Query: https://maps.google.com/maps/api/geocode/json?address=&sensor=false&bounds=&region=&language=&components=
Filter by:
*********************************************
2
*********************************************
Houseparty - Data Engineering
https://jobs.lever.co/houseparty/b37d133b-c21f-424b-b35a-075a3d2f17e0
San Francisco
*********************************************
Houseparty - iOS
https://jobs.lever.co/houseparty/0ce70ac8-2366-431a-a2d0-ecd3108c1af5
San Francisco
*********************************************
Houseparty - Backend
https://jobs.lever.co/houseparty/bc13732d-02b7-4086-81a8-1243471f0c68
San Francisco
*********************************************
Houseparty - Data Engineering
https://jobs.lever.co/houseparty/b37d133b-c21f-424b-b35a-075a3d2f17e0/apply
San Francisco
____________________________________________________________
*********************************************
Houseparty - Infrastructure
https://jobs.lever.co/houseparty/89cd17f2-3e4f-40da-881b-fb8ff7c6cc82
San Francisco
*********************************************
Engineering
https://jobs.lever.co/houseparty/?team=Engineering&commitment=Intern&location=

## slept ##
Error INVALID_REQUEST
Query: https://maps.google.com/maps/api/geocode/json?address=&sensor=false&bounds=&region=&language=&components=
Filter by:
*********************************************
Houseparty
https://jobs.lever.co/houseparty

## slept ##
Error INVALID_REQUEST
Query: https://maps.google.com/maps/api/geocode/json?address=&sensor=false&bounds=&region=&language=&components=
Filter by:
*********************************************
Houseparty - Android
https://jobs.lever.co/houseparty/ba4bdd6d-18df-4940-a634-035a154755b3
San Francisco
*********************************************
Houseparty
https://jobs.lever.co/houseparty?by=team&team=Engineering

## slept ##
Error INVALID_REQUEST
Query: https://maps.google.com/maps/api/geocode/json?address=&sensor=false&bounds=&region=&language=&components=
Filter by:
*********************************************
5
*********************************************
Howden - Application Engineer - Navy
https://jobs.lever.co/howden/c0c5f578-fec5-4251-965f-1b6590dce819
US - Fairfield, Ohio
sales rep
*********************************************
HTTP Error 404: Not Found
Howden - Design Engineer
https://jobs.lever.co/howden/bcd4bbb5-5673-495a-90c7-0a3b2e34e97c
Canada - Winnipeg
technical support
*********************************************
Howden - Field Service Engineer
https://jobs.lever.co/howden/af44662e-0a29-49d2-9dcb-758615117129
Netherlands - Rheden, Gelderland
commission
*********************************************
HTTP Error 404: Not Found
HTTP Error 404: Not Found
Howden - EC&I Commissioning Engineer
https://jobs.lever.co/howden/000cb2bb-2566-40a4-b9f5-8af7070720b1
UK - Chesterfield
commission
technical support
*********************************************
Howden - System Engineer
https://jobs.lever.co/howden/67d6e48c-fd48-446d-8495-2b546e7a97d4
Netherlands - Rheden, Gelderland
*********************************************
Howden - MANUFACTURING ENGINEER w/CNC PROGRAMMING ...
https://jobs.lever.co/howden/18a12b58-b8be-4847-82ea-591b147db72c
US - Connersville
*********************************************
HTTP Error 404: Not Found
Howden - Aftermarket Project Engineer
https://jobs.lever.co/howden/9f5fedae-6563-45db-886e-7ac7c0e11f2f
UK - Glasgow/ Renfrew
technical support
*********************************************
Howden - Test Engineer
https://jobs.lever.co/howden/a95062db-8dfe-4f31-b132-2c7a5857a49d
UK - Glasgow/ Renfrew
*********************************************
HTTP Error 404: Not Found
HTTP Error 404: Not Found
Howden - Sr Engineer - Production
https://jobs.lever.co/howden/2bd655c0-cd8a-4d7e-ae7b-40be67496708
India - Chennai
*********************************************
Howden - Sr Engineer - Mechanical Maintenance
https://jobs.lever.co/howden/a714f59a-200c-4b2c-b121-9675aff04fd5
India - Chennai
commission
tutor
*********************************************
HTTP Error 404: Not Found
HTTP Error 404: Not Found
Howden - Sr Engineer - Mechanical Maintenance
https://jobs.lever.co/howden/a714f59a-200c-4b2c-b121-9675aff04fd5/apply
India - Chennai
____________________________________________________________
*********************************************
HTTP Error 404: Not Found
Howden - Sales Engineer
https://jobs.lever.co/howden/df111d21-d504-49ad-b7b2-c4a09cea3737
South Africa - Johannesberg
customer service
*********************************************
HTTP Error 404: Not Found
HTTP Error 404: Not Found
Howden - Application Engineer - Navy
https://jobs.lever.co/howden/c0c5f578-fec5-4251-965f-1b6590dce819/apply
US - Fairfield, Ohio
____________________________________________________________
*********************************************
Howden - Sr Engineer - Production
https://jobs.lever.co/howden/2bd655c0-cd8a-4d7e-ae7b-40be67496708/apply
India - Chennai
____________________________________________________________
*********************************************
HTTP Error 404: Not Found
Howden - MANUFACTURING ENGINEER w/CNC PROGRAMMING ...
https://jobs.lever.co/howden/18a12b58-b8be-4847-82ea-591b147db72c/apply
US - Connersville
____________________________________________________________
*********************************************
Howden - Ingénieur aux ventes - Application engineer
https://jobs.lever.co/howden/e6ae03cd-f2e0-42c5-a71f-606be733bb60/apply
Canada - Montreal
____________________________________________________________
*********************************************
Howden - Application Engineer - Light Industrial
https://jobs.lever.co/howden/aaa40d88-bf1e-48c7-98c2-bf146703d276/apply
US - Fairfield, Ohio
____________________________________________________________
*********************************************
Howden - Sales Engineer
https://jobs.lever.co/howden/df111d21-d504-49ad-b7b2-c4a09cea3737/apply
South Africa - Johannesberg
____________________________________________________________
*********************************************
Howden - Field Service Engineer
https://jobs.lever.co/howden/af44662e-0a29-49d2-9dcb-758615117129/apply
Netherlands - Rheden, Gelderland
____________________________________________________________
*********************************************
HTTP Error 404: Not Found
Howden - Ingénieur aux ventes - Application engineer
https://jobs.lever.co/howden/e6ae03cd-f2e0-42c5-a71f-606be733bb60
Canada - Montreal
sales rep
*********************************************
HTTP Error 404: Not Found
Howden - Aftermarket Part Sales & Customer Service Manager
https://jobs.lever.co/howden/eaff52bb-c62f-4978-b199-ca84cc300e07
Australia - Sydney
customer service
weekly
*********************************************
Howden - Aftermarket Sales Manager
https://jobs.lever.co/howden/4d936a8f-52f3-42db-89e7-adf7f8c3e407
Australia - Sydney
marketing
*********************************************
Howden - Product Sales Manager – Rotary and Turbo Products ...
https://jobs.lever.co/howden/0cd5d61c-7796-4a76-8501-4aa466f5803d
Australia - Sydney
weekly
*********************************************
Howden - Head - Manufacturing Engineering
https://jobs.lever.co/howden/d6e44889-36de-4ad9-8cb6-cefcbff49041
India - Chennai
*********************************************
Howden - Head - Manufacturing Engineering
https://jobs.lever.co/howden/d6e44889-36de-4ad9-8cb6-cefcbff49041/apply
India - Chennai
____________________________________________________________
*********************************************
Howden
https://jobs.lever.co/howden?team=Aftermarket

## slept ##
Error INVALID_REQUEST
Query: https://maps.google.com/maps/api/geocode/json?address=&sensor=false&bounds=&region=&language=&components=
Filter by:
*********************************************
HTTP Error 404: Not Found
HTTP Error 404: Not Found
HTTP Error 404: Not Found
HTTP Error 404: Not Found
Howden - Skilled Fitter
https://jobs.lever.co/howden/fe9ca14c-8021-4bbb-a397-d9efc46e2ac9
UK - Glasgow/ Renfrew
*********************************************
Howden - Operations Manager – Heavy & Special Fans
https://jobs.lever.co/howden/dc69cc1c-785d-4c8f-acd7-44b669226282
India - Chennai
customer service
*********************************************
HTTP Error 404: Not Found
Howden - EHS Team Leader
https://jobs.lever.co/howden/b61dbb1b-05c8-4c88-8346-9d09489be0fe
UK - Glasgow/ Renfrew
*********************************************
Howden - Accounts Payable Team Leader
https://jobs.lever.co/howden/efb36c0e-6638-42bd-bc5a-d65ee5fb363f
Hungary - Budapest
*********************************************
Howden - Accounts Receivable Trainee
https://jobs.lever.co/howden/f0d725a2-d0fd-4897-bc82-c73bfe148a3f
Hungary - Budapest
administrative
partner 
*********************************************
HTTP Error 404: Not Found
HTTP Error 404: Not Found
Howden - Proposal Manager, Aftermarket
https://jobs.lever.co/howden/7d13dbb3-83ed-49f5-8233-e201273ec6b4
Denmark - Naestved
*********************************************
Howden - Regional Sales Manager - Aftermarket
https://jobs.lever.co/howden/ebb6eb65-7390-443e-8078-d67bb9c50a9f
UK - Chesterfield
marketing
*********************************************
Howden - Accounts Receivable Specialist with fluent French
https://jobs.lever.co/howden/d068e121-cbf0-4bef-8e3f-3a74d519457c
Hungary - Budapest
partner 
*********************************************
Howden - Regional Sales Manager, Germany
https://jobs.lever.co/howden/d650688b-4131-40af-a5a4-413aaaa20459
Germany
*********************************************
Howden - Financial Accountant
https://jobs.lever.co/howden/9daa3ef5-a99e-4142-8e09-b09d5676494c
Hungary - Budapest
local
tutor
weekly
*********************************************
Howden - Accounts Payable Specialist
https://jobs.lever.co/howden/182b4d4b-2965-418c-9e8a-c662eaf06fef
Hungary - Budapest
local
tutor
*********************************************
HTTP Error 404: Not Found
Howden - Financial Controller, Hosur, India
https://jobs.lever.co/howden/b8e32d4f-2308-4524-9afe-985344cade32
India - Hosur
local
tutor
weekly
*********************************************
Howden - FIELD SERVICE TECHNICIAN - HOWDEN ...
https://jobs.lever.co/howden/8a2d226d-3ba9-4b80-a6ce-c18013876cd5
US - Pennsylvania
*********************************************
Howden - Field Service Technician
https://jobs.lever.co/howden/597d938a-9296-4022-b0aa-60055da8acdb
US - Pennsylvania
*********************************************
HTTP Error 404: Not Found
Howden - COMPRESSOR REBUILD TECHNICIAN - HOWDEN (HCI ...
https://jobs.lever.co/howden/0dbdee90-dcad-4471-8a3b-b7953609001f
US - Pennsylvania
customer service
*********************************************
Howden - Référent Technique Fiabilité (H/F)
https://jobs.lever.co/howden/523b0c0a-aac1-47ee-8809-6c11b7ed806d/apply

## slept ##
Error INVALID_REQUEST
Query: https://maps.google.com/maps/api/geocode/json?address=&sensor=false&bounds=&region=&language=&components=
____________________________________________________________
*********************************************
Howden - Manager - Projects
https://jobs.lever.co/howden/e7e4b376-732c-43a3-9067-fbd18cacf0a3
India - Chennai
*********************************************
Howden - Fabricator
https://jobs.lever.co/howden/5aa9f0b5-a984-4679-9a2e-0615a1c3eab9
UK - Glasgow/ Renfrew
*********************************************
HTTP Error 404: Not Found
Howden
https://jobs.lever.co/howden?location=US%20-%20Fairlawn%2C%20OH

## slept ##
Error INVALID_REQUEST
Query: https://maps.google.com/maps/api/geocode/json?address=&sensor=false&bounds=&region=&language=&components=
Filter by:
*********************************************
Howden - Sales Manager – New Build / Gurgaon
https://jobs.lever.co/howden/fbbd5993-6f9a-48ef-a1b1-7182ce9da3ce
India
marketing
*********************************************
HTTP Error 404: Not Found
HTTP Error 404: Not Found
Howden - Aftermarket Director
https://jobs.lever.co/howden/f0ab5677-0a90-47f1-9c39-5ffa939ef87e
Denmark - Naestved
local
*********************************************
Howden - Commercial & Credit Manager
https://jobs.lever.co/howden/495aa929-39a0-476c-82f2-72b638dabb72
UK - Glasgow/ Renfrew
weekly
*********************************************
Howden - Regional Sales Manager
https://jobs.lever.co/howden/f8f8207d-5370-49e8-ac38-8a334977526c
US - Fairfield
customer service
sales rep
marketing
*********************************************
HTTP Error 404: Not Found
Howden - Ingénieur en ventilation minière / Mine ventilation ...
https://jobs.lever.co/howden/6eb61cec-08c3-4e21-ade3-0ec45316583a
Canada - Montreal
*********************************************
HTTP Error 404: Not Found
15
*********************************************
Human API - DevOps Engineer
https://jobs.lever.co/humanapi/c74886f1-1e50-4323-a846-7ccac5855164
San Mateo
*********************************************
Human API - Data Network Engineer
https://jobs.lever.co/humanapi/f35d3379-1220-4cf1-a117-d1dc06778459
San Mateo
*********************************************
Human API - Customer Team Engineer
https://jobs.lever.co/humanapi/2b4ad954-8eff-47d1-a189-ba48a469537b
San Mateo
*********************************************
Human API - User Team UI Engineer
https://jobs.lever.co/humanapi/2f06fc23-327c-48d9-b646-545b33b0cef1
San Mateo
*********************************************
Human API - Machine Learning Engineer
https://jobs.lever.co/humanapi/b698a09d-a5f4-4667-a52a-9e8939659b92/apply
Redwood City
____________________________________________________________
*********************************************
Human API - User Team UI Engineer
https://jobs.lever.co/humanapi/2f06fc23-327c-48d9-b646-545b33b0cef1/apply
San Mateo
____________________________________________________________
*********************************************
Human API - Data Engineering Lead
https://jobs.lever.co/humanapi/6a1d2a62-5561-4ba3-818a-adb0017c6f36
San Mateo
*********************************************
Human API
https://jobs.lever.co/humanapi

## slept ##
Error INVALID_REQUEST
Query: https://maps.google.com/maps/api/geocode/json?address=&sensor=false&bounds=&region=&language=&components=
Filter by:
*********************************************
Human API - UX/UI Designer
https://jobs.lever.co/humanapi/c919f27c-8045-4ea0-822e-6d4614b17a58
San Mateo
*********************************************
Human API - Product Manager, Data
https://jobs.lever.co/humanapi/c32cca29-3dd4-443e-b888-7b4ce9054872
San Mateo
*********************************************
Human API - Product Manager, Data Operations
https://jobs.lever.co/humanapi/33cfe2e8-326c-4cbf-9532-887923716118
San Mateo
*********************************************
Human API - Talent Acquisition Lead
https://jobs.lever.co/humanapi/4a38ea35-6c7d-4eab-a8c0-2321df43b4ff
San Mateo
*********************************************
9
*********************************************
HTTP Error 404: Not Found
HTTP Error 404: Not Found
HTTP Error 404: Not Found
HTTP Error 404: Not Found
Humanity - Lever
https://jobs.lever.co/humanity?by=commitment

## slept ##
Error INVALID_REQUEST
Query: https://maps.google.com/maps/api/geocode/json?address=&sensor=false&bounds=&region=&language=&components=
Filter by:
*********************************************
Humanity - Lever
https://jobs.lever.co/humanity?team=QA

## slept ##
Error INVALID_REQUEST
Query: https://maps.google.com/maps/api/geocode/json?address=&sensor=false&bounds=&region=&language=&components=
Filter by:
*********************************************
Humanity - Lever
https://jobs.lever.co/humanity?location=Belgrade

## slept ##
Error INVALID_REQUEST
Query: https://maps.google.com/maps/api/geocode/json?address=&sensor=false&bounds=&region=&language=&components=
Filter by:
*********************************************
Humanity - Live Support Specialist
https://jobs.lever.co/humanity/46017c10-38cb-44ec-9700-3b088edede56
Lahore, Pakistan
technical support
customer service
*********************************************
Humanity - Customer Success Manager
https://jobs.lever.co/humanity/3f5ca787-6883-43ad-8850-5d58d855de97
Lahore, Pakistan
*********************************************
1
*********************************************
