Quantcast - Staff Software Engineer, Attribution & Ad Reporting
https://jobs.lever.co/quantcast/86015523-222d-40e9-99eb-c85a9aa5daf8
San Francisco
## slept ##
Error OVER_QUERY_LIMIT
Query: https://maps.google.com/maps/api/geocode/json?address=San+Francisco&sensor=false&bounds=&region=&language=&components=
marketing
*********************************************
Quantcast - Senior Software Engineer, Inventory Performance
https://jobs.lever.co/quantcast/af2c3060-f4d6-45b5-b808-9f7353e1f07f
London
## slept ##
Error OVER_QUERY_LIMIT
Query: https://maps.google.com/maps/api/geocode/json?address=London&sensor=false&bounds=&region=&language=&components=
*********************************************
Quantcast - Senior Software Engineer, Developer Tools
https://jobs.lever.co/quantcast/7ed14e90-4cd5-43a7-be5b-57a31974ff21
San Francisco
## slept ##
Error OVER_QUERY_LIMIT
Query: https://maps.google.com/maps/api/geocode/json?address=San+Francisco&sensor=false&bounds=&region=&language=&components=
marketing
*********************************************
Quantcast - Senior Software Engineer, Segment Modeling
https://jobs.lever.co/quantcast/3065f09d-eb89-4a3c-bc80-781193965801
Seattle
## slept ##
Error OVER_QUERY_LIMIT
Query: https://maps.google.com/maps/api/geocode/json?address=Seattle&sensor=false&bounds=&region=&language=&components=
marketing
*********************************************
Quantcast - Staff Software Engineer, Inventory
https://jobs.lever.co/quantcast/b6ceec30-5063-474d-8fc5-dd42fb9c4b07
Singapore
## slept ##
Error OVER_QUERY_LIMIT
Query: https://maps.google.com/maps/api/geocode/json?address=Singapore&sensor=false&bounds=&region=&language=&components=
marketing
*********************************************
Quantcast - Senior Software Engineer, Segment Data
https://jobs.lever.co/quantcast/eb584830-888f-4b18-a5ea-cfb29a491fcb
Singapore
## slept ##
Error OVER_QUERY_LIMIT
Query: https://maps.google.com/maps/api/geocode/json?address=Singapore&sensor=false&bounds=&region=&language=&components=
marketing
*********************************************
Quantcast - Senior Software Engineer, Segment Modeling
https://jobs.lever.co/quantcast/3065f09d-eb89-4a3c-bc80-781193965801/apply?lever-source=themuse
Seattle
## slept ##
Error OVER_QUERY_LIMIT
Query: https://maps.google.com/maps/api/geocode/json?address=Seattle&sensor=false&bounds=&region=&language=&components=
survey
____________________________________________________________
*********************************************
Quantcast - Senior Software Engineer, Developer Tools
https://jobs.lever.co/quantcast/7ed14e90-4cd5-43a7-be5b-57a31974ff21/apply
San Francisco
## slept ##
Error OVER_QUERY_LIMIT
Query: https://maps.google.com/maps/api/geocode/json?address=San+Francisco&sensor=false&bounds=&region=&language=&components=
survey
____________________________________________________________
*********************************************
Quantcast
https://jobs.lever.co/quantcast

## slept ##
Error INVALID_REQUEST
Query: https://maps.google.com/maps/api/geocode/json?address=&sensor=false&bounds=&region=&language=&components=
Filter by:
*********************************************
Quantcast - Senior DevOps Engineer
https://jobs.lever.co/quantcast/e6038261-449d-43b8-b725-f2217b8a8836
London
## slept ##
Error OVER_QUERY_LIMIT
Query: https://maps.google.com/maps/api/geocode/json?address=London&sensor=false&bounds=&region=&language=&components=
*********************************************
Quantcast
https://jobs.lever.co/quantcast?lever-source=EmployeeSpotlight_Nov2016&location=Singapore

## slept ##
Error INVALID_REQUEST
Query: https://maps.google.com/maps/api/geocode/json?address=&sensor=false&bounds=&region=&language=&components=
Filter by:
*********************************************
Quantcast - Senior Modeling Scientist, Segment Modeling
https://jobs.lever.co/quantcast/6e5c1dde-3e81-4064-bfd4-b3aee1a87167
Seattle
## slept ##
Error OVER_QUERY_LIMIT
Query: https://maps.google.com/maps/api/geocode/json?address=Seattle&sensor=false&bounds=&region=&language=&components=
marketing
*********************************************
Quantcast - Senior Engineering Manager, Segment Modeling
https://jobs.lever.co/quantcast/07bf5a18-c90c-4522-abf7-0a5e575a5729
Seattle
## slept ##
Error OVER_QUERY_LIMIT
Query: https://maps.google.com/maps/api/geocode/json?address=Seattle&sensor=false&bounds=&region=&language=&components=
marketing
*********************************************
2
*********************************************
