HTTP Error 404: Not Found
HTTP Error 404: Not Found
Hutch - Frontend Engineer - React.js/React Native
https://jobs.lever.co/hutch/39fc009c-1ddf-4cdc-bbf3-bc62f3a6bbbb
Culver City, CA
local
*********************************************
HTTP Error 404: Not Found
Hutch - Frontend Engineer - React.js/React Native
https://jobs.lever.co/hutch/39fc009c-1ddf-4cdc-bbf3-bc62f3a6bbbb/apply
Culver City, CA
____________________________________________________________
*********************************************
HTTP Error 404: Not Found
Hutch
https://jobs.lever.co/hutch

## slept ##
Error INVALID_REQUEST
Query: https://maps.google.com/maps/api/geocode/json?address=&sensor=false&bounds=&region=&language=&components=
Filter by:
*********************************************
Hutch
https://jobs.lever.co/hutch?by=team&location=Los%20Angeles

## slept ##
Error INVALID_REQUEST
Query: https://maps.google.com/maps/api/geocode/json?address=&sensor=false&bounds=&region=&language=&components=
Filter by:
*********************************************
Hutch
https://jobs.lever.co/hutch?by=commitment

## slept ##
Error INVALID_REQUEST
Query: https://maps.google.com/maps/api/geocode/json?address=&sensor=false&bounds=&region=&language=&components=
Filter by:
*********************************************
Hutch
https://jobs.lever.co/hutch?by=location

## slept ##
Error INVALID_REQUEST
Query: https://maps.google.com/maps/api/geocode/json?address=&sensor=false&bounds=&region=&language=&components=
Filter by:
*********************************************
HTTP Error 404: Not Found
Hutch
https://jobs.lever.co/hutch?by=team&location=West%20Hollywood%2C%20CA&commitment=Contractor&team=Engineering

## slept ##
Error INVALID_REQUEST
Query: https://maps.google.com/maps/api/geocode/json?address=&sensor=false&bounds=&region=&language=&components=
Filter by:
*********************************************
HTTP Error 404: Not Found
0
*********************************************
Hypebeast - Business Intelligence Engineer
https://jobs.lever.co/hypebeast/50655d49-5538-48ed-899f-cbca80f9a252
Hong Kong
*********************************************
Hypebeast - DevOps Engineer / Server Administrator
https://jobs.lever.co/hypebeast/4d68c4f9-62d7-4edd-b22f-ecda58f7f18a/apply
Hong Kong
____________________________________________________________
*********************************************
Hypebeast - Business Intelligence Engineer
https://jobs.lever.co/hypebeast/50655d49-5538-48ed-899f-cbca80f9a252/apply
Hong Kong
____________________________________________________________
*********************************************
Hypebeast
https://jobs.lever.co/hypebeast

## slept ##
Error INVALID_REQUEST
Query: https://maps.google.com/maps/api/geocode/json?address=&sensor=false&bounds=&region=&language=&components=
Filter by:
*********************************************
Hypebeast
https://jobs.lever.co/hypebeast?location=Hong%20Kong

## slept ##
Error INVALID_REQUEST
Query: https://maps.google.com/maps/api/geocode/json?address=&sensor=false&bounds=&region=&language=&components=
Filter by:
*********************************************
Hypebeast - Email Marketing Executive
https://jobs.lever.co/hypebeast/cc44d144-3173-4271-950f-228df2bd4070
Hong Kong
marketing
*********************************************
Hypebeast
https://jobs.lever.co/hypebeast?by=location&location=Hong%20Kong

## slept ##
Error INVALID_REQUEST
Query: https://maps.google.com/maps/api/geocode/json?address=&sensor=false&bounds=&region=&language=&components=
Filter by:
*********************************************
Hypebeast - Digital Marketing Executive (E-commerce)
https://jobs.lever.co/hypebeast/8bec4898-ad1c-4687-a84b-60ccb3e8eddf
Hong Kong
data entry
marketing
*********************************************
1
*********************************************
HyperScience - Software Engineer- Core Engineering
https://jobs.lever.co/hyperscience/9e6292f8-9363-46c3-872b-15d26d1e71a6/apply
New York, NY
survey
____________________________________________________________
*********************************************
HTTP Error 404: Not Found
HyperScience - Software Engineer
https://jobs.lever.co/hyperscience/9e6292f8-9363-46c3-872b-15d26d1e71a6
New York, NY
local
*********************************************
HyperScience - Software Engineer- Frontend
https://jobs.lever.co/hyperscience/aea3d646-5706-4a7a-806c-c78eac2920f2
New York
local
*********************************************
HyperScience - Software Engineer- Machine Learning
https://jobs.lever.co/hyperscience/db6ba1e2-ac23-46cb-a29c-63406ac7cc21
New York, NY
local
*********************************************
HyperScience - Software Engineer- Forward Deployed
https://jobs.lever.co/hyperscience/28152d70-b290-4af9-acb4-9364833a5d5b
New York, NY
local
*********************************************
HTTP Error 404: Not Found
HyperScience - Software Engineer- Frontend
https://jobs.lever.co/hyperscience/aea3d646-5706-4a7a-806c-c78eac2920f2/apply?lever-source=BuiltInNYC
New York
survey
____________________________________________________________
*********************************************
HyperScience
https://jobs.lever.co/hyperscience/

## slept ##
Error INVALID_REQUEST
Query: https://maps.google.com/maps/api/geocode/json?address=&sensor=false&bounds=&region=&language=&components=
Filter by:
*********************************************
HyperScience
https://jobs.lever.co/hyperscience?by=location

## slept ##
Error INVALID_REQUEST
Query: https://maps.google.com/maps/api/geocode/json?address=&sensor=false&bounds=&region=&language=&components=
Filter by:
*********************************************
HyperScience
https://jobs.lever.co/hyperscience?commitment=Full-time

## slept ##
Error INVALID_REQUEST
Query: https://maps.google.com/maps/api/geocode/json?address=&sensor=false&bounds=&region=&language=&components=
Filter by:
*********************************************
HyperScience
https://jobs.lever.co/hyperscience?by=commitment

## slept ##
Error INVALID_REQUEST
Query: https://maps.google.com/maps/api/geocode/json?address=&sensor=false&bounds=&region=&language=&components=
Filter by:
*********************************************
HyperScience
https://jobs.lever.co/hyperscience?location=Sofia%2C%20Bulgaria

## slept ##
Error INVALID_REQUEST
Query: https://maps.google.com/maps/api/geocode/json?address=&sensor=false&bounds=&region=&language=&components=
Filter by:
*********************************************
HyperScience - Product Designer
https://jobs.lever.co/hyperscience/37bac75d-f545-4837-965c-1b6ff35c8a4f
New York, NY
local
*********************************************
HyperScience - Enterprise Account Executive
https://jobs.lever.co/hyperscience/1253a212-64aa-4569-8c59-55633bf726b6
New York, NY
local
*********************************************
0
*********************************************
0
*********************************************
iFood - Especialista de Data Engineer - Lever
https://jobs.lever.co/ifood.com.br/462d266b-a4de-4a67-8c7d-9138c69019d2/apply
Campinas - SP
____________________________________________________________
*********************************************
iFood - Big Data Engineer
https://jobs.lever.co/ifood.com.br/462d266b-a4de-4a67-8c7d-9138c69019d2
Campinas - SP
*********************************************
iFood - Data Infrastructure Engineer
https://jobs.lever.co/ifood.com.br/d13a1483-00d1-44be-8588-167f1b342fa7
Campinas - SP
*********************************************
iFood
https://jobs.lever.co/ifood.com.br

## slept ##
Error INVALID_REQUEST
Query: https://maps.google.com/maps/api/geocode/json?address=&sensor=false&bounds=&region=&language=&components=
Filter by:
*********************************************
2
*********************************************
IFTTT - Data Engineer
https://jobs.lever.co/ifttt/02cf9863-0b2b-4b33-84f5-9e812099158e
San Francisco
*********************************************
IFTTT - Systems Engineer
https://jobs.lever.co/ifttt/2ab66886-d178-4189-88db-02861a34fc42
San Francisco
*********************************************
IFTTT - Android Engineer
https://jobs.lever.co/ifttt/9a7317c1-bbd9-4f3c-9269-5396fe7d5d6b
San Francisco
*********************************************
IFTTT - API Engineer
https://jobs.lever.co/ifttt/4bb77272-8c9d-4500-8f7d-18f2e7a29de0/apply
San Francisco
survey
____________________________________________________________
*********************************************
IFTTT - Data Engineer
https://jobs.lever.co/ifttt/02cf9863-0b2b-4b33-84f5-9e812099158e/apply?lever-source=jobs-page
San Francisco
survey
____________________________________________________________
*********************************************
IFTTT - Infrastructure Engineer
https://jobs.lever.co/ifttt/b5b66238-b49f-461d-857b-ce04099d38c8
San Francisco
*********************************************
IFTTT - API Engineer
https://jobs.lever.co/ifttt/4bb77272-8c9d-4500-8f7d-18f2e7a29de0
San Francisco
*********************************************
IFTTT
https://jobs.lever.co/ifttt/?by=location&team=Engineering

## slept ##
Error INVALID_REQUEST
Query: https://maps.google.com/maps/api/geocode/json?address=&sensor=false&bounds=&region=&language=&components=
Filter by:
*********************************************
IFTTT
https://jobs.lever.co/ifttt

## slept ##
Error INVALID_REQUEST
Query: https://maps.google.com/maps/api/geocode/json?address=&sensor=false&bounds=&region=&language=&components=
Filter by:
*********************************************
IFTTT
https://jobs.lever.co/ifttt/?by=location&location=San%20Francisco

## slept ##
Error INVALID_REQUEST
Query: https://maps.google.com/maps/api/geocode/json?address=&sensor=false&bounds=&region=&language=&components=
Filter by:
*********************************************
IFTTT - Contact Us
https://jobs.lever.co/ifttt/c1bc9e8f-895a-4116-817d-b65c41076cec/apply
San Francisco
survey
____________________________________________________________
*********************************************
IFTTT
https://jobs.lever.co/ifttt/?by=location&team=Product

## slept ##
Error INVALID_REQUEST
Query: https://maps.google.com/maps/api/geocode/json?address=&sensor=false&bounds=&region=&language=&components=
Filter by:
*********************************************
IFTTT
https://jobs.lever.co/ifttt/?by=location&team=Design

## slept ##
Error INVALID_REQUEST
Query: https://maps.google.com/maps/api/geocode/json?address=&sensor=false&bounds=&region=&language=&components=
Filter by:
*********************************************
IFTTT
https://jobs.lever.co/ifttt/?by=location&team=Other

## slept ##
Error INVALID_REQUEST
Query: https://maps.google.com/maps/api/geocode/json?address=&sensor=false&bounds=&region=&language=&components=
Filter by:
*********************************************
IFTTT
https://jobs.lever.co/ifttt/?by=commitment&team=Other

## slept ##
Error INVALID_REQUEST
Query: https://maps.google.com/maps/api/geocode/json?address=&sensor=false&bounds=&region=&language=&components=
Filter by:
*********************************************
5
*********************************************
Illumination Entertainment - Character TD / Rigger - Contract
https://jobs.lever.co/illuminationentertainment/62fe59c8-a2fa-4a29-8efa-dbe0270f6e72
Santa Monica
*********************************************
Illumination Entertainment - 3D Animator - Contract
https://jobs.lever.co/illuminationentertainment/defd2ecf-1b93-4eeb-add2-b66049b82fab/apply
Santa Monica
survey
____________________________________________________________
*********************************************
Illumination Entertainment - Director, Digital Brand Strategy
https://jobs.lever.co/illuminationentertainment/4d314a6a-7692-4e94-89f6-bd5ed30fbc36/apply
Santa Monica
survey
____________________________________________________________
*********************************************
Illumination Entertainment - Character Art Director
https://jobs.lever.co/illuminationentertainment/26a2a28b-b279-4765-9eef-ed422e2be26f/apply
Santa Monica
survey
____________________________________________________________
*********************************************
HTTP Error 404: Not Found
1
*********************************************
0
*********************************************
Imagen - Machine Learning Research Engineer
https://jobs.lever.co/imagen/86dc23a0-d681-425a-bec8-80f835359b77
New York City
*********************************************
Imagen - Senior Software Engineer / Software Engineer
https://jobs.lever.co/imagen/7cca5936-470e-4f0f-b313-d70a5e1c30b7
New York City
*********************************************
Imagen - Senior Software Engineer / Software Engineer
https://jobs.lever.co/imagen/7cca5936-470e-4f0f-b313-d70a5e1c30b7/apply
New York City
____________________________________________________________
*********************************************
Imagen - Machine Learning Research Engineer
https://jobs.lever.co/imagen/86dc23a0-d681-425a-bec8-80f835359b77/apply
New York City
____________________________________________________________
*********************************************
HTTP Error 404: Not Found
Imagen - Lever
https://jobs.lever.co/imagen?commitment=Full-time

## slept ##
Error INVALID_REQUEST
Query: https://maps.google.com/maps/api/geocode/json?address=&sensor=false&bounds=&region=&language=&components=
Filter by:
*********************************************
Imagen - Lever
https://jobs.lever.co/imagen?team=Engineering

## slept ##
Error INVALID_REQUEST
Query: https://maps.google.com/maps/api/geocode/json?address=&sensor=false&bounds=&region=&language=&components=
Filter by:
*********************************************
Imagen - Director, Strategic Partnerships & Sales
https://jobs.lever.co/imagen/8f3170f1-49c0-4f3d-b9a3-181f91f3a927
New York City
*********************************************
Imagen - Lever
https://jobs.lever.co/imagen?team=AI%20Research

## slept ##
Error INVALID_REQUEST
Query: https://maps.google.com/maps/api/geocode/json?address=&sensor=false&bounds=&region=&language=&components=
Filter by:
*********************************************
3
*********************************************
Immuta - Applied Engineer
https://jobs.lever.co/immuta/1c11c2fa-2bce-4d7f-8dcf-7f545eeda7af
Columbus, OH
local
*********************************************
Immuta - Product Engineer
https://jobs.lever.co/immuta/4666dc7b-0be3-4ed6-8ea0-4151a77bb41e
College Park, MD
local
*********************************************
Immuta - Innovation Engineer / Data Scientist
https://jobs.lever.co/immuta/05c4b908-9100-4897-8a97-ed42c9bd47bd
College Park, MD
local
*********************************************
HTTP Error 404: Not Found
Immuta - Applied Engineer
https://jobs.lever.co/immuta/1c11c2fa-2bce-4d7f-8dcf-7f545eeda7af/apply
Columbus, OH
survey
____________________________________________________________
*********************************************
Immuta - Software DevOps Engineer - Security Clearance Required
https://jobs.lever.co/immuta/be2119e2-70e2-4310-b841-c5f2de3de7b4/apply
Northern Virginia
survey
____________________________________________________________
*********************************************
Immuta
https://jobs.lever.co/immuta?by=commitment&commitment=Full-time

## slept ##
Error INVALID_REQUEST
Query: https://maps.google.com/maps/api/geocode/json?address=&sensor=false&bounds=&region=&language=&components=
Filter by:
*********************************************
Immuta
https://jobs.lever.co/immuta?by=location&commitment=Full-time

## slept ##
Error INVALID_REQUEST
Query: https://maps.google.com/maps/api/geocode/json?address=&sensor=false&bounds=&region=&language=&components=
Filter by:
*********************************************
Immuta - Pre-Sales Solution Architect
https://jobs.lever.co/immuta/fe996927-511a-434e-9088-c0530673f8bc
College Park, MD
local
*********************************************
Immuta
https://jobs.lever.co/immuta?location=Columbus%2C%20OH

## slept ##
Error INVALID_REQUEST
Query: https://maps.google.com/maps/api/geocode/json?address=&sensor=false&bounds=&region=&language=&components=
Filter by:
*********************************************
Immuta
https://jobs.lever.co/immuta?by=commitment&location=Columbus%2C%20OH

## slept ##
Error INVALID_REQUEST
Query: https://maps.google.com/maps/api/geocode/json?address=&sensor=false&bounds=&region=&language=&components=
Filter by:
*********************************************
Immuta
https://jobs.lever.co/immuta?by=location&location=Columbus%2C%20OH

## slept ##
Error INVALID_REQUEST
Query: https://maps.google.com/maps/api/geocode/json?address=&sensor=false&bounds=&region=&language=&components=
Filter by:
*********************************************
0
*********************************************
0
*********************************************
Improbable - Customer Software Engineer, Games
https://jobs.lever.co/improbable/3c525d66-1df9-4376-b24f-d49e062b90a0
London
tutor
*********************************************
Improbable - Customer Software Engineer, Games (SF)
https://jobs.lever.co/improbable/4e157e65-93f7-4c73-b73c-38d0ef211d0c
San Francisco
tutor
*********************************************
Improbable - Software Engineer, Enterprise
https://jobs.lever.co/improbable/5114a06b-bb0b-477b-909c-1ae75329e0f8
London
*********************************************
Improbable - Software Engineer, Enterprise (D.C.)
https://jobs.lever.co/improbable/0306c226-b946-4ef3-9429-7f3fa44b977d
Washington D.C.
*********************************************
Improbable - Software Engineer in Test
https://jobs.lever.co/improbable/01760bfc-5fe8-4614-9ead-789d7a98f75b
London
*********************************************
Improbable - Software Engineer, Fabric
https://jobs.lever.co/improbable/483a59b2-f0d7-4b91-9435-e675e025b30e
London
*********************************************
Improbable - QA Engineer
https://jobs.lever.co/improbable/3f402694-f306-487f-8594-4201da17ec37
London
*********************************************
Improbable - Production Engineer
https://jobs.lever.co/improbable/622f3679-dbb3-4113-b6cf-23f35b8af0be
London
*********************************************
Improbable - DevOps Engineer, Enterprise (D.C.)
https://jobs.lever.co/improbable/fbb99b87-1772-467d-94e9-dc197a7a8e56
Washington D.C.
*********************************************
Improbable - Software Engineer, Platform
https://jobs.lever.co/improbable/21c3ee2a-3c45-4058-89f3-d981ea500ab6
London
*********************************************
Improbable - Software Engineer, Web
https://jobs.lever.co/improbable/04922aa2-b0e5-40da-8662-1ed30807908d
London
*********************************************
Improbable - Platform Software Engineer, Enterprise
https://jobs.lever.co/improbable/3b998fd5-2648-4551-b849-49e0000eba94
London
*********************************************
Improbable - Software Engineer, Account Management Tools
https://jobs.lever.co/improbable/f3c49739-3d58-437f-a68f-cec3744161b0
London
*********************************************
Improbable - QA Engineer
https://jobs.lever.co/improbable/3f402694-f306-487f-8594-4201da17ec37/apply
London
____________________________________________________________
*********************************************
Improbable - Security Engineer, Corporate
https://jobs.lever.co/improbable/509a56f2-9725-488e-93eb-dde1381ea3e8/apply
London
____________________________________________________________
*********************************************
Improbable - Security Engineer, Corporate
https://jobs.lever.co/improbable/509a56f2-9725-488e-93eb-dde1381ea3e8?lever-source=stackshare.io/match
London
*********************************************
Improbable - Company Intelligence Engineer
https://jobs.lever.co/improbable/042c5e03-1d3e-4246-b5bc-f724b41cb346
London
*********************************************
Improbable - Software Engineer in Test
https://jobs.lever.co/improbable/01760bfc-5fe8-4614-9ead-789d7a98f75b/apply
London
____________________________________________________________
*********************************************
Improbable - Software Engineer, WebDocs
https://jobs.lever.co/improbable/3e8b7daf-2058-4d96-802a-e7456a75ae77/apply
London
____________________________________________________________
*********************************************
Improbable - Software Engineer, Enterprise
https://jobs.lever.co/improbable/5114a06b-bb0b-477b-909c-1ae75329e0f8/apply
London
____________________________________________________________
*********************************************
Improbable
https://jobs.lever.co/improbable

## slept ##
Error INVALID_REQUEST
Query: https://maps.google.com/maps/api/geocode/json?address=&sensor=false&bounds=&region=&language=&components=
Filter by:
*********************************************
Improbable - Engineering Manager, Games
https://jobs.lever.co/improbable/760b635d-dedd-40b4-bb64-ccb3b098a587
San Francisco
partner 
*********************************************
Improbable - Engineering Manager, Web
https://jobs.lever.co/improbable/fb032f65-68e9-4c0d-91d3-4a91301a6482
London
*********************************************
Improbable - Engineering Manager, SpatialOS
https://jobs.lever.co/improbable/683f8db2-7f0a-4447-a372-71d5e32db2d2
London
*********************************************
Improbable - Senior Engineering Manager, SpatialOS
https://jobs.lever.co/improbable/ce682e20-6702-4861-ae2c-9fbb084c499f
London
*********************************************
Improbable - Technical Delivery Manager, SpatialOS
https://jobs.lever.co/improbable/9747a740-6226-45f7-86f7-283762af1e22
London
*********************************************
Improbable - Product Designer
https://jobs.lever.co/improbable/3f28d01f-6cda-469e-a5be-8a75afb5af64
London
*********************************************
Improbable - Head of Customer Support
https://jobs.lever.co/improbable/03fe9f20-baa9-4ca4-ad9a-af1f0aeaaea7
London
*********************************************
Improbable - Technical Product Manager, SpatialOS
https://jobs.lever.co/improbable/60e3c29e-2774-4ff8-9e3b-369251dc3a71
London
marketing
*********************************************
Improbable - Machine Learning Specialist, Enterprise R&D
https://jobs.lever.co/improbable/6f6e7d8c-acb4-4d0b-9902-03822e6781bd
London
*********************************************
Improbable - Web Developer
https://jobs.lever.co/improbable/e7b55edc-4873-4c75-ab8c-c862a62db067
London
*********************************************
Improbable - Senior Technical Product Manager, Enterprise (D.C.)
https://jobs.lever.co/improbable/f4bbb6d7-5b74-4638-ac38-9d0dfa50cc25
Washington D.C.
marketing
*********************************************
Improbable - Product Manager, Games
https://jobs.lever.co/improbable/9614d4ba-557b-4df2-be4c-a352b7a04e2a
London
marketing
*********************************************
Improbable - Product Analyst, SpatialOS
https://jobs.lever.co/improbable/5b296014-dbc3-436d-bf27-7628ee69470b
London
marketing
*********************************************
Improbable - Technical Lead, Enterprise (D.C.)
https://jobs.lever.co/improbable/39b240a2-25c8-4b92-a58b-3b8a819842b6/apply
Washington D.C.
____________________________________________________________
*********************************************
Improbable - Scientific Modeller (D.C.)
https://jobs.lever.co/improbable/72f2bad5-637b-4fbc-a889-4aab0c4d82e8/apply
Washington D.C.
____________________________________________________________
*********************************************
Improbable - Machine Learning Specialist, Enterprise R&D
https://jobs.lever.co/improbable/6f6e7d8c-acb4-4d0b-9902-03822e6781bd/apply
London
____________________________________________________________
*********************************************
Improbable - Head of Customer Support
https://jobs.lever.co/improbable/03fe9f20-baa9-4ca4-ad9a-af1f0aeaaea7/apply
London
____________________________________________________________
*********************************************
Improbable - Talent Sourcer
https://jobs.lever.co/improbable/543469bd-5660-453e-aeaf-b50798f25792
London
*********************************************
HTTP Error 404: Not Found
Improbable - Web Developer
https://jobs.lever.co/improbable/e7b55edc-4873-4c75-ab8c-c862a62db067/apply
London
____________________________________________________________
*********************************************
Improbable - Head of Customer Success
https://jobs.lever.co/improbable/0ba0320f-4440-49a9-9f58-594bc0bb04f9/apply
London
____________________________________________________________
*********************************************
Improbable - Head of Customer Success
https://jobs.lever.co/improbable/0ba0320f-4440-49a9-9f58-594bc0bb04f9
London
*********************************************
Improbable - Talent Partner - Campus Programmes
https://jobs.lever.co/improbable/2a98247a-9292-488b-89f4-ebd8d6f35f91
London
marketing
*********************************************
Improbable - Product Manager, Open Platform
https://jobs.lever.co/improbable/3bffe23e-17c7-4021-b10e-d7840e2fadcf
London
marketing
*********************************************
HTTP Error 404: Not Found
Improbable - Head of Commercial - APAC
https://jobs.lever.co/improbable/c0e2612b-5b15-424c-903b-086fe0c97faa
London
local
*********************************************
23
*********************************************
Incode Technologies - Senior Android Engineer (Mexico City)
https://jobs.lever.co/incode/bc4f8bbb-c6bc-4870-b0d0-4c8c2632f78d/apply
Mexico City
____________________________________________________________
*********************************************
Incode Technologies
https://jobs.lever.co/incode?by=location&location=Mexico%20City

## slept ##
Error INVALID_REQUEST
Query: https://maps.google.com/maps/api/geocode/json?address=&sensor=false&bounds=&region=&language=&components=
Filter by:
*********************************************
Incode Technologies - Financial Analyst (Mexico City)
https://jobs.lever.co/incode/d8e560d5-ed76-491d-b44d-97e0f82578b0
Mexico City
marketing
equity
*********************************************
Incode Technologies
https://jobs.lever.co/incode?by=location&team=Engineering

## slept ##
Error INVALID_REQUEST
Query: https://maps.google.com/maps/api/geocode/json?address=&sensor=false&bounds=&region=&language=&components=
Filter by:
*********************************************
Incode Technologies - Photo Editor (India)
https://jobs.lever.co/incode/8f7a175a-bd90-4566-9584-8e81f527a18a
India
marketing
*********************************************
Incode Technologies - Client Strategy Analyst
https://jobs.lever.co/incode/afad0ad8-ef4e-424d-b9d3-77fd1729abe4
Mexico City
marketing
equity
*********************************************
Incode Technologies - HR Manager
https://jobs.lever.co/incode/4fd3b149-6b93-4366-8228-fecbeb44a3a2
Mexico City
partner 
equity
*********************************************
Incode Technologies - Finance & Operations Associate
https://jobs.lever.co/incode/be26ad97-2219-4915-bf79-68c3717daefc
Mexico City
equity
weekly
*********************************************
0
*********************************************
0
*********************************************
0
*********************************************
0
*********************************************
Indico - Field Engineer
https://jobs.lever.co/indico/03788b22-978b-40fd-b725-05aa8d4f8e1a
Boston, MA
field engineer
marketing
*********************************************
Indico - Field Engineer
https://jobs.lever.co/indico/03788b22-978b-40fd-b725-05aa8d4f8e1a/apply
Boston, MA
____________________________________________________________
*********************************************
Indico
https://jobs.lever.co/indico

## slept ##
Error INVALID_REQUEST
Query: https://maps.google.com/maps/api/geocode/json?address=&sensor=false&bounds=&region=&language=&components=
Filter by:
*********************************************
Field Engineer - Lever
https://jobs.lever.co/indico?team=Engineering

## slept ##
Error INVALID_REQUEST
Query: https://maps.google.com/maps/api/geocode/json?address=&sensor=false&bounds=&region=&language=&components=
Filter by:
*********************************************
Indico - Lever
https://jobs.lever.co/indico?commitment=Full-time

## slept ##
Error INVALID_REQUEST
Query: https://maps.google.com/maps/api/geocode/json?address=&sensor=false&bounds=&region=&language=&components=
Filter by:
*********************************************
0
*********************************************
Indivisible - Technology Associate
https://jobs.lever.co/indivisible/1dfb46f8-64d4-406c-849c-a6a8d72f6eaf
Washington, DC
tech support
local
volunteer
weekly
*********************************************
0
*********************************************
Indy Research Labs LLC - Senior DevOps Engineer
https://jobs.lever.co/indyresearch/2bffb92a-68b8-49a1-95c9-42bc9fa79708
New York
*********************************************
Indy Research Labs LLC - Senior DevOps Engineer
https://jobs.lever.co/indyresearch/2bffb92a-68b8-49a1-95c9-42bc9fa79708/apply
New York
____________________________________________________________
*********************************************
Indy Research Labs LLC - Lever
https://jobs.lever.co/indyresearch?team=Ops

## slept ##
Error INVALID_REQUEST
Query: https://maps.google.com/maps/api/geocode/json?address=&sensor=false&bounds=&region=&language=&components=
Filter by:
*********************************************
Indy Research Labs LLC - Lever
https://jobs.lever.co/indyresearch?location=New%20York

## slept ##
Error INVALID_REQUEST
Query: https://maps.google.com/maps/api/geocode/json?address=&sensor=false&bounds=&region=&language=&components=
Filter by:
*********************************************
Indy Research Labs LLC - Lever
https://jobs.lever.co/indyresearch?by=location&commitment=Full-time

## slept ##
Error INVALID_REQUEST
Query: https://maps.google.com/maps/api/geocode/json?address=&sensor=false&bounds=&region=&language=&components=
Filter by:
*********************************************
Indy Research Labs LLC - Lever
https://jobs.lever.co/indyresearch?by=commitment&commitment=Full-time

## slept ##
Error INVALID_REQUEST
Query: https://maps.google.com/maps/api/geocode/json?address=&sensor=false&bounds=&region=&language=&components=
Filter by:
*********************************************
Indy Research Labs LLC
https://jobs.lever.co/indyresearch?by=location

## slept ##
Error INVALID_REQUEST
Query: https://maps.google.com/maps/api/geocode/json?address=&sensor=false&bounds=&region=&language=&components=
Filter by:
*********************************************
1
*********************************************
HTTP Error 404: Not Found
GT Nexus - Senior Software Engineer (Core Platform Team)
https://jobs.lever.co/infor/8f9dcd5c-8412-4137-96a9-8220a8056786
New York, NY
*********************************************
GT Nexus - Senior Software Engineer (Java)
https://jobs.lever.co/infor/d837d78f-a244-4820-b1f7-103ce898ebb0
Sri Lanka
*********************************************
GT Nexus - Senior Java Software Engineer (Applications Team)
https://jobs.lever.co/infor/d8534d55-8906-4425-aa20-d250098043e9
New York, NY
*********************************************
HTTP Error 404: Not Found
HTTP Error 404: Not Found
GT Nexus - Senior Java Software Engineer (Applications Team)
https://jobs.lever.co/infor/0c0e9d5a-2a2b-49ed-907a-ceedd1fef6f5/apply
New York, NY
survey
____________________________________________________________
*********************************************
GT Nexus - Java Software Engineer
https://jobs.lever.co/infor/b9e079ea-6b49-4111-815e-e157a46282a7
Hamburg, Germany
*********************************************
GT Nexus - Technical Lead (Java)
https://jobs.lever.co/infor/4beace8f-7e9e-4713-9548-671fa320295e
Sri Lanka
*********************************************
GT Nexus - Technical Solutions Consultant (Java)
https://jobs.lever.co/infor/0f38a4b5-0646-427b-a915-7aa933b62366
New York, NY or Oakland, CA
*********************************************
HTTP Error 404: Not Found
GT Nexus - Project Manager (W. Coast remote)
https://jobs.lever.co/infor/1c22c6fb-c1e5-4277-8079-8dde0907af3e
Remote - US
weekly
*********************************************
GT Nexus - Client Manager
https://jobs.lever.co/infor/d2f603bf-2b38-455b-99ca-8f82b359ce3e
Hamburg, Germany
customer service
*********************************************
GT Nexus - Solution Architect
https://jobs.lever.co/infor/8fb25991-bb7d-47b8-bdc9-c1356ea2a9fc
Remote - US
*********************************************
HTTP Error 404: Not Found
7
*********************************************
Ingenia Talent Solutions - Traffic Group Leader - Aztec Engineering ...
https://jobs.lever.co/ingeniatalent/59ad58b9-931e-4ee8-a897-180cdf8e9c4c
Santa Ana, California
local
*********************************************
Ingenia Talent Solutions - Project Construction Manager - Morlic ...
https://jobs.lever.co/ingeniatalent/bf8ffb6f-0dc3-43ff-afb4-4639ec56d24f
Miami, Florida
survey
*********************************************
Ingenia Talent Solutions - Business Development Manager - Sacyr ...
https://jobs.lever.co/ingeniatalent/7d27ffe7-ad4a-41f8-9617-0c729c765ad2
Miami, Florida
*********************************************
Ingenia Talent Solutions
https://jobs.lever.co/ingeniatalent

## slept ##
Error INVALID_REQUEST
Query: https://maps.google.com/maps/api/geocode/json?address=&sensor=false&bounds=&region=&language=&components=
Filter by:
*********************************************
Ingenia Talent Solutions
https://jobs.lever.co/ingeniatalent?by=commitment

## slept ##
Error INVALID_REQUEST
Query: https://maps.google.com/maps/api/geocode/json?address=&sensor=false&bounds=&region=&language=&components=
Filter by:
*********************************************
Ingenia Talent Solutions
https://jobs.lever.co/ingeniatalent?by=location

## slept ##
Error INVALID_REQUEST
Query: https://maps.google.com/maps/api/geocode/json?address=&sensor=false&bounds=&region=&language=&components=
Filter by:
*********************************************
Ingenia Talent Solutions - Director, Production Science | R&D ...
https://jobs.lever.co/ingeniatalent/f4a947ca-81ae-4a07-836f-d5267eabed41
Imperial, Texas
commission
weekly
*********************************************
HTTP Error 404: Not Found
Ingenia Talent Solutions - Senior Proposal Manager - Sacyr ...
https://jobs.lever.co/ingeniatalent/47e41df4-7f26-4a94-aad2-aa605cdae455
Ontario, Canada
marketing
equity
*********************************************
1
*********************************************
Ingenu - Jr. Security Engineer
https://jobs.lever.co/ingenu/55fab07e-e462-41cd-84cf-b06c0de24955
San Diego
*********************************************
Ingenu - Sr. Platform Security Engineer
https://jobs.lever.co/ingenu/16739627-c40f-4d3f-a9cb-69e19fe2bc57
San Diego
*********************************************
Ingenu - Platform QA Engineer
https://jobs.lever.co/ingenu/d53cab8e-e68d-4c37-829a-1e83592c6e8a
San Diego
*********************************************
Ingenu
https://jobs.lever.co/ingenu/

## slept ##
Error INVALID_REQUEST
Query: https://maps.google.com/maps/api/geocode/json?address=&sensor=false&bounds=&region=&language=&components=
Filter by:
*********************************************
Ingenu - Software Engineer Full-Stack Web
https://jobs.lever.co/ingenu/8f2c2157-1577-4c6f-a164-650d191d8b7b
San Diego
*********************************************
Ingenu - Software Engineer Full-Stack Java
https://jobs.lever.co/ingenu/349d7c63-dd74-4f98-978e-94194509f1e0
San Diego
*********************************************
Ingenu - Software Engineer - Linux Systems Software
https://jobs.lever.co/ingenu/8fbb2204-6563-409f-b5dd-3efcee8403ae
San Diego
*********************************************
Ingenu - Jr. Security Engineer
https://jobs.lever.co/ingenu/55fab07e-e462-41cd-84cf-b06c0de24955/apply
San Diego
____________________________________________________________
*********************************************
Ingenu - Hardware Test Engineering Intern
https://jobs.lever.co/ingenu/0489ed98-a9bb-480e-b077-1ebf43b477de
San Diego
*********************************************
Ingenu
https://jobs.lever.co/ingenu?by=commitment

## slept ##
Error INVALID_REQUEST
Query: https://maps.google.com/maps/api/geocode/json?address=&sensor=false&bounds=&region=&language=&components=
Filter by:
*********************************************
Ingenu - IOT Software Platform Developer
https://jobs.lever.co/ingenu/9272dec1-9791-47c3-a698-8751e20b7a2d
San Diego
*********************************************
Ingenu
https://jobs.lever.co/ingenu?team=Systems%20Test%20%26%20Integration

## slept ##
Error INVALID_REQUEST
Query: https://maps.google.com/maps/api/geocode/json?address=&sensor=false&bounds=&region=&language=&components=
Filter by:
*********************************************
8
*********************************************
Insight Strategy Advisors - Summer Internship - Lever
https://jobs.lever.co/insightstrat.com/f6987bc4-d15b-425d-856c-edc09950a341/apply
New York, NY
____________________________________________________________
*********************************************
0
*********************************************
Instaply - iOS Engineer
https://jobs.lever.co/instaply/9f869121-efae-4ec9-aaf5-ff5eb6f957f6
Barcelona, Spain
*********************************************
Instaply - iOS Engineer - Lever
https://jobs.lever.co/instaply/9f869121-efae-4ec9-aaf5-ff5eb6f957f6/apply
Barcelona, Spain
____________________________________________________________
*********************************************
Instaply
https://jobs.lever.co/instaply

## slept ##
Error INVALID_REQUEST
Query: https://maps.google.com/maps/api/geocode/json?address=&sensor=false&bounds=&region=&language=&components=
Filter by:
*********************************************
Instaply - Product Manager
https://jobs.lever.co/instaply/8c491868-8870-4cd1-920f-cc055b652ccf
Barcelona, Spain
local
*********************************************
Instaply
https://jobs.lever.co/instaply?team=Engineering

## slept ##
Error INVALID_REQUEST
Query: https://maps.google.com/maps/api/geocode/json?address=&sensor=false&bounds=&region=&language=&components=
Filter by:
*********************************************
Instaply
https://jobs.lever.co/instaply?by=commitment

## slept ##
Error INVALID_REQUEST
Query: https://maps.google.com/maps/api/geocode/json?address=&sensor=false&bounds=&region=&language=&components=
Filter by:
*********************************************
1
*********************************************
Interbrand
https://jobs.lever.co/interbrand?team=Architecture%20%26%20Engineering

## slept ##
Error INVALID_REQUEST
Query: https://maps.google.com/maps/api/geocode/json?address=&sensor=false&bounds=&region=&language=&components=
Filter by:
*********************************************
Interbrand
https://jobs.lever.co/interbrand?location=Cincinnati%2C%20OH

## slept ##
Error INVALID_REQUEST
Query: https://maps.google.com/maps/api/geocode/json?address=&sensor=false&bounds=&region=&language=&components=
Filter by:
*********************************************
HTTP Error 404: Not Found
Interbrand
https://jobs.lever.co/interbrand?by=location

## slept ##
Error INVALID_REQUEST
Query: https://maps.google.com/maps/api/geocode/json?address=&sensor=false&bounds=&region=&language=&components=
Filter by:
*********************************************
Interbrand
https://jobs.lever.co/interbrand?team=Business%20Development

## slept ##
Error INVALID_REQUEST
Query: https://maps.google.com/maps/api/geocode/json?address=&sensor=false&bounds=&region=&language=&components=
Filter by:
*********************************************
Interbrand
https://jobs.lever.co/interbrand?team=Admin

## slept ##
Error INVALID_REQUEST
Query: https://maps.google.com/maps/api/geocode/json?address=&sensor=false&bounds=&region=&language=&components=
Filter by:
*********************************************
Interbrand
https://jobs.lever.co/interbrand?team=Design

## slept ##
Error INVALID_REQUEST
Query: https://maps.google.com/maps/api/geocode/json?address=&sensor=false&bounds=&region=&language=&components=
Filter by:
*********************************************
0
*********************************************
Interfolio - Front End Engineer
https://jobs.lever.co/interfolio/d2ec1c60-bc04-41c2-b70e-22da4b7b1314
Remote
local
*********************************************
Interfolio - Senior PHP Engineer
https://jobs.lever.co/interfolio/1b1e14d9-3c30-44c7-828a-0bdb1d286b02
Remote
local
*********************************************
Interfolio - Mid-level Quality Assurance (QA) Engineer
https://jobs.lever.co/interfolio/475fa51c-5941-4303-95b1-f5adf7fbfd27
Remote
local
*********************************************
Interfolio - Front End Engineer
https://jobs.lever.co/interfolio/d2ec1c60-bc04-41c2-b70e-22da4b7b1314/apply
Remote
survey
____________________________________________________________
*********************************************
Interfolio - Senior PHP Engineer - Lever
https://jobs.lever.co/interfolio/1b1e14d9-3c30-44c7-828a-0bdb1d286b02/apply
Remote
survey
____________________________________________________________
*********************************************
Interfolio
https://jobs.lever.co/interfolio

## slept ##
Error INVALID_REQUEST
Query: https://maps.google.com/maps/api/geocode/json?address=&sensor=false&bounds=&region=&language=&components=
Filter by:
*********************************************
Interfolio - UX Lead
https://jobs.lever.co/interfolio/581ca7fc-e660-4813-97a0-a14bf42fd4c7
Washington, DC
local
partner 
*********************************************
0
*********************************************
0
*********************************************
Intrepid Pursuits - Mobile iOS Apprentice
https://jobs.lever.co/intrepid/7ab52936-a915-4554-9ee6-8e4ab9b8eac8
Boston, MA
local
*********************************************
Intrepid Pursuits - Senior iOS Developer
https://jobs.lever.co/intrepid/575128a6-e5a2-4cd0-b7e5-a2e30643b4ee
Boston, MA
local
*********************************************
Intrepid Pursuits
https://jobs.lever.co/intrepid

## slept ##
Error INVALID_REQUEST
Query: https://maps.google.com/maps/api/geocode/json?address=&sensor=false&bounds=&region=&language=&components=
Filter by:
*********************************************
Intrepid Pursuits - Web Developer
https://jobs.lever.co/intrepid/37a85b66-6a28-4d12-b436-08515aa87b29
Boston, MA
administrative
local
*********************************************
Intrepid Pursuits - Senior Web Developer
https://jobs.lever.co/intrepid/0e850cdc-ce9c-43a3-bc7f-5e248f535e3a
Boston, MA
local
*********************************************
Intrepid Pursuits
https://jobs.lever.co/intrepid?team=Engineering

## slept ##
Error INVALID_REQUEST
Query: https://maps.google.com/maps/api/geocode/json?address=&sensor=false&bounds=&region=&language=&components=
Filter by:
*********************************************
Intrepid Pursuits - Senior Web Developer
https://jobs.lever.co/intrepid/0e850cdc-ce9c-43a3-bc7f-5e248f535e3a/apply
Boston, MA
## slept ##
____________________________________________________________
*********************************************
Intrepid Pursuits - Mobile Project Manager
https://jobs.lever.co/intrepid/c4c69f94-170f-4d6f-9fed-afde4152028c
Boston, MA
local
*********************************************
0
*********************************************
Intricately - Sr. Elastic Search Engineer
https://jobs.lever.co/intricately/2afb842a-8338-4c22-b44f-f6c2e53dec40
San Francisco
*********************************************
Intricately - Platform Engineer
https://jobs.lever.co/intricately/1f1d1cc1-ca74-4c59-8f87-78361f0189ae
San Francisco
*********************************************
Intricately - Data Engineer
https://jobs.lever.co/intricately/68f5565d-a0f6-4ffc-a8cc-af5613a829b0
San Francisco
*********************************************
Intricately - VP of Engineering
https://jobs.lever.co/intricately/33ee9cd1-c79b-4495-bb02-d708732ebc39
San Francisco
*********************************************
Intricately
https://jobs.lever.co/intricately

## slept ##
Error INVALID_REQUEST
Query: https://maps.google.com/maps/api/geocode/json?address=&sensor=false&bounds=&region=&language=&components=
Filter by:
*********************************************
Intricately
https://jobs.lever.co/intricately?by=location&location=San%20Francisco

## slept ##
Error INVALID_REQUEST
Query: https://maps.google.com/maps/api/geocode/json?address=&sensor=false&bounds=&region=&language=&components=
Filter by:
*********************************************
Intricately - Front-End Developer (Angular)
https://jobs.lever.co/intricately/0147a7ad-f950-4d41-8974-295a3287427f
San Francisco
*********************************************
Intricately - Product Lead
https://jobs.lever.co/intricately/c0f1163f-072e-4866-bdf3-c8ae991ebf2c
San Francisco
marketing
*********************************************
5
*********************************************
