HTTP Error 404: Not Found
HTTP Error 404: Not Found
ARCTERYX - Engineering Technician
https://jobs.lever.co/arcteryx.com/5e1d7736-5e20-45b7-9618-dd6097c0bd30
New Westminster, BC, Canada
administrative
data entry
*********************************************
Arc'teryx - Engineering Technician
https://jobs.lever.co/arcteryx.com/5e1d7736-5e20-45b7-9618-dd6097c0bd30/apply
New Westminster, BC, Canada
____________________________________________________________
*********************************************
Arc'teryx - Manager, Development Team
https://jobs.lever.co/arcteryx.com/1949c309-85a1-44ce-8ade-ed6bf41c9cc5
North Vancouver, BC, Canada
*********************************************
Arc'teryx
https://jobs.lever.co/arcteryx.com/?by=commitment

## slept ##
Error INVALID_REQUEST
Query: https://maps.google.com/maps/api/geocode/json?address=&sensor=false&bounds=&region=&language=&components=
Filter by:
*********************************************
Arc'teryx
https://jobs.lever.co/arcteryx.com/?by=location

## slept ##
Error INVALID_REQUEST
Query: https://maps.google.com/maps/api/geocode/json?address=&sensor=false&bounds=&region=&language=&components=
Filter by:
*********************************************
HTTP Error 404: Not Found
HTTP Error 404: Not Found
HTTP Error 404: Not Found
ARCTERYX - Manager, Production
https://jobs.lever.co/arcteryx.com/a2f3dda0-9ba1-4b99-9023-431482f3c096
New Westminster, BC, Canada
local
weekly
*********************************************
Arc'teryx
https://jobs.lever.co/arcteryx.com/?by=commitment&location=New%20Westminster%2C%20BC%2C%20Canada

## slept ##
Error INVALID_REQUEST
Query: https://maps.google.com/maps/api/geocode/json?address=&sensor=false&bounds=&region=&language=&components=
Filter by:
*********************************************
ARCTERYX
https://jobs.lever.co/arcteryx.com/?by=location&location=New%20Westminster%2C%20BC%2C%20Canada

## slept ##
Error INVALID_REQUEST
Query: https://maps.google.com/maps/api/geocode/json?address=&sensor=false&bounds=&region=&language=&components=
Filter by:
*********************************************
arcteryx
https://jobs.lever.co/arcteryx.com/

## slept ##
Error INVALID_REQUEST
Query: https://maps.google.com/maps/api/geocode/json?address=&sensor=false&bounds=&region=&language=&components=
Filter by:
*********************************************
1
*********************************************
Armory - Senior Software Engineer
https://jobs.lever.co/armory/f42bb3d2-0b94-450d-b1cb-5156600c119a
San Mateo
*********************************************
Armory - Senior Software Engineer
https://jobs.lever.co/armory/f42bb3d2-0b94-450d-b1cb-5156600c119a/apply
San Mateo
____________________________________________________________
*********************************************
Armory
https://jobs.lever.co/armory

## slept ##
Error INVALID_REQUEST
Query: https://maps.google.com/maps/api/geocode/json?address=&sensor=false&bounds=&region=&language=&components=
Filter by:
*********************************************
1
*********************************************
Aronson LLC - Senior Functional Consultant - Accounting Systems
https://jobs.lever.co/aronsonllc/e6a2efaa-6c50-4123-9198-42e24de78551
Rockville, Maryland
local
*********************************************
Aronson LLC - Senior Consultant, Technology Risk Services
https://jobs.lever.co/aronsonllc/60b4ad2c-b55d-4c90-afbe-4a0c30fe42b0
Rockville, Maryland
local
*********************************************
0
*********************************************
0
*********************************************
Favor - Front End Engineer
https://jobs.lever.co/askfavor/c1bac264-6c2e-4207-9642-d08d7fc94653
Austin, TX
*********************************************
HTTP Error 404: Not Found
Favor - Lever
https://jobs.lever.co/askfavor?commitment=Full%20Time

## slept ##
Error INVALID_REQUEST
Query: https://maps.google.com/maps/api/geocode/json?address=&sensor=false&bounds=&region=&language=&components=
Filter by:
*********************************************
Favor - Lever
https://jobs.lever.co/askfavor?location=Austin%2C%20TX

## slept ##
Error INVALID_REQUEST
Query: https://maps.google.com/maps/api/geocode/json?address=&sensor=false&bounds=&region=&language=&components=
Filter by:
*********************************************
Favor - Lever
https://jobs.lever.co/askfavor?by=location

## slept ##
Error INVALID_REQUEST
Query: https://maps.google.com/maps/api/geocode/json?address=&sensor=false&bounds=&region=&language=&components=
Filter by:
*********************************************
Favor
https://jobs.lever.co/askfavor

## slept ##
Error INVALID_REQUEST
Query: https://maps.google.com/maps/api/geocode/json?address=&sensor=false&bounds=&region=&language=&components=
Filter by:
*********************************************
Favor
https://jobs.lever.co/askfavor?team=Development

## slept ##
Error INVALID_REQUEST
Query: https://maps.google.com/maps/api/geocode/json?address=&sensor=false&bounds=&region=&language=&components=
Filter by:
*********************************************
Favor - Business Intelligence Analyst
https://jobs.lever.co/askfavor/d58608b1-0e30-4480-bdeb-c7118f56b50f
Austin, TX
marketing
*********************************************
1
*********************************************
Spoke (askspoke.com) - Software Engineer - AI and Learning
https://jobs.lever.co/askspoke/135f082c-de82-4875-bbd1-35f6a1ce7ad0
San Francisco
equity
*********************************************
Spoke (askspoke.com) - Software Engineer - Web Frontend
https://jobs.lever.co/askspoke/3831a339-505a-43bb-82f8-87ad44fba161
San Francisco
equity
*********************************************
Spoke (askspoke.com) - Software Engineer - Infrastructure
https://jobs.lever.co/askspoke/3626857e-b214-4da0-9a62-9bd273961cf5
San Francisco
equity
*********************************************
Spoke (askspoke.com) - Software Engineer - Backend
https://jobs.lever.co/askspoke/cb915664-4ba0-482c-b824-73a3d80b1e61
San Francisco
equity
*********************************************
Spoke (askspoke.com) - Software Engineer - Backend
https://jobs.lever.co/askspoke/cb915664-4ba0-482c-b824-73a3d80b1e61/apply
San Francisco
____________________________________________________________
*********************************************
Spoke (askspoke.com)
https://jobs.lever.co/askspoke?commitment=Full-time

## slept ##
Error INVALID_REQUEST
Query: https://maps.google.com/maps/api/geocode/json?address=&sensor=false&bounds=&region=&language=&components=
Filter by:
*********************************************
HTTP Error 404: Not Found
Spoke (askspoke.com)
https://jobs.lever.co/askspoke?by=location&team=Design

## slept ##
Error INVALID_REQUEST
Query: https://maps.google.com/maps/api/geocode/json?address=&sensor=false&bounds=&region=&language=&components=
Filter by:
*********************************************
0
*********************************************
Astranis - FPGA Engineer
https://jobs.lever.co/astranis/45c605e9-9811-44ed-9835-f3a8c42c16e6
San Francisco, CA
*********************************************
Astranis - Mechanical Engineer
https://jobs.lever.co/astranis/87143927-cf28-4014-a439-0cf301888e33
San Francisco, CA
*********************************************
Astranis - Signal Processing/Communications Engineer
https://jobs.lever.co/astranis/d6fbf8d2-e62e-4f36-a969-6789a492cd33
San Francisco, CA
## slept ##
Error OVER_QUERY_LIMIT
Query: https://maps.google.com/maps/api/geocode/json?address=San+Francisco%2C+CA&sensor=false&bounds=&region=&language=&components=
*********************************************
Astranis - Radiation/Fault Tolerance Electrical Engineer
https://jobs.lever.co/astranis/dda6f055-a2ad-4fd1-9224-e1041b077e78
San Francisco, CA
*********************************************
Astranis - Intern - Software Engineer
https://jobs.lever.co/astranis/a3542e7a-f1b3-4d70-8663-f796dac0a6e1
San Francisco, CA
*********************************************
Astranis - Power Electronics Engineer
https://jobs.lever.co/astranis/fb4d7d8c-3da3-4fba-9269-66bc2703423a
San Francisco, CA
*********************************************
Astranis - Mechanical Engineer - Mechanisms Focus
https://jobs.lever.co/astranis/55a8c399-d0ae-4462-93b6-92f017e34a22
San Francisco, CA
*********************************************
Astranis - Embedded Software Engineer
https://jobs.lever.co/astranis/1050d794-c7b6-4c3a-a3d6-37683d8ca4a8/apply
San Francisco, CA
____________________________________________________________
*********************************************
Astranis - Thermal Engineer
https://jobs.lever.co/astranis/a624f165-5361-4fab-adbf-dcd4abc734a5/apply
San Francisco, CA
____________________________________________________________
*********************************************
Astranis - Thermal Engineer
https://jobs.lever.co/astranis/a624f165-5361-4fab-adbf-dcd4abc734a5
San Francisco, CA
*********************************************
Astranis - Power Electronics Engineer
https://jobs.lever.co/astranis/fb4d7d8c-3da3-4fba-9269-66bc2703423a/apply
San Francisco, CA
____________________________________________________________
*********************************************
Astranis - Radiation/Fault Tolerance Electrical Engineer
https://jobs.lever.co/astranis/dda6f055-a2ad-4fd1-9224-e1041b077e78/apply
San Francisco, CA
____________________________________________________________
*********************************************
Astranis - FPGA Engineer
https://jobs.lever.co/astranis/45c605e9-9811-44ed-9835-f3a8c42c16e6/apply
San Francisco, CA
____________________________________________________________
*********************************************
Astranis - Embedded Software Engineer
https://jobs.lever.co/astranis/1050d794-c7b6-4c3a-a3d6-37683d8ca4a8
San Francisco, CA
*********************************************
Astranis - Microwave/RF Engineer
https://jobs.lever.co/astranis/86322498-c278-4d9e-bf71-a42eb28cfba7/apply
San Francisco, CA
____________________________________________________________
*********************************************
Astranis - Intern - Software Engineer
https://jobs.lever.co/astranis/a3542e7a-f1b3-4d70-8663-f796dac0a6e1/apply
San Francisco, CA
____________________________________________________________
*********************************************
Astranis - Signal Processing/Communications Engineer
https://jobs.lever.co/astranis/d6fbf8d2-e62e-4f36-a969-6789a492cd33/apply
San Francisco, CA
____________________________________________________________
*********************************************
Astranis
https://jobs.lever.co/astranis

## slept ##
Error INVALID_REQUEST
Query: https://maps.google.com/maps/api/geocode/json?address=&sensor=false&bounds=&region=&language=&components=
Filter by:
*********************************************
Astranis - Intern - Electrical Engineering
https://jobs.lever.co/astranis/b6cd42d4-4f2c-4d9a-8ff0-ce3f24378a80
San Francisco, CA
*********************************************
Astranis - Intern - Electrical Engineering
https://jobs.lever.co/astranis/b6cd42d4-4f2c-4d9a-8ff0-ce3f24378a80/apply
San Francisco, CA
____________________________________________________________
*********************************************
Astranis - Intern - Mechanical/Aerospace
https://jobs.lever.co/astranis/5a8e34e3-97c7-49ec-a879-4189af1e7b34/apply
San Francisco, CA
____________________________________________________________
*********************************************
10
*********************************************
0
*********************************************
HTTP Error 404: Not Found
HTTP Error 404: Not Found
HTTP Error 404: Not Found
HTTP Error 404: Not Found
HTTP Error 404: Not Found
HTTP Error 404: Not Found
HTTP Error 404: Not Found
HTTP Error 404: Not Found
HTTP Error 404: Not Found
HTTP Error 404: Not Found
HTTP Error 404: Not Found
HTTP Error 404: Not Found
HTTP Error 404: Not Found
HTTP Error 404: Not Found
HTTP Error 404: Not Found
HTTP Error 404: Not Found
HTTP Error 404: Not Found
HTTP Error 404: Not Found
HTTP Error 404: Not Found
HTTP Error 404: Not Found
HTTP Error 404: Not Found
HTTP Error 404: Not Found
0
*********************************************
HTTP Error 404: Not Found
HTTP Error 404: Not Found
Atomic - Director of Engineering
https://jobs.lever.co/atomic/7e7435e6-4c27-4c2c-b88c-b5f131b1314b
Kitchener-Waterloo, Ontario
local
equity
*********************************************
Atomic - Director of Engineering
https://jobs.lever.co/atomic/7e7435e6-4c27-4c2c-b88c-b5f131b1314b/apply
Kitchener-Waterloo, Ontario
____________________________________________________________
*********************************************
Atomic - Full Stack Dev Lead
https://jobs.lever.co/atomic/313c0ef6-713d-407d-a52b-fc937d0cca94
San Francisco, CA
local
co-founder
*********************************************
Atomic - Technical Sourcer
https://jobs.lever.co/atomic/a9ea8e93-590c-42cb-ba0a-5a331fd50f68
San Francisco, CA
local
partner 
equity
*********************************************
HTTP Error 404: Not Found
Atomic - Business Strategy Associate
https://jobs.lever.co/atomic/b15d050f-3d2f-4e06-ae5d-f935e75048d0
San Francisco, CA
marketing
local
equity
*********************************************
Atomic
https://jobs.lever.co/atomic

## slept ##
Error INVALID_REQUEST
Query: https://maps.google.com/maps/api/geocode/json?address=&sensor=false&bounds=&region=&language=&components=
Filter by:
*********************************************
Atomic
https://jobs.lever.co/atomic?team=TalkIQ

## slept ##
Error INVALID_REQUEST
Query: https://maps.google.com/maps/api/geocode/json?address=&sensor=false&bounds=&region=&language=&components=
Filter by:
*********************************************
Atomic
https://jobs.lever.co/atomic?team=TalkIQ

## slept ##
Error INVALID_REQUEST
Query: https://maps.google.com/maps/api/geocode/json?address=&sensor=false&bounds=&region=&language=&components=
Filter by:
*********************************************
0
*********************************************
Atom Tickets - Senior/Principal Software Development Engineer
https://jobs.lever.co/atomtickets.com/d1e37316-1b1b-47b8-8b2f-d20ddf82b178
Santa Monica, CA
*********************************************
Atom Tickets - Senior Software Development Engineer - Mobile (iOS)
https://jobs.lever.co/atomtickets.com/da0961e9-c897-4cf0-b29d-989a156a9932
Santa Monica, CA
*********************************************
Atom Tickets - Senior/Principal Software Development Engineer
https://jobs.lever.co/atomtickets.com/d1e37316-1b1b-47b8-8b2f-d20ddf82b178/apply
Santa Monica, CA
____________________________________________________________
*********************************************
Atom Tickets
https://jobs.lever.co/atomtickets.com

## slept ##
Error INVALID_REQUEST
Query: https://maps.google.com/maps/api/geocode/json?address=&sensor=false&bounds=&region=&language=&components=
Filter by:
*********************************************
Atom Tickets
https://jobs.lever.co/atomtickets.com?by=location

## slept ##
Error INVALID_REQUEST
Query: https://maps.google.com/maps/api/geocode/json?address=&sensor=false&bounds=&region=&language=&components=
Filter by:
*********************************************
Atom Tickets - QA Manager
https://jobs.lever.co/atomtickets.com/89b682a1-2def-4240-bc8d-60360513bc50
Santa Monica, CA
*********************************************
Atom Tickets - Data & Business Analyst
https://jobs.lever.co/atomtickets.com/5fd3bc27-a1fd-4ca1-b65c-ca2c030d8466
Santa Monica, CA
marketing
*********************************************
HTTP Error 404: Not Found
Atom Tickets - Sr. Product Manager
https://jobs.lever.co/atomtickets.com/413b8b95-6c93-4ba3-8372-83340be43dac
Seattle, WA
marketing
partner 
*********************************************
Atom Tickets - Principal Product Manager
https://jobs.lever.co/atomtickets.com/c73c219b-18a2-4f4a-b78f-a32c1947b843
Santa Monica, CA
marketing
partner 
*********************************************
Atom Tickets - Senior Program Manager
https://jobs.lever.co/atomtickets.com/bcb35f76-46e8-42db-a6a2-570cc7dae44c
Santa Monica, CA
marketing
*********************************************
3
*********************************************
Atrium LTS - Software Engineer
https://jobs.lever.co/atrium/fb857e0a-8818-4feb-82bc-f97d78259e0b
San Francisco
*********************************************
Atrium LTS - Senior Software Engineer - Full Stack
https://jobs.lever.co/atrium/3c36a7b4-2e36-4ddd-84a1-c886fce7458d
San Francisco
*********************************************
Atrium LTS - Legal Process Engineer
https://jobs.lever.co/atrium/cfedb70e-d0a1-4ab3-85c7-990210738c34
San Francisco
*********************************************
Atrium LTS - Software Engineer
https://jobs.lever.co/atrium/fb857e0a-8818-4feb-82bc-f97d78259e0b/apply
San Francisco
____________________________________________________________
*********************************************
Atrium LTS - Senior Software Engineer - Full Stack
https://jobs.lever.co/atrium/3c36a7b4-2e36-4ddd-84a1-c886fce7458d/apply
San Francisco
____________________________________________________________
*********************************************
Atrium LTS - Legal Process Engineer
https://jobs.lever.co/atrium/cfedb70e-d0a1-4ab3-85c7-990210738c34/apply
San Francisco
____________________________________________________________
*********************************************
Atrium LTS
https://jobs.lever.co/atrium

## slept ##
Error INVALID_REQUEST
Query: https://maps.google.com/maps/api/geocode/json?address=&sensor=false&bounds=&region=&language=&components=
Filter by:
*********************************************
Atrium LTS - Corporate Paralegal
https://jobs.lever.co/atrium/e05eb4a7-2cec-47ea-ac37-6de3c3dbb185
San Francisco
*********************************************
Atrium LTS - Marketing Operations Analyst
https://jobs.lever.co/atrium/a5bb19d5-4812-4945-8283-ada4a37a31cd
San Francisco
marketing
*********************************************
4
*********************************************
AtScale - DevOps Engineer
https://jobs.lever.co/atscale/bb3e09fd-2717-4433-a2ea-b13904ef85bc
San Mateo, CA
*********************************************
AtScale - Senior Scala Engineer
https://jobs.lever.co/atscale/f1a959c1-5bf2-44e5-ac9b-3dc15daa5c33
San Mateo, CA
*********************************************
AtScale - Sales Engineer - West
https://jobs.lever.co/atscale/9806841c-abd4-4ee6-a448-db5190443aea
San Mateo, CA
*********************************************
AtScale - Technical Support Engineer – East
https://jobs.lever.co/atscale/affefed3-bdcd-4777-9ded-57cdf935971f
Pittsburgh, PA
technical support
customer service
*********************************************
AtScale - DevOps Engineer
https://jobs.lever.co/atscale/bb3e09fd-2717-4433-a2ea-b13904ef85bc/apply
San Mateo, CA
____________________________________________________________
*********************************************
AtScale - Sales Engineer - Central
https://jobs.lever.co/atscale/737ef67a-a0b8-49a8-b93a-39df34554fba/apply
Central
____________________________________________________________
*********************************************
AtScale - Technical Support Engineer - West
https://jobs.lever.co/atscale/c73192f7-cc6f-496b-b1a6-2702b8650201/apply
San Mateo, CA
____________________________________________________________
*********************************************
AtScale
https://jobs.lever.co/atscale

## slept ##
Error INVALID_REQUEST
Query: https://maps.google.com/maps/api/geocode/json?address=&sensor=false&bounds=&region=&language=&components=
Filter by:
*********************************************
AtScale
https://jobs.lever.co/atscale?by=location

## slept ##
Error INVALID_REQUEST
Query: https://maps.google.com/maps/api/geocode/json?address=&sensor=false&bounds=&region=&language=&components=
Filter by:
*********************************************
AtScale - Senior Product Manager
https://jobs.lever.co/atscale/366a0b1b-8008-409e-bd46-c38f9bcb5e52
San Mateo, CA
*********************************************
AtScale - Senior Technical Writer
https://jobs.lever.co/atscale/7da6c630-4c3e-4036-be03-a987281f6b5b
San Mateo, CA
marketing
tutor
*********************************************
4
*********************************************
Audible - Senior Software Development Engineer
https://jobs.lever.co/audible/c7e041c6-c424-4788-ac49-742a169b6cee
Newark, NJ
*********************************************
Audible - Senior Software Development Engineer - Lever
https://jobs.lever.co/audible/c7e041c6-c424-4788-ac49-742a169b6cee/apply
Newark, NJ
## slept ##
survey
____________________________________________________________
*********************************************
Audible - Lever
https://jobs.lever.co/audible?by=commitment

## slept ##
Error INVALID_REQUEST
Query: https://maps.google.com/maps/api/geocode/json?address=&sensor=false&bounds=&region=&language=&components=
Filter by:
*********************************************
1
*********************************************
Augmedix - BD Sr. Software Engineer (Java EE)
https://jobs.lever.co/augmedix/8e22a1b5-8977-4ef7-aeb4-516db6c8d39f
Dhaka, BD
*********************************************
Augmedix - BD Technical Support Engineer
https://jobs.lever.co/augmedix/30289802-7370-4dee-b5f9-862e445209a6
Dhaka, BD
*********************************************
Augmedix - BD Sr. Software Engineer (Java EE)
https://jobs.lever.co/augmedix/8e22a1b5-8977-4ef7-aeb4-516db6c8d39f/apply
Dhaka, BD
____________________________________________________________
*********************************************
Augmedix - BD Sr. Software Engineer (Media Streaming)
https://jobs.lever.co/augmedix/088d5c19-e543-4495-99de-4d959ad1f1e4
Dhaka, BD
*********************************************
Augmedix - Network Engineer
https://jobs.lever.co/augmedix/e9ebcd81-ef44-4aba-a8f6-957ce6b500bd
San Francisco
technical support
customer service
*********************************************
Augmedix - Application Support Engineer
https://jobs.lever.co/augmedix/12c01d47-cbd1-4d74-b16f-a0e83f7d08bc
Dhaka, BD
*********************************************
Augmedix - Software Engineer (Android)
https://jobs.lever.co/augmedix/7584637c-69a0-41a5-8637-ccbf908eca9d
San Francisco
*********************************************
Augmedix - BD Sr. Software Engineer (Android)
https://jobs.lever.co/augmedix/e1b42cfb-4c8f-46a4-8762-b28f139f9611
Dhaka, BD
*********************************************
Augmedix - Sr. Software Engineer (Frontdoor)
https://jobs.lever.co/augmedix/756fd87a-f5e7-486e-bb54-a1603ae687a0
Dhaka, BD
*********************************************
Augmedix - Software Engineer (Android)
https://jobs.lever.co/augmedix/7584637c-69a0-41a5-8637-ccbf908eca9d/apply
San Francisco
____________________________________________________________
*********************************************
Augmedix - BD Sr. Software Test Engineer
https://jobs.lever.co/augmedix/891ca4f9-8721-4e0b-9319-3be6493cd699
Dhaka, BD
weekly
*********************************************
Augmedix - Network Engineer
https://jobs.lever.co/augmedix/e9ebcd81-ef44-4aba-a8f6-957ce6b500bd/apply
San Francisco
____________________________________________________________
*********************************************
HTTP Error 404: Not Found
Augmedix - Application Support Engineer
https://jobs.lever.co/augmedix/12c01d47-cbd1-4d74-b16f-a0e83f7d08bc/apply
Dhaka, BD
____________________________________________________________
*********************************************
Augmedix - BD Sr. Software Test Engineer
https://jobs.lever.co/augmedix/891ca4f9-8721-4e0b-9319-3be6493cd699/apply
Dhaka, BD
____________________________________________________________
*********************************************
Augmedix
https://jobs.lever.co/augmedix

## slept ##
Error INVALID_REQUEST
Query: https://maps.google.com/maps/api/geocode/json?address=&sensor=false&bounds=&region=&language=&components=
Filter by:
*********************************************
Augmedix
https://jobs.lever.co/augmedix?location=San%20Francisco

## slept ##
Error INVALID_REQUEST
Query: https://maps.google.com/maps/api/geocode/json?address=&sensor=false&bounds=&region=&language=&components=
Filter by:
*********************************************
Augmedix - Software Project Manager
https://jobs.lever.co/augmedix/808936db-7d26-4a96-99be-3d59338de47c
Dhaka, BD
weekly
*********************************************
Augmedix - Head of Tech Support & Deployment
https://jobs.lever.co/augmedix/ef7f4c8c-6cdf-437c-aad3-630f1a568647
San Francisco
technical support
customer service
*********************************************
Augmedix - BD Recruitment Specialist
https://jobs.lever.co/augmedix/03ea1459-ed25-4ad2-9b34-de55f8f4e899
Dhaka, BD
*********************************************
Augmedix - Lead Interaction Designer
https://jobs.lever.co/augmedix/078b3209-4a20-4f40-818c-c195a23c1001
San Francisco
*********************************************
9
*********************************************
Auth0 - Engineer - Core Auth
https://jobs.lever.co/auth0/43085e35-7650-49a9-8ca4-755ae670a1fc
Remote
*********************************************
Auth0 - Engineer (Product)
https://jobs.lever.co/auth0/e93f6e9f-dda3-4719-8a9b-cc2bf8dff5f6
Any
*********************************************
Auth0 - Infrastructure Engineer
https://jobs.lever.co/auth0/43bdc352-d6cd-4d9e-b560-eddb29a65ffd
Remote - Buenos Aires, AR - Seattle, WA
## slept ##
Error ZERO_RESULTS
Query: https://maps.google.com/maps/api/geocode/json?address=Remote+-+Buenos+Aires%2C+AR+-+Seattle%2C+WA&sensor=false&bounds=&region=&language=&components=
*********************************************
Auth0 - Engineer Lead - Test Automation
https://jobs.lever.co/auth0/7d275793-8291-4eae-a2b6-ecc8cf8e811f
Remote - Buenos Aires, AR - Seattle, WA
## slept ##
Error ZERO_RESULTS
Query: https://maps.google.com/maps/api/geocode/json?address=Remote+-+Buenos+Aires%2C+AR+-+Seattle%2C+WA&sensor=false&bounds=&region=&language=&components=
*********************************************
Auth0 - Engineer - API + Services
https://jobs.lever.co/auth0/d64a2659-c34f-4995-acbd-94f417cd11de
Remote - Buenos Aires, AR - Seattle, WA
## slept ##
Error ZERO_RESULTS
Query: https://maps.google.com/maps/api/geocode/json?address=Remote+-+Buenos+Aires%2C+AR+-+Seattle%2C+WA&sensor=false&bounds=&region=&language=&components=
*********************************************
Auth0 - Sr. Engineer (Private SaaS)
https://jobs.lever.co/auth0/8758ef5f-9a65-469f-b927-21502b52f4e9
Any
*********************************************
Auth0 - Engineer (CS Infra)
https://jobs.lever.co/auth0/28144879-ee27-41bc-ae30-fd3cba1f309a
Remote - Buenos Aires, AR - Seattle, WA
## slept ##
Error ZERO_RESULTS
Query: https://maps.google.com/maps/api/geocode/json?address=Remote+-+Buenos+Aires%2C+AR+-+Seattle%2C+WA&sensor=false&bounds=&region=&language=&components=
*********************************************
Auth0 - Senior Security Engineer - Operations
https://jobs.lever.co/auth0/58fea33c-8141-4b87-93b9-d6433be5139b
Remote
*********************************************
Auth0 - Senior Application Security Engineer
https://jobs.lever.co/auth0/b918a0a9-8155-4e57-b61d-a19d71ece72f
Remote
*********************************************
Auth0 - Engineer (CS Infra)
https://jobs.lever.co/auth0/28144879-ee27-41bc-ae30-fd3cba1f309a/apply
Remote - Buenos Aires, AR - Seattle, WA
## slept ##
Error ZERO_RESULTS
Query: https://maps.google.com/maps/api/geocode/json?address=Remote+-+Buenos+Aires%2C+AR+-+Seattle%2C+WA&sensor=false&bounds=&region=&language=&components=
____________________________________________________________
*********************************************
Auth0 - Frontend Engineer - Dashboard
https://jobs.lever.co/auth0/a08a4be7-7194-47b1-a579-221da8cedbf3
Remote
*********************************************
Auth0 - Developer Experience Engineer (PHP)
https://jobs.lever.co/auth0/0eed851d-a86f-4d89-a8e0-ed73fb149c6c
Any
*********************************************
Auth0 - Engineer - Multifactor Auth
https://jobs.lever.co/auth0/5a2d98a7-9bf1-4797-ae9a-f21dae11fae7
Remote
*********************************************
Auth0 - Engineer (Product)
https://jobs.lever.co/auth0/e93f6e9f-dda3-4719-8a9b-cc2bf8dff5f6/apply
Any
____________________________________________________________
*********************************************
Auth0 - Managed Services Engineer (US)
https://jobs.lever.co/auth0/f64dfbd3-e18a-4c48-8b27-0d23e1e99875
US
*********************************************
HTTP Error 404: Not Found
HTTP Error 404: Not Found
Auth0 - Frontend Engineer - Dashboard
https://jobs.lever.co/auth0/a08a4be7-7194-47b1-a579-221da8cedbf3/apply
Remote
____________________________________________________________
*********************************************
Auth0 - Senior Security Engineer - Operations
https://jobs.lever.co/auth0/58fea33c-8141-4b87-93b9-d6433be5139b/apply
Remote
____________________________________________________________
*********************************************
Auth0 - Engineer - Core Auth
https://jobs.lever.co/auth0/43085e35-7650-49a9-8ca4-755ae670a1fc/apply
Remote
____________________________________________________________
*********************************************
Auth0 - Developer Success Engineer
https://jobs.lever.co/auth0/808d5edf-7577-47e2-a850-9de9e4d13efd
Bellevue, WA
technical support
*********************************************
Auth0 - Developer Experience Engineer (PHP)
https://jobs.lever.co/auth0/0eed851d-a86f-4d89-a8e0-ed73fb149c6c/apply
Any
____________________________________________________________
*********************************************
Auth0 - Engineer - API + Services
https://jobs.lever.co/auth0/d64a2659-c34f-4995-acbd-94f417cd11de/apply
Remote - Buenos Aires, AR - Seattle, WA
## slept ##
Error ZERO_RESULTS
Query: https://maps.google.com/maps/api/geocode/json?address=Remote+-+Buenos+Aires%2C+AR+-+Seattle%2C+WA&sensor=false&bounds=&region=&language=&components=
____________________________________________________________
*********************************************
Auth0 - Engineer Lead - Test Automation
https://jobs.lever.co/auth0/7d275793-8291-4eae-a2b6-ecc8cf8e811f/apply
Remote - Buenos Aires, AR - Seattle, WA
## slept ##
Error ZERO_RESULTS
Query: https://maps.google.com/maps/api/geocode/json?address=Remote+-+Buenos+Aires%2C+AR+-+Seattle%2C+WA&sensor=false&bounds=&region=&language=&components=
____________________________________________________________
*********************************************
Auth0 - Senior Application Security Engineer
https://jobs.lever.co/auth0/b918a0a9-8155-4e57-b61d-a19d71ece72f/apply
Remote
## slept ##
____________________________________________________________
*********************************************
Auth0 - Infrastructure Engineer
https://jobs.lever.co/auth0/43bdc352-d6cd-4d9e-b560-eddb29a65ffd/apply
Remote - Buenos Aires, AR - Seattle, WA
## slept ##
Error ZERO_RESULTS
Query: https://maps.google.com/maps/api/geocode/json?address=Remote+-+Buenos+Aires%2C+AR+-+Seattle%2C+WA&sensor=false&bounds=&region=&language=&components=
____________________________________________________________
*********************************************
Auth0 - IT Support Automation Engineer
https://jobs.lever.co/auth0/ff8eecf7-c369-449b-837b-6dda9f069039
Bellevue, WA
customer service
*********************************************
HTTP Error 404: Not Found
Auth0 - Engineer - Multifactor Auth
https://jobs.lever.co/auth0/5a2d98a7-9bf1-4797-ae9a-f21dae11fae7/apply
Remote
____________________________________________________________
*********************************************
Auth0 - IT Support Engineer
https://jobs.lever.co/auth0/ff8eecf7-c369-449b-837b-6dda9f069039/apply
Bellevue, WA
____________________________________________________________
*********************************************
Auth0 - Developer Success Engineer
https://jobs.lever.co/auth0/808d5edf-7577-47e2-a850-9de9e4d13efd/apply
Bellevue, WA
____________________________________________________________
*********************************************
Auth0 - Tech Lead - Marketing Engineering Team
https://jobs.lever.co/auth0/b375abba-aa99-449f-8e0b-1ab153aa9b27
Remote - Buenos Aires, AR - Seattle, WA
## slept ##
Error ZERO_RESULTS
Query: https://maps.google.com/maps/api/geocode/json?address=Remote+-+Buenos+Aires%2C+AR+-+Seattle%2C+WA&sensor=false&bounds=&region=&language=&components=
marketing
*********************************************
Auth0 - Engineering Lead
https://jobs.lever.co/auth0/acfbd95d-c0de-4e61-b97a-faddd496adb7
Remote - Buenos Aires, AR - Seattle, WA
## slept ##
Error ZERO_RESULTS
Query: https://maps.google.com/maps/api/geocode/json?address=Remote+-+Buenos+Aires%2C+AR+-+Seattle%2C+WA&sensor=false&bounds=&region=&language=&components=
*********************************************
Auth0
https://jobs.lever.co/auth0

## slept ##
Error INVALID_REQUEST
Query: https://maps.google.com/maps/api/geocode/json?address=&sensor=false&bounds=&region=&language=&components=
Filter by:
*********************************************
Auth0 - Tech Lead - Marketing Engineering Team
https://jobs.lever.co/auth0/b375abba-aa99-449f-8e0b-1ab153aa9b27/apply
Remote - Buenos Aires, AR - Seattle, WA
## slept ##
Error ZERO_RESULTS
Query: https://maps.google.com/maps/api/geocode/json?address=Remote+-+Buenos+Aires%2C+AR+-+Seattle%2C+WA&sensor=false&bounds=&region=&language=&components=
____________________________________________________________
*********************************************
Auth0
https://jobs.lever.co/auth0?by=location

## slept ##
Error INVALID_REQUEST
Query: https://maps.google.com/maps/api/geocode/json?address=&sensor=false&bounds=&region=&language=&components=
Filter by:
*********************************************
Auth0
https://jobs.lever.co/auth0?by=location&commitment=Full-time

## slept ##
Error INVALID_REQUEST
Query: https://maps.google.com/maps/api/geocode/json?address=&sensor=false&bounds=&region=&language=&components=
Filter by:
*********************************************
Auth0 - Senior Security Architect
https://jobs.lever.co/auth0/2eed6afd-d6e1-4ea7-88a6-94d2b3ab96cb
Remote
*********************************************
Auth0 - Community Lead
https://jobs.lever.co/auth0/ce476fa6-3c67-4590-a375-f530828764a9
Any
marketing
*********************************************
Auth0
https://jobs.lever.co/auth0?by=location&location=Remote%2C%20Buenos%20Aires%2C%20AR%2C%20Seattle%2C%20WA

## slept ##
Error INVALID_REQUEST
Query: https://maps.google.com/maps/api/geocode/json?address=&sensor=false&bounds=&region=&language=&components=
Filter by:
*********************************************
Auth0
https://jobs.lever.co/auth0?by=location&team=Sales%20Engineering

## slept ##
Error INVALID_REQUEST
Query: https://maps.google.com/maps/api/geocode/json?address=&sensor=false&bounds=&region=&language=&components=
Filter by:
*********************************************
Auth0 - Technical Writer
https://jobs.lever.co/auth0/7334b970-5546-4de5-a630-6cff8efeebb3
Remote
*********************************************
Auth0
https://jobs.lever.co/auth0?by=location&location=Any

## slept ##
Error INVALID_REQUEST
Query: https://maps.google.com/maps/api/geocode/json?address=&sensor=false&bounds=&region=&language=&components=
Filter by:
*********************************************
Auth0 - Director of Pricing
https://jobs.lever.co/auth0/bf1ac2db-a569-43ca-b04f-01a4e492a76b
Any
*********************************************
Auth0
https://jobs.lever.co/auth0?by=location&location=UK

## slept ##
Error INVALID_REQUEST
Query: https://maps.google.com/maps/api/geocode/json?address=&sensor=false&bounds=&region=&language=&components=
Filter by:
*********************************************
17
*********************************************
0
*********************************************
Ava - Android Frontend Developer
https://jobs.lever.co/ava/82209997-f5b0-4cfb-bd84-d10deefdf1eb/apply
San Francisco
____________________________________________________________
*********************************************
0
*********************************************
Avant - Software Engineer
https://jobs.lever.co/avant/1c9e827f-19da-49ea-91cd-cce64aea0b56
Chicago
## slept ##
weekly
*********************************************
Avant - Frontend Software Engineer
https://jobs.lever.co/avant/03e4073c-37ce-4905-86c8-c8ebe0ff4df7
Chicago
weekly
*********************************************
HTTP Error 404: Not Found
Avant - Software Engineer
https://jobs.lever.co/avant/1c9e827f-19da-49ea-91cd-cce64aea0b56/apply
Chicago
____________________________________________________________
*********************************************
HTTP Error 404: Not Found
HTTP Error 404: Not Found
Avant
https://jobs.lever.co/avant

## slept ##
Error INVALID_REQUEST
Query: https://maps.google.com/maps/api/geocode/json?address=&sensor=false&bounds=&region=&language=&components=
Filter by:
*********************************************
Avant - Technical Product Manager
https://jobs.lever.co/avant/0e377636-8691-459d-97eb-f9f561570ce7
Chicago
*********************************************
Avant - Operations Strategy Manager
https://jobs.lever.co/avant/00bd674b-cc7a-4c5e-b9bd-cafb4f5a575a
Chicago
*********************************************
Avant - Data Scientist
https://jobs.lever.co/avant/3bf2c711-9ab8-483b-93a9-3aaa53458286
Chicago
marketing
*********************************************
HTTP Error 404: Not Found
Avant - Product Analyst
https://jobs.lever.co/avant/0ad39839-e871-459e-8b43-bce2a572d5a1
Chicago
*********************************************
Avant - Product Manager
https://jobs.lever.co/avant/63be3e2b-da7c-438e-b72f-d79919aed40c
Chicago
marketing
partner 
*********************************************
HTTP Error 404: Not Found
3
*********************************************
HTTP Error 404: Not Found
0
*********************************************
