0
*********************************************
0
*********************************************
Primary - Infrastructure Engineer
https://jobs.lever.co/primary-2/48255d87-be1e-4b87-a8d1-36bd15f9be42
NYC
*********************************************
Primary - Product Engineer
https://jobs.lever.co/primary-2/be1a4a9b-488b-4d00-9c7e-d5e275e6a12e
NYC
*********************************************
Primary - Product Engineer
https://jobs.lever.co/primary-2/be1a4a9b-488b-4d00-9c7e-d5e275e6a12e/apply
NYC
*********************************************
Primary
https://jobs.lever.co/primary-2

## slept ##
Error INVALID_REQUEST
Query: https://maps.google.com/maps/api/geocode/json?address=&sensor=false&bounds=&region=&language=&components=
*********************************************
4
*********************************************
Private Wealth Systems - Software Engineers
https://jobs.lever.co/privatewealthsystems/13cf5a12-9f59-4297-a2c7-6c42556bbab3

## slept ##
Error INVALID_REQUEST
Query: https://maps.google.com/maps/api/geocode/json?address=&sensor=false&bounds=&region=&language=&components=
*********************************************
Private Wealth Systems - Software Engineers - Lever
https://jobs.lever.co/privatewealthsystems/13cf5a12-9f59-4297-a2c7-6c42556bbab3/apply

## slept ##
Error INVALID_REQUEST
Query: https://maps.google.com/maps/api/geocode/json?address=&sensor=false&bounds=&region=&language=&components=
*********************************************
Private Wealth Systems - Lever
https://jobs.lever.co/privatewealthsystems

## slept ##
Error INVALID_REQUEST
Query: https://maps.google.com/maps/api/geocode/json?address=&sensor=false&bounds=&region=&language=&components=
*********************************************
Private Wealth Systems - Lever
https://jobs.lever.co/privatewealthsystems?by=location

## slept ##
Error INVALID_REQUEST
Query: https://maps.google.com/maps/api/geocode/json?address=&sensor=false&bounds=&region=&language=&components=
*********************************************
Private Wealth Systems - Lever
https://jobs.lever.co/privatewealthsystems?by=commitment

## slept ##
Error INVALID_REQUEST
Query: https://maps.google.com/maps/api/geocode/json?address=&sensor=false&bounds=&region=&language=&components=
*********************************************
Private Wealth Systems - SQL Developers
https://jobs.lever.co/privatewealthsystems/43fccb0f-3dbc-48c8-a55e-3d60e847f5b0

## slept ##
Error INVALID_REQUEST
Query: https://maps.google.com/maps/api/geocode/json?address=&sensor=false&bounds=&region=&language=&components=
*********************************************
Private Wealth Systems - Telerik Developers
https://jobs.lever.co/privatewealthsystems/8809af43-043c-42e8-bdfc-966b0474af4c

## slept ##
Error INVALID_REQUEST
Query: https://maps.google.com/maps/api/geocode/json?address=&sensor=false&bounds=&region=&language=&components=
*********************************************
Private Wealth Systems - Front End Developers
https://jobs.lever.co/privatewealthsystems/13ca06f9-c7b6-4e6c-b45a-722451451b84

## slept ##
Error INVALID_REQUEST
Query: https://maps.google.com/maps/api/geocode/json?address=&sensor=false&bounds=&region=&language=&components=
*********************************************
Private Wealth Systems - Front End Developers - Lever
https://jobs.lever.co/privatewealthsystems/13ca06f9-c7b6-4e6c-b45a-722451451b84/apply

## slept ##
Error INVALID_REQUEST
Query: https://maps.google.com/maps/api/geocode/json?address=&sensor=false&bounds=&region=&language=&components=
*********************************************
9
*********************************************
Privitar - Software Engineer - Back end / Full stack
https://jobs.lever.co/privitar/42acceed-6653-4ffa-a6dc-bc868cf6557c
London
*********************************************
Privitar - Software Engineer - Front end
https://jobs.lever.co/privitar/b7ba4be8-1afa-4d8b-8d08-d297e51cf8c5
London
*********************************************
Privitar - Software Engineer - Back end / Full stack
https://jobs.lever.co/privitar/42acceed-6653-4ffa-a6dc-bc868cf6557c/apply
London
*********************************************
Privitar - Software Engineer - Front end
https://jobs.lever.co/privitar/b7ba4be8-1afa-4d8b-8d08-d297e51cf8c5/apply
London
*********************************************
Privitar
https://jobs.lever.co/privitar

## slept ##
Error INVALID_REQUEST
Query: https://maps.google.com/maps/api/geocode/json?address=&sensor=false&bounds=&region=&language=&components=
*********************************************
Privitar - Data Scientist
https://jobs.lever.co/privitar/82371984-d3ea-4f9b-9985-1da55c726194
London
*********************************************
Privitar - Research Scientist
https://jobs.lever.co/privitar/412843a1-60af-4a2f-bfed-4296dcc98a2e
London
*********************************************
Privitar - Senior Product and UX Designer
https://jobs.lever.co/privitar/f428ba8d-1d8b-4261-bbe8-8cf739b59c8b
London
*********************************************
HTTP Error 404: Not Found
Privitar - Product Manager
https://jobs.lever.co/privitar/42abda87-9851-40a6-a4e2-79a736016d46
London
*********************************************
Privitar - Partner and Customer Marketing Manager
https://jobs.lever.co/privitar/9e968735-aa64-4e12-803c-509a42e123ae
London
*********************************************
Privitar - Content Marketing Manager
https://jobs.lever.co/privitar/86b74130-360c-424e-83a6-1dddd9bf53d8
London
*********************************************
Privitar - Product Marketing Manager
https://jobs.lever.co/privitar/422792b6-3f91-4a13-a3d9-900410165699
London
*********************************************
Privitar - Inside Sales Executive
https://jobs.lever.co/privitar/10c71aac-80ce-4bee-88c1-e09c5c46cb6c
London
## slept ##
*********************************************
Privitar - Solutions Architect
https://jobs.lever.co/privitar/8245cdc1-bc12-4e49-9cc2-8e94c7362b2c
London
*********************************************
14
*********************************************
Project YX - Software Engineer, Full Stack
https://jobs.lever.co/projectyx/5efbcc15-8a84-459e-8304-97d03233bea8
Santa Cruz, CA
*********************************************
Project YX - Software Engineer, Full Stack
https://jobs.lever.co/projectyx/5efbcc15-8a84-459e-8304-97d03233bea8/apply
Santa Cruz, CA
*********************************************
Project YX
https://jobs.lever.co/projectyx?by=location&commitment=Full-time

## slept ##
Error INVALID_REQUEST
Query: https://maps.google.com/maps/api/geocode/json?address=&sensor=false&bounds=&region=&language=&components=
*********************************************
Project YX
https://jobs.lever.co/projectyx?location=Santa%20Cruz%2C%20CA

## slept ##
Error INVALID_REQUEST
Query: https://maps.google.com/maps/api/geocode/json?address=&sensor=false&bounds=&region=&language=&components=
*********************************************
Project YX
https://jobs.lever.co/projectyx?by=commitment&team=Technology

## slept ##
Error INVALID_REQUEST
Query: https://maps.google.com/maps/api/geocode/json?address=&sensor=false&bounds=&region=&language=&components=
*********************************************
Project YX
https://jobs.lever.co/projectyx?by=location&location=Santa%20Cruz%2C%20CA

## slept ##
Error INVALID_REQUEST
Query: https://maps.google.com/maps/api/geocode/json?address=&sensor=false&bounds=&region=&language=&components=
*********************************************
Project YX
https://jobs.lever.co/projectyx?commitment=Full-time

## slept ##
Error INVALID_REQUEST
Query: https://maps.google.com/maps/api/geocode/json?address=&sensor=false&bounds=&region=&language=&components=
*********************************************
7
*********************************************
Propane - Client Manager
https://jobs.lever.co/propanestudio/c7e44977-d618-40a9-8d83-3fcab24b81d7
San Francisco
*********************************************
1
*********************************************
ProsperWorks - Front End Engineer
https://jobs.lever.co/prosperworks/5e35cd6e-d0b5-4d47-b937-5c6011f2c76f
San Francisco, CA
*********************************************
ProsperWorks - Infrastructure Engineer
https://jobs.lever.co/prosperworks/1f23fb9d-36eb-446a-9f18-3a9174781c63
San Francisco, CA
*********************************************
ProsperWorks - Server Engineer
https://jobs.lever.co/prosperworks/7a3022cc-50c1-4a34-97ef-98721903f182
San Francisco, CA
## slept ##
*********************************************
ProsperWorks - Operations Engineer
https://jobs.lever.co/prosperworks/16123aa6-87ce-4f4f-8df9-8767fd77e471
San Francisco, CA
## slept ##
*********************************************
ProsperWorks - Operations Engineer
https://jobs.lever.co/prosperworks/16123aa6-87ce-4f4f-8df9-8767fd77e471/apply
San Francisco, CA
*********************************************
ProsperWorks - Server Engineer
https://jobs.lever.co/prosperworks/7a3022cc-50c1-4a34-97ef-98721903f182/apply
San Francisco, CA
*********************************************
ProsperWorks - Front End Engineer
https://jobs.lever.co/prosperworks/5e35cd6e-d0b5-4d47-b937-5c6011f2c76f/apply
San Francisco, CA
*********************************************
ProsperWorks - Infrastructure Engineer
https://jobs.lever.co/prosperworks/1f23fb9d-36eb-446a-9f18-3a9174781c63/apply
San Francisco, CA
*********************************************
ProsperWorks
https://jobs.lever.co/prosperworks

## slept ##
Error INVALID_REQUEST
Query: https://maps.google.com/maps/api/geocode/json?address=&sensor=false&bounds=&region=&language=&components=
*********************************************
ProsperWorks
https://jobs.lever.co/prosperworks?by=location

## slept ##
Error INVALID_REQUEST
Query: https://maps.google.com/maps/api/geocode/json?address=&sensor=false&bounds=&region=&language=&components=
*********************************************
ProsperWorks - Technical Recruiter
https://jobs.lever.co/prosperworks/f8137ecb-d2fb-4d3a-9f6e-9138d8ffae56
San Francisco, CA
*********************************************
ProsperWorks - Product Manager
https://jobs.lever.co/prosperworks/14853159-201d-4cdb-acb3-0086bfc83c8e
San Francisco, CA
*********************************************
ProsperWorks - Sr. Product Designer
https://jobs.lever.co/prosperworks/953f5837-6c32-4f56-b17d-1e9111e799dc
San Francisco, CA
*********************************************
ProsperWorks - Onboarding Project Manager
https://jobs.lever.co/prosperworks/3d5f6835-c740-4e6f-b9ad-f16becfb4696
San Francisco, CA
*********************************************
14
*********************************************
Protocol Labs - Software Engineer, Distributed Systems
https://jobs.lever.co/protocol/50de30a8-289f-49e5-93ad-9967e1941c12
Remote
*********************************************
Protocol Labs - Software Engineer, Frontend
https://jobs.lever.co/protocol/362ae2fd-24a5-49cf-b19c-6d98aa43556a
Remote
*********************************************
Protocol Labs - System Operations Engineer
https://jobs.lever.co/protocol/a8640ecf-4b1a-490a-bf94-b205059cfe38
Remote
*********************************************
Protocol Labs - Software Engineer, Frontend
https://jobs.lever.co/protocol/362ae2fd-24a5-49cf-b19c-6d98aa43556a/apply
Remote
*********************************************
Protocol Labs - Software Engineer, Cryptographic Systems
https://jobs.lever.co/protocol/9afbc1c9-8b3b-4c03-856d-6b0cb5518eaa
Remote
*********************************************
Protocol Labs - Software Engineer, Distributed Systems
https://jobs.lever.co/protocol/50de30a8-289f-49e5-93ad-9967e1941c12/apply
Remote
*********************************************
Protocol Labs - System Operations Engineer
https://jobs.lever.co/protocol/a8640ecf-4b1a-490a-bf94-b205059cfe38/apply
Remote
*********************************************
Protocol Labs
https://jobs.lever.co/protocol

## slept ##
Error INVALID_REQUEST
Query: https://maps.google.com/maps/api/geocode/json?address=&sensor=false&bounds=&region=&language=&components=
*********************************************
Protocol Labs - Open Source Product Manager
https://jobs.lever.co/protocol/93815a61-b606-428b-8f00-37f2374bcaf6
Remote
*********************************************
Protocol Labs - User Experience Designer
https://jobs.lever.co/protocol/d8db6f8d-f8f8-44a9-bba1-56b1dc84d492
Remote
*********************************************
Protocol Labs - Open Source Project Manager
https://jobs.lever.co/protocol/ade15930-e3b2-4556-b8a2-1d40bcfe178c
Remote
*********************************************
11
*********************************************
0
*********************************************
0
*********************************************
pulseData - Full Stack Software Engineer
https://jobs.lever.co/pulsedata/b23f46aa-86f2-45da-85d2-54bf86e56a9d
NYC
*********************************************
pulseData - Full Stack Software Engineer
https://jobs.lever.co/pulsedata/b23f46aa-86f2-45da-85d2-54bf86e56a9d/apply
NYC
*********************************************
pulseData - Data Science Engineer
https://jobs.lever.co/pulsedata/8119b992-e5e1-4d69-b453-6a6b04bebacb
NYC
*********************************************
pulseData
https://jobs.lever.co/pulsedata

## slept ##
Error INVALID_REQUEST
Query: https://maps.google.com/maps/api/geocode/json?address=&sensor=false&bounds=&region=&language=&components=
*********************************************
pulseData
https://jobs.lever.co/pulsedata?team=Engineering

## slept ##
Error INVALID_REQUEST
Query: https://maps.google.com/maps/api/geocode/json?address=&sensor=false&bounds=&region=&language=&components=
*********************************************
pulseData
https://jobs.lever.co/pulsedata?by=location&team=Engineering

## slept ##
Error INVALID_REQUEST
Query: https://maps.google.com/maps/api/geocode/json?address=&sensor=false&bounds=&region=&language=&components=
*********************************************
pulseData
https://jobs.lever.co/pulsedata?commitment=Full-time

## slept ##
Error INVALID_REQUEST
Query: https://maps.google.com/maps/api/geocode/json?address=&sensor=false&bounds=&region=&language=&components=
*********************************************
pulseData
https://jobs.lever.co/pulsedata?by=commitment

## slept ##
Error INVALID_REQUEST
Query: https://maps.google.com/maps/api/geocode/json?address=&sensor=false&bounds=&region=&language=&components=
*********************************************
pulseData
https://jobs.lever.co/pulsedata?by=location&location=NYC

## slept ##
Error INVALID_REQUEST
Query: https://maps.google.com/maps/api/geocode/json?address=&sensor=false&bounds=&region=&language=&components=
*********************************************
pulseData - Sales Director
https://jobs.lever.co/pulsedata/da0ec480-76a1-4ff2-a804-5b703c60bde1
NYC
*********************************************
10
*********************************************
Pulsra - Machine Intelligence Engineer
https://jobs.lever.co/pulsra/b1b5944e-5434-48ee-8cd3-d63b5eb950fc
Mountain View, CA
## slept ##
*********************************************
HTTP Error 404: Not Found
Pulsra - Machine Intelligence Engineer
https://jobs.lever.co/pulsra/b1b5944e-5434-48ee-8cd3-d63b5eb950fc/apply
Mountain View, CA
*********************************************
Pulsra
https://jobs.lever.co/pulsra

## slept ##
Error INVALID_REQUEST
Query: https://maps.google.com/maps/api/geocode/json?address=&sensor=false&bounds=&region=&language=&components=
*********************************************
3
*********************************************
Qadium - Test Automation Engineer
https://jobs.lever.co/qadium.com/57119bf6-ba8c-4130-b40f-aa533334b2a4
San Francisco, CA
*********************************************
Qadium - Sales Engineer
https://jobs.lever.co/qadium.com/3eb6c781-e56a-453c-8f43-aceb35e0af11
San Francisco, CA
*********************************************
Qadium - Full Stack Engineer
https://jobs.lever.co/qadium.com/1a421322-16d1-417f-b021-898e739d47df
San Francisco, CA
*********************************************
Qadium
https://jobs.lever.co/qadium.com

## slept ##
Error INVALID_REQUEST
Query: https://maps.google.com/maps/api/geocode/json?address=&sensor=false&bounds=&region=&language=&components=
*********************************************
Qadium - Test Automation Engineer
https://jobs.lever.co/qadium.com/57119bf6-ba8c-4130-b40f-aa533334b2a4/apply
San Francisco, CA
*********************************************
HTTP Error 404: Not Found
Qadium - Technical Product Manager
https://jobs.lever.co/qadium.com/741aa73d-7d01-45c8-98ed-eb010f736685
San Francisco, CA
*********************************************
Qadium - USG Technical Deployment Manager - SF
https://jobs.lever.co/qadium.com/164d415a-ff73-4c75-b216-7aafd010b391
San Francisco, CA
*********************************************
HTTP Error 404: Not Found
HTTP Error 404: Not Found
7
*********************************************
Quartet - Senior Machine Learning Engineer, Intelligence Services
https://jobs.lever.co/quartet/aa897c8f-9d14-43ff-8d07-797277df85e8
New York, NY
*********************************************
Quartet - Data Platform Engineer
https://jobs.lever.co/quartet/7ceb88e4-f02b-4675-b29f-5e1d1f295d12
New York, NY
*********************************************
Quartet - Core Platform Engineer
https://jobs.lever.co/quartet/f37e696f-96f8-4d8a-8b03-637a36341a7b
New York, NY
*********************************************
Quartet - Senior Machine Learning Engineer, Intelligence Services
https://jobs.lever.co/quartet/aa897c8f-9d14-43ff-8d07-797277df85e8/apply
New York, NY
*********************************************
Quartet
https://jobs.lever.co/quartet

## slept ##
Error INVALID_REQUEST
Query: https://maps.google.com/maps/api/geocode/json?address=&sensor=false&bounds=&region=&language=&components=
*********************************************
Quartet - Senior Product Manager, Platform
https://jobs.lever.co/quartet/96f887d3-6221-4b1b-9dc0-03f5951ebfdf
New York, NY
*********************************************
Quartet - Senior Product Manager, Primary Care Provider
https://jobs.lever.co/quartet/db479919-7f2a-449e-b67f-83747eb6e69f
New York, NY
*********************************************
Quartet - Data Scientist, Data Integration Specialist
https://jobs.lever.co/quartet/11d1c79a-2457-459e-9e8c-fe4dbecade0d
New York, NY
*********************************************
Quartet - Senior Technical Recruiting Manager
https://jobs.lever.co/quartet/48b5725c-8d2f-417b-aee3-edfa911f53a7
New York, NY
*********************************************
HTTP Error 404: Not Found
Quartet - Senior Product Manager, Electronic Medical Records
https://jobs.lever.co/quartet/19c1c180-01fc-40d1-b12c-3cc5842c6900
New York, NY
*********************************************
Quartet - Community Specialist (Mandarin Speaking)
https://jobs.lever.co/quartet/5aa33834-28bb-427a-a8fe-2bbadb315ab0
New York, NY
*********************************************
Quartet - Recruiting Operations Coordinator
https://jobs.lever.co/quartet/404f3422-c881-44c6-a673-23cfa6ad4b39
New York, NY
*********************************************
HTTP Error 404: Not Found
12
*********************************************
HTTP Error 404: Not Found
0
*********************************************
Qubole - Big Data Sustenance Engineer
https://jobs.lever.co/qubole/f3c270e0-1391-4820-8a11-0457746a1760
Santa Clara, CA
*********************************************
Qubole - Site Operations Engineer
https://jobs.lever.co/qubole/acbc2963-65cb-4ccd-b284-123ce0e43c31
Santa Clara, CA
*********************************************
Qubole - Sr. Technical Support Engineer
https://jobs.lever.co/qubole/5341b08d-8a08-4c53-8721-16c62a685d6a
Santa Clara, CA
*********************************************
Qubole - Front End Engineer - Bangalore, India
https://jobs.lever.co/qubole/7ed61220-25ff-467f-a9e5-4748b6b23a03
Bangalore
*********************************************
Qubole - Customer Success Engineer
https://jobs.lever.co/qubole/d137e14a-321e-4a57-b88c-f4dc39ee9cc1
Santa Clara, CA
*********************************************
Qubole - Test Automation Engineer
https://jobs.lever.co/qubole/1351a450-9d34-4d7b-a4be-55b9bac3af4b
Bangalore
*********************************************
Qubole - Distributed Systems and DB Internals Engineer
https://jobs.lever.co/qubole/54564b56-a898-468d-9552-28893eeecfe7
Santa Clara, CA
*********************************************
Qubole - Distributed Systems Engineer - Cloud Platforms
https://jobs.lever.co/qubole/451737ee-7e19-4fa2-b837-87c8cee0079c
Bangalore
*********************************************
Qubole - DevOps Engineer
https://jobs.lever.co/qubole/8fb0cdd6-7544-48e2-b719-eba10f25d61b
Santa Clara, CA
*********************************************
Qubole - Tools Engineer
https://jobs.lever.co/qubole/dfb0c5dc-705a-4512-a042-50232e1139ad
Bangalore
*********************************************
Qubole - Test Engineer - Big Data and Distributed Systems
https://jobs.lever.co/qubole/6f3fe407-c4ae-4232-9a1a-c20b419dd807
Bangalore
*********************************************
Qubole - Big Data Support Engineer - Bangalore, India
https://jobs.lever.co/qubole/a33deaed-26cf-48e0-bdd0-9739ce959b7f
Bangalore
*********************************************
Qubole - Platform/Web Services Engineer
https://jobs.lever.co/qubole/5ab097e2-45f8-4e7f-96d5-2c0a1bc0cf66
Bangalore
*********************************************
Qubole - Test Engineer -Zeppelin- Bangalore, India
https://jobs.lever.co/qubole/f25e4e15-5e03-4202-9cb7-afe9ad2ac288
Bangalore
*********************************************
Qubole - Test Engineer - Frontend - Bangalore, India
https://jobs.lever.co/qubole/fc2d0c10-f290-4539-b818-286de5562f82
Bangalore
*********************************************
Qubole - Cloud Security Engineer
https://jobs.lever.co/qubole/d22b8733-92e5-4d4d-864b-181f4a63bb2b
Santa Clara, CA
*********************************************
Qubole - Senior Business Intelligence Engineer
https://jobs.lever.co/qubole/a714ede6-f6aa-4b16-89d4-dc423a4b531f
Santa Clara, CA
## slept ##
*********************************************
Qubole - DevOps Engineer
https://jobs.lever.co/qubole/8fb0cdd6-7544-48e2-b719-eba10f25d61b/apply
Santa Clara, CA
*********************************************
Qubole - Big Data Sustenance Engineer
https://jobs.lever.co/qubole/f3c270e0-1391-4820-8a11-0457746a1760/apply
Santa Clara, CA
*********************************************
Qubole - Tools Engineer
https://jobs.lever.co/qubole/dfb0c5dc-705a-4512-a042-50232e1139ad/apply
Bangalore
*********************************************
Qubole - Cloud Security Engineer
https://jobs.lever.co/qubole/d22b8733-92e5-4d4d-864b-181f4a63bb2b/apply
Santa Clara, CA
*********************************************
Qubole - Test Engineer - Frontend - Bangalore, India
https://jobs.lever.co/qubole/fc2d0c10-f290-4539-b818-286de5562f82/apply
Bangalore
*********************************************
Qubole - Platform/Web Services Engineer
https://jobs.lever.co/qubole/5ab097e2-45f8-4e7f-96d5-2c0a1bc0cf66/apply
Bangalore
*********************************************
Qubole - Customer Success Engineer
https://jobs.lever.co/qubole/d137e14a-321e-4a57-b88c-f4dc39ee9cc1/apply
Santa Clara, CA
*********************************************
Qubole - Test Engineer - Big Data and Distributed Systems
https://jobs.lever.co/qubole/6f3fe407-c4ae-4232-9a1a-c20b419dd807/apply
Bangalore
*********************************************
HTTP Error 404: Not Found
Qubole - Qubole Engineering Intern
https://jobs.lever.co/qubole/2268bded-f717-4dbf-b520-239fd487fb4c
Bangalore
*********************************************
Qubole - Security Project Manager
https://jobs.lever.co/qubole/c5647c01-a363-40fb-ad17-ccf78bdcee3d
Bangalore
*********************************************
HTTP Error 404: Not Found
Qubole - Spark Developer
https://jobs.lever.co/qubole/880f2bc9-ec47-4706-a9eb-a1bb25a82411
Santa Clara, CA
*********************************************
Qubole - Technical Writer - Bangalore, India
https://jobs.lever.co/qubole/6d26863a-d9d7-4afd-9448-432c42ac61f4
Bangalore
## slept ##
Error OVER_QUERY_LIMIT
Query: https://maps.google.com/maps/api/geocode/json?address=Bangalore&sensor=false&bounds=&region=&language=&components=
*********************************************
Qubole - Technical Lead - SaaS Platforms
https://jobs.lever.co/qubole/8e0806d7-4a83-494b-b375-65089e4dfc0e
Bangalore
## slept ##
Error OVER_QUERY_LIMIT
Query: https://maps.google.com/maps/api/geocode/json?address=Bangalore&sensor=false&bounds=&region=&language=&components=
*********************************************
Qubole - Product UX Designer
https://jobs.lever.co/qubole/36817e2c-5bd5-462a-aa98-e0789fcc91cd
Bangalore
*********************************************
Qubole - Security Compliance Specialist
https://jobs.lever.co/qubole/050175a5-7147-44e6-9e91-97f56bd5e660
Santa Clara, CA
## slept ##
Error OVER_QUERY_LIMIT
Query: https://maps.google.com/maps/api/geocode/json?address=Santa+Clara%2C+CA&sensor=false&bounds=&region=&language=&components=
*********************************************
Qubole - Cloud Service Product Manager
https://jobs.lever.co/qubole/37db38b3-6e9a-48fc-a9ae-19c5cfdaab56
Santa Clara, CA
## slept ##
*********************************************
Qubole - Solutions Architect
https://jobs.lever.co/qubole/bf0fa725-d2c0-4543-8786-991f41dbf2b2
Singapore
## slept ##
*********************************************
Qubole - Technical Sourcer (Contract)
https://jobs.lever.co/qubole/b0bfae29-7853-4045-99b3-a5a4096caaf7
Santa Clara, CA
## slept ##
Error OVER_QUERY_LIMIT
Query: https://maps.google.com/maps/api/geocode/json?address=Santa+Clara%2C+CA&sensor=false&bounds=&region=&language=&components=
*********************************************
Qubole - Customer Success Manager
https://jobs.lever.co/qubole/a3194f81-f033-4c4e-b776-041ac9d2c022
Santa Clara, CA
*********************************************
Qubole - Technical Lead - SaaS Platforms
https://jobs.lever.co/qubole/8e0806d7-4a83-494b-b375-65089e4dfc0e/apply
Bangalore
*********************************************
Qubole - Regional Sales Director
https://jobs.lever.co/qubole/c9bb1f56-6183-4fd5-8f62-f3d8c41d0e90
Seattle, WA
*********************************************
Qubole - Director of Strategic Alliances
https://jobs.lever.co/qubole/6d14f414-7784-4597-a0fb-c34e21bf38b6
Seattle, WA
## slept ##
*********************************************
Qubole - BD Account Manager
https://jobs.lever.co/qubole/ab2bbc2b-cc8c-417a-8a18-48ac923a9b4b
Bangalore
*********************************************
40
*********************************************
0
*********************************************
Quero Educação - Front-End Software Engineer
https://jobs.lever.co/quero.education/ca713b72-38b1-46f2-85fa-908745e7ddac/apply
São José dos Campos
## slept ##
*********************************************
Quero Educação - Front-End Software Engineer
https://jobs.lever.co/quero.education/ca713b72-38b1-46f2-85fa-908745e7ddac
São José dos Campos
*********************************************
Quero Educação - Back-End Software Engineer
https://jobs.lever.co/quero.education/115078d0-e493-4bf9-90c2-19c20363b9bc
São José dos Campos
*********************************************
Quero Educação - Software Engineering Intern
https://jobs.lever.co/quero.education/34141a81-5b45-416c-bf69-e484e042c921
São José dos Campos
*********************************************
Quero Educação
https://jobs.lever.co/quero.education

## slept ##
Error INVALID_REQUEST
Query: https://maps.google.com/maps/api/geocode/json?address=&sensor=false&bounds=&region=&language=&components=
*********************************************
Quero Educação - Lever
https://jobs.lever.co/quero.education?team=Engenharia

## slept ##
Error INVALID_REQUEST
Query: https://maps.google.com/maps/api/geocode/json?address=&sensor=false&bounds=&region=&language=&components=
*********************************************
Quero Educação - Lever
https://jobs.lever.co/quero.education?location=S%C3%A3o%20Jos%C3%A9%20dos%20Campos

## slept ##
Error INVALID_REQUEST
Query: https://maps.google.com/maps/api/geocode/json?address=&sensor=false&bounds=&region=&language=&components=
*********************************************
7
*********************************************
Cognizant Quick Left - Director of Engineering
https://jobs.lever.co/quickleft/3d30f31e-be3b-4949-8275-b70317ea483e
Boulder/Denver
*********************************************
Cognizant Quick Left - Director of Engineering
https://jobs.lever.co/quickleft/3d30f31e-be3b-4949-8275-b70317ea483e/apply
Boulder/Denver
*********************************************
Cognizant Quick Left - Lever
https://jobs.lever.co/quickleft

## slept ##
Error INVALID_REQUEST
Query: https://maps.google.com/maps/api/geocode/json?address=&sensor=false&bounds=&region=&language=&components=
*********************************************
Cognizant Quick Left - Senior Front End Web Developer
https://jobs.lever.co/quickleft/f53bae85-19cf-46fc-9b58-678b000eedb5
Boulder/Denver
*********************************************
Cognizant Quick Left
https://jobs.lever.co/quickleft?by=commitment

## slept ##
Error INVALID_REQUEST
Query: https://maps.google.com/maps/api/geocode/json?address=&sensor=false&bounds=&region=&language=&components=
*********************************************
5
*********************************************
Quri - Senior Back-End Engineer
https://jobs.lever.co/quri/868cd237-6efb-4647-8b10-de30c99ccfe7
San Francisco
*********************************************
Quri - Front End Engineer
https://jobs.lever.co/quri/4a5207d2-edd2-4507-a96b-9fd21e7e5f69
San Francisco
*********************************************
Quri - Senior Front End Engineer
https://jobs.lever.co/quri/ddc9a148-779b-4240-a843-b8983dd32cfa
San Francisco
*********************************************
Quri - Front End Engineer
https://jobs.lever.co/quri/4a5207d2-edd2-4507-a96b-9fd21e7e5f69/apply
San Francisco
*********************************************
Quri - Senior Front End Engineer
https://jobs.lever.co/quri/ddc9a148-779b-4240-a843-b8983dd32cfa/apply
San Francisco
*********************************************
Quri
https://jobs.lever.co/quri

## slept ##
Error INVALID_REQUEST
Query: https://maps.google.com/maps/api/geocode/json?address=&sensor=false&bounds=&region=&language=&components=
*********************************************
Quri
https://jobs.lever.co/quri/?by=location&location=San%20Francisco

## slept ##
Error INVALID_REQUEST
Query: https://maps.google.com/maps/api/geocode/json?address=&sensor=false&bounds=&region=&language=&components=
*********************************************
Quri
https://jobs.lever.co/quri/?by=commitment&commitment=Full-time

## slept ##
Error INVALID_REQUEST
Query: https://maps.google.com/maps/api/geocode/json?address=&sensor=false&bounds=&region=&language=&components=
*********************************************
Quri
https://jobs.lever.co/quri/?by=location&team=Engineering

## slept ##
Error INVALID_REQUEST
Query: https://maps.google.com/maps/api/geocode/json?address=&sensor=false&bounds=&region=&language=&components=
*********************************************
Quri - Sr. Product Manager- Enterprise Saas
https://jobs.lever.co/quri/d6fe185c-df64-42ef-86f0-b58d19c8a8c0
San Francisco
*********************************************
Quri
https://jobs.lever.co/quri/?by=location&location=Dallas

## slept ##
Error INVALID_REQUEST
Query: https://maps.google.com/maps/api/geocode/json?address=&sensor=false&bounds=&region=&language=&components=
*********************************************
Quri
https://jobs.lever.co/quri/?by=commitment&team=Client%20Services

## slept ##
Error INVALID_REQUEST
Query: https://maps.google.com/maps/api/geocode/json?address=&sensor=false&bounds=&region=&language=&components=
*********************************************
Quri
https://jobs.lever.co/quri/?by=location&team=Product

## slept ##
Error INVALID_REQUEST
Query: https://maps.google.com/maps/api/geocode/json?address=&sensor=false&bounds=&region=&language=&components=
*********************************************
Quri
https://jobs.lever.co/quri/?by=location&team=Sales

## slept ##
Error INVALID_REQUEST
Query: https://maps.google.com/maps/api/geocode/json?address=&sensor=false&bounds=&region=&language=&components=
*********************************************
14
*********************************************
Qventus - DevOps Engineer
https://jobs.lever.co/qventus/94f69472-7595-4264-b45a-390dade93cc6
Mountain View, CA
*********************************************
Qventus - Front End Engineer
https://jobs.lever.co/qventus/ccfc7930-da8a-413a-b29b-b4d9f1f67ca3
Mountain View, CA
*********************************************
Qventus - Mobile App Engineer
https://jobs.lever.co/qventus/3797cf0c-e4a4-4211-b36f-c6c3fd62247a
Mountain View, CA
*********************************************
Qventus - Backend Engineer
https://jobs.lever.co/qventus/55e71858-99e8-4998-a4f1-acabe9bc7661
Mountain View, CA
*********************************************
Qventus - Backend Engineer
https://jobs.lever.co/qventus/55e71858-99e8-4998-a4f1-acabe9bc7661/apply
Mountain View, CA
*********************************************
Qventus - Full Stack Engineer
https://jobs.lever.co/qventus/93033b74-bad1-48de-abf0-40aa03904fe1/apply
Mountain View, CA
*********************************************
Qventus - Front End Engineer
https://jobs.lever.co/qventus/ccfc7930-da8a-413a-b29b-b4d9f1f67ca3/apply
Mountain View, CA
## slept ##
*********************************************
Qventus
https://jobs.lever.co/qventus

## slept ##
Error INVALID_REQUEST
Query: https://maps.google.com/maps/api/geocode/json?address=&sensor=false&bounds=&region=&language=&components=
*********************************************
Qventus
https://jobs.lever.co/qventus?commitment=Full-time

## slept ##
Error INVALID_REQUEST
Query: https://maps.google.com/maps/api/geocode/json?address=&sensor=false&bounds=&region=&language=&components=
*********************************************
Qventus - Customer Success Manager
https://jobs.lever.co/qventus/c2daa819-8783-4196-a336-1df03c0cd3d5
Mountain View, CA
*********************************************
Qventus - Product Designer
https://jobs.lever.co/qventus/1dd55305-c70e-4f22-8da3-94cc824f4986
Mountain View, CA
*********************************************
Qventus - Product Manager, Machine Learning & Data Products
https://jobs.lever.co/qventus/71c0dca6-652c-4e70-8e5b-859e4ebcdbaf
Mountain View, CA
*********************************************
Qventus - Customer Success Analyst
https://jobs.lever.co/qventus/92a975dc-e205-4287-b7ee-517ee4038a9a
Mountain View, CA
## slept ##
*********************************************
Qventus - Technical Recruiter
https://jobs.lever.co/qventus/ba4fde67-62e6-4ff5-b237-13a68110c116
Mountain View, CA
*********************************************
Qventus - Data Scientist
https://jobs.lever.co/qventus/398420f8-e48e-4376-8170-1cc19aa57d85
Mountain View, CA
*********************************************
Qventus - Data Scientist
https://jobs.lever.co/qventus/398420f8-e48e-4376-8170-1cc19aa57d85/apply?lever-origin=applied&lever-source%5B%5D=AngelList
Mountain View, CA
*********************************************
16
*********************************************
QxBranch - Software Engineer
https://jobs.lever.co/qxbranch/80931ad1-149b-4d22-abae-62b97a4612cb
Washington, DC or Adelaide
*********************************************
QxBranch - Software Engineer - Lever
https://jobs.lever.co/qxbranch/80931ad1-149b-4d22-abae-62b97a4612cb/apply
Washington, DC or Adelaide
*********************************************
QxBranch - Senior Systems Engineer
https://jobs.lever.co/qxbranch/4fafcb95-5a64-4637-aef8-b2455ca6ebfd/apply
Washington, DC
*********************************************
QxBranch - Cyber Security Engineer / Analyst - Lever
https://jobs.lever.co/qxbranch/45b8fbf8-7475-479b-b62a-ad8776c9741d/apply
DC, NYC, or London
*********************************************
QxBranch
https://jobs.lever.co/qxbranch

## slept ##
Error INVALID_REQUEST
Query: https://maps.google.com/maps/api/geocode/json?address=&sensor=false&bounds=&region=&language=&components=
*********************************************
QxBranch - Lever
https://jobs.lever.co/qxbranch?by=location

## slept ##
Error INVALID_REQUEST
Query: https://maps.google.com/maps/api/geocode/json?address=&sensor=false&bounds=&region=&language=&components=
*********************************************
QxBranch - Vice President, Analytic Sales
https://jobs.lever.co/qxbranch/3f3d3da8-da13-47bc-a842-2363f0511db5
Washington, DC
*********************************************
QxBranch - Do we need you and not know it?
https://jobs.lever.co/qxbranch/eda4c664-36a6-411f-993a-c0593b7374b4

## slept ##
Error INVALID_REQUEST
Query: https://maps.google.com/maps/api/geocode/json?address=&sensor=false&bounds=&region=&language=&components=
*********************************************
QxBranch - Lever
https://jobs.lever.co/qxbranch?team=Software%20Engineering

## slept ##
Error INVALID_REQUEST
Query: https://maps.google.com/maps/api/geocode/json?address=&sensor=false&bounds=&region=&language=&components=
*********************************************
QxBranch - Lever
https://jobs.lever.co/qxbranch?by=commitment

## slept ##
Error INVALID_REQUEST
Query: https://maps.google.com/maps/api/geocode/json?address=&sensor=false&bounds=&region=&language=&components=
*********************************************
QxBranch - Lever
https://jobs.lever.co/qxbranch?location=Washington%2C%20DC

## slept ##
Error INVALID_REQUEST
Query: https://maps.google.com/maps/api/geocode/json?address=&sensor=false&bounds=&region=&language=&components=
*********************************************
HTTP Error 404: Not Found
QxBranch - Lever
https://jobs.lever.co/qxbranch?commitment=Full-time

## slept ##
Error INVALID_REQUEST
Query: https://maps.google.com/maps/api/geocode/json?address=&sensor=false&bounds=&region=&language=&components=
*********************************************
QxBranch
https://jobs.lever.co/qxbranch?team=Advanced%20Data%20Analytics

## slept ##
Error INVALID_REQUEST
Query: https://maps.google.com/maps/api/geocode/json?address=&sensor=false&bounds=&region=&language=&components=
*********************************************
QxBranch
https://jobs.lever.co/qxbranch?commitment=Part-time

## slept ##
Error INVALID_REQUEST
Query: https://maps.google.com/maps/api/geocode/json?address=&sensor=false&bounds=&region=&language=&components=
*********************************************
QxBranch
https://jobs.lever.co/qxbranch?location=&commitment=Intern&team=Advanced%20Data%20Analytics

## slept ##
Error INVALID_REQUEST
Query: https://maps.google.com/maps/api/geocode/json?address=&sensor=false&bounds=&region=&language=&components=
*********************************************
15
*********************************************
