The Meet Group - Senior Software Engineer - Android
https://jobs.lever.co/meetgroup/96e0e362-9e4c-49e2-87e5-eb4b52bcf613
Greater Philadelphia Area
## slept ##
Error OVER_QUERY_LIMIT
Query: https://maps.google.com/maps/api/geocode/json?address=Greater+Philadelphia+Area&sensor=false&bounds=&region=&language=&components=
*********************************************
The Meet Group - Senior Software Engineer - Backend
https://jobs.lever.co/meetgroup/ba4a6565-832a-42a6-a8fd-d7f0353ad829
Greater Philadelphia Area
## slept ##
Error OVER_QUERY_LIMIT
Query: https://maps.google.com/maps/api/geocode/json?address=Greater+Philadelphia+Area&sensor=false&bounds=&region=&language=&components=
*********************************************
The Meet Group - Software Engineer - AdOps
https://jobs.lever.co/meetgroup/164fbcb1-ccb8-44f8-b155-152909ec4c84
Greater Philadelphia Area
## slept ##
Error OVER_QUERY_LIMIT
Query: https://maps.google.com/maps/api/geocode/json?address=Greater+Philadelphia+Area&sensor=false&bounds=&region=&language=&components=
*********************************************
The Meet Group - Senior Software Engineer - API
https://jobs.lever.co/meetgroup/a4c2cf8a-eea9-423f-8b82-e780cb870aaa
Greater Philadelphia Area
## slept ##
Error OVER_QUERY_LIMIT
Query: https://maps.google.com/maps/api/geocode/json?address=Greater+Philadelphia+Area&sensor=false&bounds=&region=&language=&components=
*********************************************
The Meet Group - Senior Software Engineer - iOS
https://jobs.lever.co/meetgroup/61696e3a-6d48-48f4-bd91-e8afd9d9e649
Greater Philadelphia Area
## slept ##
Error OVER_QUERY_LIMIT
Query: https://maps.google.com/maps/api/geocode/json?address=Greater+Philadelphia+Area&sensor=false&bounds=&region=&language=&components=
*********************************************
HTTP Error 404: Not Found
The Meet Group - Senior Software Engineer - Android
https://jobs.lever.co/meetgroup/96e0e362-9e4c-49e2-87e5-eb4b52bcf613/apply
Greater Philadelphia Area
## slept ##
Error OVER_QUERY_LIMIT
Query: https://maps.google.com/maps/api/geocode/json?address=Greater+Philadelphia+Area&sensor=false&bounds=&region=&language=&components=
____________________________________________________________
*********************************************
The Meet Group
https://jobs.lever.co/meetgroup

## slept ##
Error INVALID_REQUEST
Query: https://maps.google.com/maps/api/geocode/json?address=&sensor=false&bounds=&region=&language=&components=
Filter by:
*********************************************
The Meet Group - Senior Product Manager
https://jobs.lever.co/meetgroup/a9f232be-4867-4281-8623-8b40b7dec497
Greater Philadelphia Area
## slept ##
Error OVER_QUERY_LIMIT
Query: https://maps.google.com/maps/api/geocode/json?address=Greater+Philadelphia+Area&sensor=false&bounds=&region=&language=&components=
*********************************************
6
*********************************************
Flipagram - Principal Software Engineer
https://jobs.lever.co/flipagram/9af79ee9-010c-4d14-a911-05c1903fa62d
Los Angeles
## slept ##
Error OVER_QUERY_LIMIT
Query: https://maps.google.com/maps/api/geocode/json?address=Los+Angeles&sensor=false&bounds=&region=&language=&components=
administrative
*********************************************
Flipagram - Principal Software Engineer
https://jobs.lever.co/flipagram/9af79ee9-010c-4d14-a911-05c1903fa62d/apply
Los Angeles
## slept ##
Error OVER_QUERY_LIMIT
Query: https://maps.google.com/maps/api/geocode/json?address=Los+Angeles&sensor=false&bounds=&region=&language=&components=
____________________________________________________________
*********************************************
Flipagram - Senior Software Engineer (Music Team)
https://jobs.lever.co/flipagram/07cfce33-de30-438e-a8ec-16514936c58d/apply
Los Angeles
## slept ##
Error OVER_QUERY_LIMIT
Query: https://maps.google.com/maps/api/geocode/json?address=Los+Angeles&sensor=false&bounds=&region=&language=&components=
____________________________________________________________
*********************************************
0
*********************************************
Scoop - Senior Software Engineer
https://jobs.lever.co/takescoop/0738c3b5-3609-42c0-98e4-eb3d349ca34e
San Francisco, California
## slept ##
Error OVER_QUERY_LIMIT
Query: https://maps.google.com/maps/api/geocode/json?address=San+Francisco%2C+California&sensor=false&bounds=&region=&language=&components=
equity
*********************************************
Scoop - Software Engineer
https://jobs.lever.co/takescoop/f9d32b6a-e7dc-477a-9be2-653158031db0/apply
San Francisco, California
## slept ##
Error OVER_QUERY_LIMIT
Query: https://maps.google.com/maps/api/geocode/json?address=San+Francisco%2C+California&sensor=false&bounds=&region=&language=&components=
____________________________________________________________
*********************************************
Scoop - Senior Software Engineer
https://jobs.lever.co/takescoop/0738c3b5-3609-42c0-98e4-eb3d349ca34e/apply
San Francisco, California
## slept ##
Error OVER_QUERY_LIMIT
Query: https://maps.google.com/maps/api/geocode/json?address=San+Francisco%2C+California&sensor=false&bounds=&region=&language=&components=
____________________________________________________________
*********************************************
Scoop
https://jobs.lever.co/takescoop

## slept ##
Error INVALID_REQUEST
Query: https://maps.google.com/maps/api/geocode/json?address=&sensor=false&bounds=&region=&language=&components=
Filter by:
*********************************************
Scoop
https://jobs.lever.co/takescoop?commitment=Full-time

## slept ##
Error INVALID_REQUEST
Query: https://maps.google.com/maps/api/geocode/json?address=&sensor=false&bounds=&region=&language=&components=
Filter by:
*********************************************
Scoop
https://jobs.lever.co/takescoop?by=commitment

## slept ##
Error INVALID_REQUEST
Query: https://maps.google.com/maps/api/geocode/json?address=&sensor=false&bounds=&region=&language=&components=
Filter by:
*********************************************
Scoop
https://jobs.lever.co/takescoop?team=Sales

## slept ##
Error INVALID_REQUEST
Query: https://maps.google.com/maps/api/geocode/json?address=&sensor=false&bounds=&region=&language=&components=
Filter by:
*********************************************
Scoop
https://jobs.lever.co/takescoop?commitment=Part-time

## slept ##
Error INVALID_REQUEST
Query: https://maps.google.com/maps/api/geocode/json?address=&sensor=false&bounds=&region=&language=&components=
Filter by:
*********************************************
Scoop - Senior Android Engineer
https://jobs.lever.co/takescoop/64d80e73-9ebc-4a5a-b75a-9f954bcd9991
San Francisco, California
## slept ##
Error OVER_QUERY_LIMIT
Query: https://maps.google.com/maps/api/geocode/json?address=San+Francisco%2C+California&sensor=false&bounds=&region=&language=&components=
weekly
*********************************************
0
*********************************************
Light - senior software engineer - research
https://jobs.lever.co/light/fe5bd7e3-8f33-4138-ae28-1d03c4e3a0a3
Palo Alto
## slept ##
Error OVER_QUERY_LIMIT
Query: https://maps.google.com/maps/api/geocode/json?address=Palo+Alto&sensor=false&bounds=&region=&language=&components=
*********************************************
Lighthouse - Software Engineer (C++)
https://jobs.lever.co/light.house/232f61cd-148d-4180-aa9e-397e2ce62c2d
Palo Alto
## slept ##
Error OVER_QUERY_LIMIT
Query: https://maps.google.com/maps/api/geocode/json?address=Palo+Alto&sensor=false&bounds=&region=&language=&components=
equity
*********************************************
Light - senior systems software engineer
https://jobs.lever.co/light/ecc5aaab-28c9-4f08-b5df-251393bbb017
Palo Alto
## slept ##
Error OVER_QUERY_LIMIT
Query: https://maps.google.com/maps/api/geocode/json?address=Palo+Alto&sensor=false&bounds=&region=&language=&components=
partner 
*********************************************
Lighthouse - Software Engineer (C++)
https://jobs.lever.co/light.house/232f61cd-148d-4180-aa9e-397e2ce62c2d/apply
Palo Alto
## slept ##
Error OVER_QUERY_LIMIT
Query: https://maps.google.com/maps/api/geocode/json?address=Palo+Alto&sensor=false&bounds=&region=&language=&components=
____________________________________________________________
*********************************************
Light - senior systems software engineer
https://jobs.lever.co/light/ecc5aaab-28c9-4f08-b5df-251393bbb017/apply
Palo Alto
## slept ##
Error OVER_QUERY_LIMIT
Query: https://maps.google.com/maps/api/geocode/json?address=Palo+Alto&sensor=false&bounds=&region=&language=&components=
____________________________________________________________
*********************************************
Light - senior software engineer - research
https://jobs.lever.co/light/fe5bd7e3-8f33-4138-ae28-1d03c4e3a0a3/apply
Palo Alto
## slept ##
Error OVER_QUERY_LIMIT
Query: https://maps.google.com/maps/api/geocode/json?address=Palo+Alto&sensor=false&bounds=&region=&language=&components=
____________________________________________________________
*********************************************
Light - senior build and release engineer
https://jobs.lever.co/light/7270f61d-5ce6-47b0-b563-3a351efc1d6a
Palo Alto
## slept ##
Error OVER_QUERY_LIMIT
Query: https://maps.google.com/maps/api/geocode/json?address=Palo+Alto&sensor=false&bounds=&region=&language=&components=
*********************************************
Light - senior firmware QA engineer
https://jobs.lever.co/light/df2f00c9-0781-4b0c-bec8-42dfb6427b92
Palo Alto
## slept ##
Error OVER_QUERY_LIMIT
Query: https://maps.google.com/maps/api/geocode/json?address=Palo+Alto&sensor=false&bounds=&region=&language=&components=
*********************************************
Light
https://jobs.lever.co/light

## slept ##
Error INVALID_REQUEST
Query: https://maps.google.com/maps/api/geocode/json?address=&sensor=false&bounds=&region=&language=&components=
Filter by:
*********************************************
Light - image quality tuning engineer
https://jobs.lever.co/light/7ec74ceb-019a-42d6-9e9f-64a852156233
Palo Alto
## slept ##
Error OVER_QUERY_LIMIT
Query: https://maps.google.com/maps/api/geocode/json?address=Palo+Alto&sensor=false&bounds=&region=&language=&components=
*********************************************
Light
https://jobs.lever.co/light/?by=location&location=Palo%20Alto

## slept ##
Error INVALID_REQUEST
Query: https://maps.google.com/maps/api/geocode/json?address=&sensor=false&bounds=&region=&language=&components=
Filter by:
*********************************************
Lighthouse - Distributed Vision Systems Engineer
https://jobs.lever.co/light.house/ce0c1170-8697-403c-a9aa-e766f9511a73
Palo Alto
## slept ##
Error OVER_QUERY_LIMIT
Query: https://maps.google.com/maps/api/geocode/json?address=Palo+Alto&sensor=false&bounds=&region=&language=&components=
*********************************************
Light - senior build and release engineer
https://jobs.lever.co/light/7270f61d-5ce6-47b0-b563-3a351efc1d6a/apply
Palo Alto
## slept ##
Error OVER_QUERY_LIMIT
Query: https://maps.google.com/maps/api/geocode/json?address=Palo+Alto&sensor=false&bounds=&region=&language=&components=
____________________________________________________________
*********************************************
HTTP Error 404: Not Found
Light
https://jobs.lever.co/light?team=Computational%20Imaging

## slept ##
Error INVALID_REQUEST
Query: https://maps.google.com/maps/api/geocode/json?address=&sensor=false&bounds=&region=&language=&components=
Filter by:
*********************************************
Light - senior firmware QA engineer
https://jobs.lever.co/light/df2f00c9-0781-4b0c-bec8-42dfb6427b92/apply
Palo Alto
## slept ##
Error OVER_QUERY_LIMIT
Query: https://maps.google.com/maps/api/geocode/json?address=Palo+Alto&sensor=false&bounds=&region=&language=&components=
____________________________________________________________
*********************************************
HTTP Error 404: Not Found
Lighthouse - Full Stack Engineer
https://jobs.lever.co/light.house/a0019ce0-05a1-48f5-8d5f-0ac67e5977f9/apply
Palo Alto
## slept ##
Error OVER_QUERY_LIMIT
Query: https://maps.google.com/maps/api/geocode/json?address=Palo+Alto&sensor=false&bounds=&region=&language=&components=
____________________________________________________________
*********************************************
HTTP Error 404: Not Found
Lighthouse - Manager Quality / SQE / Reliability Engineering
https://jobs.lever.co/light.house/2c7292e1-eacd-4dc0-87e2-8e6c5291ba23
Palo Alto
## slept ##
Error OVER_QUERY_LIMIT
Query: https://maps.google.com/maps/api/geocode/json?address=Palo+Alto&sensor=false&bounds=&region=&language=&components=
equity
*********************************************
Lighthouse - Deep Learning Engineer
https://jobs.lever.co/light.house/8c76cda3-50f8-417b-b650-62a3419579ce
Palo Alto
## slept ##
Error OVER_QUERY_LIMIT
Query: https://maps.google.com/maps/api/geocode/json?address=Palo+Alto&sensor=false&bounds=&region=&language=&components=
*********************************************
HTTP Error 404: Not Found
Light - technical program manager
https://jobs.lever.co/light/bf8c937a-ae78-4907-b769-89176ed0bb93
Palo Alto
## slept ##
Error OVER_QUERY_LIMIT
Query: https://maps.google.com/maps/api/geocode/json?address=Palo+Alto&sensor=false&bounds=&region=&language=&components=
amazing opportunity
*********************************************
Light
https://jobs.lever.co/light?location=Taipei

## slept ##
Error INVALID_REQUEST
Query: https://maps.google.com/maps/api/geocode/json?address=&sensor=false&bounds=&region=&language=&components=
Filter by:
*********************************************
Light
https://jobs.lever.co/light/?by=location&location=Taipei

## slept ##
Error INVALID_REQUEST
Query: https://maps.google.com/maps/api/geocode/json?address=&sensor=false&bounds=&region=&language=&components=
Filter by:
*********************************************
Light - senior materials program manager
https://jobs.lever.co/light/f1880d6b-9647-4cfd-83a6-0e9d3a77eaf0
Palo Alto
## slept ##
Error OVER_QUERY_LIMIT
Query: https://maps.google.com/maps/api/geocode/json?address=Palo+Alto&sensor=false&bounds=&region=&language=&components=
weekly
*********************************************
6
*********************************************
Node - Senior Software Engineer (Distributed Systems)
https://jobs.lever.co/node/3e235b72-8197-4339-9ac9-64dee9977626
San Francisco
## slept ##
