Estimote - Hardware Test Automation Engineer
https://jobs.lever.co/estimote/1d398956-a720-47df-8270-2c414c88c9c7
Krakow, Poland
*********************************************
Estimote - CNC Engineer
https://jobs.lever.co/estimote/f58e1b5c-bd7d-49b0-83f2-b90393029e07/apply
Krakow, Poland
____________________________________________________________
*********************************************
Estimote - Senior Android Engineer
https://jobs.lever.co/estimote/b73f5a64-bdae-4c0f-a11d-790278ccbe9b/apply
Krakow, Poland
____________________________________________________________
*********************************************
Estimote - Senior Embedded Software Engineer
https://jobs.lever.co/estimote/79d422ca-c763-4b8b-a917-0ae12239acdb/apply
Krakow, Poland
____________________________________________________________
*********************************************
Estimote - Android Engineer
https://jobs.lever.co/estimote/1b864b9a-85ce-4bf2-9246-8cf878c02fb1/apply
Krakow, Poland
____________________________________________________________
*********************************************
Estimote - Systems Engineer
https://jobs.lever.co/estimote/ab07b954-1b7f-42ef-a035-8b3761b6706f/apply
Krakow, Poland
____________________________________________________________
*********************************************
Estimote - iOS Engineer
https://jobs.lever.co/estimote/64369cbe-9b96-43c5-b53e-b850d8c2d669/apply
Krakow, Poland
____________________________________________________________
*********************************************
Estimote - Android Engineer
https://jobs.lever.co/estimote/1b864b9a-85ce-4bf2-9246-8cf878c02fb1
Krakow, Poland
*********************************************
Estimote - RF Engineer
https://jobs.lever.co/estimote/e1814650-7613-4cb1-aebd-a870df3fae7d
Krakow, Poland
*********************************************
Estimote - Systems Engineer
https://jobs.lever.co/estimote/ab07b954-1b7f-42ef-a035-8b3761b6706f
Krakow, Poland
*********************************************
Estimote - CNC Engineer
https://jobs.lever.co/estimote/f58e1b5c-bd7d-49b0-83f2-b90393029e07
Krakow, Poland
*********************************************
Estimote - iOS Engineer
https://jobs.lever.co/estimote/64369cbe-9b96-43c5-b53e-b850d8c2d669
Krakow, Poland
*********************************************
Estimote - RF Engineer
https://jobs.lever.co/estimote/e1814650-7613-4cb1-aebd-a870df3fae7d/apply
Krakow, Poland
____________________________________________________________
*********************************************
Estimote - Senior iOS Engineer
https://jobs.lever.co/estimote/1dfd40da-cc35-410d-b8c5-4d944040254e
Krakow, Poland
*********************************************
Estimote - Senior Android Engineer
https://jobs.lever.co/estimote/b73f5a64-bdae-4c0f-a11d-790278ccbe9b
Krakow, Poland
*********************************************
Estimote - Full Stack Hardware Engineer
https://jobs.lever.co/estimote/595c2962-cc3e-4346-b9ad-f908e45a13a9/apply
Krakow, Poland
____________________________________________________________
*********************************************
Estimote - Full Stack Hardware Engineer
https://jobs.lever.co/estimote/595c2962-cc3e-4346-b9ad-f908e45a13a9
Krakow, Poland
*********************************************
Estimote - Senior Embedded Software Engineer
https://jobs.lever.co/estimote/79d422ca-c763-4b8b-a917-0ae12239acdb
Krakow, Poland
*********************************************
Estimote - Front-End Engineer
https://jobs.lever.co/estimote/e66a17e3-0bed-408d-a11d-bceffa24ff72/apply
Krakow, Poland
____________________________________________________________
*********************************************
Estimote - Senior iOS Engineer
https://jobs.lever.co/estimote/1dfd40da-cc35-410d-b8c5-4d944040254e/apply
Krakow, Poland
____________________________________________________________
*********************************************
Estimote - Senior Front-End Software Engineer
https://jobs.lever.co/estimote/0a0ac8d9-278a-4a62-a94f-ffb327bc66da
Krakow, Poland
*********************************************
Estimote - Hardware Test Automation Engineer
https://jobs.lever.co/estimote/1d398956-a720-47df-8270-2c414c88c9c7/apply
Krakow, Poland
____________________________________________________________
*********************************************
Estimote - JS Full-Stack Engineer
https://jobs.lever.co/estimote/4e176eb2-1f38-4e9c-bbd0-11759571290d/apply
Krakow, Poland
____________________________________________________________
*********************************************
Estimote - Node.js Engineer
https://jobs.lever.co/estimote/202aec58-47f4-4509-b1b2-e4aed3d42dd0/apply
Krakow, Poland
____________________________________________________________
*********************************************
Estimote - Sales Engineer
https://jobs.lever.co/estimote/3cda640e-cb54-4e4b-bbf2-3513dd6b4227/apply
San Francisco, USA
____________________________________________________________
*********************************************
Estimote
https://jobs.lever.co/estimote

## slept ##
Error INVALID_REQUEST
Query: https://maps.google.com/maps/api/geocode/json?address=&sensor=false&bounds=&region=&language=&components=
Filter by:
*********************************************
Estimote - Sales Engineer
https://jobs.lever.co/estimote/3cda640e-cb54-4e4b-bbf2-3513dd6b4227
San Francisco, USA
*********************************************
Estimote - Node.js Engineer
https://jobs.lever.co/estimote/202aec58-47f4-4509-b1b2-e4aed3d42dd0
Krakow, Poland
*********************************************
Estimote - Front-End Engineer
https://jobs.lever.co/estimote/e66a17e3-0bed-408d-a11d-bceffa24ff72
Krakow, Poland
*********************************************
Estimote - JS Full-Stack Engineer
https://jobs.lever.co/estimote/5fd867dc-4ed8-4902-9435-c0345af5e783
Krakow, Poland
*********************************************
Estimote - JS Full-Stack Engineer
https://jobs.lever.co/estimote/4e176eb2-1f38-4e9c-bbd0-11759571290d
Krakow, Poland
*********************************************
Estimote - JS Full-Stack Engineer
https://jobs.lever.co/estimote/cac0efd4-69a0-43a6-833c-39cb1245484c
Krakow, Poland
*********************************************
Estimote
https://jobs.lever.co/estimote?by=location&location=Krakow%2C%20Poland

## slept ##
Error INVALID_REQUEST
Query: https://maps.google.com/maps/api/geocode/json?address=&sensor=false&bounds=&region=&language=&components=
Filter by:
*********************************************
Estimote - Head of Engineering
https://jobs.lever.co/estimote/36df9c54-a44a-4722-a8d5-6fa33a0ea591
Krakow, Poland
*********************************************
Estimote - Head of Engineering
https://jobs.lever.co/estimote/36df9c54-a44a-4722-a8d5-6fa33a0ea591/apply
Krakow, Poland
____________________________________________________________
*********************************************
Estimote
https://jobs.lever.co/estimote?team=Developer%20Experience

## slept ##
Error INVALID_REQUEST
Query: https://maps.google.com/maps/api/geocode/json?address=&sensor=false&bounds=&region=&language=&components=
Filter by:
*********************************************
18
*********************************************
Etsy - Full Stack Software Engineer (Brooklyn or Remote)
https://jobs.lever.co/etsy/d6f56ba8-f2f5-45fd-b7ae-9497a68f2c8a
Remote
*********************************************
Etsy - Senior Android Engineer (Brooklyn or Remote)
https://jobs.lever.co/etsy/3f3c5f10-20b4-477a-aa23-23cda24bca06
Brooklyn, NY
*********************************************
Etsy - Sr. Application Security Engineer
https://jobs.lever.co/etsy/8e7dca2c-c22b-4f55-bfea-97da0abaf0e8
Brooklyn, NY
*********************************************
HTTP Error 404: Not Found
Etsy - Senior Software Engineer, Big Data
https://jobs.lever.co/etsy/dd4bb834-2a1f-4eb0-a1d2-00423d24abcc
Brooklyn, NY
local
*********************************************
Etsy - Senior Machine Learning Engineer (San Francisco)
https://jobs.lever.co/etsy/b16e8919-ac93-4243-927f-201f06208ba5/apply?lever-source[]=Etsy.com
San Francisco, CA
survey
____________________________________________________________
*********************************************
Etsy - Senior Software Engineer, Test and Deployment
https://jobs.lever.co/etsy/fc08b554-c8a5-4ae1-b47f-aed51ad7e8d1
Remote
*********************************************
Etsy - Senior Software Engineer, Market Localization (San Francisco)
https://jobs.lever.co/etsy/c13723d8-a107-481d-be4b-91fe76eae3f9
San Francisco, CA
local
*********************************************
HTTP Error 404: Not Found
Etsy - Senior Search Infrastructure Engineer (San Francisco)
https://jobs.lever.co/etsy/d58d265c-9c12-407c-88b6-285dd7693b38
San Francisco, CA
*********************************************
Etsy - Senior Search Ranking Engineer (San Francisco)
https://jobs.lever.co/etsy/b4e3e5f7-f622-4331-b064-c3fbbef4ecd8
San Francisco, CA
*********************************************
HTTP Error 404: Not Found
Etsy - Senior Software Engineer, Big Data
https://jobs.lever.co/etsy/dd4bb834-2a1f-4eb0-a1d2-00423d24abcc/apply
Brooklyn, NY
survey
____________________________________________________________
*********************************************
Etsy - Software Development Engineer, Infrastructure (Brooklyn or ...
https://jobs.lever.co/etsy/e241a117-f5a3-4e07-a878-2586d2aa9233
Brooklyn OR Dublin
*********************************************
Etsy - Senior Software Engineer, Search & Personalization ...
https://jobs.lever.co/etsy/0e80203c-3db6-4294-8b3e-7331405f1a65
Brooklyn OR San Francisco
*********************************************
HTTP Error 404: Not Found
HTTP Error 404: Not Found
Etsy - Senior Android Engineer (Brooklyn or Remote)
https://jobs.lever.co/etsy/3f3c5f10-20b4-477a-aa23-23cda24bca06/apply?lever-source[]=Etsy.com
Brooklyn, NY
survey
____________________________________________________________
*********************************************
Etsy
https://jobs.lever.co/etsy

## slept ##
Error INVALID_REQUEST
Query: https://maps.google.com/maps/api/geocode/json?address=&sensor=false&bounds=&region=&language=&components=
Filter by:
*********************************************
HTTP Error 404: Not Found
Etsy - Engineering Manager, Product Engineering
https://jobs.lever.co/etsy/29460f8b-9028-41df-95cd-2288f1240b09
Brooklyn, NY
*********************************************
Etsy - Engineering Manager, Memory & Persistence (Dublin)
https://jobs.lever.co/etsy/1aa61ee6-50ef-4925-9532-bfaf689c38e1
Dublin, IE
*********************************************
Etsy - Engineering Manager, Sell on Etsy iOS and Android Apps
https://jobs.lever.co/etsy/37506b03-89a5-4412-a2be-0c6a5db835ee
Brooklyn, NY
*********************************************
HTTP Error 404: Not Found
Etsy - Software Engineering Internship - Summer 2018
https://jobs.lever.co/etsy/1ae98d86-dba8-43ad-98d2-3a1adc6af772
Brooklyn, NY
*********************************************
Etsy - Engineering Manager, Memory & Persistence (Dublin)
https://jobs.lever.co/etsy/1aa61ee6-50ef-4925-9532-bfaf689c38e1/apply
Dublin, IE
____________________________________________________________
*********************************************
Etsy - Senior Product Manager, Native Buyer Apps
https://jobs.lever.co/etsy/a19ff1fb-2deb-4fcd-89e5-b63b06fd76c1
Brooklyn, NY
marketing
*********************************************
Etsy - Director of Technical Project Management
https://jobs.lever.co/etsy/cc77b168-bfcb-4b1b-b21f-dee9bd696954
Brooklyn, NY
*********************************************
Etsy - Data Scientist, Quantitative Insights (Brooklyn or SF)
https://jobs.lever.co/etsy/27c3c0f1-1dcf-43df-9ed4-4a42f6ad4c17
Brooklyn, NY
*********************************************
Etsy - Senior Technical CRM Program Manager
https://jobs.lever.co/etsy/d366d1bd-320f-4c97-a20f-ffbc81bb987d
Brooklyn, NY
marketing
*********************************************
Etsy - Global SEO Lead
https://jobs.lever.co/etsy/b7e1d9b4-1836-40fa-aa3b-e4a894c32de6
Brooklyn, NY
marketing
*********************************************
Etsy - Data Scientist, Quantitative Insights (Brooklyn or SF)
https://jobs.lever.co/etsy/27c3c0f1-1dcf-43df-9ed4-4a42f6ad4c17/apply
Brooklyn, NY
survey
____________________________________________________________
*********************************************
HTTP Error 404: Not Found
Etsy - Data Scientist, Machine Learning and AI (Brooklyn, NY)
https://jobs.lever.co/etsy/9aa2db65-61b7-4616-95a6-e9b9f0ddcfbf/apply
Brooklyn, NY
survey
____________________________________________________________
*********************************************
Etsy - Senior User Experience Researcher - Seller Insights
https://jobs.lever.co/etsy/76b5dd86-2583-4653-b47d-f5dc0d4b3902
Brooklyn, NY
partner 
*********************************************
Etsy - Head of Product Management, Trust & Confidence
https://jobs.lever.co/etsy/cc63f680-8f22-40e7-9e1e-7e9de86c8386
Brooklyn, NY
partner 
*********************************************
Etsy - Data Scientist, Machine Learning and AI (San Francisco)
https://jobs.lever.co/etsy/27a0ccf9-c272-4d83-a86c-cc402c3252cd/apply
San Francisco, CA
survey
____________________________________________________________
*********************************************
Etsy - User Experience Researcher - Buyer Insights
https://jobs.lever.co/etsy/c117298f-093b-47eb-8031-3988d95251c0
Brooklyn, NY
partner 
*********************************************
Etsy - User Experience Researcher - Seller Insights
https://jobs.lever.co/etsy/f181d322-3ece-49cb-90b5-81e03717cbb8
Brooklyn, NY
partner 
*********************************************
Etsy - Director of Acquisition Marketing
https://jobs.lever.co/etsy/491a0d24-3142-46e1-9c3f-00ab3c6df494
Brooklyn, NY
marketing
weekly
*********************************************
Etsy - Growth Marketing Manager
https://jobs.lever.co/etsy/68551ee2-0f64-4c4e-b3b9-40a027bd4c7b?utm_source=linkup&utm_medium=referrer
Brooklyn, NY
marketing
partner 
*********************************************
Etsy - Data Analyst, Finance Analytics
https://jobs.lever.co/etsy/d8e9067b-d8b1-46d7-81d6-b6a89257a58d
Brooklyn, NY
partner 
*********************************************
Etsy - VP, Head of Marketing
https://jobs.lever.co/etsy/ae76eace-2ae6-4b1c-9337-2a579475095b
Brooklyn, NY
marketing
partner 
unpaid
*********************************************
14
*********************************************
HTTP Error 404: Not Found
HTTP Error 404: Not Found
HTTP Error 404: Not Found
EventMobi - Support Specialist
https://jobs.lever.co/eventmobi/2b258ef4-4990-4f82-967b-24f219d487c6
Toronto
event planner
*********************************************
EventMobi - Product Designer
https://jobs.lever.co/eventmobi/8d0899fa-760f-4d25-9699-510b683cac40
Toronto
event planner
*********************************************
0
*********************************************
Everlane - Engineer
https://jobs.lever.co/everlane/2ea2ce6a-a85c-40e1-8504-c2d231a63003
San Francisco, CA
*********************************************
Everlane - Engineer
https://jobs.lever.co/everlane/2ea2ce6a-a85c-40e1-8504-c2d231a63003/apply
San Francisco, CA
____________________________________________________________
*********************************************
Everlane
https://jobs.lever.co/everlane

## slept ##
Error INVALID_REQUEST
Query: https://maps.google.com/maps/api/geocode/json?address=&sensor=false&bounds=&region=&language=&components=
Filter by:
*********************************************
Everlane - Senior Digital Product Designer
https://jobs.lever.co/everlane/3f378c92-6393-4f7c-a5b5-3beae108dba8
San Francisco, CA
marketing
partner 
*********************************************
Everlane
https://jobs.lever.co/everlane/?team=Engineering

## slept ##
Error INVALID_REQUEST
Query: https://maps.google.com/maps/api/geocode/json?address=&sensor=false&bounds=&region=&language=&components=
Filter by:
*********************************************
Everlane
https://jobs.lever.co/everlane?by=location

## slept ##
Error INVALID_REQUEST
Query: https://maps.google.com/maps/api/geocode/json?address=&sensor=false&bounds=&region=&language=&components=
Filter by:
*********************************************
Everlane
https://jobs.lever.co/everlane?by=commitment

## slept ##
Error INVALID_REQUEST
Query: https://maps.google.com/maps/api/geocode/json?address=&sensor=false&bounds=&region=&language=&components=
Filter by:
*********************************************
Everlane - Senior Digital Product Designer
https://jobs.lever.co/everlane/3f378c92-6393-4f7c-a5b5-3beae108dba8/apply
San Francisco, CA
____________________________________________________________
*********************************************
Everlane
https://jobs.lever.co/everlane/?team=Retail

## slept ##
Error INVALID_REQUEST
Query: https://maps.google.com/maps/api/geocode/json?address=&sensor=false&bounds=&region=&language=&components=
Filter by:
*********************************************
1
*********************************************
Exabeam - Senior Support Engineer
https://jobs.lever.co/exabeam/0e497453-9740-4e97-b22e-e5e651f9f049
San Mateo, CA
*********************************************
Exabeam - Lead QA Engineer
https://jobs.lever.co/exabeam/4fcbb94e-fdcb-42a7-863b-373c6a3faef8
San Mateo, CA
*********************************************
Exabeam - Professional Services Engineer
https://jobs.lever.co/exabeam/99c804e8-26b8-47b6-b0ed-f62eade73340
Remote - United States
*********************************************
Exabeam - Enablement Engineer
https://jobs.lever.co/exabeam/187f2c65-8856-401c-bc7f-5314b6ccb441
San Mateo, CA
amazing opportunity
*********************************************
Exabeam - Lead QA Engineer
https://jobs.lever.co/exabeam/4fcbb94e-fdcb-42a7-863b-373c6a3faef8/apply
San Mateo, CA
survey
____________________________________________________________
*********************************************
Exabeam
https://jobs.lever.co/exabeam

## slept ##
Error INVALID_REQUEST
Query: https://maps.google.com/maps/api/geocode/json?address=&sensor=false&bounds=&region=&language=&components=
Filter by:
*********************************************
Exabeam
https://jobs.lever.co/exabeam?by=location&location=San%20Mateo%2C%20CA

## slept ##
Error INVALID_REQUEST
Query: https://maps.google.com/maps/api/geocode/json?address=&sensor=false&bounds=&region=&language=&components=
Filter by:
*********************************************
Exabeam
https://jobs.lever.co/exabeam?by=location

## slept ##
Error INVALID_REQUEST
Query: https://maps.google.com/maps/api/geocode/json?address=&sensor=false&bounds=&region=&language=&components=
Filter by:
*********************************************
Exabeam - Director, Global Services
https://jobs.lever.co/exabeam/6a966830-3243-422f-884a-23e0321bc6fc
San Mateo, CA
partner 
*********************************************
Exabeam
https://jobs.lever.co/exabeam?team=Product

## slept ##
Error INVALID_REQUEST
Query: https://maps.google.com/maps/api/geocode/json?address=&sensor=false&bounds=&region=&language=&components=
Filter by:
*********************************************
3
*********************************************
ExtensionEngine - Principal Product Manager
https://jobs.lever.co/extensionengine/2ec95153-55e9-4306-a6ae-40c4b84b11f8
Cambridge, MA USA
marketing
*********************************************
ExtensionEngine - Senior Product Manager
https://jobs.lever.co/extensionengine/a887a282-bdad-4354-9641-b69f290544ee
NYC
weekly
*********************************************
0
*********************************************
Exygy - Drupal Engineer
https://jobs.lever.co/exygy/b72c744e-d772-4c25-bb6d-cb7cf3d1f4eb
San Francisco
local
*********************************************
Exygy - Drupal Engineer
https://jobs.lever.co/exygy/b72c744e-d772-4c25-bb6d-cb7cf3d1f4eb/apply
San Francisco
survey
____________________________________________________________
*********************************************
Exygy
https://jobs.lever.co/exygy

## slept ##
Error INVALID_REQUEST
Query: https://maps.google.com/maps/api/geocode/json?address=&sensor=false&bounds=&region=&language=&components=
Filter by:
*********************************************
Engineering
https://jobs.lever.co/exygy?location=San%20Francisco&commitment=Full-time&team=Engineering

## slept ##
Error INVALID_REQUEST
Query: https://maps.google.com/maps/api/geocode/json?address=&sensor=false&bounds=&region=&language=&components=
Filter by:
*********************************************
Exygy
https://jobs.lever.co/exygy?team=Engineering

## slept ##
Error INVALID_REQUEST
Query: https://maps.google.com/maps/api/geocode/json?address=&sensor=false&bounds=&region=&language=&components=
Filter by:
*********************************************
Exygy - Lever
https://jobs.lever.co/exygy?location=San%20Francisco

## slept ##
Error INVALID_REQUEST
Query: https://maps.google.com/maps/api/geocode/json?address=&sensor=false&bounds=&region=&language=&components=
Filter by:
*********************************************
Exygy - Visual Designer
https://jobs.lever.co/exygy/10e4f699-4cbb-42d8-8b11-a624b70fed69
San Francisco
marketing
local
*********************************************
0
*********************************************
Fabric Genomics - Systems Engineer
https://jobs.lever.co/fabricgenomics/097a21b8-1a0f-460c-b73d-263a9dcdd4e2
Oakland
*********************************************
Fabric Genomics - QA Engineer - Automation
https://jobs.lever.co/fabricgenomics/286bb28a-9765-4cd4-9fd8-45a2bd8b87e9
Oakland
*********************************************
Fabric Genomics - Senior Software Engineer - Front End Lead
https://jobs.lever.co/fabricgenomics/8ed6abfc-2d06-4404-b5d0-fc8b609bea2b
Oakland
*********************************************
Fabric Genomics - QA Engineer - Automation
https://jobs.lever.co/fabricgenomics/286bb28a-9765-4cd4-9fd8-45a2bd8b87e9/apply
Oakland
____________________________________________________________
*********************************************
Fabric Genomics - Systems Engineer
https://jobs.lever.co/fabricgenomics/097a21b8-1a0f-460c-b73d-263a9dcdd4e2/apply
Oakland
____________________________________________________________
*********************************************
Fabric Genomics - Senior Software Engineer - Front End Lead
https://jobs.lever.co/fabricgenomics/8ed6abfc-2d06-4404-b5d0-fc8b609bea2b/apply
Oakland
____________________________________________________________
*********************************************
Fabric Genomics - Clinical Genomics Scientist
https://jobs.lever.co/fabricgenomics/767b084c-9824-49e6-b865-d792233b453e
Oakland
*********************************************
4
*********************************************
FACEIT - Senior DevOps Engineer
https://jobs.lever.co/faceit/8cbab0ad-a0a2-4046-bcc2-b062647df717/apply
London
____________________________________________________________
*********************************************
FACEIT - Lever
https://jobs.lever.co/faceit?by=commitment&location=London

## slept ##
Error INVALID_REQUEST
Query: https://maps.google.com/maps/api/geocode/json?address=&sensor=false&bounds=&region=&language=&components=
Filter by:
*********************************************
FACEIT - Lever
https://jobs.lever.co/faceit?commitment=Full-time

## slept ##
Error INVALID_REQUEST
Query: https://maps.google.com/maps/api/geocode/json?address=&sensor=false&bounds=&region=&language=&components=
Filter by:
*********************************************
FACEIT - Lever
https://jobs.lever.co/faceit?location=London

## slept ##
Error INVALID_REQUEST
Query: https://maps.google.com/maps/api/geocode/json?address=&sensor=false&bounds=&region=&language=&components=
Filter by:
*********************************************
FACEIT - Lever
https://jobs.lever.co/faceit?by=commitment

## slept ##
Error INVALID_REQUEST
Query: https://maps.google.com/maps/api/geocode/json?address=&sensor=false&bounds=&region=&language=&components=
Filter by:
*********************************************
FACEIT
https://jobs.lever.co/faceit?by=location

## slept ##
Error INVALID_REQUEST
Query: https://maps.google.com/maps/api/geocode/json?address=&sensor=false&bounds=&region=&language=&components=
Filter by:
*********************************************
FACEIT
https://jobs.lever.co/faceit

## slept ##
Error INVALID_REQUEST
Query: https://maps.google.com/maps/api/geocode/json?address=&sensor=false&bounds=&region=&language=&components=
Filter by:
*********************************************
0
*********************************************
Falcon.io - Python Backend Engineer
https://jobs.lever.co/falcon/45e77ab8-1d27-4c80-bea6-a152e91aacda
Copenhagen, Denmark
*********************************************
Falcon.io - Java Backend Engineer
https://jobs.lever.co/falcon/d8356381-b7f3-47a3-81ba-182f6779e914/apply
Copenhagen, Denmark
____________________________________________________________
*********************************************
Falcon.io - Lever
https://jobs.lever.co/falcon?by=team&commitment=Full-time

## slept ##
Error INVALID_REQUEST
Query: https://maps.google.com/maps/api/geocode/json?address=&sensor=false&bounds=&region=&language=&components=
Filter by:
*********************************************
Falcon.io
https://jobs.lever.co/falcon

## slept ##
Error INVALID_REQUEST
Query: https://maps.google.com/maps/api/geocode/json?address=&sensor=false&bounds=&region=&language=&components=
Filter by:
*********************************************
Falcon.io - Lever
https://jobs.lever.co/falcon?by=location

## slept ##
Error INVALID_REQUEST
Query: https://maps.google.com/maps/api/geocode/json?address=&sensor=false&bounds=&region=&language=&components=
Filter by:
*********************************************
Falcon.io - Lever
https://jobs.lever.co/falcon?by=commitment&commitment=Full-time

## slept ##
Error INVALID_REQUEST
Query: https://maps.google.com/maps/api/geocode/json?address=&sensor=false&bounds=&region=&language=&components=
Filter by:
*********************************************
Falcon.io - Lever
https://jobs.lever.co/falcon?by=team&location=Copenhagen%2C%20Denmark

## slept ##
Error INVALID_REQUEST
Query: https://maps.google.com/maps/api/geocode/json?address=&sensor=false&bounds=&region=&language=&components=
Filter by:
*********************************************
1
*********************************************
FAPL - Back-end Engineer
https://jobs.lever.co/fapl/d55377f4-be5c-4dfb-8627-1005b07e536c
Los Angeles
*********************************************
FAPL - Back-end Engineer - Lever
https://jobs.lever.co/fapl/d55377f4-be5c-4dfb-8627-1005b07e536c/apply
Los Angeles
____________________________________________________________
*********************************************
FAPL - Front-end Engineer - Lever
https://jobs.lever.co/fapl/20fcc0d9-27b2-49ee-90c1-799bc4ccdd55/apply
Los Angeles
____________________________________________________________
*********************************************
FAPL - Front-end Engineer
https://jobs.lever.co/fapl/20fcc0d9-27b2-49ee-90c1-799bc4ccdd55
Los Angeles
*********************************************
FAPL
https://jobs.lever.co/fapl

## slept ##
Error INVALID_REQUEST
Query: https://maps.google.com/maps/api/geocode/json?address=&sensor=false&bounds=&region=&language=&components=
Filter by:
*********************************************
FAPL
https://jobs.lever.co/fapl?by=commitment&team=Engineering

## slept ##
Error INVALID_REQUEST
Query: https://maps.google.com/maps/api/geocode/json?address=&sensor=false&bounds=&region=&language=&components=
Filter by:
*********************************************
FAPL
https://jobs.lever.co/fapl?by=commitment&location=Los%20Angeles

## slept ##
Error INVALID_REQUEST
Query: https://maps.google.com/maps/api/geocode/json?address=&sensor=false&bounds=&region=&language=&components=
Filter by:
*********************************************
FAPL
https://jobs.lever.co/fapl?by=location

## slept ##
Error INVALID_REQUEST
Query: https://maps.google.com/maps/api/geocode/json?address=&sensor=false&bounds=&region=&language=&components=
Filter by:
*********************************************
2
*********************************************
Fathom - Data Engineer
https://jobs.lever.co/fathomhealth/600336ba-3b74-4d21-bd09-72313ac5f46e
San Francisco
*********************************************
Fathom - Machine Learning Engineer
https://jobs.lever.co/fathomhealth/c84b85b2-d3a0-4675-9e2d-f944044d0a5e
San Francisco
*********************************************
Fathom - Machine Learning Engineer
https://jobs.lever.co/fathomhealth/c84b85b2-d3a0-4675-9e2d-f944044d0a5e/apply
San Francisco
____________________________________________________________
*********************************************
HTTP Error 404: Not Found
Fathom - Full-stack Engineer
https://jobs.lever.co/fathomhealth/180b55c3-7660-4e9c-8c81-857cef0448ef
Toronto
*********************************************
HTTP Error 404: Not Found
Fathom - Data Engineer
https://jobs.lever.co/fathomhealth/865598f6-a820-4c3a-88b5-5aa97dcbc6ab/apply
Toronto
____________________________________________________________
*********************************************
Fathom
https://jobs.lever.co/fathomhealth?by=location

## slept ##
Error INVALID_REQUEST
Query: https://maps.google.com/maps/api/geocode/json?address=&sensor=false&bounds=&region=&language=&components=
Filter by:
*********************************************
Fathom
https://jobs.lever.co/fathomhealth?team=Engineering

## slept ##
Error INVALID_REQUEST
Query: https://maps.google.com/maps/api/geocode/json?address=&sensor=false&bounds=&region=&language=&components=
Filter by:
*********************************************
Fathom
https://jobs.lever.co/fathomhealth?commitment=Full-time

## slept ##
Error INVALID_REQUEST
Query: https://maps.google.com/maps/api/geocode/json?address=&sensor=false&bounds=&region=&language=&components=
Filter by:
*********************************************
Fathom
https://jobs.lever.co/fathomhealth?by=location&location=Toronto

## slept ##
Error INVALID_REQUEST
Query: https://maps.google.com/maps/api/geocode/json?address=&sensor=false&bounds=&region=&language=&components=
Filter by:
*********************************************
3
*********************************************
FeatureX - Software Engineer
https://jobs.lever.co/featurex/2d3c56e8-1599-406f-b695-c559c628ebea
Cambridge, MA
*********************************************
FeatureX - Software Engineer
https://jobs.lever.co/featurex/2d3c56e8-1599-406f-b695-c559c628ebea/apply
Cambridge, MA
____________________________________________________________
*********************************************
FeatureX - *MIT Career Fair Fall 2017* Software Engineer ...
https://jobs.lever.co/featurex/0d9b16de-36ec-462a-b032-25a6bf5be793/apply
Cambridge, MA
____________________________________________________________
*********************************************
FeatureX - Lever
https://jobs.lever.co/featurex?by=location

## slept ##
Error INVALID_REQUEST
Query: https://maps.google.com/maps/api/geocode/json?address=&sensor=false&bounds=&region=&language=&components=
Filter by:
*********************************************
FeatureX
https://jobs.lever.co/featurex?team=MIT%20Career%20Fair%20Fall%202017

## slept ##
Error INVALID_REQUEST
Query: https://maps.google.com/maps/api/geocode/json?address=&sensor=false&bounds=&region=&language=&components=
Filter by:
*********************************************
FeatureX - Computer Vision Research Scientist
https://jobs.lever.co/featurex/56bac243-3abc-4b37-9e57-60683d9ab7d6
Cambridge, MA
*********************************************
FeatureX - *MIT Career Fair Fall 2017* Machine Learning Research ...
https://jobs.lever.co/featurex/b48f7d53-82c0-4bb8-aca8-2155405162ff
Cambridge, MA
*********************************************
FeatureX - Machine Learning Intern
https://jobs.lever.co/featurex/919c0726-5ffb-4b0f-b3aa-e0221d86dfd9
Cambridge, MA
*********************************************
4
*********************************************
Fictiv - Junior Production Engineer
https://jobs.lever.co/fictiv/da602213-f380-4fee-94ca-db14764c6470
San Francisco, CA
survey
partner 
*********************************************
Fictiv - Cloud Infrastructure Engineer
https://jobs.lever.co/fictiv/6de578ce-3e27-47ec-a6fa-be8ce03a18c4
San Francisco, CA
*********************************************
Fictiv - Computational Geometry Software Engineer
https://jobs.lever.co/fictiv/c66e1d09-4e3f-4a37-87d9-7a07065db388
San Francisco, CA
*********************************************
Fictiv - Software Engineer
https://jobs.lever.co/fictiv/7f2a7c0a-95f1-4569-8cf8-701e7dee7db1
San Francisco, CA
*********************************************
Fictiv - Front End Software Engineer
https://jobs.lever.co/fictiv/9d503394-01c3-4f7b-953b-f1b3402d27fc
San Francisco, CA
*********************************************
Fictiv - CNC Manufacturing Engineer
https://jobs.lever.co/fictiv/51f61908-657b-4263-b885-fcf6bb3ce1f0
San Francisco, CA
*********************************************
Fictiv - Junior Production Engineer
https://jobs.lever.co/fictiv/da602213-f380-4fee-94ca-db14764c6470/apply
San Francisco, CA
____________________________________________________________
*********************************************
Fictiv - Computational Geometry Software Engineer
https://jobs.lever.co/fictiv/c66e1d09-4e3f-4a37-87d9-7a07065db388/apply
San Francisco, CA
____________________________________________________________
*********************************************
Fictiv
https://jobs.lever.co/fictiv

## slept ##
Error INVALID_REQUEST
Query: https://maps.google.com/maps/api/geocode/json?address=&sensor=false&bounds=&region=&language=&components=
Filter by:
*********************************************
Fictiv - Manufacturing Project Manager
https://jobs.lever.co/fictiv/49698662-7c01-4059-b8e7-1caa98ba167d
San Francisco, CA
*********************************************
Fictiv
https://jobs.lever.co/fictiv?team=Manufacturing

## slept ##
Error INVALID_REQUEST
Query: https://maps.google.com/maps/api/geocode/json?address=&sensor=false&bounds=&region=&language=&components=
Filter by:
*********************************************
Fictiv - Account Executive
https://jobs.lever.co/fictiv/00582548-dfc8-442d-9561-4d4e5de62e82
San Francisco, CA
*********************************************
Fictiv - Quality Control & Packaging Operator
https://jobs.lever.co/fictiv/52aedfec-7b94-4d90-b37d-d7052041009e
San Francisco, CA
*********************************************
8
*********************************************
HTTP Error 404: Not Found
HTTP Error 404: Not Found
0
*********************************************
Finomena - Senior Android Engineer
https://jobs.lever.co/finomena/8c3d1b39-8865-4d25-b4c3-75623fdf4133
Bangalore
*********************************************
Finomena - Android Engineer - Lever
https://jobs.lever.co/finomena/51eb98a9-4664-44f7-beee-772a3db92c09
Bangalore
*********************************************
Finomena - Senior Software Development Engineer - Lever
https://jobs.lever.co/finomena/2fdda896-8fd8-48d4-8f73-807bb1508bc0/apply
Bangalore
____________________________________________________________
*********************************************
Finomena - Senior Software Development Engineer
https://jobs.lever.co/finomena/2fdda896-8fd8-48d4-8f73-807bb1508bc0
Bangalore
*********************************************
Finomena
https://jobs.lever.co/finomena

## slept ##
Error INVALID_REQUEST
Query: https://maps.google.com/maps/api/geocode/json?address=&sensor=false&bounds=&region=&language=&components=
Filter by:
*********************************************
Finomena - Engineering Leader
https://jobs.lever.co/finomena/7a0dbcc2-409a-4218-a741-fd9bb6bcc21c
Bangalore
*********************************************
Finomena
https://jobs.lever.co/finomena?by=commitment

## slept ##
Error INVALID_REQUEST
Query: https://maps.google.com/maps/api/geocode/json?address=&sensor=false&bounds=&region=&language=&components=
Filter by:
*********************************************
Finomena - Lever
https://jobs.lever.co/finomena?team=Engineering

## slept ##
Error INVALID_REQUEST
Query: https://maps.google.com/maps/api/geocode/json?address=&sensor=false&bounds=&region=&language=&components=
Filter by:
*********************************************
Finomena - Associate Program Manager
https://jobs.lever.co/finomena/930021a1-c49b-4303-9b1d-13847cce51fe
Bangalore
*********************************************
Finomena - Growth Hacker - Offline
https://jobs.lever.co/finomena/03bb82e4-d7d2-4596-885f-695eb83059fa
Jaipur
marketing
*********************************************
Finomena - Growth Hacker - Offline
https://jobs.lever.co/finomena/03bb82e4-d7d2-4596-885f-695eb83059fa
Jaipur
marketing
*********************************************
5
*********************************************
Firstborn - Senior Developer
https://jobs.lever.co/firstborn/a7733d4e-9281-4175-bff4-8c7e3f741669
NY
*********************************************
Firstborn - Technical Director
https://jobs.lever.co/firstborn/2d715746-4589-49cd-b266-bd6dc8437ac9

## slept ##
Error INVALID_REQUEST
Query: https://maps.google.com/maps/api/geocode/json?address=&sensor=false&bounds=&region=&language=&components=
*********************************************
2
*********************************************
Fleetsmith - Software Engineer, Full Stack
https://jobs.lever.co/fleetsmith/ead895b7-f819-4127-8929-91956ab9f24f
San Francisco
*********************************************
Fleetsmith - Software Engineer, Front End
https://jobs.lever.co/fleetsmith/0781609d-4130-49d5-9357-c73062df1db0/apply
San Francisco
____________________________________________________________
*********************************************
Fleetsmith
https://jobs.lever.co/fleetsmith

## slept ##
Error INVALID_REQUEST
Query: https://maps.google.com/maps/api/geocode/json?address=&sensor=false&bounds=&region=&language=&components=
Filter by:
*********************************************
Fleetsmith - Product Manager
https://jobs.lever.co/fleetsmith/0729a1bd-181c-47ac-950b-616fa6ab493d
San Francisco
weekly
*********************************************
Fleetsmith - Director of Growth Marketing
https://jobs.lever.co/fleetsmith/d9ee332d-3516-4103-b3a5-b6b4982cb690
San Francisco
marketing
*********************************************
Fleetsmith - Executive Assistant
https://jobs.lever.co/fleetsmith/aa0fd5fd-5b09-4fcf-8e87-444003bdf314
San Francisco
*********************************************
2
*********************************************
Flipboard - Data QA Engineer
https://jobs.lever.co/flipboard/8083f8e9-c474-42fa-94f4-cfd4ce27936f
Palo Alto, CA, United States
*********************************************
Flipboard - Data QA Engineer
https://jobs.lever.co/flipboard/8083f8e9-c474-42fa-94f4-cfd4ce27936f/apply
Palo Alto, CA, United States
survey
____________________________________________________________
*********************************************
HTTP Error 404: Not Found
Flipboard
https://jobs.lever.co/flipboard?by=team

## slept ##
Error INVALID_REQUEST
Query: https://maps.google.com/maps/api/geocode/json?address=&sensor=false&bounds=&region=&language=&components=
Filter by:
*********************************************
Flipboard - Programmatic Operations Manager
https://jobs.lever.co/flipboard/b39cd231-1370-4303-8300-0009a0dc3495
New York, NY, United States
partner 
*********************************************
Flipboard - Head of Web Product Management
https://jobs.lever.co/flipboard/3e5c7399-fa9c-4fc4-b7bf-d2f1e3e13c7a
Palo Alto, CA, United States
marketing
*********************************************
Flipboard - Ad Product Manager
https://jobs.lever.co/flipboard/8c0939a4-5506-4342-8a15-6324eabfc15e
Palo Alto, CA, United States
marketing
*********************************************
Flipboard - Lever
https://jobs.lever.co/flipboard?by=location

## slept ##
Error INVALID_REQUEST
Query: https://maps.google.com/maps/api/geocode/json?address=&sensor=false&bounds=&region=&language=&components=
Filter by:
*********************************************
Flipboard - Data Insights Analyst
https://jobs.lever.co/flipboard/b9a4ad8b-c0f4-4c35-86db-1a9569d58367
Palo Alto, CA, United States
marketing
*********************************************
1
*********************************************
0
*********************************************
Flirtey - Build Engineer
https://jobs.lever.co/flirtey/55d463e2-481e-4dc7-9c3c-b1a213c16f28
Auckland, New Zealand
*********************************************
Flirtey - Build Engineer
https://jobs.lever.co/flirtey/55d463e2-481e-4dc7-9c3c-b1a213c16f28/apply
Auckland, New Zealand
____________________________________________________________
*********************************************
Flirtey - Lever
https://jobs.lever.co/flirtey?team=Engineering

## slept ##
Error INVALID_REQUEST
Query: https://maps.google.com/maps/api/geocode/json?address=&sensor=false&bounds=&region=&language=&components=
Filter by:
*********************************************
Flirtey - UAV Pilot
https://jobs.lever.co/flirtey/c2815808-3a5a-49a1-8a63-2efbbd972609
Reno, NV
administrative
*********************************************
Flirtey - Lever
https://jobs.lever.co/flirtey?commitment=Full-time

## slept ##
Error INVALID_REQUEST
Query: https://maps.google.com/maps/api/geocode/json?address=&sensor=false&bounds=&region=&language=&components=
Filter by:
*********************************************
HTTP Error 404: Not Found
Flirtey
https://jobs.lever.co/flirtey

## slept ##
Error INVALID_REQUEST
Query: https://maps.google.com/maps/api/geocode/json?address=&sensor=false&bounds=&region=&language=&components=
Filter by:
*********************************************
Flirtey
https://jobs.lever.co/flirtey?location=Auckland%2C%20New%20Zealand

## slept ##
Error INVALID_REQUEST
Query: https://maps.google.com/maps/api/geocode/json?address=&sensor=false&bounds=&region=&language=&components=
Filter by:
*********************************************
Flirtey - Lever
https://jobs.lever.co/flirtey?by=commitment

## slept ##
Error INVALID_REQUEST
Query: https://maps.google.com/maps/api/geocode/json?address=&sensor=false&bounds=&region=&language=&components=
Filter by:
*********************************************
Flirtey - Lever
https://jobs.lever.co/flirtey?location=Reno%2C%20NV

## slept ##
Error INVALID_REQUEST
Query: https://maps.google.com/maps/api/geocode/json?address=&sensor=false&bounds=&region=&language=&components=
Filter by:
*********************************************
HTTP Error 404: Not Found
1
*********************************************
HTTP Error 404: Not Found
Flow Kana
https://jobs.lever.co/flowkana?by=team&location=Oakland

## slept ##
Error INVALID_REQUEST
Query: https://maps.google.com/maps/api/geocode/json?address=&sensor=false&bounds=&region=&language=&components=
Filter by:
*********************************************
Flow Kana
https://jobs.lever.co/flowkana?commitment=Full-time

## slept ##
Error INVALID_REQUEST
Query: https://maps.google.com/maps/api/geocode/json?address=&sensor=false&bounds=&region=&language=&components=
Filter by:
*********************************************
Flow Kana
https://jobs.lever.co/flowkana?location=Oakland

## slept ##
Error INVALID_REQUEST
Query: https://maps.google.com/maps/api/geocode/json?address=&sensor=false&bounds=&region=&language=&components=
Filter by:
*********************************************
Flow Kana - Lever
https://jobs.lever.co/flowkana?team=Engineering

## slept ##
Error INVALID_REQUEST
Query: https://maps.google.com/maps/api/geocode/json?address=&sensor=false&bounds=&region=&language=&components=
Filter by:
*********************************************
Flow Kana - Lever
https://jobs.lever.co/flowkana?by=location

## slept ##
Error INVALID_REQUEST
Query: https://maps.google.com/maps/api/geocode/json?address=&sensor=false&bounds=&region=&language=&components=
Filter by:
*********************************************
0
*********************************************
Nixie Labs - Embedded Firmware Engineer (RTOS)
https://jobs.lever.co/flynixie/5649382a-da0e-414d-8553-2f5c7a77cab8
Mountain View, CA
*********************************************
Nixie Labs - Systems Engineer
https://jobs.lever.co/flynixie/948cfac4-9c81-44db-85d4-1f17e0887104
Mountain View, CA
*********************************************
Nixie Labs - Controls and Navigation Engineer
https://jobs.lever.co/flynixie/94d4b6c4-f775-4b34-90c1-f6e4a944fedd
Palo Alto, CA
*********************************************
Nixie Labs - Systems Engineer
https://jobs.lever.co/flynixie/948cfac4-9c81-44db-85d4-1f17e0887104/apply
Mountain View, CA
survey
____________________________________________________________
*********************************************
Nixie Labs
https://jobs.lever.co/flynixie

## slept ##
Error INVALID_REQUEST
Query: https://maps.google.com/maps/api/geocode/json?address=&sensor=false&bounds=&region=&language=&components=
Filter by:
*********************************************
3
*********************************************
Fond - Software Development Engineer in Test (SDET)
https://jobs.lever.co/fond/7e5867e8-9e9b-4efa-9ed4-4b380b7a26a9
San Francisco
equity
*********************************************
Fond - Senior Engineer
https://jobs.lever.co/fond/0cb41f9b-186a-49eb-a7ea-1dddeee9b444
San Francisco
equity
*********************************************
Fond - Senior Engineer
https://jobs.lever.co/fond/0cb41f9b-186a-49eb-a7ea-1dddeee9b444/apply
San Francisco
____________________________________________________________
*********************************************
Fond
https://jobs.lever.co/fond

## slept ##
Error INVALID_REQUEST
Query: https://maps.google.com/maps/api/geocode/json?address=&sensor=false&bounds=&region=&language=&components=
marketing
Filter by:
*********************************************
Fond - Customer Support Specialist
https://jobs.lever.co/fond/354356ef-e25e-49c1-9456-3fbadc1699dc
San Francisco
marketing
equity
*********************************************
Fond - Vice President of Customer Success
https://jobs.lever.co/fond/8fd878fb-10f5-4a38-a23f-bd048fb2a290
San Francisco
equity
*********************************************
0
*********************************************
Forge - Senior iOS Engineer
https://jobs.lever.co/forge/b13f340e-4c15-4511-9d96-1bb50d798740
San Francisco
*********************************************
Forge - Senior iOS Engineer - Lever
https://jobs.lever.co/forge/b13f340e-4c15-4511-9d96-1bb50d798740/apply
San Francisco
____________________________________________________________
*********************************************
Forge - Lever
https://jobs.lever.co/forge/?team=Engineering

## slept ##
Error INVALID_REQUEST
Query: https://maps.google.com/maps/api/geocode/json?address=&sensor=false&bounds=&region=&language=&components=
Filter by:
*********************************************
Forge
https://jobs.lever.co/forge/?location=San%20Francisco

## slept ##
Error INVALID_REQUEST
Query: https://maps.google.com/maps/api/geocode/json?address=&sensor=false&bounds=&region=&language=&components=
Filter by:
*********************************************
Forge - Lever
https://jobs.lever.co/forge/?commitment=Full-time

## slept ##
Error INVALID_REQUEST
Query: https://maps.google.com/maps/api/geocode/json?address=&sensor=false&bounds=&region=&language=&components=
Filter by:
*********************************************
Forge
https://jobs.lever.co/forge/

## slept ##
Error INVALID_REQUEST
Query: https://maps.google.com/maps/api/geocode/json?address=&sensor=false&bounds=&region=&language=&components=
Filter by:
*********************************************
Forge - Lever
https://jobs.lever.co/forge/?by=location

## slept ##
Error INVALID_REQUEST
Query: https://maps.google.com/maps/api/geocode/json?address=&sensor=false&bounds=&region=&language=&components=
Filter by:
*********************************************
1
*********************************************
Formidable - Senior Backend Node.JS Engineer
https://jobs.lever.co/formidable/2740ba59-271b-47ed-ba71-13541b067e2f/apply
Seattle, WA
____________________________________________________________
*********************************************
Formidable - Senior Backend Node.JS Engineer
https://jobs.lever.co/formidable/2740ba59-271b-47ed-ba71-13541b067e2f
Seattle, WA
*********************************************
Formidable - Sr. Mobile Engineer
https://jobs.lever.co/formidable/cbde54bf-44c7-4a2c-96de-436b4b7325a5
Seattle, WA
*********************************************
Formidable
https://jobs.lever.co/formidable/

## slept ##
Error INVALID_REQUEST
Query: https://maps.google.com/maps/api/geocode/json?address=&sensor=false&bounds=&region=&language=&components=
Filter by:
*********************************************
Formidable - Lever
https://jobs.lever.co/formidable?by=team

## slept ##
Error INVALID_REQUEST
Query: https://maps.google.com/maps/api/geocode/json?address=&sensor=false&bounds=&region=&language=&components=
Filter by:
*********************************************
2
*********************************************
