0
*********************************************
LimeBike - Software Engineer, Web Frontend
https://jobs.lever.co/limebike/c56a18df-06bc-4e92-b715-bb1b3f3b188d
San Mateo, CA
*********************************************
LimeBike - Software Engineer, iOS
https://jobs.lever.co/limebike/a8ecec21-dbcd-4e8f-8065-d79e1f86ba74
San Mateo, CA
*********************************************
LimeBike - Software Engineer, Android
https://jobs.lever.co/limebike/2409ebe2-f600-4394-aa64-f99a1c508477
San Mateo, CA
*********************************************
LimeBike - Software Engineer, Full-stack
https://jobs.lever.co/limebike/5f4a88d2-b63f-4d8c-81cd-31dc82cccbb4
San Mateo, CA
*********************************************
LimeBike - Software Engineer, Web Frontend
https://jobs.lever.co/limebike/c56a18df-06bc-4e92-b715-bb1b3f3b188d/apply
San Mateo, CA
____________________________________________________________
*********************************************
LimeBike - Software Engineer, Full-stack
https://jobs.lever.co/limebike/5f4a88d2-b63f-4d8c-81cd-31dc82cccbb4/apply
San Mateo, CA
____________________________________________________________
*********************************************
LimeBike - Software Engineer, iOS
https://jobs.lever.co/limebike/a8ecec21-dbcd-4e8f-8065-d79e1f86ba74/apply
San Mateo, CA
____________________________________________________________
*********************************************
LimeBike - Software Engineer, Android
https://jobs.lever.co/limebike/2409ebe2-f600-4394-aa64-f99a1c508477/apply
San Mateo, CA
____________________________________________________________
*********************************************
LimeBike
https://jobs.lever.co/limebike

## slept ##
Error INVALID_REQUEST
Query: https://maps.google.com/maps/api/geocode/json?address=&sensor=false&bounds=&region=&language=&components=
Filter by:
*********************************************
LimeBike - Product Marketing Manager
https://jobs.lever.co/limebike/6595d8e5-1d4f-45e1-a0aa-063a9cb5b995
San Mateo, CA
marketing
local
*********************************************
4
*********************************************
The Linux Foundation - Systems Engineer
https://jobs.lever.co/linuxfoundation.org/51033c4f-3dff-43d4-a8f0-a8d171ffb829
Remote
technical support
*********************************************
The Linux Foundation - Systems Engineer
https://jobs.lever.co/linuxfoundation.org/51033c4f-3dff-43d4-a8f0-a8d171ffb829/apply
Remote
survey
____________________________________________________________
*********************************************
The Linux Foundation
https://jobs.lever.co/linuxfoundation.org

## slept ##
Error INVALID_REQUEST
Query: https://maps.google.com/maps/api/geocode/json?address=&sensor=false&bounds=&region=&language=&components=
Filter by:
*********************************************
HTTP Error 404: Not Found
HTTP Error 404: Not Found
The Linux Foundation - Lever
https://jobs.lever.co/linuxfoundation.org?team=Engineering

## slept ##
Error INVALID_REQUEST
Query: https://maps.google.com/maps/api/geocode/json?address=&sensor=false&bounds=&region=&language=&components=
Filter by:
*********************************************
HTTP Error 404: Not Found
HTTP Error 404: Not Found
0
*********************************************
LiveLike - Lead Software Test Engineer (Virtual Reality)
https://jobs.lever.co/livelike/1b0d7c29-b19b-44f5-aaa8-0dd5d83b92e9
Gurgaon, India
motivated individuals
*********************************************
LiveLike - Sr Software Engineer, Front End
https://jobs.lever.co/livelike/09e1c275-0485-440b-8211-41d409baf8bb
New York, NY
*********************************************
LiveLike - Backend Engineer
https://jobs.lever.co/livelike/0ca80542-b9d7-437d-8972-baf90a841b02
Gurgaon, India
*********************************************
LiveLike - Backend Engineer
https://jobs.lever.co/livelike/0ca80542-b9d7-437d-8972-baf90a841b02/apply
Gurgaon, India
survey
____________________________________________________________
*********************************************
LiveLike - Sr Software Engineer, Front End
https://jobs.lever.co/livelike/09e1c275-0485-440b-8211-41d409baf8bb/apply
New York, NY
survey
____________________________________________________________
*********************************************
LiveLike - Lead Software Test Engineer (Virtual Reality)
https://jobs.lever.co/livelike/1b0d7c29-b19b-44f5-aaa8-0dd5d83b92e9/apply
Gurgaon, India
survey
____________________________________________________________
*********************************************
LiveLike
https://jobs.lever.co/livelike

## slept ##
Error INVALID_REQUEST
Query: https://maps.google.com/maps/api/geocode/json?address=&sensor=false&bounds=&region=&language=&components=
Filter by:
*********************************************
LiveLike - Technical Project Manager
https://jobs.lever.co/livelike/c97eb1c2-97aa-42ef-ae92-a3e69f6f77ec
Gurgaon, India
*********************************************
LiveLike - Jr. Product Manager (Virtual Reality)
https://jobs.lever.co/livelike/3c027fde-f6c2-4dbb-adf0-eb5a058e3691
New York, NY
*********************************************
LiveLike - Recruiting & Office Coordinator
https://jobs.lever.co/livelike/97db4585-7312-4fb2-9d93-299f522bf567
New York, NY
*********************************************
5
*********************************************
Loadsmart - Site Reliability Engineer
https://jobs.lever.co/loadsmart/294d4e4c-e69e-4204-9082-254d621cfb51
Florianopolis, Brazil
*********************************************
Loadsmart - Senior Python Engineer
https://jobs.lever.co/loadsmart/ea7b05d6-419a-415e-90fd-00362619e882
Florianopolis, Brazil
*********************************************
Loadsmart - Senior Python Engineer
https://jobs.lever.co/loadsmart/9f93b455-fdae-4f0e-ad38-e00002142ed5/apply
New York, NY
____________________________________________________________
*********************************************
Loadsmart
https://jobs.lever.co/loadsmart

## slept ##
Error INVALID_REQUEST
Query: https://maps.google.com/maps/api/geocode/json?address=&sensor=false&bounds=&region=&language=&components=
Filter by:
*********************************************
Loadsmart - Lever
https://jobs.lever.co/loadsmart?by=location

## slept ##
Error INVALID_REQUEST
Query: https://maps.google.com/maps/api/geocode/json?address=&sensor=false&bounds=&region=&language=&components=
Filter by:
*********************************************
Loadsmart
https://jobs.lever.co/loadsmart?team=Engineering

## slept ##
Error INVALID_REQUEST
Query: https://maps.google.com/maps/api/geocode/json?address=&sensor=false&bounds=&region=&language=&components=
Filter by:
*********************************************
Loadsmart
https://jobs.lever.co/loadsmart?commitment=Full-time

## slept ##
Error INVALID_REQUEST
Query: https://maps.google.com/maps/api/geocode/json?address=&sensor=false&bounds=&region=&language=&components=
Filter by:
*********************************************
Loadsmart - Lever
https://jobs.lever.co/loadsmart?__hstc=32328097.a521cdbca362d7b4798a456db1c9d3b8.1488585600063.1488585600064.1488585600065.1&__hssc=32328097.1.1488585600066&__hsfp=528229161&location=New%20York%2C%20NY

## slept ##
Error INVALID_REQUEST
Query: https://maps.google.com/maps/api/geocode/json?address=&sensor=false&bounds=&region=&language=&components=
Filter by:
*********************************************
Loadsmart - Lever
https://jobs.lever.co/loadsmart?by=commitment

## slept ##
Error INVALID_REQUEST
Query: https://maps.google.com/maps/api/geocode/json?address=&sensor=false&bounds=&region=&language=&components=
Filter by:
*********************************************
2
*********************************************
0
*********************************************
0
*********************************************
0
*********************************************
0
*********************************************
0
*********************************************
0
*********************************************
0
*********************************************
0
*********************************************
0
*********************************************
0
*********************************************
0
*********************************************
0
*********************************************
0
*********************************************
0
*********************************************
Localize - Full-stack Engineer
https://jobs.lever.co/localize/6f035980-9f9d-4c1b-9ee9-e3305cb325c2
San Francisco
equity
*********************************************
Localize - Frontend Engineer
https://jobs.lever.co/localize/10a3fed7-b616-4cf4-ba59-61153a0e3b87/apply
San Francisco
____________________________________________________________
*********************************************
Localize - Node.js Engineer
https://jobs.lever.co/localize/904054d6-7a61-4ebc-99b9-8644b2424a27/apply
San Francisco
____________________________________________________________
*********************************************
Localize - Full-stack Engineer
https://jobs.lever.co/localize/6f035980-9f9d-4c1b-9ee9-e3305cb325c2/apply
San Francisco
____________________________________________________________
*********************************************
Localize - Developer Evangelist
https://jobs.lever.co/localize/5959ea7e-81a3-44b7-a5de-6707460dd818
San Francisco
marketing
equity
*********************************************
Localize - Developer Evangelist
https://jobs.lever.co/localize/5959ea7e-81a3-44b7-a5de-6707460dd818/apply
San Francisco
____________________________________________________________
*********************************************
0
*********************************************
Local Plant Source, Inc.
https://jobs.lever.co/localplantsource

## slept ##
Error INVALID_REQUEST
Query: https://maps.google.com/maps/api/geocode/json?address=&sensor=false&bounds=&region=&language=&components=
Filter by:
*********************************************
Local Plant Source, Inc. - Senior Developer
https://jobs.lever.co/localplantsource/71d6ca67-ea35-4266-9c19-90e1779d204e
Downtown Austin, TX
*********************************************
Local Plant Source, Inc. - Senior Developer - Lever
https://jobs.lever.co/localplantsource/71d6ca67-ea35-4266-9c19-90e1779d204e/apply
Downtown Austin, TX
____________________________________________________________
*********************************************
Local Plant Source, Inc.
https://jobs.lever.co/localplantsource?by=location

## slept ##
Error INVALID_REQUEST
Query: https://maps.google.com/maps/api/geocode/json?address=&sensor=false&bounds=&region=&language=&components=
Filter by:
*********************************************
Local Plant Source, Inc. - Horticulturist
https://jobs.lever.co/localplantsource/131bf881-e81f-41e0-93a4-ae3c835e367f
Downtown Austin, TX
volunteer
*********************************************
1
*********************************************
Locarta GmbH - DevOps Engineer (mid- to senior-level)
https://jobs.lever.co/locarta/f4c2c5f7-6ad5-4dc8-9316-1c4a46097447/apply
Berlin
____________________________________________________________
*********************************************
Locarta GmbH - DevOps Engineer (mid- to senior-level)
https://jobs.lever.co/locarta/f4c2c5f7-6ad5-4dc8-9316-1c4a46097447
Berlin
*********************************************
1
*********************************************
Locus Analytics - Senior Labor Analyst
https://jobs.lever.co/locus.co/c5c2505f-8607-4f7f-8942-1eef2e18eed1
New York City
*********************************************
1
*********************************************
Logistimo - Site Reliability Engineer
https://jobs.lever.co/logistimo/95818d7c-3209-41cb-b9a9-4a3aedfc9e54
Bengaluru, Karnataka
*********************************************
Logistimo - Senior Software Engineer (Java)
https://jobs.lever.co/logistimo/9148583c-8954-4d8e-8d3a-ed725f8e84fa
Bengaluru, Karnataka
*********************************************
Logistimo - Test Automation Engineer
https://jobs.lever.co/logistimo/987baa3d-dd4e-4297-8bb9-a54c5f050267
Bengaluru, Karnataka
*********************************************
Logistimo - Senior Software Engineer (Java)
https://jobs.lever.co/logistimo/9148583c-8954-4d8e-8d3a-ed725f8e84fa/apply
Bengaluru, Karnataka
____________________________________________________________
*********************************************
Logistimo - Engineering Manager
https://jobs.lever.co/logistimo/86b55222-fd82-4ff2-81db-b3340f722531
Bengaluru, Karnataka
*********************************************
Logistimo
https://jobs.lever.co/logistimo

## slept ##
Error INVALID_REQUEST
Query: https://maps.google.com/maps/api/geocode/json?address=&sensor=false&bounds=&region=&language=&components=
Filter by:
*********************************************
Logistimo - Engineering Manager
https://jobs.lever.co/logistimo/86b55222-fd82-4ff2-81db-b3340f722531/apply
Bengaluru, Karnataka
____________________________________________________________
*********************************************
Logistimo - Lever
https://jobs.lever.co/logistimo?by=commitment

## slept ##
Error INVALID_REQUEST
Query: https://maps.google.com/maps/api/geocode/json?address=&sensor=false&bounds=&region=&language=&components=
Filter by:
*********************************************
Logistimo - Lever
https://jobs.lever.co/logistimo?by=location

## slept ##
Error INVALID_REQUEST
Query: https://maps.google.com/maps/api/geocode/json?address=&sensor=false&bounds=&region=&language=&components=
Filter by:
*********************************************
4
*********************************************
Lovepop - Front End / Full-Stack Engineer
https://jobs.lever.co/lovepopcards/d3966357-1acf-4c1d-9059-541c2b3fc8bf
Boston
marketing
looking for a job
*********************************************
HTTP Error 404: Not Found
HTTP Error 404: Not Found
Lovepop - Front End / Full-Stack Engineer
https://jobs.lever.co/lovepopcards/d3966357-1acf-4c1d-9059-541c2b3fc8bf/apply?lever-source=BuiltInBoston
Boston
____________________________________________________________
*********************************************
Lovepop
https://jobs.lever.co/lovepopcards

## slept ##
Error INVALID_REQUEST
Query: https://maps.google.com/maps/api/geocode/json?address=&sensor=false&bounds=&region=&language=&components=
Filter by:
*********************************************
Lovepop - Senior 3D Designer
https://jobs.lever.co/lovepopcards/0810318f-5fdb-4c20-926a-888afae14625
Boston, MA
weekly
*********************************************
Lovepop - Senior User Experience & Interface Designer
https://jobs.lever.co/lovepopcards/b8a4bc56-db11-4e74-b290-dbde9a4d5cf3
Boston, MA
*********************************************
Lovepop - Business Operations Manager
https://jobs.lever.co/lovepopcards/7ee8a215-6499-4990-ab06-de5842931403
Boston, MA
marketing
partner 
*********************************************
Lovepop - Executive Assistant
https://jobs.lever.co/lovepopcards/7ad14cb1-3b1b-4b6b-b4a4-ad119c0ce25f
Boston
*********************************************
HTTP Error 404: Not Found
2
*********************************************
0
*********************************************
Lightspeed Venture Partners - Engineer - Lever
https://jobs.lever.co/lsvp/c4b06037-7145-4b5b-b222-7222907857a2

## slept ##
Error INVALID_REQUEST
Query: https://maps.google.com/maps/api/geocode/json?address=&sensor=false&bounds=&region=&language=&components=
*********************************************
Lightspeed Venture Partners - Engineer - Lever
https://jobs.lever.co/lsvp/c4b06037-7145-4b5b-b222-7222907857a2/apply

## slept ##
Error INVALID_REQUEST
Query: https://maps.google.com/maps/api/geocode/json?address=&sensor=false&bounds=&region=&language=&components=
____________________________________________________________
*********************************************
Lightspeed Venture Partners - Lever
https://jobs.lever.co/lsvp?by=location

## slept ##
Error INVALID_REQUEST
Query: https://maps.google.com/maps/api/geocode/json?address=&sensor=false&bounds=&region=&language=&components=
Filter by:
*********************************************
Lightspeed Venture Partners
https://jobs.lever.co/lsvp

## slept ##
Error INVALID_REQUEST
Query: https://maps.google.com/maps/api/geocode/json?address=&sensor=false&bounds=&region=&language=&components=
Filter by:
*********************************************
Lightspeed Venture Partners - Lever
https://jobs.lever.co/lsvp?commitment=

## slept ##
Error INVALID_REQUEST
Query: https://maps.google.com/maps/api/geocode/json?address=&sensor=false&bounds=&region=&language=&components=
Filter by:
*********************************************
1
*********************************************
HTTP Error 404: Not Found
Luma Pictures - Lever
https://jobs.lever.co/lumapictures?by=commitment

## slept ##
Error INVALID_REQUEST
Query: https://maps.google.com/maps/api/geocode/json?address=&sensor=false&bounds=&region=&language=&components=
Filter by:
*********************************************
0
*********************************************
Confer Health - Junior Mechanical Engineer
https://jobs.lever.co/lumiohealth.com/2d285f3d-34e6-4884-805e-3af534eb4f13
Boston, MA
*********************************************
Confer Health - Senior Mechanical Engineer - Lever
https://jobs.lever.co/lumiohealth.com/daaa623c-02c3-47b7-923a-fd177fbe12f5?lever-source=VentureFizz
Boston, MA
*********************************************
Confer Health - Junior Mechanical Engineer
https://jobs.lever.co/lumiohealth.com/2d285f3d-34e6-4884-805e-3af534eb4f13/apply
Boston, MA
____________________________________________________________
*********************************************
Confer Health - Senior Mechanical Engineer - Lever
https://jobs.lever.co/lumiohealth.com/daaa623c-02c3-47b7-923a-fd177fbe12f5/apply
Boston, MA
____________________________________________________________
*********************************************
Confer Health - Clinical Research Coordinator
https://jobs.lever.co/lumiohealth.com/05f0eed2-3ea8-477b-9524-e46b9083213f/apply
Boston, MA
____________________________________________________________
*********************************************
Confer Health - Clinical Research Coordinator
https://jobs.lever.co/lumiohealth.com/05f0eed2-3ea8-477b-9524-e46b9083213f
Boston, MA
local
*********************************************
Confer Health - Clinical Research Intern
https://jobs.lever.co/lumiohealth.com/6d1e5423-4523-4f1a-a65b-80b59e8c7dc7
Boston, MA
*********************************************
Confer Health - Senior Scientist
https://jobs.lever.co/lumiohealth.com/aef83926-6ea2-42cd-a237-ae9ceeb8664d
Boston, MA
*********************************************
4
*********************************************
Lybrate - DevOps Engineer
https://jobs.lever.co/lybrate/ebda7ef6-85c8-4a10-a9ed-0d72035bb34a
Delhi/NCR (Delhi-Faridabad Border)
*********************************************
Lybrate - Machine Learning Engineer
https://jobs.lever.co/lybrate/3412bdcc-0809-404d-8f63-82b3be10f39e
Delhi/NCR (Delhi-Faridabad Border)
*********************************************
Lybrate - DevOps Engineer
https://jobs.lever.co/lybrate/ebda7ef6-85c8-4a10-a9ed-0d72035bb34a/apply
Delhi/NCR (Delhi-Faridabad Border)
____________________________________________________________
*********************************************
Lybrate - Machine Learning Engineer
https://jobs.lever.co/lybrate/3412bdcc-0809-404d-8f63-82b3be10f39e/apply
Delhi/NCR (Delhi-Faridabad Border)
____________________________________________________________
*********************************************
Lybrate - Software Engineer, Java - Lever
https://jobs.lever.co/lybrate/1f7dac47-3152-4575-b696-7cf72cd252c4/apply
Delhi/NCR (Delhi-Faridabad Border)
____________________________________________________________
*********************************************
Lybrate - Lever
https://jobs.lever.co/lybrate?by=team

## slept ##
Error INVALID_REQUEST
Query: https://maps.google.com/maps/api/geocode/json?address=&sensor=false&bounds=&region=&language=&components=
Filter by:
*********************************************
Lybrate - Lever
https://jobs.lever.co/lybrate?by=commitment

## slept ##
Error INVALID_REQUEST
Query: https://maps.google.com/maps/api/geocode/json?address=&sensor=false&bounds=&region=&language=&components=
Filter by:
*********************************************
Lybrate - Lever
https://jobs.lever.co/lybrate?by=location

## slept ##
Error INVALID_REQUEST
Query: https://maps.google.com/maps/api/geocode/json?address=&sensor=false&bounds=&region=&language=&components=
Filter by:
*********************************************
Lybrate - Product Manager
https://jobs.lever.co/lybrate/950502a1-61da-403a-a96b-5d3a261f6376
Delhi/NCR (Delhi-Faridabad Border)
*********************************************
Lybrate - Recruitment Ninja
https://jobs.lever.co/lybrate/257b6158-4935-4e90-86d9-8af993d21462
Delhi/NCR (Delhi-Faridabad Border)
local
*********************************************
3
*********************************************
Lyft - Intern: Software Engineer 2018 (San Francisco and Seattle ...
https://jobs.lever.co/lyft/0a792acb-8db8-47a9-a29a-6017e76a4ed2/apply
San Francisco, CA
____________________________________________________________
*********************************************
Lyft - Software Engineer, Security Detection & Response
https://jobs.lever.co/lyft/cee72f79-90ee-4c1b-9ce6-4da4818d30ad
San Francisco, CA
*********************************************
Lyft - Software Engineer, Unity
https://jobs.lever.co/lyft/0be3d11e-eea9-46ef-a761-2c50934478fe
San Francisco, CA
*********************************************
Lyft - Infrastructure Engineer
https://jobs.lever.co/lyft/c40724f0-dd8b-46fc-b802-62429e193dc8
San Francisco, CA
local
*********************************************
Lyft - Business Intelligence Engineer
https://jobs.lever.co/lyft/76a46467-011c-4a16-9d67-77b516dbaf0c
San Francisco, CA
marketing
*********************************************
Lyft - Datastore Infrastructure Engineer
https://jobs.lever.co/lyft/35fc6772-e2bd-4104-bb8a-6e868524daf0
San Francisco, CA
*********************************************
Lyft - Software Engineer, Payments
https://jobs.lever.co/lyft/40426121-3f36-43aa-ab37-64a7637f7df6
San Francisco, CA
weekly
*********************************************
Lyft - Data Engineer
https://jobs.lever.co/lyft/e98ae531-ef40-4036-aa77-43c4d704eec1
San Francisco, CA
*********************************************
Lyft - Software Engineer, Financial Infrastructure
https://jobs.lever.co/lyft/4ca5323b-58fa-4f68-9d0a-756e41b314b7
San Francisco, CA
*********************************************
Lyft - Senior Front End Engineer
https://jobs.lever.co/lyft/a18c1d37-4179-4b47-81f8-1ab1464ef940
San Francisco, CA
*********************************************
Lyft - Software Engineer, Mapping
https://jobs.lever.co/lyft/30e71704-50ac-4122-8738-067c73f38c6e
Palo Alto, CA
*********************************************
Lyft - Android Engineer (Seattle)
https://jobs.lever.co/lyft/5fb6560c-0fb1-4614-b001-285197ca9c39/apply
Seattle, WA
____________________________________________________________
*********************************************
Lyft - Senior Front End Engineer
https://jobs.lever.co/lyft/a18c1d37-4179-4b47-81f8-1ab1464ef940/apply
San Francisco, CA
____________________________________________________________
*********************************************
Lyft - Software Engineer (Seattle)
https://jobs.lever.co/lyft/da433c09-4e57-43fb-87f8-6cc2bf1576b3
Seattle, WA
customer service
local
*********************************************
Lyft - Partner Engineer
https://jobs.lever.co/lyft/49ac23ec-2e0a-4262-aed3-e0b9bc21197e
San Francisco, CA
amazing opportunity
partner 
*********************************************
Lyft - Software Engineer, Application Security
https://jobs.lever.co/lyft/d76436f1-3894-4b71-8cda-1a94f62b3982
San Francisco, CA
*********************************************
Lyft - Intern: Software Engineer 2018 (San Francisco and Seattle ...
https://jobs.lever.co/lyft/0a792acb-8db8-47a9-a29a-6017e76a4ed2/apply
San Francisco, CA
____________________________________________________________
*********************************************
Lyft - Software Engineer, Security Detection & Response
https://jobs.lever.co/lyft/cee72f79-90ee-4c1b-9ce6-4da4818d30ad
San Francisco, CA
*********************************************
Lyft - Software Engineer, Unity
https://jobs.lever.co/lyft/0be3d11e-eea9-46ef-a761-2c50934478fe
San Francisco, CA
*********************************************
Lyft - Infrastructure Engineer
https://jobs.lever.co/lyft/c40724f0-dd8b-46fc-b802-62429e193dc8
San Francisco, CA
local
*********************************************
Lyft - Business Intelligence Engineer
https://jobs.lever.co/lyft/76a46467-011c-4a16-9d67-77b516dbaf0c
San Francisco, CA
marketing
*********************************************
Lyft - Datastore Infrastructure Engineer
https://jobs.lever.co/lyft/35fc6772-e2bd-4104-bb8a-6e868524daf0
San Francisco, CA
*********************************************
Lyft - Software Engineer, Payments
https://jobs.lever.co/lyft/40426121-3f36-43aa-ab37-64a7637f7df6
San Francisco, CA
weekly
*********************************************
Lyft - Data Engineer
https://jobs.lever.co/lyft/e98ae531-ef40-4036-aa77-43c4d704eec1
San Francisco, CA
*********************************************
Lyft - Software Engineer, Financial Infrastructure
https://jobs.lever.co/lyft/4ca5323b-58fa-4f68-9d0a-756e41b314b7
San Francisco, CA
*********************************************
Lyft - Senior Front End Engineer
https://jobs.lever.co/lyft/a18c1d37-4179-4b47-81f8-1ab1464ef940
San Francisco, CA
*********************************************
Lyft - Software Engineer, Mapping
https://jobs.lever.co/lyft/30e71704-50ac-4122-8738-067c73f38c6e
Palo Alto, CA
*********************************************
Lyft - Android Engineer (Seattle)
https://jobs.lever.co/lyft/5fb6560c-0fb1-4614-b001-285197ca9c39/apply
Seattle, WA
____________________________________________________________
*********************************************
Lyft - Senior Front End Engineer
https://jobs.lever.co/lyft/a18c1d37-4179-4b47-81f8-1ab1464ef940/apply
San Francisco, CA
____________________________________________________________
*********************************************
Lyft - Software Engineer (Seattle)
https://jobs.lever.co/lyft/da433c09-4e57-43fb-87f8-6cc2bf1576b3
Seattle, WA
customer service
local
*********************************************
Lyft - Partner Engineer
https://jobs.lever.co/lyft/49ac23ec-2e0a-4262-aed3-e0b9bc21197e
San Francisco, CA
amazing opportunity
partner 
*********************************************
Lyft - Software Engineer, Application Security
https://jobs.lever.co/lyft/d76436f1-3894-4b71-8cda-1a94f62b3982
San Francisco, CA
*********************************************
Lyft - Software Engineer: Global Engineering
https://jobs.lever.co/lyft/35fd862f-c94a-4f56-9450-e1adfb4a0dcc
San Francisco, CA
customer service
local
*********************************************
Lyft - Software Engineer
https://jobs.lever.co/lyft/ba0491dc-18ac-4c43-a04d-d449474a6cb4/apply
San Francisco, CA
____________________________________________________________
*********************************************
Lyft - Intern: Software Engineer 2018 - Winter (Jan-March)
https://jobs.lever.co/lyft/6780d91d-944a-435e-b7ec-3fa3e3903493
Seattle, WA
Lyft - Intern: Software Engineer 2018 (San Francisco and Seattle ...
https://jobs.lever.co/lyft/0a792acb-8db8-47a9-a29a-6017e76a4ed2/apply
San Francisco, CA
## slept ##
Error OVER_QUERY_LIMIT
Query: https://maps.google.com/maps/api/geocode/json?address=San+Francisco%2C+CA&sensor=false&bounds=&region=&language=&components=
____________________________________________________________
*********************************************
Lyft - Software Engineer, Security Detection & Response
https://jobs.lever.co/lyft/cee72f79-90ee-4c1b-9ce6-4da4818d30ad
San Francisco, CA
## slept ##
Lyft - Intern: Software Engineer 2018 (San Francisco and Seattle ...
https://jobs.lever.co/lyft/0a792acb-8db8-47a9-a29a-6017e76a4ed2/apply
San Francisco, CA
____________________________________________________________
*********************************************
Lyft - Software Engineer, Security Detection & Response
https://jobs.lever.co/lyft/cee72f79-90ee-4c1b-9ce6-4da4818d30ad
San Francisco, CA
*********************************************
Lyft - Software Engineer, Unity
https://jobs.lever.co/lyft/0be3d11e-eea9-46ef-a761-2c50934478fe
San Francisco, CA
*********************************************
Lyft - Infrastructure Engineer
https://jobs.lever.co/lyft/c40724f0-dd8b-46fc-b802-62429e193dc8
San Francisco, CA
local
*********************************************
Lyft - Business Intelligence Engineer
https://jobs.lever.co/lyft/76a46467-011c-4a16-9d67-77b516dbaf0c
San Francisco, CA
marketing
*********************************************
Lyft - Datastore Infrastructure Engineer
https://jobs.lever.co/lyft/35fc6772-e2bd-4104-bb8a-6e868524daf0
San Francisco, CA
