Casetext - Machine Learning Engineer (Recommendation/Text ...
https://jobs.lever.co/casetext/03887297-9a88-431b-84fd-79723e3ca213
San Francisco, CA
*********************************************
HTTP Error 404: Not Found
Casetext - Backend Engineer (Data Science Team)
https://jobs.lever.co/casetext/360c7530-049a-4a71-8bbc-e85f4c09a039
San Francisco, CA
*********************************************
Casetext - Full Stack Engineer (Web App Team)
https://jobs.lever.co/casetext/ab5933f9-143f-474b-959e-1cc8931a29d4
San Francisco, CA
equity
*********************************************
Casetext - DevOps/Cloud Engineer
https://jobs.lever.co/casetext/7c410f7d-4f8a-410c-8679-2fb94a7821e7
San Francisco, CA
partner 
*********************************************
Casetext
https://jobs.lever.co/casetext

## slept ##
Error INVALID_REQUEST
Query: https://maps.google.com/maps/api/geocode/json?address=&sensor=false&bounds=&region=&language=&components=
Filter by:
*********************************************
Casetext - Full Stack Engineer (Web App Team)
https://jobs.lever.co/casetext/ab5933f9-143f-474b-959e-1cc8931a29d4/apply
San Francisco, CA
____________________________________________________________
*********************************************
Casetext - Machine Learning Engineer (Recommendation/Text ...
https://jobs.lever.co/casetext/03887297-9a88-431b-84fd-79723e3ca213/apply
San Francisco, CA
____________________________________________________________
*********************************************
Casetext
https://jobs.lever.co/casetext?team=Data

## slept ##
Error INVALID_REQUEST
Query: https://maps.google.com/maps/api/geocode/json?address=&sensor=false&bounds=&region=&language=&components=
Filter by:
*********************************************
Casetext - Product Designer
https://jobs.lever.co/casetext/2b724e38-61e4-41e9-8e0b-2620673647f0
San Francisco, CA
*********************************************
Casetext
https://jobs.lever.co/casetext?team=Marketing

## slept ##
Error INVALID_REQUEST
Query: https://maps.google.com/maps/api/geocode/json?address=&sensor=false&bounds=&region=&language=&components=
Filter by:
*********************************************
3
*********************************************
Cask - Distributed Application Engineer
https://jobs.lever.co/cask/42eacf47-f647-4998-adef-6ca2a92d3279
Palo Alto, CA
*********************************************
Cask - Software Engineer
https://jobs.lever.co/cask/03ad27af-19bb-46ba-8f52-e248a58ed15a
Palo Alto, CA
*********************************************
Cask - Software Engineer
https://jobs.lever.co/cask/03ad27af-19bb-46ba-8f52-e248a58ed15a/apply
Palo Alto, CA
____________________________________________________________
*********************************************
Cask
https://jobs.lever.co/cask

## slept ##
Error INVALID_REQUEST
Query: https://maps.google.com/maps/api/geocode/json?address=&sensor=false&bounds=&region=&language=&components=
Filter by:
*********************************************
Cask
https://jobs.lever.co/cask?by=commitment

## slept ##
Error INVALID_REQUEST
Query: https://maps.google.com/maps/api/geocode/json?address=&sensor=false&bounds=&region=&language=&components=
Filter by:
*********************************************
2
*********************************************
Castle Global, Inc. - Frontend Engineer
https://jobs.lever.co/castleglobal/83e9b7c7-99f6-41ea-8047-c760207e99e0
Delhi
*********************************************
Castle Global, Inc. - Software Engineer - Android
https://jobs.lever.co/castleglobal/a688eaba-ae2e-42cb-a2bb-a1ea1f692774
Delhi
*********************************************
Castle Global, Inc. - QA Engineer (Manual)
https://jobs.lever.co/castleglobal/213d723a-d935-4795-8001-63dc0c7717ba
New Delhi
*********************************************
Castle Global, Inc. - Software Engineer - Backend
https://jobs.lever.co/castleglobal/0962156b-5d31-4ec2-8765-24f247d1e9cd
Delhi
*********************************************
Castle Global, Inc. - Software Development Engineer in Test
https://jobs.lever.co/castleglobal/c019c468-a434-4298-aeae-0b75019c2ab6
San Francisco
*********************************************
Castle Global, Inc. - Software Engineer - iOS
https://jobs.lever.co/castleglobal/1ebd6291-4887-468e-9ac0-46856039762e
Delhi
*********************************************
Castle Global, Inc. - Systems Engineer / DevOps
https://jobs.lever.co/castleglobal/6fce6e38-262a-4396-aa21-536d83ebca9c
Delhi
*********************************************
HTTP Error 404: Not Found
Castle Global, Inc. - Frontend Engineer
https://jobs.lever.co/castleglobal/83e9b7c7-99f6-41ea-8047-c760207e99e0/apply
Delhi
____________________________________________________________
*********************************************
Castle Global, Inc. - Systems Engineer / DevOps
https://jobs.lever.co/castleglobal/6fce6e38-262a-4396-aa21-536d83ebca9c/apply
Delhi
____________________________________________________________
*********************************************
HTTP Error 404: Not Found
Castle Global, Inc.
https://jobs.lever.co/castleglobal

## slept ##
Error INVALID_REQUEST
Query: https://maps.google.com/maps/api/geocode/json?address=&sensor=false&bounds=&region=&language=&components=
Filter by:
*********************************************
Castle Global, Inc.
https://jobs.lever.co/castleglobal?by=commitment

## slept ##
Error INVALID_REQUEST
Query: https://maps.google.com/maps/api/geocode/json?address=&sensor=false&bounds=&region=&language=&components=
Filter by:
*********************************************
Castle Global, Inc. - Head of Engineering Talent
https://jobs.lever.co/castleglobal/270d2aad-832c-4cfa-8e81-65d943771aac
San Francisco
*********************************************
Castle Global, Inc. - Head of Engineering Talent
https://jobs.lever.co/castleglobal/270d2aad-832c-4cfa-8e81-65d943771aac/apply
San Francisco
____________________________________________________________
*********************************************
Castle Global, Inc. - Lead Designer
https://jobs.lever.co/castleglobal/9324c0ac-57f4-43c6-a09d-cb1af817335f
San Francisco
partner 
*********************************************
Castle Global, Inc. - Marketing Manager, Hive AI
https://jobs.lever.co/castleglobal/424840b7-ddce-4beb-957d-17d1d0a63d6f
San Francisco
marketing
*********************************************
Castle Global, Inc. - UI / UX Designer
https://jobs.lever.co/castleglobal/fdcc099e-cdb6-44d6-9603-23d06e3a6027
San Francisco
partner 
*********************************************
Castle Global, Inc. - Strategy and Operations Associate, New Ventures
https://jobs.lever.co/castleglobal/e0652123-5001-452c-ba07-7c9efdb93d9f
San Francisco
marketing
partner 
*********************************************
Castle Global, Inc. - Product Manager
https://jobs.lever.co/castleglobal/a9ae6d44-8451-41c8-a04b-4997ed8b9db0
San Francisco
*********************************************
Castle Global, Inc. - Recruiter
https://jobs.lever.co/castleglobal/9409b59a-6fba-4a88-83ee-d496bf7a9324
San Francisco
*********************************************
HTTP Error 404: Not Found
HTTP Error 404: Not Found
Castle Global, Inc. - Business Operations Associate
https://jobs.lever.co/castleglobal/72cb9deb-c178-42ee-85fb-bc8cd6156eec
San Francisco
*********************************************
Castle Global, Inc. - Business Development Associate - Hive AI
https://jobs.lever.co/castleglobal/c536e78c-2d36-40d3-b60f-653e4c4d829b
San Francisco
customer service
*********************************************
Castle Global, Inc. - Executive Assistant, Executive and People ...
https://jobs.lever.co/castleglobal/41b3f808-6835-4e93-9ca6-ba15684131de
San Francisco
executive assistant
administrative
partner 
*********************************************
Castle Global, Inc. - Chief of Staff
https://jobs.lever.co/castleglobal/103f430f-4087-490b-a9fa-5ac55fdb362b
San Francisco
partner 
weekly
*********************************************
11
*********************************************
Chai - Manufacturing Engineer
https://jobs.lever.co/chai/22d63817-117d-4adc-a082-2e4cf005d19d
Santa Clara
equity
*********************************************
Chai - Lead Software Engineer
https://jobs.lever.co/chai/87527c93-6e32-4044-ae6f-516fb32d918f
Santa Clara
marketing
equity
*********************************************
Chai - Lead Software Engineer - Lever
https://jobs.lever.co/chai/87527c93-6e32-4044-ae6f-516fb32d918f/apply
Santa Clara
____________________________________________________________
*********************************************
Chai - Manufacturing Engineer
https://jobs.lever.co/chai/22d63817-117d-4adc-a082-2e4cf005d19d/apply
Santa Clara
____________________________________________________________
*********************************************
Chai
https://jobs.lever.co/chai

## slept ##
Error INVALID_REQUEST
Query: https://maps.google.com/maps/api/geocode/json?address=&sensor=false&bounds=&region=&language=&components=
Filter by:
*********************************************
Chai
https://jobs.lever.co/chai?by=commitment

## slept ##
Error INVALID_REQUEST
Query: https://maps.google.com/maps/api/geocode/json?address=&sensor=false&bounds=&region=&language=&components=
Filter by:
*********************************************
Chai - Lever
https://jobs.lever.co/chai?by=location&location=Santa%20Clara

## slept ##
Error INVALID_REQUEST
Query: https://maps.google.com/maps/api/geocode/json?address=&sensor=false&bounds=&region=&language=&components=
Filter by:
*********************************************
Chai - Lever
https://jobs.lever.co/chai?by=location&team=Operations

## slept ##
Error INVALID_REQUEST
Query: https://maps.google.com/maps/api/geocode/json?address=&sensor=false&bounds=&region=&language=&components=
Filter by:
*********************************************
0
*********************************************
Change.org - Senior Software Engineer, Full Stack - Lever
https://jobs.lever.co/change/0d771d21-c5ea-440a-bc91-edb63f368350/apply?lever-source=careers-show-view
San Francisco
____________________________________________________________
*********************************************
Change.org - VP of Engineering
https://jobs.lever.co/change/d1320de9-59f4-4bae-9b60-98296115a8f8
San Francisco
*********************************************
Change.org
https://jobs.lever.co/change

## slept ##
Error INVALID_REQUEST
Query: https://maps.google.com/maps/api/geocode/json?address=&sensor=false&bounds=&region=&language=&components=
Filter by:
*********************************************
Change.org - Product Designer, Growth
https://jobs.lever.co/change/56f21866-817f-431e-94ba-a4836c17c956
San Francisco, CA
marketing
partner 
*********************************************
Change.org - Culture & Operations Manager
https://jobs.lever.co/change/4104805e-d56b-4f14-8121-7e3ccc1bdc1f
San Francisco, CA
weekly
*********************************************
Change.org - Lever
https://jobs.lever.co/change?location=San%20Francisco

## slept ##
Error INVALID_REQUEST
Query: https://maps.google.com/maps/api/geocode/json?address=&sensor=false&bounds=&region=&language=&components=
Filter by:
*********************************************
Change.org - Lever
https://jobs.lever.co/change?commitment=Full-time

## slept ##
Error INVALID_REQUEST
Query: https://maps.google.com/maps/api/geocode/json?address=&sensor=false&bounds=&region=&language=&components=
Filter by:
*********************************************
1
*********************************************
Chatbooks - QA Engineer (Automation)
https://jobs.lever.co/chatbooks.com/b378d285-7248-4c83-bab7-c349f5424ce7
Provo, UT
equity
co-founder
*********************************************
Chatbooks - .NET Engineer
https://jobs.lever.co/chatbooks.com/23149de5-4fad-4bdf-ba06-5f9c290b1c3b
Provo, UT
equity
co-founder
*********************************************
Chatbooks - QA Engineer (Automation)
https://jobs.lever.co/chatbooks.com/b378d285-7248-4c83-bab7-c349f5424ce7/apply
Provo, UT
____________________________________________________________
*********************************************
Chatbooks
https://jobs.lever.co/chatbooks.com

## slept ##
Error INVALID_REQUEST
Query: https://maps.google.com/maps/api/geocode/json?address=&sensor=false&bounds=&region=&language=&components=
Filter by:
*********************************************
Chatbooks - Lever
https://jobs.lever.co/chatbooks.com?by=location

## slept ##
Error INVALID_REQUEST
Query: https://maps.google.com/maps/api/geocode/json?address=&sensor=false&bounds=&region=&language=&components=
Filter by:
*********************************************
Chatbooks - Lever
https://jobs.lever.co/chatbooks.com?team=Development

## slept ##
Error INVALID_REQUEST
Query: https://maps.google.com/maps/api/geocode/json?address=&sensor=false&bounds=&region=&language=&components=
Filter by:
*********************************************
Chatbooks - Business Intelligence Analyst
https://jobs.lever.co/chatbooks.com/dfdd262a-4fb3-4a23-9e0d-b9a310b524d3
Provo, UT
survey
equity
*********************************************
0
*********************************************
Chef'd - Data Scientist
https://jobs.lever.co/chefd/c688ef30-2840-4e6c-b56a-d5f1942c62ea
El Segundo, CA
marketing
*********************************************
Chef'd - Lever
https://jobs.lever.co/chefd?location=El%20Segundo%2C%20CA

## slept ##
Error INVALID_REQUEST
Query: https://maps.google.com/maps/api/geocode/json?address=&sensor=false&bounds=&region=&language=&components=
Filter by:
*********************************************
Chef'd - Intern- Data Science
https://jobs.lever.co/chefd/0ac6f4c9-8423-4de7-9375-f39d47882f7b
El Segundo, CA
*********************************************
1
*********************************************
Chexology - iOS Developer
https://jobs.lever.co/chexology/22fdf757-35ec-4595-94e8-3022ee065f02
New York
weekly
*********************************************
Chexology - Brand Ambassador - NYC
https://jobs.lever.co/chexology/137ed406-fa15-4b17-89f0-26b152de460e/apply
New York
customer service
survey
____________________________________________________________
*********************************************
0
*********************************************
Chiron Health - Senior Front End Engineer
https://jobs.lever.co/chironhealth/174baeb6-4702-41c5-9d56-ebe3c53a161a
Austin, Texas
administrative
*********************************************
HTTP Error 404: Not Found
Chiron Health - Senior Front End Engineer
https://jobs.lever.co/chironhealth/174baeb6-4702-41c5-9d56-ebe3c53a161a/apply
Austin, Texas
____________________________________________________________
*********************************************
Chiron Health - Lever
https://jobs.lever.co/chironhealth?location=Austin%2C%20Texas

## slept ##
Error INVALID_REQUEST
Query: https://maps.google.com/maps/api/geocode/json?address=&sensor=false&bounds=&region=&language=&components=
Filter by:
*********************************************
Chiron Health - Lever
https://jobs.lever.co/chironhealth/?by=location

## slept ##
Error INVALID_REQUEST
Query: https://maps.google.com/maps/api/geocode/json?address=&sensor=false&bounds=&region=&language=&components=
Filter by:
*********************************************
Chiron Health - Lever
https://jobs.lever.co/chironhealth?by=commitment&team=Product%20Engineering

## slept ##
Error INVALID_REQUEST
Query: https://maps.google.com/maps/api/geocode/json?address=&sensor=false&bounds=&region=&language=&components=
Filter by:
*********************************************
Chiron Health
https://jobs.lever.co/chironhealth?by=commitment&team=Sales

## slept ##
Error INVALID_REQUEST
Query: https://maps.google.com/maps/api/geocode/json?address=&sensor=false&bounds=&region=&language=&components=
Filter by:
*********************************************
Chiron Health - Lever
https://jobs.lever.co/chironhealth/?team=Sales

## slept ##
Error INVALID_REQUEST
Query: https://maps.google.com/maps/api/geocode/json?address=&sensor=false&bounds=&region=&language=&components=
Filter by:
*********************************************
0
*********************************************
ChowNow - Front End Engineer
https://jobs.lever.co/chownow/909fd10f-ff59-434d-8cf6-efb271ed276c
Los Angeles, CA
*********************************************
ChowNow - Test Automation Engineer
https://jobs.lever.co/chownow/1b2fffc8-74d9-466f-8c5c-aba07560b92f
Los Angeles, CA
*********************************************
ChowNow - Test Automation Engineer
https://jobs.lever.co/chownow/1b2fffc8-74d9-466f-8c5c-aba07560b92f/apply
Los Angeles, CA
____________________________________________________________
*********************************************
ChowNow
https://jobs.lever.co/chownow

## slept ##
Error INVALID_REQUEST
Query: https://maps.google.com/maps/api/geocode/json?address=&sensor=false&bounds=&region=&language=&components=
Filter by:
*********************************************
ChowNow
https://jobs.lever.co/chownow?by=team&commitment=Full-time

## slept ##
Error INVALID_REQUEST
Query: https://maps.google.com/maps/api/geocode/json?address=&sensor=false&bounds=&region=&language=&components=
Filter by:
*********************************************
ChowNow
https://jobs.lever.co/chownow?location=Los%20Angeles%2C%20CA

## slept ##
Error INVALID_REQUEST
Query: https://maps.google.com/maps/api/geocode/json?address=&sensor=false&bounds=&region=&language=&components=
Filter by:
*********************************************
ChowNow
https://jobs.lever.co/chownow?team=Engineering

## slept ##
Error INVALID_REQUEST
Query: https://maps.google.com/maps/api/geocode/json?address=&sensor=false&bounds=&region=&language=&components=
Filter by:
*********************************************
ChowNow - Director of Infrastructure (DevOps)
https://jobs.lever.co/chownow/011e8727-882a-4305-b270-cfefd912ce89
Los Angeles, CA
weekly
*********************************************
ChowNow - Vice President, Product
https://jobs.lever.co/chownow/b3d8ef3a-32ff-43a4-80a6-9b3cc4f535e4
Los Angeles, CA
marketing
weekly
*********************************************
ChowNow - Talent Sourcer
https://jobs.lever.co/chownow/0d3c0879-2dad-4949-bd1d-696771fa3b65
Los Angeles, CA
partner 
*********************************************
2
*********************************************
0
*********************************************
CircleCI - Solutions Engineer
https://jobs.lever.co/circleci/983eaac8-e421-4014-8105-711109a0f4a5
North America
*********************************************
CircleCI - Staff Back End Software Engineer
https://jobs.lever.co/circleci/3a11c8fb-91c8-44fb-85d9-748b78083208
North America
*********************************************
CircleCI - Solutions Engineer
https://jobs.lever.co/circleci/983eaac8-e421-4014-8105-711109a0f4a5/apply
North America
____________________________________________________________
*********************************************
CircleCI
https://jobs.lever.co/circleci?by=location

## slept ##
Error INVALID_REQUEST
Query: https://maps.google.com/maps/api/geocode/json?address=&sensor=false&bounds=&region=&language=&components=
Filter by:
*********************************************
CircleCI - Product Manager
https://jobs.lever.co/circleci/6ee8e138-a9fc-430a-b550-fa7498d887cc
San Francisco, California
*********************************************
CircleCI
https://jobs.lever.co/circleci/

## slept ##
Error INVALID_REQUEST
Query: https://maps.google.com/maps/api/geocode/json?address=&sensor=false&bounds=&region=&language=&components=
Filter by:
*********************************************
CircleCI
https://jobs.lever.co/circleci?team=Engineering

## slept ##
Error INVALID_REQUEST
Query: https://maps.google.com/maps/api/geocode/json?address=&sensor=false&bounds=&region=&language=&components=
Filter by:
*********************************************
CircleCI
https://jobs.lever.co/circleci?commitment=Full-time

## slept ##
Error INVALID_REQUEST
Query: https://maps.google.com/maps/api/geocode/json?address=&sensor=false&bounds=&region=&language=&components=
Filter by:
*********************************************
CircleCI
https://jobs.lever.co/circleci?location=San%20Francisco%2C%20California

## slept ##
Error INVALID_REQUEST
Query: https://maps.google.com/maps/api/geocode/json?address=&sensor=false&bounds=&region=&language=&components=
Filter by:
*********************************************
CircleCI - Account Executive
https://jobs.lever.co/circleci/fb62544f-e409-4e02-8ce3-5462ffe5476c
San Francisco, California
*********************************************
4
*********************************************
Circle Medical - Backend Engineer (Ruby/Rails)
https://jobs.lever.co/circlemedical/d3095636-3ac9-45a8-b922-bd2b55efa488
San Francisco Bay Area
*********************************************
Circle Medical - Backend Engineer (Ruby/Rails)
https://jobs.lever.co/circlemedical/d3095636-3ac9-45a8-b922-bd2b55efa488/apply
San Francisco Bay Area
____________________________________________________________
*********************************************
HTTP Error 404: Not Found
Circle Medical - Mobile Engineer (iOS/Swift)
https://jobs.lever.co/circlemedical/554bbd94-0d8e-4dd8-a039-da15c6859352/apply
San Francisco Bay Area
____________________________________________________________
*********************************************
Circle Medical
https://jobs.lever.co/circlemedical

## slept ##
Error INVALID_REQUEST
Query: https://maps.google.com/maps/api/geocode/json?address=&sensor=false&bounds=&region=&language=&components=
Filter by:
*********************************************
Circle Medical - Lever
https://jobs.lever.co/circlemedical?by=location

## slept ##
Error INVALID_REQUEST
Query: https://maps.google.com/maps/api/geocode/json?address=&sensor=false&bounds=&region=&language=&components=
Filter by:
*********************************************
Circle Medical - Lever
https://jobs.lever.co/circlemedical?team=Engineering

## slept ##
Error INVALID_REQUEST
Query: https://maps.google.com/maps/api/geocode/json?address=&sensor=false&bounds=&region=&language=&components=
Filter by:
*********************************************
Circle Medical - Primary Care Physician
https://jobs.lever.co/circlemedical/1d70e823-df86-4723-bd0d-36fd41aa7dd9
San Francisco Bay Area
customer service
equity
*********************************************
1
*********************************************
CircleUp - Data Engineer
https://jobs.lever.co/circleup/865a1064-39fe-41a2-aef9-2015d597dcc5
San Francisco, CA
*********************************************
CircleUp - Data Engineer - Lever
https://jobs.lever.co/circleup/865a1064-39fe-41a2-aef9-2015d597dcc5/apply
San Francisco, CA
survey
____________________________________________________________
*********************************************
CircleUp
https://jobs.lever.co/circleup

## slept ##
Error INVALID_REQUEST
Query: https://maps.google.com/maps/api/geocode/json?address=&sensor=false&bounds=&region=&language=&components=
Filter by:
*********************************************
CircleUp
https://jobs.lever.co/circleup?by=location

## slept ##
Error INVALID_REQUEST
Query: https://maps.google.com/maps/api/geocode/json?address=&sensor=false&bounds=&region=&language=&components=
Filter by:
*********************************************
CircleUp - Lever
https://jobs.lever.co/circleup?by=commitment

## slept ##
Error INVALID_REQUEST
Query: https://maps.google.com/maps/api/geocode/json?address=&sensor=false&bounds=&region=&language=&components=
Filter by:
*********************************************
1
*********************************************
Circonus
https://jobs.lever.co/circonus

## slept ##
Error INVALID_REQUEST
Query: https://maps.google.com/maps/api/geocode/json?address=&sensor=false&bounds=&region=&language=&components=
Filter by:
*********************************************
Circonus - Lever
https://jobs.lever.co/circonus?team=Engineering

## slept ##
Error INVALID_REQUEST
Query: https://maps.google.com/maps/api/geocode/json?address=&sensor=false&bounds=&region=&language=&components=
Filter by:
*********************************************
0
*********************************************
HTTP Error 404: Not Found
HTTP Error 404: Not Found
HTTP Error 404: Not Found
HTTP Error 404: Not Found
HTTP Error 404: Not Found
HTTP Error 404: Not Found
HTTP Error 404: Not Found
HTTP Error 404: Not Found
HTTP Error 404: Not Found
HTTP Error 404: Not Found
0
*********************************************
Clarity Insights - Data Engineer - Senior Consultant - San Francisco ...
https://jobs.lever.co/clarity/5c79ca27-fbfc-4524-9fdf-be5ca0e7085f
San Francisco, CA
weekly
*********************************************
Clarity Insights - Data Engineer - Senior Consultant (Vertica Platform ...
https://jobs.lever.co/clarity/c89d05c3-e694-4f62-96c9-189534dedc60
San Francisco, CA
weekly
*********************************************
Clarity Insights - Data Engineer - Senior Consultant (Software ...
https://jobs.lever.co/clarity/e40c5f3a-f88d-453f-ac02-a9ce109cd454
Austin, TX
weekly
*********************************************
Clarity Insights - Data Engineer - Senior Consultant (Vertica Data ...
https://jobs.lever.co/clarity/9f9359e7-bf65-4a26-ab29-883c47cf6f03
San Francisco, CA
weekly
*********************************************
Clarity Insights - Data Engineer - Principal (Big Data Architect ...
https://jobs.lever.co/clarity/db071982-5d21-41f9-9609-ef2b9b2f4cf9
Chicago, IL
weekly
*********************************************
Clarity Insights - Azure Cloud Engineer - Consultant
https://jobs.lever.co/clarity/c4b065fb-2ff8-49b8-9398-b653524f3924
United States
*********************************************
Clarity Insights - Data Engineer - Consultant
https://jobs.lever.co/clarity/16374841-39f7-4f2a-bb18-e9bd8f6c1aba
United States
weekly
*********************************************
Clarity Insights - Data Engineer - Senior Consultant (Software ...
https://jobs.lever.co/clarity/674355f4-1ece-4d53-88e0-24ccff34011f/apply
San Francisco, CA
survey
weekly
____________________________________________________________
*********************************************
Clarity Insights - Process Engineer (Prior Military Experience)
https://jobs.lever.co/clarity/5dd63578-f96e-4a5b-b383-52929ff64273
San Antonio, TX
*********************************************
Clarity Insights - Cloud Architect - Principal
https://jobs.lever.co/clarity/79d74315-4329-4b7e-9c8f-3c128c18a7d9
United States
*********************************************
Clarity Insights
https://jobs.lever.co/clarity

## slept ##
Error INVALID_REQUEST
Query: https://maps.google.com/maps/api/geocode/json?address=&sensor=false&bounds=&region=&language=&components=
Filter by:
*********************************************
Clarity Insights - Big Data Solution Architect - Healthcare - Senior ...
https://jobs.lever.co/clarity/9a6446b3-c63b-4ea8-bc8b-5eda74c5b781
United States
weekly
*********************************************
Clarity Insights - Data Scientist - Healthcare - Senior Principal
https://jobs.lever.co/clarity/f08811a4-f698-4af5-9c52-6628cd7cc223
United States
weekly
*********************************************
Clarity Insights - Senior Associate Consultant - Chicago, IL
https://jobs.lever.co/clarity/6c2eb25d-08bf-40fc-9297-9ceb7d24a6da
Chicago, IL
*********************************************
Clarity Insights - Data Scientist - Principal
https://jobs.lever.co/clarity/21ea2f83-c58d-4e07-bdf5-281e7223fca1
United States
weekly
*********************************************
Clarity Insights - Engagement Manager - High Tech - Senior Principal
https://jobs.lever.co/clarity/2cc59238-19a8-4768-88c1-4444977cf68d
San Francisco, CA
weekly
*********************************************
Clarity Insights - Engagement Manager - Financial Services ...
https://jobs.lever.co/clarity/94fe529c-47ff-40fd-ae02-cd6a802b2afa
Chicago, IL
weekly
*********************************************
Clarity Insights - Solution Architect, AWS or Azure – Big Data and ...
https://jobs.lever.co/clarity/7cd36dbb-7db9-4f36-9b79-041ec6db487d
United States
tutor
*********************************************
Clarity Insights - Solution Architect - Senior Principal - CME
https://jobs.lever.co/clarity/9560df58-fc5c-47d8-9661-9a2f72e05bab
United States
tutor
*********************************************
4
*********************************************
HTTP Error 404: Not Found
HTTP Error 404: Not Found
ClassDojo
https://jobs.lever.co/classdojo

## slept ##
Error INVALID_REQUEST
Query: https://maps.google.com/maps/api/geocode/json?address=&sensor=false&bounds=&region=&language=&components=
*********************************************
ClassDojo - Lever
https://jobs.lever.co/classdojo?by=location&team=Engineering

## slept ##
Error INVALID_REQUEST
Query: https://maps.google.com/maps/api/geocode/json?address=&sensor=false&bounds=&region=&language=&components=
*********************************************
ClassDojo - Lever
https://jobs.lever.co/classdojo?by=location&commitment=Full-time

## slept ##
Error INVALID_REQUEST
Query: https://maps.google.com/maps/api/geocode/json?address=&sensor=false&bounds=&region=&language=&components=
*********************************************
3
*********************************************
Clear Capital - Sr. Network Engineer (Cisco)
https://jobs.lever.co/clearcapital/b34e0c4e-1539-46d6-96c5-628c3894b37a
Reno, NV
partner 
*********************************************
Clear Capital - Technical Support Engineer II (Systems Admin)
https://jobs.lever.co/clearcapital/ab5648d7-f244-4560-b2bf-e74fbdf9e2d0
Reno, NV
customer service
*********************************************
Clear Capital - Back End Engineer - Java (Relocation to Roseville ...
https://jobs.lever.co/clearcapital/b30deda2-f017-4890-bfbe-8b0330af080c/apply
San Francisco County, CA
survey
____________________________________________________________
*********************************************
Clear Capital - Technical Support Engineer II (Systems Admin)
https://jobs.lever.co/clearcapital/ab5648d7-f244-4560-b2bf-e74fbdf9e2d0/apply
Reno, NV
survey
____________________________________________________________
*********************************************
Clear Capital
https://jobs.lever.co/clearcapital?by=commitment

## slept ##
Error INVALID_REQUEST
Query: https://maps.google.com/maps/api/geocode/json?address=&sensor=false&bounds=&region=&language=&components=
Filter by:
*********************************************
Clear Capital
https://jobs.lever.co/clearcapital

## slept ##
Error INVALID_REQUEST
Query: https://maps.google.com/maps/api/geocode/json?address=&sensor=false&bounds=&region=&language=&components=
Filter by:
*********************************************
Clear Capital
https://jobs.lever.co/clearcapital?commitment=Full%20Time

## slept ##
Error INVALID_REQUEST
Query: https://maps.google.com/maps/api/geocode/json?address=&sensor=false&bounds=&region=&language=&components=
Filter by:
*********************************************
Clear Capital - Product Manager
https://jobs.lever.co/clearcapital/ba151fe1-ee62-4f2c-815a-60a3ae1e11eb
Roseville, CA
marketing
*********************************************
Clear Capital
https://jobs.lever.co/clearcapital?team=General

## slept ##
Error INVALID_REQUEST
Query: https://maps.google.com/maps/api/geocode/json?address=&sensor=false&bounds=&region=&language=&components=
Filter by:
*********************************************
Clear Capital
https://jobs.lever.co/clearcapital?location=Deschutes%20County%2C%20Oregon

## slept ##
Error INVALID_REQUEST
Query: https://maps.google.com/maps/api/geocode/json?address=&sensor=false&bounds=&region=&language=&components=
Filter by:
*********************************************
Clear Capital
https://jobs.lever.co/clearcapital?commitment=Full-time

## slept ##
Error INVALID_REQUEST
Query: https://maps.google.com/maps/api/geocode/json?address=&sensor=false&bounds=&region=&language=&components=
Filter by:
*********************************************
Clear Capital
https://jobs.lever.co/clearcapital?location=Pennslyvania&team=Operations%20-%20BPO&commitment=Full-time

## slept ##
Error INVALID_REQUEST
Query: https://maps.google.com/maps/api/geocode/json?address=&sensor=false&bounds=&region=&language=&components=
Filter by:
*********************************************
0
*********************************************
0
*********************************************
Clerky - Junior Software Engineer
https://jobs.lever.co/clerky/59623abf-f7d6-425a-bacb-53ddeaf5035e
Remote
*********************************************
1
*********************************************
CloudMine - Platform Engineer II (Philadelphia)
https://jobs.lever.co/cloudmineinc/b1224e09-f827-499f-aeb2-009b4c5c5ded?jvs=kununu,jsr,u,u
Philadelphia, PA
*********************************************
CloudMine - Senior Solutions Engineer
https://jobs.lever.co/cloudmineinc/be63471a-b8e8-46a6-892c-eb257436dd90
Philadelphia, PA
amazing opportunity
marketing
tutor
*********************************************
CloudMine - Full Stack Engineer
https://jobs.lever.co/cloudmineinc/66037b1b-86fe-483f-b921-7644f1cb8a42
Philadelphia, PA
*********************************************
CloudMine - Platform Engineer II
https://jobs.lever.co/cloudmineinc/e0f3b094-959b-4759-9a10-5110abb30dd2/apply
Chicago, Illinois
____________________________________________________________
*********************************************
HTTP Error 404: Not Found
CloudMine
https://jobs.lever.co/cloudmineinc?commitment=Full-time

## slept ##
Error INVALID_REQUEST
Query: https://maps.google.com/maps/api/geocode/json?address=&sensor=false&bounds=&region=&language=&components=
Filter by:
*********************************************
CloudMine
https://jobs.lever.co/cloudmineinc?team=Product%20Engineering

## slept ##
Error INVALID_REQUEST
Query: https://maps.google.com/maps/api/geocode/json?address=&sensor=false&bounds=&region=&language=&components=
Filter by:
*********************************************
CloudMine
https://jobs.lever.co/cloudmineinc

## slept ##
Error INVALID_REQUEST
Query: https://maps.google.com/maps/api/geocode/json?address=&sensor=false&bounds=&region=&language=&components=
Filter by:
*********************************************
CloudMine
https://jobs.lever.co/cloudmineinc?location=Chicago%2C%20Illinois

## slept ##
Error INVALID_REQUEST
Query: https://maps.google.com/maps/api/geocode/json?address=&sensor=false&bounds=&region=&language=&components=
Filter by:
*********************************************
CloudMine - Product Owner (Philadelphia)
https://jobs.lever.co/cloudmineinc/08d72d9c-9605-4e75-99e3-e7a102be2510
Philadelphia, PA
*********************************************
CloudMine - Product Owner (Philadelphia)
https://jobs.lever.co/cloudmineinc/08d72d9c-9605-4e75-99e3-e7a102be2510/apply
Philadelphia, PA
____________________________________________________________
*********************************************
HTTP Error 404: Not Found
3
*********************************************
Cultivating New Frontiers in Agriculture (CNFA) - Tractor ... - Lever
https://jobs.lever.co/cnfa.org/1e285501-2786-4fc1-8ce4-68bb0b973494
Angola
local
volunteer
*********************************************
HTTP Error 404: Not Found
Cultivating New Frontiers in Agriculture (CNFA) - International E ...
https://jobs.lever.co/cnfa.org/7409a464-723b-4f95-9fd6-9c0712dac8de
Pakistan
marketing
survey
local
partner 
equity
*********************************************
Cultivating New Frontiers in Agriculture (CNFA) - STTA: LADA ...
https://jobs.lever.co/cnfa.org/221c16e7-86eb-4d33-8449-0782795cd365
Monrovia, Liberia
local
*********************************************
0
*********************************************
co: collective - Engineering Lead (Full-Stack)
https://jobs.lever.co/cocollective/b661e4ea-c996-4bc6-9a20-2f192e8d26db
New York
partner 
*********************************************
co: collective - Engineering Lead (Full-Stack)
https://jobs.lever.co/cocollective/b661e4ea-c996-4bc6-9a20-2f192e8d26db/apply
New York
survey
____________________________________________________________
*********************************************
co: collective
https://jobs.lever.co/cocollective

## slept ##
Error INVALID_REQUEST
Query: https://maps.google.com/maps/api/geocode/json?address=&sensor=false&bounds=&region=&language=&components=
Filter by:
*********************************************
co: collective
https://jobs.lever.co/cocollective?by=location

## slept ##
Error INVALID_REQUEST
Query: https://maps.google.com/maps/api/geocode/json?address=&sensor=false&bounds=&region=&language=&components=
Filter by:
*********************************************
co: collective - Lever
https://jobs.lever.co/cocollective?by=location&commitment=Full-time

## slept ##
Error INVALID_REQUEST
Query: https://maps.google.com/maps/api/geocode/json?address=&sensor=false&bounds=&region=&language=&components=
Filter by:
*********************************************
co: collective
https://jobs.lever.co/cocollective?by=location&team=Doable

## slept ##
Error INVALID_REQUEST
Query: https://maps.google.com/maps/api/geocode/json?address=&sensor=false&bounds=&region=&language=&components=
Filter by:
*********************************************
co: collective
https://jobs.lever.co/cocollective?commitment=Full-time

## slept ##
Error INVALID_REQUEST
Query: https://maps.google.com/maps/api/geocode/json?address=&sensor=false&bounds=&region=&language=&components=
Filter by:
*********************************************
co: collective
https://jobs.lever.co/cocollective?by=location&location=New%20York

## slept ##
Error INVALID_REQUEST
Query: https://maps.google.com/maps/api/geocode/json?address=&sensor=false&bounds=&region=&language=&components=
Filter by:
*********************************************
co: collective - Lever
https://jobs.lever.co/cocollective?team=Doable

## slept ##
Error INVALID_REQUEST
Query: https://maps.google.com/maps/api/geocode/json?address=&sensor=false&bounds=&region=&language=&components=
Filter by:
*********************************************
0
*********************************************
