Booodl
https://jobs.lever.co/booodl?by=commitment&team=Engineering

## slept ##
Error INVALID_REQUEST
Query: https://maps.google.com/maps/api/geocode/json?address=&sensor=false&bounds=&region=&language=&components=
Filter by:
*********************************************
Booodl - Lever
https://jobs.lever.co/booodl

## slept ##
Error INVALID_REQUEST
Query: https://maps.google.com/maps/api/geocode/json?address=&sensor=false&bounds=&region=&language=&components=
Filter by:
*********************************************
Booodl - UX/UI Designer
https://jobs.lever.co/booodl/598f4835-82e4-4add-88f5-36f4e60bafb4
Sydney
*********************************************
Booodl - UX/UI Designer
https://jobs.lever.co/booodl/598f4835-82e4-4add-88f5-36f4e60bafb4/apply
Sydney
survey
____________________________________________________________
*********************************************
Booodl - Lever
https://jobs.lever.co/booodl?by=location

## slept ##
Error INVALID_REQUEST
Query: https://maps.google.com/maps/api/geocode/json?address=&sensor=false&bounds=&region=&language=&components=
Filter by:
*********************************************
Booodl - Lever
https://jobs.lever.co/booodl?by=commitment&commitment=Full-time

## slept ##
Error INVALID_REQUEST
Query: https://maps.google.com/maps/api/geocode/json?address=&sensor=false&bounds=&region=&language=&components=
Filter by:
*********************************************
Booodl
https://jobs.lever.co/booodl?by=commitment&location=Sydney

## slept ##
Error INVALID_REQUEST
Query: https://maps.google.com/maps/api/geocode/json?address=&sensor=false&bounds=&region=&language=&components=
Filter by:
*********************************************
1
*********************************************
Boosted, Inc. - Senior Electrical Engineer
https://jobs.lever.co/boostedboards/d3c028d7-b808-4fcb-a509-c6b081e9e3c5
Mountain View
*********************************************
Boosted, Inc. - Mechatronics Engineer
https://jobs.lever.co/boostedboards/b61da1e4-f67f-4d61-931f-5901087f387d
Mountain View
*********************************************
Boosted, Inc. - Senior Mechanical Design Engineer - Product Design
https://jobs.lever.co/boostedboards/aba968a7-b84f-44f4-ae2c-e0f19de45acb
Mountain View
*********************************************
Boosted, Inc. - Mechanical Design Engineer - CAE
https://jobs.lever.co/boostedboards/c14af5ae-9fad-44ef-89f9-01df9c223b18
Mountain View
*********************************************
Boosted, Inc. - Senior Manufacturing Software Development Engineer
https://jobs.lever.co/boostedboards/819d98e8-e5d5-4a87-84a3-f19271c431b2
Mountain View
partner 
*********************************************
Boosted, Inc. - Mechatronics Engineer
https://jobs.lever.co/boostedboards/b61da1e4-f67f-4d61-931f-5901087f387d/apply
Mountain View
____________________________________________________________
*********************************************
Boosted, Inc. - Senior Manufacturing Software Development Engineer
https://jobs.lever.co/boostedboards/819d98e8-e5d5-4a87-84a3-f19271c431b2/apply
Mountain View
____________________________________________________________
*********************************************
Boosted, Inc.
https://jobs.lever.co/boostedboards

## slept ##
Error INVALID_REQUEST
Query: https://maps.google.com/maps/api/geocode/json?address=&sensor=false&bounds=&region=&language=&components=
Filter by:
*********************************************
Boosted, Inc.
https://jobs.lever.co/boostedboards?by=commitment

## slept ##
Error INVALID_REQUEST
Query: https://maps.google.com/maps/api/geocode/json?address=&sensor=false&bounds=&region=&language=&components=
Filter by:
*********************************************
Boosted, Inc.
https://jobs.lever.co/boostedboards?by=location

## slept ##
Error INVALID_REQUEST
Query: https://maps.google.com/maps/api/geocode/json?address=&sensor=false&bounds=&region=&language=&components=
Filter by:
*********************************************
Boosted, Inc. - Battery Technology Lead
https://jobs.lever.co/boostedboards/67429f26-cea0-4e52-a44a-aa68ef6660d7
Mountain View
low cost
marketing
*********************************************
Boosted, Inc. - Sr. New Product Introduction Program Manager
https://jobs.lever.co/boostedboards/dcd9f5f9-b7e5-4584-a374-b6d3c80ab54b
Mountain View
marketing
*********************************************
4
*********************************************
Borrowed & Blue - Support Engineer
https://jobs.lever.co/borrowedandblue/d595a81d-57dc-4948-8ecb-419d8ec25203/apply
Charlottesville, VA
____________________________________________________________
*********************************************
Borrowed & Blue - Software Engineer (Ruby on Rails)
https://jobs.lever.co/borrowedandblue/4e8baf72-3eb1-4a27-a1c4-525ac260a877/apply
Boulder, CO
____________________________________________________________
*********************************************
Borrowed & Blue - Lever
https://jobs.lever.co/borrowedandblue?by=commitment&commitment=Full-time

## slept ##
Error INVALID_REQUEST
Query: https://maps.google.com/maps/api/geocode/json?address=&sensor=false&bounds=&region=&language=&components=
Filter by:
*********************************************
Borrowed & Blue - Lever
https://jobs.lever.co/borrowedandblue?commitment=Full-time

## slept ##
Error INVALID_REQUEST
Query: https://maps.google.com/maps/api/geocode/json?address=&sensor=false&bounds=&region=&language=&components=
Filter by:
*********************************************
Borrowed & Blue - Lever
https://jobs.lever.co/borrowedandblue?location=Charlottesville%2C%20VA

## slept ##
Error INVALID_REQUEST
Query: https://maps.google.com/maps/api/geocode/json?address=&sensor=false&bounds=&region=&language=&components=
Filter by:
*********************************************
Borrowed & Blue - Lever
https://jobs.lever.co/borrowedandblue?by=commitment&location=Charlottesville%2C%20VA

## slept ##
Error INVALID_REQUEST
Query: https://maps.google.com/maps/api/geocode/json?address=&sensor=false&bounds=&region=&language=&components=
Filter by:
*********************************************
0
*********************************************
HTTP Error 404: Not Found
0
*********************************************
Brain.fm - Full Stack Engineer - Lever
https://jobs.lever.co/brain-fm/4fbed463-1b10-44c9-986f-dbc630bd89ee/apply
Remote (Anywhere)
____________________________________________________________
*********************************************
Brain.fm
https://jobs.lever.co/brain-fm

## slept ##
Error INVALID_REQUEST
Query: https://maps.google.com/maps/api/geocode/json?address=&sensor=false&bounds=&region=&language=&components=
*********************************************
1
*********************************************
HTTP Error 404: Not Found
Branch - Software Engineer - Generalist
https://jobs.lever.co/branch.co/478dd554-cf24-4a62-a450-1f9617ec52e0
San Francisco
*********************************************
Branch - Software Engineer - Generalist
https://jobs.lever.co/branch.co/478dd554-cf24-4a62-a450-1f9617ec52e0/apply
San Francisco
____________________________________________________________
*********************************************
Branch - Lead Data Scientist
https://jobs.lever.co/branch.co/f836e70e-c636-4b1f-813f-4776e7eded68
San Francisco
*********************************************
Branch
https://jobs.lever.co/branch.co

## slept ##
Error INVALID_REQUEST
Query: https://maps.google.com/maps/api/geocode/json?address=&sensor=false&bounds=&region=&language=&components=
Filter by:
*********************************************
Branch - Lever
https://jobs.lever.co/branch.co?by=team&team=Engineering

## slept ##
Error INVALID_REQUEST
Query: https://maps.google.com/maps/api/geocode/json?address=&sensor=false&bounds=&region=&language=&components=
Filter by:
*********************************************
Branch - Lever
https://jobs.lever.co/branch.co?by=team&commitment=Full-time

## slept ##
Error INVALID_REQUEST
Query: https://maps.google.com/maps/api/geocode/json?address=&sensor=false&bounds=&region=&language=&components=
Filter by:
*********************************************
Branch
https://jobs.lever.co/branch.co?by=commitment

## slept ##
Error INVALID_REQUEST
Query: https://maps.google.com/maps/api/geocode/json?address=&sensor=false&bounds=&region=&language=&components=
Filter by:
*********************************************
Branch - Data Scientist, Analytics
https://jobs.lever.co/branch.co/00b9ab9e-10c3-4c64-b865-79d3a934c650
San Francisco
*********************************************
Branch - Lever
https://jobs.lever.co/branch.co?team=Engineering

## slept ##
Error INVALID_REQUEST
Query: https://maps.google.com/maps/api/geocode/json?address=&sensor=false&bounds=&region=&language=&components=
Filter by:
*********************************************
Branch - Lever
https://jobs.lever.co/branch.co?location=San%20Francisco

## slept ##
Error INVALID_REQUEST
Query: https://maps.google.com/maps/api/geocode/json?address=&sensor=false&bounds=&region=&language=&components=
Filter by:
*********************************************
Branch - Data Scientist, Analytics
https://jobs.lever.co/branch.co/00b9ab9e-10c3-4c64-b865-79d3a934c650/apply
San Francisco
____________________________________________________________
*********************************************
Branch
https://jobs.lever.co/branch.co?location=Lagos%2C%20Nigeria

## slept ##
Error INVALID_REQUEST
Query: https://maps.google.com/maps/api/geocode/json?address=&sensor=false&bounds=&region=&language=&components=
Filter by:
*********************************************
3
*********************************************
Brand Knew - Front-End Engineer
https://jobs.lever.co/brand-knew/c00a4548-df76-4938-a350-80f059b32455
Los Angeles
*********************************************
Brand Knew - Front-End Engineer
https://jobs.lever.co/brand-knew/c00a4548-df76-4938-a350-80f059b32455/apply
Los Angeles
local
____________________________________________________________
*********************************************
Brand Knew - Creative Strategist
https://jobs.lever.co/brand-knew/a8e89dda-6004-4c21-b285-75bdc9e955d4
Los Angeles
*********************************************
Brand Knew
https://jobs.lever.co/brand-knew

## slept ##
Error INVALID_REQUEST
Query: https://maps.google.com/maps/api/geocode/json?address=&sensor=false&bounds=&region=&language=&components=
Filter by:
*********************************************
Brand Knew
https://jobs.lever.co/brand-knew?by=commitment

## slept ##
Error INVALID_REQUEST
Query: https://maps.google.com/maps/api/geocode/json?address=&sensor=false&bounds=&region=&language=&components=
Filter by:
*********************************************
Brand Knew - Lever
https://jobs.lever.co/brand-knew?team=Product%20Team

## slept ##
Error INVALID_REQUEST
Query: https://maps.google.com/maps/api/geocode/json?address=&sensor=false&bounds=&region=&language=&components=
Filter by:
*********************************************
Brand Knew - Lever
https://jobs.lever.co/brand-knew?by=location

## slept ##
Error INVALID_REQUEST
Query: https://maps.google.com/maps/api/geocode/json?address=&sensor=false&bounds=&region=&language=&components=
Filter by:
*********************************************
Brand Knew
https://jobs.lever.co/brand-knew?location=Los%20Angeles

## slept ##
Error INVALID_REQUEST
Query: https://maps.google.com/maps/api/geocode/json?address=&sensor=false&bounds=&region=&language=&components=
Filter by:
*********************************************
2
*********************************************
0
*********************************************
Bridg - QA Automation Engineer
https://jobs.lever.co/bridg/0364cfd8-36ac-4c58-92a4-ba82e6a6a700
Los Angeles
marketing
weekly
*********************************************
Bridg - Sr. Front End Engineer | React + SaaS
https://jobs.lever.co/bridg/63ced61d-e058-4e6d-b2fc-289165f5e898
Los Angeles
marketing
*********************************************
Bridg - Lead Data Engineer | B2B SaaS
https://jobs.lever.co/bridg/9950fa75-d542-489e-b6e9-328f7c3c3944
Los Angeles
marketing
*********************************************
HTTP Error 404: Not Found
Bridg - Front End Engineer | React + SaaS
https://jobs.lever.co/bridg/b05ef600-085c-4856-9b07-80db14aa2346
Los Angeles
marketing
*********************************************
HTTP Error 404: Not Found
Bridg - Sr. Software Engineer
https://jobs.lever.co/bridg/d522a01e-55f3-4eb9-be5d-532e45f34254/apply
Los Angeles
____________________________________________________________
*********************************************
Bridg
https://jobs.lever.co/bridg

## slept ##
Error INVALID_REQUEST
Query: https://maps.google.com/maps/api/geocode/json?address=&sensor=false&bounds=&region=&language=&components=
Filter by:
*********************************************
Bridg - Data Engineering Architect
https://jobs.lever.co/bridg/d71585a0-7a01-466d-8d85-b6e2fdc53388
Los Angeles
marketing
*********************************************
Bridg - Solution Architect and Team Lead
https://jobs.lever.co/bridg/0f8a50be-b13b-426b-82df-1c1efdcd8860
Los Angeles
marketing
*********************************************
HTTP Error 404: Not Found
Bridg - Technical Ad Operations Manager | B2B SaaS | Contract
https://jobs.lever.co/bridg/e452fc02-07ef-42f6-9b93-e7b07dcc863d
Los Angeles
marketing
local
*********************************************
0
*********************************************
BridgeAthletic - Senior Software Engineer
https://jobs.lever.co/bridgeathletic/07cc10b1-c38e-42b2-ac20-f09e415bb329
San Francisco
*********************************************
BridgeAthletic - Senior Software Engineer
https://jobs.lever.co/bridgeathletic/07cc10b1-c38e-42b2-ac20-f09e415bb329/apply
San Francisco
____________________________________________________________
*********************************************
BridgeAthletic
https://jobs.lever.co/bridgeathletic

## slept ##
Error INVALID_REQUEST
Query: https://maps.google.com/maps/api/geocode/json?address=&sensor=false&bounds=&region=&language=&components=
Filter by:
*********************************************
BridgeAthletic - Mobile Application Developer (iOS)
https://jobs.lever.co/bridgeathletic/3f09a12a-fa4e-4fa7-82f5-930ff7078b57
San Francisco
*********************************************
BridgeAthletic - Lever
https://jobs.lever.co/bridgeathletic?by=team&location=San%20Francisco

## slept ##
Error INVALID_REQUEST
Query: https://maps.google.com/maps/api/geocode/json?address=&sensor=false&bounds=&region=&language=&components=
Filter by:
*********************************************
BridgeAthletic - Lever
https://jobs.lever.co/bridgeathletic?by=location&location=San%20Francisco

## slept ##
Error INVALID_REQUEST
Query: https://maps.google.com/maps/api/geocode/json?address=&sensor=false&bounds=&region=&language=&components=
Filter by:
*********************************************
BridgeAthletic
https://jobs.lever.co/bridgeathletic?team=Engineering

## slept ##
Error INVALID_REQUEST
Query: https://maps.google.com/maps/api/geocode/json?address=&sensor=false&bounds=&region=&language=&components=
Filter by:
*********************************************
Engineering - Lever
https://jobs.lever.co/bridgeathletic?by=commitment&team=Engineering

## slept ##
Error INVALID_REQUEST
Query: https://maps.google.com/maps/api/geocode/json?address=&sensor=false&bounds=&region=&language=&components=
Filter by:
*********************************************
2
*********************************************
BrightBytes - Full Stack Engineer
https://jobs.lever.co/brightbytes/1cb7b323-b55d-4d15-87af-09d4e5f93ec5
Salt Lake City, Utah
*********************************************
BrightBytes - Senior Full Stack Engineer
https://jobs.lever.co/brightbytes/8c1214db-8b11-4407-b090-a08fb92059ce
San Francisco, CA or Salt Lake City, UT
*********************************************
BrightBytes - Full Stack Engineer
https://jobs.lever.co/brightbytes/1cb7b323-b55d-4d15-87af-09d4e5f93ec5/apply
Salt Lake City, Utah
survey
____________________________________________________________
*********************************************
BrightBytes
https://jobs.lever.co/brightbytes?by=commitment

## slept ##
Error INVALID_REQUEST
Query: https://maps.google.com/maps/api/geocode/json?address=&sensor=false&bounds=&region=&language=&components=
Filter by:
*********************************************
BrightBytes
https://jobs.lever.co/brightbytes?by=location

## slept ##
Error INVALID_REQUEST
Query: https://maps.google.com/maps/api/geocode/json?address=&sensor=false&bounds=&region=&language=&components=
Filter by:
*********************************************
BrightBytes
https://jobs.lever.co/brightbytes?by=commitment&location=San%20Francisco%2C%20CA%20or%20Salt%20Lake%20City%2C%20UT

## slept ##
Error INVALID_REQUEST
Query: https://maps.google.com/maps/api/geocode/json?address=&sensor=false&bounds=&region=&language=&components=
Filter by:
*********************************************
BrightBytes
https://jobs.lever.co/brightbytes?by=commitment&location=Salt%20Lake%20City%2C%20Utah

## slept ##
Error INVALID_REQUEST
Query: https://maps.google.com/maps/api/geocode/json?address=&sensor=false&bounds=&region=&language=&components=
Filter by:
*********************************************
BrightBytes
https://jobs.lever.co/brightbytes?by=commitment&location=San%20Francisco%2C%20CA

## slept ##
Error INVALID_REQUEST
Query: https://maps.google.com/maps/api/geocode/json?address=&sensor=false&bounds=&region=&language=&components=
Filter by:
*********************************************
2
*********************************************
Bright Cellars - Software Engineer - Full Stack
https://jobs.lever.co/brightcellars/e9b62c7b-8287-4170-86fc-256e1e0b35cc
Milwaukee, WI
motivated individuals
co-founder
*********************************************
Bright Cellars - Software Engineer - Full Stack - Lever
https://jobs.lever.co/brightcellars/e9b62c7b-8287-4170-86fc-256e1e0b35cc/apply
Milwaukee, WI
____________________________________________________________
*********************************************
Bright Cellars - Software Engineer - Full Stack - Intern - Lever
https://jobs.lever.co/brightcellars/cbac7604-14ac-46df-9d19-ee1975a01b48/apply
Milwaukee, WI
____________________________________________________________
*********************************************
Bright Cellars
https://jobs.lever.co/brightcellars

## slept ##
Error INVALID_REQUEST
Query: https://maps.google.com/maps/api/geocode/json?address=&sensor=false&bounds=&region=&language=&components=
Filter by:
*********************************************
Bright Cellars - Lever
https://jobs.lever.co/brightcellars?team=Campus%20Recruiting

## slept ##
Error INVALID_REQUEST
Query: https://maps.google.com/maps/api/geocode/json?address=&sensor=false&bounds=&region=&language=&components=
Filter by:
*********************************************
Bright Cellars - Lever
https://jobs.lever.co/brightcellars?by=commitment

## slept ##
Error INVALID_REQUEST
Query: https://maps.google.com/maps/api/geocode/json?address=&sensor=false&bounds=&region=&language=&components=
Filter by:
*********************************************
Bright Cellars - Lever
https://jobs.lever.co/brightcellars?location=Milwaukee%2C%20WI

## slept ##
Error INVALID_REQUEST
Query: https://maps.google.com/maps/api/geocode/json?address=&sensor=false&bounds=&region=&language=&components=
Filter by:
*********************************************
Bright Cellars - Lever
https://jobs.lever.co/brightcellars?commitment=Intern

## slept ##
Error INVALID_REQUEST
Query: https://maps.google.com/maps/api/geocode/json?address=&sensor=false&bounds=&region=&language=&components=
Filter by:
*********************************************
Bright Cellars
https://jobs.lever.co/brightcellars?commitment=Full-time

## slept ##
Error INVALID_REQUEST
Query: https://maps.google.com/maps/api/geocode/json?address=&sensor=false&bounds=&region=&language=&components=
Filter by:
*********************************************
0
*********************************************
Bright Health - Full Stack UX/UI Designer
https://jobs.lever.co/brighthealthplan/745d5b50-3c28-4982-a9c5-9b513406a155
Austin, TX
marketing
*********************************************
Bright Health
https://jobs.lever.co/brighthealthplan

## slept ##
Error INVALID_REQUEST
Query: https://maps.google.com/maps/api/geocode/json?address=&sensor=false&bounds=&region=&language=&components=
Filter by:
*********************************************
HTTP Error 404: Not Found
Bright Health - UX Researcher
https://jobs.lever.co/brighthealthplan/46f232ea-b97a-4cbd-9a9b-f861af8f23c3
Minneapolis, MN
focus group
*********************************************
HTTP Error 404: Not Found
Bright Health - Lever
https://jobs.lever.co/brighthealthplan?by=location

## slept ##
Error INVALID_REQUEST
Query: https://maps.google.com/maps/api/geocode/json?address=&sensor=false&bounds=&region=&language=&components=
Filter by:
*********************************************
0
*********************************************
BrightLink - Software Engineer (Python & JavaScript)
https://jobs.lever.co/brightlink/39627b6e-39d8-4eee-95c7-0227b8bffc29/apply
Roswell, GA
survey
____________________________________________________________
*********************************************
BrightLink - Software Engineer (Python & JavaScript)
https://jobs.lever.co/brightlink/39627b6e-39d8-4eee-95c7-0227b8bffc29
Roswell, GA
## slept ##
Error OVER_QUERY_LIMIT
Query: https://maps.google.com/maps/api/geocode/json?address=Roswell%2C+GA&sensor=false&bounds=&region=&language=&components=
*********************************************
BrightLink - DevOps Engineer (AWS)
https://jobs.lever.co/brightlink/77cf3f04-6cbe-4aeb-8619-567abce8ad1e
Roswell, GA
*********************************************
BrightLink - DevOps Engineer (AWS)
https://jobs.lever.co/brightlink/77cf3f04-6cbe-4aeb-8619-567abce8ad1e/apply
Roswell, GA
survey
____________________________________________________________
*********************************************
BrightLink - Senior Software Engineer (Python & JavaScript)
https://jobs.lever.co/brightlink/851b9097-8189-4314-a390-13663b6edefd/apply
Roswell, GA
## slept ##
survey
____________________________________________________________
*********************************************
BrightLink
https://jobs.lever.co/brightlink?commitment=Full-time

## slept ##
Error INVALID_REQUEST
Query: https://maps.google.com/maps/api/geocode/json?address=&sensor=false&bounds=&region=&language=&components=
Filter by:
*********************************************
BrightLink
https://jobs.lever.co/brightlink?by=location

## slept ##
Error INVALID_REQUEST
Query: https://maps.google.com/maps/api/geocode/json?address=&sensor=false&bounds=&region=&language=&components=
Filter by:
*********************************************
2
*********************************************
0
*********************************************
BrightTALK - QA Automation Engineer
https://jobs.lever.co/brighttalk/c345166c-0385-43f4-91c7-f4f6bcf3512e
London, UK
commission
marketing
volunteer
*********************************************
BrightTALK - QA Automation Engineer
https://jobs.lever.co/brighttalk/c345166c-0385-43f4-91c7-f4f6bcf3512e/apply
London, UK
____________________________________________________________
*********************************************
BrightTALK
https://jobs.lever.co/brighttalk

## slept ##
Error INVALID_REQUEST
Query: https://maps.google.com/maps/api/geocode/json?address=&sensor=false&bounds=&region=&language=&components=
Filter by:
*********************************************
BrightTALK - Scala Developer
https://jobs.lever.co/brighttalk/0b5e8a25-0bf4-4915-be47-6997e699fd80
London, UK
## slept ##
*********************************************
BrightTALK
https://jobs.lever.co/brighttalk?by=location

## slept ##
Error INVALID_REQUEST
Query: https://maps.google.com/maps/api/geocode/json?address=&sensor=false&bounds=&region=&language=&components=
Filter by:
*********************************************
BrightTALK
https://jobs.lever.co/brighttalk?by=commitment

## slept ##
Error INVALID_REQUEST
Query: https://maps.google.com/maps/api/geocode/json?address=&sensor=false&bounds=&region=&language=&components=
Filter by:
*********************************************
BrightTALK - WordPress Developer
https://jobs.lever.co/brighttalk/7573e441-0751-41a0-be3f-4be32360d214
Farnborough, UK
marketing
volunteer
*********************************************
BrightTALK - Senior Full Stack Web Developer
https://jobs.lever.co/brighttalk/8e1bfd97-9cda-40fd-b46a-dfb753a26599/apply
Farnborough, UK
____________________________________________________________
*********************************************
BrightTALK - Senior Full Stack Web Developer
https://jobs.lever.co/brighttalk/8e1bfd97-9cda-40fd-b46a-dfb753a26599
Farnborough, UK
marketing
volunteer
*********************************************
1
*********************************************
BriteCore - Full Stack Engineer
https://jobs.lever.co/britecore.com/71a8292d-1d8a-4b4c-b102-ba5a13032bab
Remote
*********************************************
BriteCore - Full Stack Engineer
https://jobs.lever.co/britecore.com/71a8292d-1d8a-4b4c-b102-ba5a13032bab/apply
Remote
____________________________________________________________
*********************************************
BriteCore - Software Engineer (Data Team)
https://jobs.lever.co/britecore.com/139ff3bf-2c02-4fa2-b789-add86c690cf0
Remote
*********************************************
BriteCore - Software Engineer (Data Team)
https://jobs.lever.co/britecore.com/139ff3bf-2c02-4fa2-b789-add86c690cf0/apply
Remote
____________________________________________________________
*********************************************
BriteCore
https://jobs.lever.co/britecore.com

## slept ##
Error INVALID_REQUEST
Query: https://maps.google.com/maps/api/geocode/json?address=&sensor=false&bounds=&region=&language=&components=
Filter by:
*********************************************
BriteCore
https://jobs.lever.co/britecore.com?by=location

## slept ##
Error INVALID_REQUEST
Query: https://maps.google.com/maps/api/geocode/json?address=&sensor=false&bounds=&region=&language=&components=
Filter by:
*********************************************
BriteCore - Technical Business Analyst
https://jobs.lever.co/britecore.com/cb3100e1-decf-4718-a820-efd9b0668465
Remote
*********************************************
3
*********************************************
Brooks Running - Chemical Engineer, Innovation
https://jobs.lever.co/brooksrunning/b8a0f809-727b-4438-ad58-f2b38d73ed5b
Vietnam, HCM City
local
partner 
*********************************************
Brooks Running - Associate Process Engineer - China
https://jobs.lever.co/brooksrunning/abbd97fa-9c2d-4dab-8b95-97bcdd750c45
China, Dongguan City, GSM
## slept ##
Error ZERO_RESULTS
Query: https://maps.google.com/maps/api/geocode/json?address=China%2C+Dongguan+City%2C+GSM&sensor=false&bounds=&region=&language=&components=
local
*********************************************
Brooks Running - Chemical Engineer, Innovation
https://jobs.lever.co/brooksrunning/b8a0f809-727b-4438-ad58-f2b38d73ed5b/apply
Vietnam, HCM City
____________________________________________________________
*********************************************
Brooks Running - Associate Process Engineer - China
https://jobs.lever.co/brooksrunning/abbd97fa-9c2d-4dab-8b95-97bcdd750c45/apply
China, Dongguan City, GSM
## slept ##
Error ZERO_RESULTS
Query: https://maps.google.com/maps/api/geocode/json?address=China%2C+Dongguan+City%2C+GSM&sensor=false&bounds=&region=&language=&components=
____________________________________________________________
*********************************************
Brooks Running - Technical Footwear Product Developer
https://jobs.lever.co/brooksrunning/7bba1314-94be-44d3-adda-14aa632f78ba
US, Washington, Seattle, Corporate
local
*********************************************
Brooks Running
https://jobs.lever.co/brooksrunning

## slept ##
Error INVALID_REQUEST
Query: https://maps.google.com/maps/api/geocode/json?address=&sensor=false&bounds=&region=&language=&components=
Filter by:
*********************************************
Brooks Running - Senior Manager, Product Line Management - Blue ...
https://jobs.lever.co/brooksrunning/830a523d-7215-4568-b2f0-a825983ad04f
US, Washington, Seattle, Corporate
marketing
local
*********************************************
Brooks Running - Costing Analyst
https://jobs.lever.co/brooksrunning/75d7923c-2da1-47b8-ad75-065b9358520a
Vietnam, HCM City
local
weekly
*********************************************
Brooks Running - IT Functional Analyst - Warehouse Management
https://jobs.lever.co/brooksrunning/c44f2a42-23cf-4bb6-aff2-9d1b40c681df
US, Washington, Seattle, Corporate
customer service
local
partner 
*********************************************
Brooks Running - Senior Director of Global Footwear Sourcing
https://jobs.lever.co/brooksrunning/d49dd38f-7adb-4fe8-8c5b-915295bfc407
US, Washington, Seattle, Corporate
marketing
survey
local
partner 
*********************************************
Brooks Running - Human Performance Lab Intern - Research
https://jobs.lever.co/brooksrunning/4342e059-047e-4457-9e9c-bf513c3f100a
US, Washington, Seattle, Corporate
local
*********************************************
Brooks Running - Project Manager I, Footwear
https://jobs.lever.co/brooksrunning/93bae2d5-328c-415e-91c8-9904f0bdbc3f
US, Washington, Seattle, Corporate
administrative
local
*********************************************
Brooks Running - Director, Sales & Operations Planning
https://jobs.lever.co/brooksrunning/5626f6a6-b4c5-4653-aecb-5222fda512c1
US, Washington, Seattle, Corporate
customer service
marketing
local
*********************************************
Brooks Running - Application Integration Architect
https://jobs.lever.co/brooksrunning/af5941d2-c83d-45c9-b458-24c6c2981165
US, Washington, Seattle, Corporate
commission
local
*********************************************
0
*********************************************
Buck Mason - Front-End Developer
https://jobs.lever.co/buckmason/26cbb683-4ed0-4628-8e7a-9841bcbb24c9
Buck Mason HQ
*********************************************
Buck Mason - Back-End Developer
https://jobs.lever.co/buckmason/f839dd99-8762-47a7-8050-069e02bdac41
Buck Mason HQ
*********************************************
2
*********************************************
HTTP Error 404: Not Found
HTTP Error 404: Not Found
HTTP Error 404: Not Found
HTTP Error 404: Not Found
HTTP Error 404: Not Found
HTTP Error 404: Not Found
HTTP Error 404: Not Found
HTTP Error 404: Not Found
HTTP Error 404: Not Found
HTTP Error 404: Not Found
0
*********************************************
